
     Program turboEELS v.5.2.0 starts on 30Sep2015 at 13: 7:21 

     This program is part of the open-source Quantum ESPRESSO suite
     for quantum simulation of materials; please cite
         "P. Giannozzi et al., J. Phys.:Condens. Matter 21 395502 (2009);
          URL http://www.quantum-espresso.org", 
     in publications or presentations arising from this work. More details at
     http://www.quantum-espresso.org/quote

     Parallel version (MPI), running on     2 processors
     R & G space division:  proc/nbgrp/npool/nimage =       2

     Reading data from directory:
     ./out/Si.save

   Info: using nr1, nr2, nr3 values from input

   Info: using nr1, nr2, nr3 values from input

     IMPORTANT: XC functional enforced from input :
     Exchange-correlation      =  SLA  PZ   NOGX NOGC ( 1  1  0  0 0 0)
     Any further DFT definition will be discarded
     Please, verify this is what you really want

 
     Parallelization info
     --------------------
     sticks:   dense  smooth     PW     G-vecs:    dense   smooth      PW
     Min         117     117     42                 1138     1138     267
     Max         118     118     43                 1139     1139     270
     Sum         235     235     85                 2277     2277     537
 

     Subspace diagonalization in iterative solution of the eigenvalue problem:
     a serial algorithm will be used


     ----------------------------------------

     Please cite this project as:

     I. Timrov, N. Vast, R. Gebauer, and S. Baroni,
     Electron energy loss and inelastic x-ray scattering cross sections
     from time-dependent density-functional perturbation theory
     Phys. Rev. B 88, 064301 (2013); ibid. 91, 139901 (2015). 

     and

     I. Timrov, N. Vast, R. Gebauer, and S. Baroni,
     turboEELS - A code for the simulation of the electron energy loss and
     inelastic X-ray scattering spectra using the Liouville - Lanczos approach
     to time-dependent density-functional perturbation theory
     Comp. Phys. Commun., in press (2015), http://dx.doi.org/10.1016/j.cpc.2015.05.021 

     ----------------------------------------

     Using the TDDFT approximation.

     Using the pseudo-Hermitian Lanczos algorithm.

     ------------ Nscf calculation ---------------
 
     Parallelization info
     --------------------
     sticks:   dense  smooth     PW     G-vecs:    dense   smooth      PW
     Min         117     117     54                 1138     1138     362
     Max         118     118     55                 1139     1139     363
     Sum         235     235    109                 2277     2277     725
 


     bravais-lattice index     =            2
     lattice parameter (alat)  =      10.2600  a.u.
     unit-cell volume          =     270.0114 (a.u.)^3
     number of atoms/cell      =            2
     number of atomic types    =            1
     number of electrons       =         8.00
     number of Kohn-Sham states=            4
     kinetic-energy cutoff     =      16.0000  Ry
     charge density cutoff     =      64.0000  Ry
     Exchange-correlation      =  SLA  PZ   NOGX NOGC ( 1  1  0  0 0 0)

     celldm(1)=  10.260000  celldm(2)=   0.000000  celldm(3)=   0.000000
     celldm(4)=   0.000000  celldm(5)=   0.000000  celldm(6)=   0.000000

     crystal axes: (cart. coord. in units of alat)
               a(1) = (  -0.500000   0.000000   0.500000 )  
               a(2) = (   0.000000   0.500000   0.500000 )  
               a(3) = (  -0.500000   0.500000   0.000000 )  

     reciprocal axes: (cart. coord. in units 2 pi/alat)
               b(1) = ( -1.000000 -1.000000  1.000000 )  
               b(2) = (  1.000000  1.000000  1.000000 )  
               b(3) = ( -1.000000  1.000000 -1.000000 )  


     PseudoPot. # 1 for Si read from file:
     ./Si.pz-vbc.UPF
     MD5 check sum: c7253077ba58528355163ec29b6b8d4c
     Pseudo is Norm-conserving, Zval =  4.0
     Generated by new atomic code, or converted to UPF format
     Using radial grid of  431 points,  2 beta functions with: 
                l(1) =   0
                l(2) =   1

     atomic species   valence    mass     pseudopotential
        Si             4.00    28.08000     Si( 1.00)

     48 Sym. Ops., with inversion, found



   Cartesian axes

     site n.     atom                  positions (alat units)
         1           Si  tau(   1) = (   0.0000000   0.0000000   0.0000000  )
         2           Si  tau(   2) = (   0.2500000   0.2500000   0.2500000  )

     number of k points=  1100

     Number of k-points >= 100: set verbosity='high' to print them.

     Dense  grid:     2277 G-vectors     FFT dimensions: (  20,  20,  20)

     Largest allocated arrays     est. size (Mb)     dimensions
        Kohn-Sham Wavefunctions         0.01 Mb     (     157,    4)
        NL pseudopotentials             0.02 Mb     (     157,    8)
        Each V/rho on FFT grid          0.06 Mb     (    4000)
        Each G-vector array             0.01 Mb     (    1139)
        G-vector shells                 0.00 Mb     (      58)
     Largest temporary arrays     est. size (Mb)     dimensions
        Auxiliary wavefunctions         0.04 Mb     (     157,   16)
        Each subspace H/S matrix        0.00 Mb     (      16,   16)
        Each <psi_i|beta_j> matrix      0.00 Mb     (       8,    4)

     The potential is recalculated from file :
     ./out/_ph0/Si.save/charge-density.dat

     Starting wfc are    8 atomic wfcs

     Band Structure Calculation
     Davidson diagonalization with overlap

     ethr =  1.25E-10,  avg # of iterations = 11.5

     total cpu time spent up to now is       -1.0 secs

     End of band structure calculation

     Number of k-points >= 100: set verbosity='high' to print the bands.

     highest occupied level (ev):     6.0593

     Writing output data file Si.save

                                                                                

     bravais-lattice index     =            2
     lattice parameter (a_0)   =      10.2600  a.u.
     unit-cell volume          =     270.0114 (a.u.)^3
     number of atoms/cell      =            2
     number of atomic types    =            1
     kinetic-energy cut-off    =      16.0000  Ry
     charge density cut-off    =      64.0000  Ry
     Exchange-correlation      =  SLA  PZ   NOGX NOGC ( 1  1  0  0 0 0)


     celldm(1)=   10.26000  celldm(2)=    0.00000  celldm(3)=    0.00000
     celldm(4)=    0.00000  celldm(5)=    0.00000  celldm(6)=    0.00000

     crystal axes: (cart. coord. in units of a_0)
               a(1) = ( -0.5000  0.0000  0.5000 )  
               a(2) = (  0.0000  0.5000  0.5000 )  
               a(3) = ( -0.5000  0.5000  0.0000 )  

     reciprocal axes: (cart. coord. in units 2 pi/a_0)
               b(1) = ( -1.0000 -1.0000  1.0000 )  
               b(2) = (  1.0000  1.0000  1.0000 )  
               b(3) = ( -1.0000  1.0000 -1.0000 )  


     Atoms inside the unit cell: 

   Cartesian axes

     site n.  atom      mass           positions (a_0 units)
        1        Si  28.0800   tau( 1) = (    0.00000    0.00000    0.00000  )
        2        Si  28.0800   tau( 2) = (    0.25000    0.25000    0.25000  )

     Linear response calculation for 
                    q = (   0.8660000   0.0000000   0.0000000 )
 
      8 Sym.Ops. (no q -> -q+G )

                                    s                        frac. trans.

      isym =  1     identity                                     

 cryst.   s( 1) = (     1          0          0      )
                  (     0          1          0      )
                  (     0          0          1      )

 cart.    s( 1) = (  1.0000000  0.0000000  0.0000000 )
                  (  0.0000000  1.0000000  0.0000000 )
                  (  0.0000000  0.0000000  1.0000000 )


      isym =  2     180 deg rotation - cart. axis [1,0,0]        

 cryst.   s( 2) = (     0         -1          1      )
                  (     0         -1          0      )
                  (     1         -1          0      )

 cart.    s( 2) = (  1.0000000  0.0000000  0.0000000 )
                  (  0.0000000 -1.0000000  0.0000000 )
                  (  0.0000000  0.0000000 -1.0000000 )


      isym =  3      90 deg rotation - cart. axis [-1,0,0]       

 cryst.   s( 3) = (     0          0          1      )  f =(  0.2500000 )
                  (    -1          0          1      )     (  0.2500000 )
                  (     0         -1          1      )       (  0.2500000 )

 cart.    s( 3) = (  1.0000000  0.0000000  0.0000000 )  f =( -0.2500000 )
                  (  0.0000000  0.0000000  1.0000000 )       (  0.2500000 )
                  (  0.0000000 -1.0000000  0.0000000 )       (  0.2500000 )


      isym =  4      90 deg rotation - cart. axis [1,0,0]        

 cryst.   s( 4) = (     1         -1          0      )  f =(  0.2500000 )
                  (     1          0         -1      )     (  0.2500000 )
                  (     1          0          0      )       (  0.2500000 )

 cart.    s( 4) = (  1.0000000  0.0000000  0.0000000 )  f =( -0.2500000 )
                  (  0.0000000  0.0000000 -1.0000000 )       (  0.2500000 )
                  (  0.0000000  1.0000000  0.0000000 )       (  0.2500000 )


      isym =  5     inv. 180 deg rotation - cart. axis [0,0,1]   

 cryst.   s( 5) = (     0         -1          1      )  f =(  0.2500000 )
                  (    -1          0          1      )     (  0.2500000 )
                  (     0          0          1      )       (  0.2500000 )

 cart.    s( 5) = (  1.0000000  0.0000000  0.0000000 )  f =( -0.2500000 )
                  (  0.0000000  1.0000000  0.0000000 )       (  0.2500000 )
                  (  0.0000000  0.0000000 -1.0000000 )       (  0.2500000 )


      isym =  6     inv. 180 deg rotation - cart. axis [0,1,0]   

 cryst.   s( 6) = (     1          0          0      )  f =(  0.2500000 )
                  (     1          0         -1      )     (  0.2500000 )
                  (     1         -1          0      )       (  0.2500000 )

 cart.    s( 6) = (  1.0000000  0.0000000  0.0000000 )  f =( -0.2500000 )
                  (  0.0000000 -1.0000000  0.0000000 )       (  0.2500000 )
                  (  0.0000000  0.0000000  1.0000000 )       (  0.2500000 )


      isym =  7     inv. 180 deg rotation - cart. axis [0,1,1]   

 cryst.   s( 7) = (     1         -1          0      )
                  (     0         -1          0      )
                  (     0         -1          1      )

 cart.    s( 7) = (  1.0000000  0.0000000  0.0000000 )
                  (  0.0000000  0.0000000 -1.0000000 )
                  (  0.0000000 -1.0000000  0.0000000 )


      isym =  8     inv. 180 deg rotation - cart. axis [0,1,-1]  

 cryst.   s( 8) = (     0          0          1      )
                  (     0          1          0      )
                  (     1          0          0      )

 cart.    s( 8) = (  1.0000000  0.0000000  0.0000000 )
                  (  0.0000000  0.0000000  1.0000000 )
                  (  0.0000000  1.0000000  0.0000000 )


     G cutoff =  170.6534  (   1139 G-vectors)     FFT grid: ( 20, 20, 20)
     number of k points=  1100

     PseudoPot. # 1 for Si read from file:
     ./Si.pz-vbc.UPF
     MD5 check sum: c7253077ba58528355163ec29b6b8d4c
     Pseudo is Norm-conserving, Zval =  4.0
     Generated by new atomic code, or converted to UPF format
     Using radial grid of  431 points,  2 beta functions with: 
                l(1) =   0
                l(2) =   1


     lr_eels_main,  per-process dynamical memory:   70.8Mb

     LANCZOS LINEAR-RESPONSE SPECTRUM CALCULATION
      
     Number of Lanczos iterations =    400

     Lanczos iteration:      1
     alpha(00000001)=  0.000000
     beta (00000001)=  1.032489
     gamma(00000001)=  1.032489
     z1=       1  0.000000000000000E+00  0.000000000000000E+00

     Lanczos iteration:      2
     alpha(00000002)=  0.000000
     beta (00000002)=  2.170087
     gamma(00000002)=  2.170087
     z1=       1  0.475782340061611E+00  0.311613256899490E-18

     Lanczos iteration:      3
     alpha(00000003)=  0.000000
     beta (00000003)=  6.236168
     gamma(00000003)=  6.236168
     z1=       1  0.000000000000000E+00  0.000000000000000E+00

     Lanczos iteration:      4
     alpha(00000004)=  0.000000
     beta (00000004)=  9.188643
     gamma(00000004)=  9.188643
     z1=       1 -0.322904985226551E+00 -0.537937072274050E-18

     Lanczos iteration:      5
     alpha(00000005)=  0.000000
     beta (00000005)=  6.887163
     gamma(00000005)=  6.887163
     z1=       1  0.000000000000000E+00  0.000000000000000E+00

     Lanczos iteration:      6
     alpha(00000006)=  0.000000
     beta (00000006)=  8.924166
     gamma(00000006)=  8.924166
     z1=       1  0.249199688955881E+00 -0.464258758390081E-19

     Lanczos iteration:      7
     alpha(00000007)=  0.000000
     beta (00000007)=  6.723154
     gamma(00000007)=  6.723154
     z1=       1  0.000000000000000E+00  0.000000000000000E+00

     Lanczos iteration:      8
     alpha(00000008)=  0.000000
     beta (00000008)=  8.962645
     gamma(00000008)=  8.962645
     z1=       1 -0.186932311221566E+00  0.146349929110124E-18

     Lanczos iteration:      9
     alpha(00000009)=  0.000000
     beta (00000009)=  6.892196
     gamma(00000009)=  6.892196
     z1=       1  0.000000000000000E+00  0.000000000000000E+00

     Lanczos iteration:     10
     alpha(00000010)=  0.000000
     beta (00000010)=  8.698732
     gamma(00000010)=  8.698732
     z1=       1  0.148110567932413E+00 -0.163367244536937E-17

     Lanczos iteration:     11
     alpha(00000011)=  0.000000
     beta (00000011)=  7.249776
     gamma(00000011)=  7.249776
     z1=       1  0.000000000000000E+00  0.000000000000000E+00

     Lanczos iteration:     12
     alpha(00000012)=  0.000000
     beta (00000012)=  8.647588
     gamma(00000012)=  8.647588
     z1=       1 -0.124169703219101E+00  0.238735558557267E-17

     Lanczos iteration:     13
     alpha(00000013)=  0.000000
     beta (00000013)=  7.450020
     gamma(00000013)=  7.450020
     z1=       1  0.000000000000000E+00  0.000000000000000E+00

     Lanczos iteration:     14
     alpha(00000014)=  0.000000
     beta (00000014)=  8.392787
     gamma(00000014)=  8.392787
     z1=       1  0.110221639991637E+00 -0.262583601780622E-17

     Lanczos iteration:     15
     alpha(00000015)=  0.000000
     beta (00000015)=  7.607608
     gamma(00000015)=  7.607608
     z1=       1  0.000000000000000E+00  0.000000000000000E+00

     Lanczos iteration:     16
     alpha(00000016)=  0.000000
     beta (00000016)=  8.288675
     gamma(00000016)=  8.288675
     z1=       1 -0.101164912024863E+00  0.264159760688873E-17

     Lanczos iteration:     17
     alpha(00000017)=  0.000000
     beta (00000017)=  7.765178
     gamma(00000017)=  7.765178
     z1=       1  0.000000000000000E+00  0.000000000000000E+00

     Lanczos iteration:     18
     alpha(00000018)=  0.000000
     beta (00000018)=  8.202262
     gamma(00000018)=  8.202262
     z1=       1  0.957740159276372E-01 -0.380880900820515E-17

     Lanczos iteration:     19
     alpha(00000019)=  0.000000
     beta (00000019)=  7.704670
     gamma(00000019)=  7.704670
     z1=       1  0.000000000000000E+00  0.000000000000000E+00

     Lanczos iteration:     20
     alpha(00000020)=  0.000000
     beta (00000020)=  8.277621
     gamma(00000020)=  8.277621
     z1=       1 -0.891448373537885E-01  0.383821121587025E-17

     Lanczos iteration:     21
     alpha(00000021)=  0.000000
     beta (00000021)=  7.724497
     gamma(00000021)=  7.724497
     z1=       1  0.000000000000000E+00  0.000000000000000E+00

     Lanczos iteration:     22
     alpha(00000022)=  0.000000
     beta (00000022)=  8.265024
     gamma(00000022)=  8.265024
     z1=       1  0.833148219657106E-01 -0.506373914153924E-17

     Lanczos iteration:     23
     alpha(00000023)=  0.000000
     beta (00000023)=  7.808372
     gamma(00000023)=  7.808372
     z1=       1  0.000000000000000E+00  0.000000000000000E+00

     Lanczos iteration:     24
     alpha(00000024)=  0.000000
     beta (00000024)=  8.211116
     gamma(00000024)=  8.211116
     z1=       1 -0.792283455120778E-01  0.470795819863812E-17

     Lanczos iteration:     25
     alpha(00000025)=  0.000000
     beta (00000025)=  7.907152
     gamma(00000025)=  7.907152
     z1=       1  0.000000000000000E+00  0.000000000000000E+00

     Lanczos iteration:     26
     alpha(00000026)=  0.000000
     beta (00000026)=  8.218555
     gamma(00000026)=  8.218555
     z1=       1  0.762263672506195E-01 -0.664308289367171E-17

     Lanczos iteration:     27
     alpha(00000027)=  0.000000
     beta (00000027)=  7.846776
     gamma(00000027)=  7.846776
     z1=       1  0.000000000000000E+00  0.000000000000000E+00

     Lanczos iteration:     28
     alpha(00000028)=  0.000000
     beta (00000028)=  8.303329
     gamma(00000028)=  8.303329
     z1=       1 -0.720351053556644E-01  0.633167292467956E-17

     Lanczos iteration:     29
     alpha(00000029)=  0.000000
     beta (00000029)=  7.784405
     gamma(00000029)=  7.784405
     z1=       1  0.000000000000000E+00  0.000000000000000E+00

     Lanczos iteration:     30
     alpha(00000030)=  0.000000
     beta (00000030)=  8.369629
     gamma(00000030)=  8.369629
     z1=       1  0.669982429002726E-01 -0.617188862950951E-17

     Lanczos iteration:     31
     alpha(00000031)=  0.000000
     beta (00000031)=  7.784169
     gamma(00000031)=  7.784169
     z1=       1  0.000000000000000E+00  0.000000000000000E+00

     Lanczos iteration:     32
     alpha(00000032)=  0.000000
     beta (00000032)=  8.349447
     gamma(00000032)=  8.349447
     z1=       1 -0.624622989193229E-01  0.544692329434992E-17

     Lanczos iteration:     33
     alpha(00000033)=  0.000000
     beta (00000033)=  7.829397
     gamma(00000033)=  7.829397
     z1=       1  0.000000000000000E+00  0.000000000000000E+00

     Lanczos iteration:     34
     alpha(00000034)=  0.000000
     beta (00000034)=  8.320742
     gamma(00000034)=  8.320742
     z1=       1  0.587738614516110E-01 -0.624436076847659E-17

     Lanczos iteration:     35
     alpha(00000035)=  0.000000
     beta (00000035)=  7.846350
     gamma(00000035)=  7.846350
     z1=       1  0.000000000000000E+00  0.000000000000000E+00

     Lanczos iteration:     36
     alpha(00000036)=  0.000000
     beta (00000036)=  8.336154
     gamma(00000036)=  8.336154
     z1=       1 -0.553205045865664E-01  0.549260208712946E-17

     Lanczos iteration:     37
     alpha(00000037)=  0.000000
     beta (00000037)=  7.837551
     gamma(00000037)=  7.837551
     z1=       1  0.000000000000000E+00  0.000000000000000E+00

     Lanczos iteration:     38
     alpha(00000038)=  0.000000
     beta (00000038)=  8.351926
     gamma(00000038)=  8.351926
     z1=       1  0.519134405488111E-01 -0.601862309990153E-17

     Lanczos iteration:     39
     alpha(00000039)=  0.000000
     beta (00000039)=  7.831167
     gamma(00000039)=  7.831167
     z1=       1  0.000000000000000E+00  0.000000000000000E+00

     Lanczos iteration:     40
     alpha(00000040)=  0.000000
     beta (00000040)=  8.322389
     gamma(00000040)=  8.322389
     z1=       1 -0.488492892941185E-01  0.665242058488225E-17

     Lanczos iteration:     41
     alpha(00000041)=  0.000000
     beta (00000041)=  7.843158
     gamma(00000041)=  7.843158
     z1=       1  0.000000000000000E+00  0.000000000000000E+00

     Lanczos iteration:     42
     alpha(00000042)=  0.000000
     beta (00000042)=  8.297963
     gamma(00000042)=  8.297963
     z1=       1  0.461718898962279E-01 -0.606191664790159E-17

     Lanczos iteration:     43
     alpha(00000043)=  0.000000
     beta (00000043)=  7.855161
     gamma(00000043)=  7.855161
     z1=       1  0.000000000000000E+00  0.000000000000000E+00

     Lanczos iteration:     44
     alpha(00000044)=  0.000000
     beta (00000044)=  8.293891
     gamma(00000044)=  8.293891
     z1=       1 -0.437294853162543E-01  0.693771144591286E-17

     Lanczos iteration:     45
     alpha(00000045)=  0.000000
     beta (00000045)=  7.877123
     gamma(00000045)=  7.877123
     z1=       1  0.000000000000000E+00  0.000000000000000E+00

     Lanczos iteration:     46
     alpha(00000046)=  0.000000
     beta (00000046)=  8.251367
     gamma(00000046)=  8.251367
     z1=       1  0.417461118511244E-01 -0.689144481226794E-17

     Lanczos iteration:     47
     alpha(00000047)=  0.000000
     beta (00000047)=  7.924139
     gamma(00000047)=  7.924139
     z1=       1  0.000000000000000E+00  0.000000000000000E+00

     Lanczos iteration:     48
     alpha(00000048)=  0.000000
     beta (00000048)=  8.189624
     gamma(00000048)=  8.189624
     z1=       1 -0.403928106864976E-01  0.791262773347772E-17

     Lanczos iteration:     49
     alpha(00000049)=  0.000000
     beta (00000049)=  7.951788
     gamma(00000049)=  7.951788
     z1=       1  0.000000000000000E+00  0.000000000000000E+00

     Lanczos iteration:     50
     alpha(00000050)=  0.000000
     beta (00000050)=  8.178685
     gamma(00000050)=  8.178685
     z1=       1  0.392722091192277E-01 -0.825204908203557E-17

     Lanczos iteration:     51
     alpha(00000051)=  0.000000
     beta (00000051)=  7.968871
     gamma(00000051)=  7.968871
     z1=       1  0.000000000000000E+00  0.000000000000000E+00

     Lanczos iteration:     52
     alpha(00000052)=  0.000000
     beta (00000052)=  8.193546
     gamma(00000052)=  8.193546
     z1=       1 -0.381953217576682E-01  0.877032143740617E-17

     Lanczos iteration:     53
     alpha(00000053)=  0.000000
     beta (00000053)=  7.935501
     gamma(00000053)=  7.935501
     z1=       1  0.000000000000000E+00  0.000000000000000E+00

     Lanczos iteration:     54
     alpha(00000054)=  0.000000
     beta (00000054)=  8.212461
     gamma(00000054)=  8.212461
     z1=       1  0.369072053689734E-01 -0.101438090783015E-16

     Lanczos iteration:     55
     alpha(00000055)=  0.000000
     beta (00000055)=  7.900519
     gamma(00000055)=  7.900519
     z1=       1  0.000000000000000E+00  0.000000000000000E+00

     Lanczos iteration:     56
     alpha(00000056)=  0.000000
     beta (00000056)=  8.225212
     gamma(00000056)=  8.225212
     z1=       1 -0.354502748729942E-01  0.101910531879676E-16

     Lanczos iteration:     57
     alpha(00000057)=  0.000000
     beta (00000057)=  7.918108
     gamma(00000057)=  7.918108
     z1=       1  0.000000000000000E+00  0.000000000000000E+00

     Lanczos iteration:     58
     alpha(00000058)=  0.000000
     beta (00000058)=  8.218319
     gamma(00000058)=  8.218319
     z1=       1  0.341552912190572E-01 -0.107952248485851E-16

     Lanczos iteration:     59
     alpha(00000059)=  0.000000
     beta (00000059)=  7.948277
     gamma(00000059)=  7.948277
     z1=       1  0.000000000000000E+00  0.000000000000000E+00

     Lanczos iteration:     60
     alpha(00000060)=  0.000000
     beta (00000060)=  8.186404
     gamma(00000060)=  8.186404
     z1=       1 -0.331617732285548E-01  0.110347860948594E-16

     Lanczos iteration:     61
     alpha(00000061)=  0.000000
     beta (00000061)=  7.929329
     gamma(00000061)=  7.929329
     z1=       1  0.000000000000000E+00  0.000000000000000E+00

     Lanczos iteration:     62
     alpha(00000062)=  0.000000
     beta (00000062)=  8.201164
     gamma(00000062)=  8.201164
     z1=       1  0.320625896939707E-01 -0.123136161098332E-16

     Lanczos iteration:     63
     alpha(00000063)=  0.000000
     beta (00000063)=  7.939085
     gamma(00000063)=  7.939085
     z1=       1  0.000000000000000E+00  0.000000000000000E+00

     Lanczos iteration:     64
     alpha(00000064)=  0.000000
     beta (00000064)=  8.233115
     gamma(00000064)=  8.233115
     z1=       1 -0.309175309881621E-01  0.127544425487704E-16

     Lanczos iteration:     65
     alpha(00000065)=  0.000000
     beta (00000065)=  7.943748
     gamma(00000065)=  7.943748
     z1=       1  0.000000000000000E+00  0.000000000000000E+00

     Lanczos iteration:     66
     alpha(00000066)=  0.000000
     beta (00000066)=  8.225927
     gamma(00000066)=  8.225927
     z1=       1  0.298569435174449E-01 -0.130530081101504E-16

     Lanczos iteration:     67
     alpha(00000067)=  0.000000
     beta (00000067)=  7.919482
     gamma(00000067)=  7.919482
     z1=       1  0.000000000000000E+00  0.000000000000000E+00

     Lanczos iteration:     68
     alpha(00000068)=  0.000000
     beta (00000068)=  8.209781
     gamma(00000068)=  8.209781
     z1=       1 -0.288011956456165E-01  0.125443885422467E-16

     Lanczos iteration:     69
     alpha(00000069)=  0.000000
     beta (00000069)=  7.950389
     gamma(00000069)=  7.950389
     z1=       1  0.000000000000000E+00  0.000000000000000E+00

     Lanczos iteration:     70
     alpha(00000070)=  0.000000
     beta (00000070)=  8.251817
     gamma(00000070)=  8.251817
     z1=       1  0.277491231578712E-01 -0.129443846049945E-16

     Lanczos iteration:     71
     alpha(00000071)=  0.000000
     beta (00000071)=  7.928611
     gamma(00000071)=  7.928611
     z1=       1  0.000000000000000E+00  0.000000000000000E+00

     Lanczos iteration:     72
     alpha(00000072)=  0.000000
     beta (00000072)=  8.246490
     gamma(00000072)=  8.246490
     z1=       1 -0.266794737695146E-01  0.143654619449984E-16

     Lanczos iteration:     73
     alpha(00000073)=  0.000000
     beta (00000073)=  7.897768
     gamma(00000073)=  7.897768
     z1=       1  0.000000000000000E+00  0.000000000000000E+00

     Lanczos iteration:     74
     alpha(00000074)=  0.000000
     beta (00000074)=  8.226140
     gamma(00000074)=  8.226140
     z1=       1  0.256144784829193E-01 -0.136970513056611E-16

     Lanczos iteration:     75
     alpha(00000075)=  0.000000
     beta (00000075)=  7.925576
     gamma(00000075)=  7.925576
     z1=       1  0.000000000000000E+00  0.000000000000000E+00

     Lanczos iteration:     76
     alpha(00000076)=  0.000000
     beta (00000076)=  8.231050
     gamma(00000076)=  8.231050
     z1=       1 -0.246638642647141E-01  0.129844187702136E-16

     Lanczos iteration:     77
     alpha(00000077)=  0.000000
     beta (00000077)=  7.896822
     gamma(00000077)=  7.896822
     z1=       1  0.000000000000000E+00  0.000000000000000E+00

     Lanczos iteration:     78
     alpha(00000078)=  0.000000
     beta (00000078)=  8.232215
     gamma(00000078)=  8.232215
     z1=       1  0.236590199832690E-01 -0.125284304415205E-16

     Lanczos iteration:     79
     alpha(00000079)=  0.000000
     beta (00000079)=  7.881649
     gamma(00000079)=  7.881649
     z1=       1  0.000000000000000E+00  0.000000000000000E+00

     Lanczos iteration:     80
     alpha(00000080)=  0.000000
     beta (00000080)=  8.211297
     gamma(00000080)=  8.211297
     z1=       1 -0.227092155289484E-01  0.123846245758674E-16

     Lanczos iteration:     81
     alpha(00000081)=  0.000000
     beta (00000081)=  7.898053
     gamma(00000081)=  7.898053
     z1=       1  0.000000000000000E+00  0.000000000000000E+00

     Lanczos iteration:     82
     alpha(00000082)=  0.000000
     beta (00000082)=  8.208561
     gamma(00000082)=  8.208561
     z1=       1  0.218501906183660E-01 -0.123610160735615E-16

     Lanczos iteration:     83
     alpha(00000083)=  0.000000
     beta (00000083)=  7.911186
     gamma(00000083)=  7.911186
     z1=       1  0.000000000000000E+00  0.000000000000000E+00

     Lanczos iteration:     84
     alpha(00000084)=  0.000000
     beta (00000084)=  8.212564
     gamma(00000084)=  8.212564
     z1=       1 -0.210483541708042E-01  0.132846750093563E-16

     Lanczos iteration:     85
     alpha(00000085)=  0.000000
     beta (00000085)=  7.902345
     gamma(00000085)=  7.902345
     z1=       1  0.000000000000000E+00  0.000000000000000E+00

     Lanczos iteration:     86
     alpha(00000086)=  0.000000
     beta (00000086)=  8.207847
     gamma(00000086)=  8.207847
     z1=       1  0.202649262331371E-01 -0.127228482198379E-16

     Lanczos iteration:     87
     alpha(00000087)=  0.000000
     beta (00000087)=  7.906190
     gamma(00000087)=  7.906190
     z1=       1  0.000000000000000E+00  0.000000000000000E+00

     Lanczos iteration:     88
     alpha(00000088)=  0.000000
     beta (00000088)=  8.227401
     gamma(00000088)=  8.227401
     z1=       1 -0.194737576666689E-01  0.131106402318816E-16

     Lanczos iteration:     89
     alpha(00000089)=  0.000000
     beta (00000089)=  7.912585
     gamma(00000089)=  7.912585
     z1=       1  0.000000000000000E+00  0.000000000000000E+00

     Lanczos iteration:     90
     alpha(00000090)=  0.000000
     beta (00000090)=  8.214907
     gamma(00000090)=  8.214907
     z1=       1  0.187570987055143E-01 -0.117313317805727E-16

     Lanczos iteration:     91
     alpha(00000091)=  0.000000
     beta (00000091)=  7.904190
     gamma(00000091)=  7.904190
     z1=       1  0.000000000000000E+00  0.000000000000000E+00

     Lanczos iteration:     92
     alpha(00000092)=  0.000000
     beta (00000092)=  8.226058
     gamma(00000092)=  8.226058
     z1=       1 -0.180231811644288E-01  0.125388726636942E-16

     Lanczos iteration:     93
     alpha(00000093)=  0.000000
     beta (00000093)=  7.935040
     gamma(00000093)=  7.935040
     z1=       1  0.000000000000000E+00  0.000000000000000E+00

     Lanczos iteration:     94
     alpha(00000094)=  0.000000
     beta (00000094)=  8.237997
     gamma(00000094)=  8.237997
     z1=       1  0.173603771999080E-01 -0.124544336432483E-16

     Lanczos iteration:     95
     alpha(00000095)=  0.000000
     beta (00000095)=  7.904963
     gamma(00000095)=  7.904963
     z1=       1  0.000000000000000E+00  0.000000000000000E+00

     Lanczos iteration:     96
     alpha(00000096)=  0.000000
     beta (00000096)=  8.233079
     gamma(00000096)=  8.233079
     z1=       1 -0.166685174734560E-01  0.117048840238276E-16

     Lanczos iteration:     97
     alpha(00000097)=  0.000000
     beta (00000097)=  7.936649
     gamma(00000097)=  7.936649
     z1=       1  0.000000000000000E+00  0.000000000000000E+00

     Lanczos iteration:     98
     alpha(00000098)=  0.000000
     beta (00000098)=  8.203935
     gamma(00000098)=  8.203935
     z1=       1  0.161254626835700E-01 -0.116282986928687E-16

     Lanczos iteration:     99
     alpha(00000099)=  0.000000
     beta (00000099)=  7.929050
     gamma(00000099)=  7.929050
     z1=       1  0.000000000000000E+00  0.000000000000000E+00

     Lanczos iteration:    100
     alpha(00000100)=  0.000000
     beta (00000100)=  8.211250
     gamma(00000100)=  8.211250
     z1=       1 -0.155712803768841E-01  0.125346307226944E-16

     Lanczos iteration:    101
     alpha(00000101)=  0.000000
     beta (00000101)=  7.947370
     gamma(00000101)=  7.947370
     z1=       1  0.000000000000000E+00  0.000000000000000E+00

     Lanczos iteration:    102
     alpha(00000102)=  0.000000
     beta (00000102)=  8.176804
     gamma(00000102)=  8.176804
     z1=       1  0.151343741553177E-01 -0.122655266612858E-16

     Lanczos iteration:    103
     alpha(00000103)=  0.000000
     beta (00000103)=  7.910315
     gamma(00000103)=  7.910315
     z1=       1  0.000000000000000E+00  0.000000000000000E+00

     Lanczos iteration:    104
     alpha(00000104)=  0.000000
     beta (00000104)=  8.208548
     gamma(00000104)=  8.208548
     z1=       1 -0.145845239160029E-01  0.127588623666892E-16

     Lanczos iteration:    105
     alpha(00000105)=  0.000000
     beta (00000105)=  7.946322
     gamma(00000105)=  7.946322
     z1=       1  0.000000000000000E+00  0.000000000000000E+00

     Lanczos iteration:    106
     alpha(00000106)=  0.000000
     beta (00000106)=  8.132500
     gamma(00000106)=  8.132500
     z1=       1  0.142506504154791E-01 -0.123917872982276E-16

     Lanczos iteration:    107
     alpha(00000107)=  0.000000
     beta (00000107)=  7.907571
     gamma(00000107)=  7.907571
     z1=       1  0.000000000000000E+00  0.000000000000000E+00

     Lanczos iteration:    108
     alpha(00000108)=  0.000000
     beta (00000108)=  8.196878
     gamma(00000108)=  8.196878
     z1=       1 -0.137476892299063E-01  0.121844249506521E-16

     Lanczos iteration:    109
     alpha(00000109)=  0.000000
     beta (00000109)=  7.927043
     gamma(00000109)=  7.927043
     z1=       1  0.000000000000000E+00  0.000000000000000E+00

     Lanczos iteration:    110
     alpha(00000110)=  0.000000
     beta (00000110)=  8.171488
     gamma(00000110)=  8.171488
     z1=       1  0.133364458280766E-01 -0.123583428375800E-16

     Lanczos iteration:    111
     alpha(00000111)=  0.000000
     beta (00000111)=  7.919967
     gamma(00000111)=  7.919967
     z1=       1  0.000000000000000E+00  0.000000000000000E+00

     Lanczos iteration:    112
     alpha(00000112)=  0.000000
     beta (00000112)=  8.206717
     gamma(00000112)=  8.206717
     z1=       1 -0.128704688403300E-01  0.127527857523256E-16

     Lanczos iteration:    113
     alpha(00000113)=  0.000000
     beta (00000113)=  7.887916
     gamma(00000113)=  7.887916
     z1=       1  0.000000000000000E+00  0.000000000000000E+00

     Lanczos iteration:    114
     alpha(00000114)=  0.000000
     beta (00000114)=  8.202863
     gamma(00000114)=  8.202863
     z1=       1  0.123763199007596E-01 -0.119067971966953E-16

     Lanczos iteration:    115
     alpha(00000115)=  0.000000
     beta (00000115)=  7.930362
     gamma(00000115)=  7.930362
     z1=       1  0.000000000000000E+00  0.000000000000000E+00

     Lanczos iteration:    116
     alpha(00000116)=  0.000000
     beta (00000116)=  8.192197
     gamma(00000116)=  8.192197
     z1=       1 -0.119807628191522E-01  0.119741147166618E-16

     Lanczos iteration:    117
     alpha(00000117)=  0.000000
     beta (00000117)=  7.905901
     gamma(00000117)=  7.905901
     z1=       1  0.000000000000000E+00  0.000000000000000E+00

     Lanczos iteration:    118
     alpha(00000118)=  0.000000
     beta (00000118)=  8.196453
     gamma(00000118)=  8.196453
     z1=       1  0.115560723554559E-01 -0.120897054913254E-16

     Lanczos iteration:    119
     alpha(00000119)=  0.000000
     beta (00000119)=  7.930088
     gamma(00000119)=  7.930088
     z1=       1  0.000000000000000E+00  0.000000000000000E+00

     Lanczos iteration:    120
     alpha(00000120)=  0.000000
     beta (00000120)=  8.157052
     gamma(00000120)=  8.157052
     z1=       1 -0.112345417496827E-01  0.125149676998568E-16

     Lanczos iteration:    121
     alpha(00000121)=  0.000000
     beta (00000121)=  7.952932
     gamma(00000121)=  7.952932
     z1=       1  0.000000000000000E+00  0.000000000000000E+00

     Lanczos iteration:    122
     alpha(00000122)=  0.000000
     beta (00000122)=  8.185170
     gamma(00000122)=  8.185170
     z1=       1  0.109157921136480E-01 -0.127982273758799E-16

     Lanczos iteration:    123
     alpha(00000123)=  0.000000
     beta (00000123)=  7.926511
     gamma(00000123)=  7.926511
     z1=       1  0.000000000000000E+00  0.000000000000000E+00

     Lanczos iteration:    124
     alpha(00000124)=  0.000000
     beta (00000124)=  8.190797
     gamma(00000124)=  8.190797
     z1=       1 -0.105635883459466E-01  0.127059143371563E-16

     Lanczos iteration:    125
     alpha(00000125)=  0.000000
     beta (00000125)=  7.928785
     gamma(00000125)=  7.928785
     z1=       1  0.000000000000000E+00  0.000000000000000E+00

     Lanczos iteration:    126
     alpha(00000126)=  0.000000
     beta (00000126)=  8.201309
     gamma(00000126)=  8.201309
     z1=       1  0.102125741538246E-01 -0.139730824025124E-16

     Lanczos iteration:    127
     alpha(00000127)=  0.000000
     beta (00000127)=  7.925912
     gamma(00000127)=  7.925912
     z1=       1  0.000000000000000E+00  0.000000000000000E+00

     Lanczos iteration:    128
     alpha(00000128)=  0.000000
     beta (00000128)=  8.190293
     gamma(00000128)=  8.190293
     z1=       1 -0.988292108302046E-02  0.137244341867800E-16

     Lanczos iteration:    129
     alpha(00000129)=  0.000000
     beta (00000129)=  7.905370
     gamma(00000129)=  7.905370
     z1=       1  0.000000000000000E+00  0.000000000000000E+00

     Lanczos iteration:    130
     alpha(00000130)=  0.000000
     beta (00000130)=  8.187820
     gamma(00000130)=  8.187820
     z1=       1  0.954200225106307E-02 -0.156843803352999E-16

     Lanczos iteration:    131
     alpha(00000131)=  0.000000
     beta (00000131)=  7.908764
     gamma(00000131)=  7.908764
     z1=       1  0.000000000000000E+00  0.000000000000000E+00

     Lanczos iteration:    132
     alpha(00000132)=  0.000000
     beta (00000132)=  8.160319
     gamma(00000132)=  8.160319
     z1=       1 -0.924786012295443E-02  0.163965520848242E-16

     Lanczos iteration:    133
     alpha(00000133)=  0.000000
     beta (00000133)=  7.949939
     gamma(00000133)=  7.949939
     z1=       1  0.000000000000000E+00  0.000000000000000E+00

     Lanczos iteration:    134
     alpha(00000134)=  0.000000
     beta (00000134)=  8.175385
     gamma(00000134)=  8.175385
     z1=       1  0.899284440365739E-02 -0.171472536690531E-16

     Lanczos iteration:    135
     alpha(00000135)=  0.000000
     beta (00000135)=  7.909925
     gamma(00000135)=  7.909925
     z1=       1  0.000000000000000E+00  0.000000000000000E+00

     Lanczos iteration:    136
     alpha(00000136)=  0.000000
     beta (00000136)=  8.171604
     gamma(00000136)=  8.171604
     z1=       1 -0.870487111653591E-02  0.181489616087396E-16

     Lanczos iteration:    137
     alpha(00000137)=  0.000000
     beta (00000137)=  7.927749
     gamma(00000137)=  7.927749
     z1=       1  0.000000000000000E+00  0.000000000000000E+00

     Lanczos iteration:    138
     alpha(00000138)=  0.000000
     beta (00000138)=  8.199207
     gamma(00000138)=  8.199207
     z1=       1  0.841667556530898E-02 -0.181693717146367E-16

     Lanczos iteration:    139
     alpha(00000139)=  0.000000
     beta (00000139)=  7.941997
     gamma(00000139)=  7.941997
     z1=       1  0.000000000000000E+00  0.000000000000000E+00

     Lanczos iteration:    140
     alpha(00000140)=  0.000000
     beta (00000140)=  8.192215
     gamma(00000140)=  8.192215
     z1=       1 -0.815960519832369E-02  0.185239871402024E-16

     Lanczos iteration:    141
     alpha(00000141)=  0.000000
     beta (00000141)=  7.950575
     gamma(00000141)=  7.950575
     z1=       1  0.000000000000000E+00  0.000000000000000E+00

     Lanczos iteration:    142
     alpha(00000142)=  0.000000
     beta (00000142)=  8.197208
     gamma(00000142)=  8.197208
     z1=       1  0.791410636393707E-02 -0.184979256304812E-16

     Lanczos iteration:    143
     alpha(00000143)=  0.000000
     beta (00000143)=  7.951590
     gamma(00000143)=  7.951590
     z1=       1  0.000000000000000E+00  0.000000000000000E+00

     Lanczos iteration:    144
     alpha(00000144)=  0.000000
     beta (00000144)=  8.162366
     gamma(00000144)=  8.162366
     z1=       1 -0.770974424191163E-02  0.195150156884899E-16

     Lanczos iteration:    145
     alpha(00000145)=  0.000000
     beta (00000145)=  7.956251
     gamma(00000145)=  7.956251
     z1=       1  0.000000000000000E+00  0.000000000000000E+00

     Lanczos iteration:    146
     alpha(00000146)=  0.000000
     beta (00000146)=  8.170425
     gamma(00000146)=  8.170425
     z1=       1  0.750764808894854E-02 -0.190188847743605E-16

     Lanczos iteration:    147
     alpha(00000147)=  0.000000
     beta (00000147)=  7.941282
     gamma(00000147)=  7.941282
     z1=       1  0.000000000000000E+00  0.000000000000000E+00

     Lanczos iteration:    148
     alpha(00000148)=  0.000000
     beta (00000148)=  8.169208
     gamma(00000148)=  8.169208
     z1=       1 -0.729818201174984E-02  0.187389708784791E-16

     Lanczos iteration:    149
     alpha(00000149)=  0.000000
     beta (00000149)=  7.944897
     gamma(00000149)=  7.944897
     z1=       1  0.000000000000000E+00  0.000000000000000E+00

     Lanczos iteration:    150
     alpha(00000150)=  0.000000
     beta (00000150)=  8.152639
     gamma(00000150)=  8.152639
     z1=       1  0.711221470083984E-02 -0.189019129124765E-16

     Lanczos iteration:    151
     alpha(00000151)=  0.000000
     beta (00000151)=  7.965606
     gamma(00000151)=  7.965606
     z1=       1  0.000000000000000E+00  0.000000000000000E+00

     Lanczos iteration:    152
     alpha(00000152)=  0.000000
     beta (00000152)=  8.136824
     gamma(00000152)=  8.136824
     z1=       1 -0.696255904884747E-02  0.192051642601207E-16

     Lanczos iteration:    153
     alpha(00000153)=  0.000000
     beta (00000153)=  7.952275
     gamma(00000153)=  7.952275
     z1=       1  0.000000000000000E+00  0.000000000000000E+00

     Lanczos iteration:    154
     alpha(00000154)=  0.000000
     beta (00000154)=  8.121176
     gamma(00000154)=  8.121176
     z1=       1  0.681775611681114E-02 -0.188524190833025E-16

     Lanczos iteration:    155
     alpha(00000155)=  0.000000
     beta (00000155)=  7.965256
     gamma(00000155)=  7.965256
     z1=       1  0.000000000000000E+00  0.000000000000000E+00

     Lanczos iteration:    156
     alpha(00000156)=  0.000000
     beta (00000156)=  8.114363
     gamma(00000156)=  8.114363
     z1=       1 -0.669247655929001E-02  0.179357329227296E-16

     Lanczos iteration:    157
     alpha(00000157)=  0.000000
     beta (00000157)=  7.965134
     gamma(00000157)=  7.965134
     z1=       1  0.000000000000000E+00  0.000000000000000E+00

     Lanczos iteration:    158
     alpha(00000158)=  0.000000
     beta (00000158)=  8.134128
     gamma(00000158)=  8.134128
     z1=       1  0.655343561096699E-02 -0.184493669256811E-16

     Lanczos iteration:    159
     alpha(00000159)=  0.000000
     beta (00000159)=  7.957317
     gamma(00000159)=  7.957317
     z1=       1  0.000000000000000E+00  0.000000000000000E+00

     Lanczos iteration:    160
     alpha(00000160)=  0.000000
     beta (00000160)=  8.144982
     gamma(00000160)=  8.144982
     z1=       1 -0.640244273918198E-02  0.171204738753927E-16

     Lanczos iteration:    161
     alpha(00000161)=  0.000000
     beta (00000161)=  7.970686
     gamma(00000161)=  7.970686
     z1=       1  0.000000000000000E+00  0.000000000000000E+00

     Lanczos iteration:    162
     alpha(00000162)=  0.000000
     beta (00000162)=  8.131593
     gamma(00000162)=  8.131593
     z1=       1  0.627575404479051E-02 -0.174383551761019E-16

     Lanczos iteration:    163
     alpha(00000163)=  0.000000
     beta (00000163)=  7.990619
     gamma(00000163)=  7.990619
     z1=       1  0.000000000000000E+00  0.000000000000000E+00

     Lanczos iteration:    164
     alpha(00000164)=  0.000000
     beta (00000164)=  8.128578
     gamma(00000164)=  8.128578
     z1=       1 -0.616924308197777E-02  0.168386626257094E-16

     Lanczos iteration:    165
     alpha(00000165)=  0.000000
     beta (00000165)=  8.000918
     gamma(00000165)=  8.000918
     z1=       1  0.000000000000000E+00  0.000000000000000E+00

     Lanczos iteration:    166
     alpha(00000166)=  0.000000
     beta (00000166)=  8.131115
     gamma(00000166)=  8.131115
     z1=       1  0.607046180667688E-02 -0.175792472484164E-16

     Lanczos iteration:    167
     alpha(00000167)=  0.000000
     beta (00000167)=  7.996725
     gamma(00000167)=  7.996725
     z1=       1  0.000000000000000E+00  0.000000000000000E+00

     Lanczos iteration:    168
     alpha(00000168)=  0.000000
     beta (00000168)=  8.142486
     gamma(00000168)=  8.142486
     z1=       1 -0.596179512465468E-02  0.170204426724538E-16

     Lanczos iteration:    169
     alpha(00000169)=  0.000000
     beta (00000169)=  7.989587
     gamma(00000169)=  7.989587
     z1=       1  0.000000000000000E+00  0.000000000000000E+00

     Lanczos iteration:    170
     alpha(00000170)=  0.000000
     beta (00000170)=  8.163800
     gamma(00000170)=  8.163800
     z1=       1  0.583457422255566E-02 -0.165495330113619E-16

     Lanczos iteration:    171
     alpha(00000171)=  0.000000
     beta (00000171)=  7.996904
     gamma(00000171)=  7.996904
     z1=       1  0.000000000000000E+00  0.000000000000000E+00

     Lanczos iteration:    172
     alpha(00000172)=  0.000000
     beta (00000172)=  8.139303
     gamma(00000172)=  8.139303
     z1=       1 -0.573249967458695E-02  0.168286608606683E-16

     Lanczos iteration:    173
     alpha(00000173)=  0.000000
     beta (00000173)=  8.006336
     gamma(00000173)=  8.006336
     z1=       1  0.000000000000000E+00  0.000000000000000E+00

     Lanczos iteration:    174
     alpha(00000174)=  0.000000
     beta (00000174)=  8.140219
     gamma(00000174)=  8.140219
     z1=       1  0.563821913399804E-02 -0.171189763211420E-16

     Lanczos iteration:    175
     alpha(00000175)=  0.000000
     beta (00000175)=  8.026438
     gamma(00000175)=  8.026438
     z1=       1  0.000000000000000E+00  0.000000000000000E+00

     Lanczos iteration:    176
     alpha(00000176)=  0.000000
     beta (00000176)=  8.115941
     gamma(00000176)=  8.115941
     z1=       1 -0.557604285379978E-02  0.173743262615530E-16

     Lanczos iteration:    177
     alpha(00000177)=  0.000000
     beta (00000177)=  8.007950
     gamma(00000177)=  8.007950
     z1=       1  0.000000000000000E+00  0.000000000000000E+00

     Lanczos iteration:    178
     alpha(00000178)=  0.000000
     beta (00000178)=  8.131260
     gamma(00000178)=  8.131260
     z1=       1  0.549148495239226E-02 -0.167611760516946E-16

     Lanczos iteration:    179
     alpha(00000179)=  0.000000
     beta (00000179)=  7.991550
     gamma(00000179)=  7.991550
     z1=       1  0.000000000000000E+00  0.000000000000000E+00

     Lanczos iteration:    180
     alpha(00000180)=  0.000000
     beta (00000180)=  8.121376
     gamma(00000180)=  8.121376
     z1=       1 -0.540370212133955E-02  0.172121431690764E-16

     Lanczos iteration:    181
     alpha(00000181)=  0.000000
     beta (00000181)=  8.000067
     gamma(00000181)=  8.000067
     z1=       1  0.000000000000000E+00  0.000000000000000E+00

     Lanczos iteration:    182
     alpha(00000182)=  0.000000
     beta (00000182)=  8.127194
     gamma(00000182)=  8.127194
     z1=       1  0.531917950878823E-02 -0.169715722595290E-16

     Lanczos iteration:    183
     alpha(00000183)=  0.000000
     beta (00000183)=  7.992928
     gamma(00000183)=  7.992928
     z1=       1  0.000000000000000E+00  0.000000000000000E+00

     Lanczos iteration:    184
     alpha(00000184)=  0.000000
     beta (00000184)=  8.098074
     gamma(00000184)=  8.098074
     z1=       1 -0.525011770562139E-02  0.160549606378554E-16

     Lanczos iteration:    185
     alpha(00000185)=  0.000000
     beta (00000185)=  7.995608
     gamma(00000185)=  7.995608
     z1=       1  0.000000000000000E+00  0.000000000000000E+00

     Lanczos iteration:    186
     alpha(00000186)=  0.000000
     beta (00000186)=  8.119431
     gamma(00000186)=  8.119431
     z1=       1  0.517005566150045E-02 -0.176622090434023E-16

     Lanczos iteration:    187
     alpha(00000187)=  0.000000
     beta (00000187)=  7.988507
     gamma(00000187)=  7.988507
     z1=       1  0.000000000000000E+00  0.000000000000000E+00

     Lanczos iteration:    188
     alpha(00000188)=  0.000000
     beta (00000188)=  8.098506
     gamma(00000188)=  8.098506
     z1=       1 -0.509983620890408E-02  0.169108975954513E-16

     Lanczos iteration:    189
     alpha(00000189)=  0.000000
     beta (00000189)=  7.975288
     gamma(00000189)=  7.975288
     z1=       1  0.000000000000000E+00  0.000000000000000E+00

     Lanczos iteration:    190
     alpha(00000190)=  0.000000
     beta (00000190)=  8.120914
     gamma(00000190)=  8.120914
     z1=       1  0.500838827681790E-02 -0.192038496649866E-16

     Lanczos iteration:    191
     alpha(00000191)=  0.000000
     beta (00000191)=  8.008991
     gamma(00000191)=  8.008991
     z1=       1  0.000000000000000E+00  0.000000000000000E+00

     Lanczos iteration:    192
     alpha(00000192)=  0.000000
     beta (00000192)=  8.126251
     gamma(00000192)=  8.126251
     z1=       1 -0.493612189164925E-02  0.183621699659589E-16

     Lanczos iteration:    193
     alpha(00000193)=  0.000000
     beta (00000193)=  7.983669
     gamma(00000193)=  7.983669
     z1=       1  0.000000000000000E+00  0.000000000000000E+00

     Lanczos iteration:    194
     alpha(00000194)=  0.000000
     beta (00000194)=  8.111414
     gamma(00000194)=  8.111414
     z1=       1  0.485838724097824E-02 -0.197838571696848E-16

     Lanczos iteration:    195
     alpha(00000195)=  0.000000
     beta (00000195)=  8.012537
     gamma(00000195)=  8.012537
     z1=       1  0.000000000000000E+00  0.000000000000000E+00

     Lanczos iteration:    196
     alpha(00000196)=  0.000000
     beta (00000196)=  8.091827
     gamma(00000196)=  8.091827
     z1=       1 -0.481078428120329E-02  0.186484535496037E-16

     Lanczos iteration:    197
     alpha(00000197)=  0.000000
     beta (00000197)=  8.025199
     gamma(00000197)=  8.025199
     z1=       1  0.000000000000000E+00  0.000000000000000E+00

     Lanczos iteration:    198
     alpha(00000198)=  0.000000
     beta (00000198)=  8.107334
     gamma(00000198)=  8.107334
     z1=       1  0.476205049958498E-02 -0.215727772017588E-16

     Lanczos iteration:    199
     alpha(00000199)=  0.000000
     beta (00000199)=  8.025564
     gamma(00000199)=  8.025564
     z1=       1  0.000000000000000E+00  0.000000000000000E+00

     Lanczos iteration:    200
     alpha(00000200)=  0.000000
     beta (00000200)=  8.084316
     gamma(00000200)=  8.084316
     z1=       1 -0.472744683354632E-02  0.213257214079672E-16

     Lanczos iteration:    201
     alpha(00000201)=  0.000000
     beta (00000201)=  8.030271
     gamma(00000201)=  8.030271
     z1=       1  0.000000000000000E+00  0.000000000000000E+00

     Lanczos iteration:    202
     alpha(00000202)=  0.000000
     beta (00000202)=  8.099472
     gamma(00000202)=  8.099472
     z1=       1  0.468705976198014E-02 -0.224190241024380E-16

     Lanczos iteration:    203
     alpha(00000203)=  0.000000
     beta (00000203)=  8.032044
     gamma(00000203)=  8.032044
     z1=       1  0.000000000000000E+00  0.000000000000000E+00

     Lanczos iteration:    204
     alpha(00000204)=  0.000000
     beta (00000204)=  8.110185
     gamma(00000204)=  8.110185
     z1=       1 -0.464190435079482E-02  0.208254366442645E-16

     Lanczos iteration:    205
     alpha(00000205)=  0.000000
     beta (00000205)=  8.035879
     gamma(00000205)=  8.035879
     z1=       1  0.000000000000000E+00  0.000000000000000E+00

     Lanczos iteration:    206
     alpha(00000206)=  0.000000
     beta (00000206)=  8.142399
     gamma(00000206)=  8.142399
     z1=       1  0.458118185606933E-02 -0.238327695252505E-16

     Lanczos iteration:    207
     alpha(00000207)=  0.000000
     beta (00000207)=  8.024504
     gamma(00000207)=  8.024504
     z1=       1  0.000000000000000E+00  0.000000000000000E+00

     Lanczos iteration:    208
     alpha(00000208)=  0.000000
     beta (00000208)=  8.124125
     gamma(00000208)=  8.124125
     z1=       1 -0.452500955373172E-02  0.224278196925623E-16

     Lanczos iteration:    209
     alpha(00000209)=  0.000000
     beta (00000209)=  8.028358
     gamma(00000209)=  8.028358
     z1=       1  0.000000000000000E+00  0.000000000000000E+00

     Lanczos iteration:    210
     alpha(00000210)=  0.000000
     beta (00000210)=  8.133026
     gamma(00000210)=  8.133026
     z1=       1  0.446677836004820E-02 -0.247617952617990E-16

     Lanczos iteration:    211
     alpha(00000211)=  0.000000
     beta (00000211)=  8.025213
     gamma(00000211)=  8.025213
     z1=       1  0.000000000000000E+00  0.000000000000000E+00

     Lanczos iteration:    212
     alpha(00000212)=  0.000000
     beta (00000212)=  8.131979
     gamma(00000212)=  8.131979
     z1=       1 -0.440813680457419E-02  0.233676603457814E-16

     Lanczos iteration:    213
     alpha(00000213)=  0.000000
     beta (00000213)=  8.026679
     gamma(00000213)=  8.026679
     z1=       1  0.000000000000000E+00  0.000000000000000E+00

     Lanczos iteration:    214
     alpha(00000214)=  0.000000
     beta (00000214)=  8.119842
     gamma(00000214)=  8.119842
     z1=       1  0.435756339808209E-02 -0.255113719862740E-16

     Lanczos iteration:    215
     alpha(00000215)=  0.000000
     beta (00000215)=  8.037576
     gamma(00000215)=  8.037576
     z1=       1  0.000000000000000E+00  0.000000000000000E+00

     Lanczos iteration:    216
     alpha(00000216)=  0.000000
     beta (00000216)=  8.110829
     gamma(00000216)=  8.110829
     z1=       1 -0.431821176531848E-02  0.227793451419364E-16

     Lanczos iteration:    217
     alpha(00000217)=  0.000000
     beta (00000217)=  8.036466
     gamma(00000217)=  8.036466
     z1=       1  0.000000000000000E+00  0.000000000000000E+00

     Lanczos iteration:    218
     alpha(00000218)=  0.000000
     beta (00000218)=  8.098979
     gamma(00000218)=  8.098979
     z1=       1  0.428488468856865E-02 -0.256450405616143E-16

     Lanczos iteration:    219
     alpha(00000219)=  0.000000
     beta (00000219)=  8.036802
     gamma(00000219)=  8.036802
     z1=       1  0.000000000000000E+00  0.000000000000000E+00

     Lanczos iteration:    220
     alpha(00000220)=  0.000000
     beta (00000220)=  8.112169
     gamma(00000220)=  8.112169
     z1=       1 -0.424507875728130E-02  0.224558598712482E-16

     Lanczos iteration:    221
     alpha(00000221)=  0.000000
     beta (00000221)=  8.048454
     gamma(00000221)=  8.048454
     z1=       1  0.000000000000000E+00  0.000000000000000E+00

     Lanczos iteration:    222
     alpha(00000222)=  0.000000
     beta (00000222)=  8.109235
     gamma(00000222)=  8.109235
     z1=       1  0.421326343438011E-02 -0.248662987986994E-16

     Lanczos iteration:    223
     alpha(00000223)=  0.000000
     beta (00000223)=  8.037438
     gamma(00000223)=  8.037438
     z1=       1  0.000000000000000E+00  0.000000000000000E+00

     Lanczos iteration:    224
     alpha(00000224)=  0.000000
     beta (00000224)=  8.128037
     gamma(00000224)=  8.128037
     z1=       1 -0.416630309475831E-02  0.239426805204862E-16

     Lanczos iteration:    225
     alpha(00000225)=  0.000000
     beta (00000225)=  8.046480
     gamma(00000225)=  8.046480
     z1=       1  0.000000000000000E+00  0.000000000000000E+00

     Lanczos iteration:    226
     alpha(00000226)=  0.000000
     beta (00000226)=  8.107009
     gamma(00000226)=  8.107009
     z1=       1  0.413519910336023E-02 -0.268249913384575E-16

     Lanczos iteration:    227
     alpha(00000227)=  0.000000
     beta (00000227)=  8.041713
     gamma(00000227)=  8.041713
     z1=       1  0.000000000000000E+00  0.000000000000000E+00

     Lanczos iteration:    228
     alpha(00000228)=  0.000000
     beta (00000228)=  8.120198
     gamma(00000228)=  8.120198
     z1=       1 -0.409523311950510E-02  0.242556896876828E-16

     Lanczos iteration:    229
     alpha(00000229)=  0.000000
     beta (00000229)=  8.052129
     gamma(00000229)=  8.052129
     z1=       1  0.000000000000000E+00  0.000000000000000E+00

     Lanczos iteration:    230
     alpha(00000230)=  0.000000
     beta (00000230)=  8.109118
     gamma(00000230)=  8.109118
     z1=       1  0.406645499533982E-02 -0.261052301737258E-16

     Lanczos iteration:    231
     alpha(00000231)=  0.000000
     beta (00000231)=  8.036000
     gamma(00000231)=  8.036000
     z1=       1  0.000000000000000E+00  0.000000000000000E+00

     Lanczos iteration:    232
     alpha(00000232)=  0.000000
     beta (00000232)=  8.125071
     gamma(00000232)=  8.125071
     z1=       1 -0.402187887409279E-02  0.226118901163960E-16

     Lanczos iteration:    233
     alpha(00000233)=  0.000000
     beta (00000233)=  8.043238
     gamma(00000233)=  8.043238
     z1=       1  0.000000000000000E+00  0.000000000000000E+00

     Lanczos iteration:    234
     alpha(00000234)=  0.000000
     beta (00000234)=  8.106932
     gamma(00000234)=  8.106932
     z1=       1  0.399028193178511E-02 -0.236294680653823E-16

     Lanczos iteration:    235
     alpha(00000235)=  0.000000
     beta (00000235)=  8.042464
     gamma(00000235)=  8.042464
     z1=       1  0.000000000000000E+00  0.000000000000000E+00

     Lanczos iteration:    236
     alpha(00000236)=  0.000000
     beta (00000236)=  8.099488
     gamma(00000236)=  8.099488
     z1=       1 -0.396219034222516E-02  0.215457534626096E-16

     Lanczos iteration:    237
     alpha(00000237)=  0.000000
     beta (00000237)=  8.042005
     gamma(00000237)=  8.042005
     z1=       1  0.000000000000000E+00  0.000000000000000E+00

     Lanczos iteration:    238
     alpha(00000238)=  0.000000
     beta (00000238)=  8.095877
     gamma(00000238)=  8.095877
     z1=       1  0.393582633883923E-02 -0.220775817332680E-16

     Lanczos iteration:    239
     alpha(00000239)=  0.000000
     beta (00000239)=  8.044787
     gamma(00000239)=  8.044787
     z1=       1  0.000000000000000E+00  0.000000000000000E+00

     Lanczos iteration:    240
     alpha(00000240)=  0.000000
     beta (00000240)=  8.101576
     gamma(00000240)=  8.101576
     z1=       1 -0.390823888927672E-02  0.195643739923923E-16

     Lanczos iteration:    241
     alpha(00000241)=  0.000000
     beta (00000241)=  8.024175
     gamma(00000241)=  8.024175
     z1=       1  0.000000000000000E+00  0.000000000000000E+00

     Lanczos iteration:    242
     alpha(00000242)=  0.000000
     beta (00000242)=  8.089658
     gamma(00000242)=  8.089658
     z1=       1  0.387660437387870E-02 -0.205820603615958E-16

     Lanczos iteration:    243
     alpha(00000243)=  0.000000
     beta (00000243)=  8.041682
     gamma(00000243)=  8.041682
     z1=       1  0.000000000000000E+00  0.000000000000000E+00

     Lanczos iteration:    244
     alpha(00000244)=  0.000000
     beta (00000244)=  8.096771
     gamma(00000244)=  8.096771
     z1=       1 -0.385022965879420E-02  0.181943896797668E-16

     Lanczos iteration:    245
     alpha(00000245)=  0.000000
     beta (00000245)=  8.020191
     gamma(00000245)=  8.020191
     z1=       1  0.000000000000000E+00  0.000000000000000E+00

     Lanczos iteration:    246
     alpha(00000246)=  0.000000
     beta (00000246)=  8.093912
     gamma(00000246)=  8.093912
     z1=       1  0.381516202936508E-02 -0.192069599699689E-16

     Lanczos iteration:    247
     alpha(00000247)=  0.000000
     beta (00000247)=  8.018982
     gamma(00000247)=  8.018982
     z1=       1  0.000000000000000E+00  0.000000000000000E+00

     Lanczos iteration:    248
     alpha(00000248)=  0.000000
     beta (00000248)=  8.081966
     gamma(00000248)=  8.081966
     z1=       1 -0.378543057033834E-02  0.177544746482808E-16

     Lanczos iteration:    249
     alpha(00000249)=  0.000000
     beta (00000249)=  8.024828
     gamma(00000249)=  8.024828
     z1=       1  0.000000000000000E+00  0.000000000000000E+00

     Lanczos iteration:    250
     alpha(00000250)=  0.000000
     beta (00000250)=  8.077119
     gamma(00000250)=  8.077119
     z1=       1  0.376092431005498E-02 -0.182142170269961E-16

     Lanczos iteration:    251
     alpha(00000251)=  0.000000
     beta (00000251)=  8.042655
     gamma(00000251)=  8.042655
     z1=       1  0.000000000000000E+00  0.000000000000000E+00

     Lanczos iteration:    252
     alpha(00000252)=  0.000000
     beta (00000252)=  8.085615
     gamma(00000252)=  8.085615
     z1=       1 -0.374094266903919E-02  0.161508312149575E-16

     Lanczos iteration:    253
     alpha(00000253)=  0.000000
     beta (00000253)=  8.047368
     gamma(00000253)=  8.047368
     z1=       1  0.000000000000000E+00  0.000000000000000E+00

     Lanczos iteration:    254
     alpha(00000254)=  0.000000
     beta (00000254)=  8.073290
     gamma(00000254)=  8.073290
     z1=       1  0.372893162168097E-02 -0.165663652500897E-16

     Lanczos iteration:    255
     alpha(00000255)=  0.000000
     beta (00000255)=  8.044972
     gamma(00000255)=  8.044972
     z1=       1  0.000000000000000E+00  0.000000000000000E+00

     Lanczos iteration:    256
     alpha(00000256)=  0.000000
     beta (00000256)=  8.100402
     gamma(00000256)=  8.100402
     z1=       1 -0.370341545207173E-02  0.160826348983081E-16

     Lanczos iteration:    257
     alpha(00000257)=  0.000000
     beta (00000257)=  8.028230
     gamma(00000257)=  8.028230
     z1=       1  0.000000000000000E+00  0.000000000000000E+00

     Lanczos iteration:    258
     alpha(00000258)=  0.000000
     beta (00000258)=  8.097497
     gamma(00000258)=  8.097497
     z1=       1  0.367173666592622E-02 -0.161358692249772E-16

     Lanczos iteration:    259
     alpha(00000259)=  0.000000
     beta (00000259)=  8.029558
     gamma(00000259)=  8.029558
     z1=       1  0.000000000000000E+00  0.000000000000000E+00

     Lanczos iteration:    260
     alpha(00000260)=  0.000000
     beta (00000260)=  8.094145
     gamma(00000260)=  8.094145
     z1=       1 -0.364243905968167E-02  0.164843385794776E-16

     Lanczos iteration:    261
     alpha(00000261)=  0.000000
     beta (00000261)=  8.027104
     gamma(00000261)=  8.027104
     z1=       1  0.000000000000000E+00  0.000000000000000E+00

     Lanczos iteration:    262
     alpha(00000262)=  0.000000
     beta (00000262)=  8.080018
     gamma(00000262)=  8.080018
     z1=       1  0.361858665551683E-02 -0.146482625291641E-16

     Lanczos iteration:    263
     alpha(00000263)=  0.000000
     beta (00000263)=  8.032111
     gamma(00000263)=  8.032111
     z1=       1  0.000000000000000E+00  0.000000000000000E+00

     Lanczos iteration:    264
     alpha(00000264)=  0.000000
     beta (00000264)=  8.070602
     gamma(00000264)=  8.070602
     z1=       1 -0.360132978601310E-02  0.146140966082037E-16

     Lanczos iteration:    265
     alpha(00000265)=  0.000000
     beta (00000265)=  8.026279
     gamma(00000265)=  8.026279
     z1=       1  0.000000000000000E+00  0.000000000000000E+00

     Lanczos iteration:    266
     alpha(00000266)=  0.000000
     beta (00000266)=  8.071757
     gamma(00000266)=  8.071757
     z1=       1  0.358103992553000E-02 -0.141979933669309E-16

     Lanczos iteration:    267
     alpha(00000267)=  0.000000
     beta (00000267)=  8.025897
     gamma(00000267)=  8.025897
     z1=       1  0.000000000000000E+00  0.000000000000000E+00

     Lanczos iteration:    268
     alpha(00000268)=  0.000000
     beta (00000268)=  8.081559
     gamma(00000268)=  8.081559
     z1=       1 -0.355637635102057E-02  0.147083950921556E-16

     Lanczos iteration:    269
     alpha(00000269)=  0.000000
     beta (00000269)=  8.018370
     gamma(00000269)=  8.018370
     z1=       1  0.000000000000000E+00  0.000000000000000E+00

     Lanczos iteration:    270
     alpha(00000270)=  0.000000
     beta (00000270)=  8.078243
     gamma(00000270)=  8.078243
     z1=       1  0.353001879406324E-02 -0.130225149240493E-16

     Lanczos iteration:    271
     alpha(00000271)=  0.000000
     beta (00000271)=  8.029023
     gamma(00000271)=  8.029023
     z1=       1  0.000000000000000E+00  0.000000000000000E+00

     Lanczos iteration:    272
     alpha(00000272)=  0.000000
     beta (00000272)=  8.100454
     gamma(00000272)=  8.100454
     z1=       1 -0.349889184465257E-02  0.113945582570080E-16

     Lanczos iteration:    273
     alpha(00000273)=  0.000000
     beta (00000273)=  8.029966
     gamma(00000273)=  8.029966
     z1=       1  0.000000000000000E+00  0.000000000000000E+00

     Lanczos iteration:    274
     alpha(00000274)=  0.000000
     beta (00000274)=  8.091103
     gamma(00000274)=  8.091103
     z1=       1  0.347245514022203E-02 -0.105039132773654E-16

     Lanczos iteration:    275
     alpha(00000275)=  0.000000
     beta (00000275)=  8.028855
     gamma(00000275)=  8.028855
     z1=       1  0.000000000000000E+00  0.000000000000000E+00

     Lanczos iteration:    276
     alpha(00000276)=  0.000000
     beta (00000276)=  8.090242
     gamma(00000276)=  8.090242
     z1=       1 -0.344610830253738E-02  0.901686223516579E-17

     Lanczos iteration:    277
     alpha(00000277)=  0.000000
     beta (00000277)=  8.043013
     gamma(00000277)=  8.043013
     z1=       1  0.000000000000000E+00  0.000000000000000E+00

     Lanczos iteration:    278
     alpha(00000278)=  0.000000
     beta (00000278)=  8.088511
     gamma(00000278)=  8.088511
     z1=       1  0.342672579773993E-02 -0.732611670981043E-17

     Lanczos iteration:    279
     alpha(00000279)=  0.000000
     beta (00000279)=  8.034962
     gamma(00000279)=  8.034962
     z1=       1  0.000000000000000E+00  0.000000000000000E+00

     Lanczos iteration:    280
     alpha(00000280)=  0.000000
     beta (00000280)=  8.085851
     gamma(00000280)=  8.085851
     z1=       1 -0.340516114774054E-02  0.687625412339188E-17

     Lanczos iteration:    281
     alpha(00000281)=  0.000000
     beta (00000281)=  8.034670
     gamma(00000281)=  8.034670
     z1=       1  0.000000000000000E+00  0.000000000000000E+00

     Lanczos iteration:    282
     alpha(00000282)=  0.000000
     beta (00000282)=  8.078379
     gamma(00000282)=  8.078379
     z1=       1  0.338673873739202E-02 -0.362221103805682E-17

     Lanczos iteration:    283
     alpha(00000283)=  0.000000
     beta (00000283)=  8.026374
     gamma(00000283)=  8.026374
     z1=       1  0.000000000000000E+00  0.000000000000000E+00

     Lanczos iteration:    284
     alpha(00000284)=  0.000000
     beta (00000284)=  8.097842
     gamma(00000284)=  8.097842
     z1=       1 -0.335685108439178E-02  0.421017387619571E-17

     Lanczos iteration:    285
     alpha(00000285)=  0.000000
     beta (00000285)=  8.024638
     gamma(00000285)=  8.024638
     z1=       1  0.000000000000000E+00  0.000000000000000E+00

     Lanczos iteration:    286
     alpha(00000286)=  0.000000
     beta (00000286)=  8.077925
     gamma(00000286)=  8.077925
     z1=       1  0.333470931649710E-02 -0.570778233704994E-18

     Lanczos iteration:    287
     alpha(00000287)=  0.000000
     beta (00000287)=  8.007948
     gamma(00000287)=  8.007948
     z1=       1  0.000000000000000E+00  0.000000000000000E+00

     Lanczos iteration:    288
     alpha(00000288)=  0.000000
     beta (00000288)=  8.083054
     gamma(00000288)=  8.083054
     z1=       1 -0.330372635794712E-02  0.103359703608474E-17

     Lanczos iteration:    289
     alpha(00000289)=  0.000000
     beta (00000289)=  8.030238
     gamma(00000289)=  8.030238
     z1=       1  0.000000000000000E+00  0.000000000000000E+00

     Lanczos iteration:    290
     alpha(00000290)=  0.000000
     beta (00000290)=  8.069184
     gamma(00000290)=  8.069184
     z1=       1  0.328778347143603E-02  0.214569708572102E-17

     Lanczos iteration:    291
     alpha(00000291)=  0.000000
     beta (00000291)=  8.019041
     gamma(00000291)=  8.019041
     z1=       1  0.000000000000000E+00  0.000000000000000E+00

     Lanczos iteration:    292
     alpha(00000292)=  0.000000
     beta (00000292)=  8.073751
     gamma(00000292)=  8.073751
     z1=       1 -0.326550703112589E-02 -0.161672162202892E-17

     Lanczos iteration:    293
     alpha(00000293)=  0.000000
     beta (00000293)=  8.020674
     gamma(00000293)=  8.020674
     z1=       1  0.000000000000000E+00  0.000000000000000E+00

     Lanczos iteration:    294
     alpha(00000294)=  0.000000
     beta (00000294)=  8.084723
     gamma(00000294)=  8.084723
     z1=       1  0.323963927671302E-02  0.514987900414321E-17

     Lanczos iteration:    295
     alpha(00000295)=  0.000000
     beta (00000295)=  8.030269
     gamma(00000295)=  8.030269
     z1=       1  0.000000000000000E+00  0.000000000000000E+00

     Lanczos iteration:    296
     alpha(00000296)=  0.000000
     beta (00000296)=  8.056058
     gamma(00000296)=  8.056058
     z1=       1 -0.322927104114401E-02 -0.408866191771440E-17

     Lanczos iteration:    297
     alpha(00000297)=  0.000000
     beta (00000297)=  8.030744
     gamma(00000297)=  8.030744
     z1=       1  0.000000000000000E+00  0.000000000000000E+00

     Lanczos iteration:    298
     alpha(00000298)=  0.000000
     beta (00000298)=  8.083624
     gamma(00000298)=  8.083624
     z1=       1  0.320814903441411E-02  0.805070257420965E-17

     Lanczos iteration:    299
     alpha(00000299)=  0.000000
     beta (00000299)=  8.054150
     gamma(00000299)=  8.054150
     z1=       1  0.000000000000000E+00  0.000000000000000E+00

     Lanczos iteration:    300
     alpha(00000300)=  0.000000
     beta (00000300)=  8.100660
     gamma(00000300)=  8.100660
     z1=       1 -0.318973230004482E-02 -0.692656110419520E-17

     Lanczos iteration:    301
     alpha(00000301)=  0.000000
     beta (00000301)=  8.034942
     gamma(00000301)=  8.034942
     z1=       1  0.000000000000000E+00  0.000000000000000E+00

     Lanczos iteration:    302
     alpha(00000302)=  0.000000
     beta (00000302)=  8.108152
     gamma(00000302)=  8.108152
     z1=       1  0.316093455578089E-02  0.124081517630104E-16

     Lanczos iteration:    303
     alpha(00000303)=  0.000000
     beta (00000303)=  8.017120
     gamma(00000303)=  8.017120
     z1=       1  0.000000000000000E+00  0.000000000000000E+00

     Lanczos iteration:    304
     alpha(00000304)=  0.000000
     beta (00000304)=  8.093662
     gamma(00000304)=  8.093662
     z1=       1 -0.313104427114614E-02 -0.947414483020229E-17

     Lanczos iteration:    305
     alpha(00000305)=  0.000000
     beta (00000305)=  8.018583
     gamma(00000305)=  8.018583
     z1=       1  0.000000000000000E+00  0.000000000000000E+00

     Lanczos iteration:    306
     alpha(00000306)=  0.000000
     beta (00000306)=  8.089178
     gamma(00000306)=  8.089178
     z1=       1  0.310372242892737E-02  0.172954098959233E-16

     Lanczos iteration:    307
     alpha(00000307)=  0.000000
     beta (00000307)=  8.032679
     gamma(00000307)=  8.032679
     z1=       1  0.000000000000000E+00  0.000000000000000E+00

     Lanczos iteration:    308
     alpha(00000308)=  0.000000
     beta (00000308)=  8.087399
     gamma(00000308)=  8.087399
     z1=       1 -0.308272564463241E-02 -0.135846263166380E-16

     Lanczos iteration:    309
     alpha(00000309)=  0.000000
     beta (00000309)=  8.019881
     gamma(00000309)=  8.019881
     z1=       1  0.000000000000000E+00  0.000000000000000E+00

     Lanczos iteration:    310
     alpha(00000310)=  0.000000
     beta (00000310)=  8.087246
     gamma(00000310)=  8.087246
     z1=       1  0.305705038379047E-02  0.206796453333831E-16

     Lanczos iteration:    311
     alpha(00000311)=  0.000000
     beta (00000311)=  8.024587
     gamma(00000311)=  8.024587
     z1=       1  0.000000000000000E+00  0.000000000000000E+00

     Lanczos iteration:    312
     alpha(00000312)=  0.000000
     beta (00000312)=  8.100952
     gamma(00000312)=  8.100952
     z1=       1 -0.302823588143604E-02 -0.175611698712561E-16

     Lanczos iteration:    313
     alpha(00000313)=  0.000000
     beta (00000313)=  8.031013
     gamma(00000313)=  8.031013
     z1=       1  0.000000000000000E+00  0.000000000000000E+00

     Lanczos iteration:    314
     alpha(00000314)=  0.000000
     beta (00000314)=  8.117697
     gamma(00000314)=  8.117697
     z1=       1  0.299590299783165E-02  0.264949407153951E-16

     Lanczos iteration:    315
     alpha(00000315)=  0.000000
     beta (00000315)=  8.036770
     gamma(00000315)=  8.036770
     z1=       1  0.000000000000000E+00  0.000000000000000E+00

     Lanczos iteration:    316
     alpha(00000316)=  0.000000
     beta (00000316)=  8.102219
     gamma(00000316)=  8.102219
     z1=       1 -0.297170617472933E-02 -0.211712547856400E-16

     Lanczos iteration:    317
     alpha(00000317)=  0.000000
     beta (00000317)=  8.029528
     gamma(00000317)=  8.029528
     z1=       1  0.000000000000000E+00  0.000000000000000E+00

     Lanczos iteration:    318
     alpha(00000318)=  0.000000
     beta (00000318)=  8.100193
     gamma(00000318)=  8.100193
     z1=       1  0.294578541545600E-02  0.319936338164482E-16

     Lanczos iteration:    319
     alpha(00000319)=  0.000000
     beta (00000319)=  8.037225
     gamma(00000319)=  8.037225
     z1=       1  0.000000000000000E+00  0.000000000000000E+00

     Lanczos iteration:    320
     alpha(00000320)=  0.000000
     beta (00000320)=  8.109492
     gamma(00000320)=  8.109492
     z1=       1 -0.291953838509568E-02 -0.251249115100233E-16

     Lanczos iteration:    321
     alpha(00000321)=  0.000000
     beta (00000321)=  8.028887
     gamma(00000321)=  8.028887
     z1=       1  0.000000000000000E+00  0.000000000000000E+00

     Lanczos iteration:    322
     alpha(00000322)=  0.000000
     beta (00000322)=  8.109842
     gamma(00000322)=  8.109842
     z1=       1  0.289039909763228E-02  0.371713869808197E-16

     Lanczos iteration:    323
     alpha(00000323)=  0.000000
     beta (00000323)=  8.030833
     gamma(00000323)=  8.030833
     z1=       1  0.000000000000000E+00  0.000000000000000E+00

     Lanczos iteration:    324
     alpha(00000324)=  0.000000
     beta (00000324)=  8.101373
     gamma(00000324)=  8.101373
     z1=       1 -0.286523645890299E-02 -0.283880178478940E-16

     Lanczos iteration:    325
     alpha(00000325)=  0.000000
     beta (00000325)=  8.036139
     gamma(00000325)=  8.036139
     z1=       1  0.000000000000000E+00  0.000000000000000E+00

     Lanczos iteration:    326
     alpha(00000326)=  0.000000
     beta (00000326)=  8.100821
     gamma(00000326)=  8.100821
     z1=       1  0.284236295913245E-02  0.407915346466170E-16

     Lanczos iteration:    327
     alpha(00000327)=  0.000000
     beta (00000327)=  8.032582
     gamma(00000327)=  8.032582
     z1=       1  0.000000000000000E+00  0.000000000000000E+00

     Lanczos iteration:    328
     alpha(00000328)=  0.000000
     beta (00000328)=  8.091158
     gamma(00000328)=  8.091158
     z1=       1 -0.282178984028761E-02 -0.330407833796891E-16

     Lanczos iteration:    329
     alpha(00000329)=  0.000000
     beta (00000329)=  8.027977
     gamma(00000329)=  8.027977
     z1=       1  0.000000000000000E+00  0.000000000000000E+00

     Lanczos iteration:    330
     alpha(00000330)=  0.000000
     beta (00000330)=  8.093830
     gamma(00000330)=  8.093830
     z1=       1  0.279883578592485E-02  0.471277476678938E-16

     Lanczos iteration:    331
     alpha(00000331)=  0.000000
     beta (00000331)=  8.016658
     gamma(00000331)=  8.016658
     z1=       1  0.000000000000000E+00  0.000000000000000E+00

     Lanczos iteration:    332
     alpha(00000332)=  0.000000
     beta (00000332)=  8.086349
     gamma(00000332)=  8.086349
     z1=       1 -0.277471884910489E-02 -0.362673012823701E-16

     Lanczos iteration:    333
     alpha(00000333)=  0.000000
     beta (00000333)=  8.020967
     gamma(00000333)=  8.020967
     z1=       1  0.000000000000000E+00  0.000000000000000E+00

     Lanczos iteration:    334
     alpha(00000334)=  0.000000
     beta (00000334)=  8.105382
     gamma(00000334)=  8.105382
     z1=       1  0.274582572316678E-02  0.526532756197490E-16

     Lanczos iteration:    335
     alpha(00000335)=  0.000000
     beta (00000335)=  8.008233
     gamma(00000335)=  8.008233
     z1=       1  0.000000000000000E+00  0.000000000000000E+00

     Lanczos iteration:    336
     alpha(00000336)=  0.000000
     beta (00000336)=  8.081322
     gamma(00000336)=  8.081322
     z1=       1 -0.272099592806925E-02 -0.403044568206279E-16

     Lanczos iteration:    337
     alpha(00000337)=  0.000000
     beta (00000337)=  8.008218
     gamma(00000337)=  8.008218
     z1=       1  0.000000000000000E+00  0.000000000000000E+00

     Lanczos iteration:    338
     alpha(00000338)=  0.000000
     beta (00000338)=  8.085718
     gamma(00000338)=  8.085718
     z1=       1  0.269491999686926E-02  0.582940949201208E-16

     Lanczos iteration:    339
     alpha(00000339)=  0.000000
     beta (00000339)=  8.002876
     gamma(00000339)=  8.002876
     z1=       1  0.000000000000000E+00  0.000000000000000E+00

     Lanczos iteration:    340
     alpha(00000340)=  0.000000
     beta (00000340)=  8.084416
     gamma(00000340)=  8.084416
     z1=       1 -0.266774270147499E-02 -0.428136530134654E-16

     Lanczos iteration:    341
     alpha(00000341)=  0.000000
     beta (00000341)=  7.994663
     gamma(00000341)=  7.994663
     z1=       1  0.000000000000000E+00  0.000000000000000E+00

     Lanczos iteration:    342
     alpha(00000342)=  0.000000
     beta (00000342)=  8.095749
     gamma(00000342)=  8.095749
     z1=       1  0.263443650578600E-02  0.661899598715723E-16

     Lanczos iteration:    343
     alpha(00000343)=  0.000000
     beta (00000343)=  7.991173
     gamma(00000343)=  7.991173
     z1=       1  0.000000000000000E+00  0.000000000000000E+00

     Lanczos iteration:    344
     alpha(00000344)=  0.000000
     beta (00000344)=  8.091674
     gamma(00000344)=  8.091674
     z1=       1 -0.260171942796026E-02 -0.440901926513498E-16

     Lanczos iteration:    345
     alpha(00000345)=  0.000000
     beta (00000345)=  8.001975
     gamma(00000345)=  8.001975
     z1=       1  0.000000000000000E+00  0.000000000000000E+00

     Lanczos iteration:    346
     alpha(00000346)=  0.000000
     beta (00000346)=  8.077199
     gamma(00000346)=  8.077199
     z1=       1  0.257749290881950E-02  0.741752715022539E-16

     Lanczos iteration:    347
     alpha(00000347)=  0.000000
     beta (00000347)=  8.003396
     gamma(00000347)=  8.003396
     z1=       1  0.000000000000000E+00  0.000000000000000E+00

     Lanczos iteration:    348
     alpha(00000348)=  0.000000
     beta (00000348)=  8.079182
     gamma(00000348)=  8.079182
     z1=       1 -0.255331784857832E-02 -0.449595059532487E-16

     Lanczos iteration:    349
     alpha(00000349)=  0.000000
     beta (00000349)=  7.994738
     gamma(00000349)=  7.994738
     z1=       1  0.000000000000000E+00  0.000000000000000E+00

     Lanczos iteration:    350
     alpha(00000350)=  0.000000
     beta (00000350)=  8.071311
     gamma(00000350)=  8.071311
     z1=       1  0.252909761328537E-02  0.819359364427966E-16

     Lanczos iteration:    351
     alpha(00000351)=  0.000000
     beta (00000351)=  8.012267
     gamma(00000351)=  8.012267
     z1=       1  0.000000000000000E+00  0.000000000000000E+00

     Lanczos iteration:    352
     alpha(00000352)=  0.000000
     beta (00000352)=  8.088826
     gamma(00000352)=  8.088826
     z1=       1 -0.250516275755829E-02 -0.423637633219926E-16

     Lanczos iteration:    353
     alpha(00000353)=  0.000000
     beta (00000353)=  7.994498
     gamma(00000353)=  7.994498
     z1=       1  0.000000000000000E+00  0.000000000000000E+00

     Lanczos iteration:    354
     alpha(00000354)=  0.000000
     beta (00000354)=  8.084832
     gamma(00000354)=  8.084832
     z1=       1  0.247717480444755E-02  0.950716014160718E-16

     Lanczos iteration:    355
     alpha(00000355)=  0.000000
     beta (00000355)=  8.007284
     gamma(00000355)=  8.007284
     z1=       1  0.000000000000000E+00  0.000000000000000E+00

     Lanczos iteration:    356
     alpha(00000356)=  0.000000
     beta (00000356)=  8.092991
     gamma(00000356)=  8.092991
     z1=       1 -0.245094243058772E-02 -0.394095292424041E-16

     Lanczos iteration:    357
     alpha(00000357)=  0.000000
     beta (00000357)=  8.012392
     gamma(00000357)=  8.012392
     z1=       1  0.000000000000000E+00  0.000000000000000E+00

     Lanczos iteration:    358
     alpha(00000358)=  0.000000
     beta (00000358)=  8.082785
     gamma(00000358)=  8.082785
     z1=       1  0.242959973375967E-02  0.108299423574008E-15

     Lanczos iteration:    359
     alpha(00000359)=  0.000000
     beta (00000359)=  8.032370
     gamma(00000359)=  8.032370
     z1=       1  0.000000000000000E+00  0.000000000000000E+00

     Lanczos iteration:    360
     alpha(00000360)=  0.000000
     beta (00000360)=  8.111901
     gamma(00000360)=  8.111901
     z1=       1 -0.240578025712979E-02 -0.339841409137051E-16

     Lanczos iteration:    361
     alpha(00000361)=  0.000000
     beta (00000361)=  8.038003
     gamma(00000361)=  8.038003
     z1=       1  0.000000000000000E+00  0.000000000000000E+00

     Lanczos iteration:    362
     alpha(00000362)=  0.000000
     beta (00000362)=  8.106252
     gamma(00000362)=  8.106252
     z1=       1  0.238552754204314E-02  0.123986175601561E-15

     Lanczos iteration:    363
     alpha(00000363)=  0.000000
     beta (00000363)=  8.045960
     gamma(00000363)=  8.045960
     z1=       1  0.000000000000000E+00  0.000000000000000E+00

     Lanczos iteration:    364
     alpha(00000364)=  0.000000
     beta (00000364)=  8.119638
     gamma(00000364)=  8.119638
     z1=       1 -0.236388146810100E-02 -0.284425532171700E-16

     Lanczos iteration:    365
     alpha(00000365)=  0.000000
     beta (00000365)=  8.043571
     gamma(00000365)=  8.043571
     z1=       1  0.000000000000000E+00  0.000000000000000E+00

     Lanczos iteration:    366
     alpha(00000366)=  0.000000
     beta (00000366)=  8.122046
     gamma(00000366)=  8.122046
     z1=       1  0.234104389037423E-02  0.136519972843835E-15

     Lanczos iteration:    367
     alpha(00000367)=  0.000000
     beta (00000367)=  8.036972
     gamma(00000367)=  8.036972
     z1=       1  0.000000000000000E+00  0.000000000000000E+00

     Lanczos iteration:    368
     alpha(00000368)=  0.000000
     beta (00000368)=  8.107716
     gamma(00000368)=  8.107716
     z1=       1 -0.232061699169162E-02 -0.245515142504455E-16

     Lanczos iteration:    369
     alpha(00000369)=  0.000000
     beta (00000369)=  8.010068
     gamma(00000369)=  8.010068
     z1=       1  0.000000000000000E+00  0.000000000000000E+00

     Lanczos iteration:    370
     alpha(00000370)=  0.000000
     beta (00000370)=  8.098580
     gamma(00000370)=  8.098580
     z1=       1  0.229525617350201E-02  0.147703531805550E-15

     Lanczos iteration:    371
     alpha(00000371)=  0.000000
     beta (00000371)=  7.999293
     gamma(00000371)=  7.999293
     z1=       1  0.000000000000000E+00  0.000000000000000E+00

     Lanczos iteration:    372
     alpha(00000372)=  0.000000
     beta (00000372)=  8.103170
     gamma(00000372)=  8.103170
     z1=       1 -0.226583194005617E-02 -0.182797299432686E-16

     Lanczos iteration:    373
     alpha(00000373)=  0.000000
     beta (00000373)=  7.986410
     gamma(00000373)=  7.986410
     z1=       1  0.000000000000000E+00  0.000000000000000E+00

     Lanczos iteration:    374
     alpha(00000374)=  0.000000
     beta (00000374)=  8.076613
     gamma(00000374)=  8.076613
     z1=       1  0.224052805308520E-02  0.162194923832883E-15

     Lanczos iteration:    375
     alpha(00000375)=  0.000000
     beta (00000375)=  7.996330
     gamma(00000375)=  7.996330
     z1=       1  0.000000000000000E+00  0.000000000000000E+00

     Lanczos iteration:    376
     alpha(00000376)=  0.000000
     beta (00000376)=  8.076962
     gamma(00000376)=  8.076962
     z1=       1 -0.221815967905751E-02 -0.564164600452836E-17

     Lanczos iteration:    377
     alpha(00000377)=  0.000000
     beta (00000377)=  7.978697
     gamma(00000377)=  7.978697
     z1=       1  0.000000000000000E+00  0.000000000000000E+00

     Lanczos iteration:    378
     alpha(00000378)=  0.000000
     beta (00000378)=  8.079512
     gamma(00000378)=  8.079512
     z1=       1  0.219048382835023E-02  0.186866527026458E-15

     Lanczos iteration:    379
     alpha(00000379)=  0.000000
     beta (00000379)=  7.977763
     gamma(00000379)=  7.977763
     z1=       1  0.000000000000000E+00  0.000000000000000E+00

     Lanczos iteration:    380
     alpha(00000380)=  0.000000
     beta (00000380)=  8.064462
     gamma(00000380)=  8.064462
     z1=       1 -0.216693256122684E-02  0.195534777605588E-16

     Lanczos iteration:    381
     alpha(00000381)=  0.000000
     beta (00000381)=  8.000757
     gamma(00000381)=  8.000757
     z1=       1  0.000000000000000E+00  0.000000000000000E+00

     Lanczos iteration:    382
     alpha(00000382)=  0.000000
     beta (00000382)=  8.081420
     gamma(00000382)=  8.081420
     z1=       1  0.214530607287375E-02  0.226219515125567E-15

     Lanczos iteration:    383
     alpha(00000383)=  0.000000
     beta (00000383)=  8.008416
     gamma(00000383)=  8.008416
     z1=       1  0.000000000000000E+00  0.000000000000000E+00

     Lanczos iteration:    384
     alpha(00000384)=  0.000000
     beta (00000384)=  8.077918
     gamma(00000384)=  8.077918
     z1=       1 -0.212684527274439E-02  0.614774209187555E-16

     Lanczos iteration:    385
     alpha(00000385)=  0.000000
     beta (00000385)=  7.997222
     gamma(00000385)=  7.997222
     z1=       1  0.000000000000000E+00  0.000000000000000E+00

     Lanczos iteration:    386
     alpha(00000386)=  0.000000
     beta (00000386)=  8.103497
     gamma(00000386)=  8.103497
     z1=       1  0.209895551212684E-02  0.280928709114891E-15

     Lanczos iteration:    387
     alpha(00000387)=  0.000000
     beta (00000387)=  8.012494
     gamma(00000387)=  8.012494
     z1=       1  0.000000000000000E+00  0.000000000000000E+00

     Lanczos iteration:    388
     alpha(00000388)=  0.000000
     beta (00000388)=  8.083423
     gamma(00000388)=  8.083423
     z1=       1 -0.208053394148005E-02  0.117616501390736E-15

     Lanczos iteration:    389
     alpha(00000389)=  0.000000
     beta (00000389)=  8.023080
     gamma(00000389)=  8.023080
     z1=       1  0.000000000000000E+00  0.000000000000000E+00

     Lanczos iteration:    390
     alpha(00000390)=  0.000000
     beta (00000390)=  8.077623
     gamma(00000390)=  8.077623
     z1=       1  0.206648950047916E-02  0.349151331219439E-15

     Lanczos iteration:    391
     alpha(00000391)=  0.000000
     beta (00000391)=  8.018052
     gamma(00000391)=  8.018052
     z1=       1  0.000000000000000E+00  0.000000000000000E+00

     Lanczos iteration:    392
     alpha(00000392)=  0.000000
     beta (00000392)=  8.091907
     gamma(00000392)=  8.091907
     z1=       1 -0.204762308026856E-02  0.187318002363608E-15

     Lanczos iteration:    393
     alpha(00000393)=  0.000000
     beta (00000393)=  8.010770
     gamma(00000393)=  8.010770
     z1=       1  0.000000000000000E+00  0.000000000000000E+00

     Lanczos iteration:    394
     alpha(00000394)=  0.000000
     beta (00000394)=  8.101243
     gamma(00000394)=  8.101243
     z1=       1  0.202476066094608E-02  0.433536290634500E-15

     Lanczos iteration:    395
     alpha(00000395)=  0.000000
     beta (00000395)=  8.014443
     gamma(00000395)=  8.014443
     z1=       1  0.000000000000000E+00  0.000000000000000E+00

     Lanczos iteration:    396
     alpha(00000396)=  0.000000
     beta (00000396)=  8.089340
     gamma(00000396)=  8.089340
     z1=       1 -0.200600618801615E-02  0.275274106894402E-15

     Lanczos iteration:    397
     alpha(00000397)=  0.000000
     beta (00000397)=  8.003705
     gamma(00000397)=  8.003705
     z1=       1  0.000000000000000E+00  0.000000000000000E+00

     Lanczos iteration:    398
     alpha(00000398)=  0.000000
     beta (00000398)=  8.100173
     gamma(00000398)=  8.100173
     z1=       1  0.198212226410564E-02  0.536436699097656E-15

     Lanczos iteration:    399
     alpha(00000399)=  0.000000
     beta (00000399)=  8.017916
     gamma(00000399)=  8.017916
     z1=       1  0.000000000000000E+00  0.000000000000000E+00

     Lanczos iteration:    400
     alpha(00000400)=  0.000000
     beta (00000400)=  8.110824
     gamma(00000400)=  8.110824
     z1=       1 -0.195940718918813E-02  0.387101754730640E-15
     End of Lanczos iterations
     Finished linear response calculation...
 
     lr_eels_main :    397.42s CPU    415.77s WALL (       1 calls)
     lr_solve_e   :      0.42s CPU      0.60s WALL (       1 calls)
     one_step     :    378.76s CPU    392.32s WALL (     400 calls)
 
     lr_apply     :    362.69s CPU    376.17s WALL (     400 calls)
     lr_apply_int :    269.02s CPU    278.21s WALL (     200 calls)
     lr_apply_no  :     93.63s CPU     97.92s WALL (     200 calls)
 
     h_psi        :     10.52s CPU     10.89s WALL (   14822 calls)
     lr_calc_dens :     89.96s CPU     92.43s WALL (     200 calls)
     lr_dv_setup  :      0.00s CPU      0.00s WALL (       1 calls)
     lr_dot       :      5.47s CPU      5.47s WALL (     600 calls)
 
 
     US routines
     lr_sm1_psi   :      1.19s CPU      1.17s WALL (  220000 calls)
 
     General routines
     calbec       :      4.75s CPU      4.84s WALL (  234822 calls)
     fft          :      0.06s CPU      0.08s WALL (     606 calls)
     fftw         :    293.49s CPU    299.58s WALL ( 3635388 calls)
     davcio       :      1.59s CPU      5.20s WALL (  552222 calls)
 
     Parallel routines
     fft_scatter  :     95.68s CPU     97.40s WALL ( 3635994 calls)
 
     EELS routines
     lr_run_nscf  :     16.60s CPU     17.65s WALL (       1 calls)
     lr_setup_nsc :      0.00s CPU      0.00s WALL (       1 calls)
     lr_calc_dens :     89.96s CPU     92.43s WALL (     200 calls)
     lr_dvpsi_eel :      0.42s CPU      0.44s WALL (     550 calls)
     lr_sym_eels  :      0.78s CPU      0.77s WALL (     200 calls)
     lr_psym_eels :      0.79s CPU      0.80s WALL (     200 calls)
     lr_smallgq   :      0.00s CPU      0.00s WALL (       1 calls)
     lr_summary   :      0.00s CPU      0.00s WALL (       1 calls)
     lr_dv_of_drh :      0.06s CPU      0.08s WALL (     200 calls)
 
 
     turboEELS    :  6m37.42s CPU     6m55.78s WALL

 
   This run was terminated on:  13:14:17  30Sep2015            

=------------------------------------------------------------------------------=
   JOB DONE.
=------------------------------------------------------------------------------=
