
     Program turboEELS v.6.7MaX starts on 20Apr2021 at 13: 3:48 

     This program is part of the open-source Quantum ESPRESSO suite
     for quantum simulation of materials; please cite
         "P. Giannozzi et al., J. Phys.:Condens. Matter 21 395502 (2009);
         "P. Giannozzi et al., J. Phys.:Condens. Matter 29 465901 (2017);
          URL http://www.quantum-espresso.org", 
     in publications or presentations arising from this work. More details at
     http://www.quantum-espresso.org/quote

     Parallel version (MPI), running on     8 processors

     MPI processes distributed on     1 nodes
     R & G space division:  proc/nbgrp/npool/nimage =       8

     Reading xml data from directory:

     ./tmp/silicon.save/

     IMPORTANT: XC functional enforced from input :
     Exchange-correlation= PZ
                           (   1   1   0   0   0   0   0)
     Any further DFT definition will be discarded
     Please, verify this is what you really want

 
     Parallelization info
     --------------------
     sticks:   dense  smooth     PW     G-vecs:    dense   smooth      PW
     Min          29      29     10                  284      284      66
     Max          30      30     11                  285      285      69
     Sum         235     235     85                 2277     2277     537
 
     Reading collected, re-writing distributed wavefunctions

     Subspace diagonalization in iterative solution of the eigenvalue problem:
     a serial algorithm will be used


     --------------------------------------------------------------------------

     Please cite this project as:

     I. Timrov, N. Vast, R. Gebauer, and S. Baroni,
     Electron energy loss and inelastic x-ray scattering cross sections
     from time-dependent density-functional perturbation theory
     Phys. Rev. B 88, 064301 (2013); ibid. 91, 139901 (2015). 

     I. Timrov, N. Vast, R. Gebauer, and S. Baroni,
     turboEELS - A code for the simulation of the electron energy loss and
     inelastic X-ray scattering spectra using the Liouville - Lanczos approach
     to time-dependent density-functional perturbation theory
     Comp. Phys. Commun. 196, 460 (2015). 

     O. Motornyi, N. Vast, I. Timrov, O. Baseggio, S. Baroni, and A. Dal Corso
     Electron energy loss spectroscopy of bulk gold with ultrasoft
     pseudopotentials and the Liouville-Lanczos method
     Phys. Rev. B  102, 035156 (2020). 

     --------------------------------------------------------------------------

     Using the TDDFT approximation

     Transferred momentum: q = (   0.86600   0.00000   0.00000  ) in units 2*pi/a

     ---------------------------- NSCF calculation ----------------------------
 
     Parallelization info
     --------------------
     sticks:   dense  smooth     PW     G-vecs:    dense   smooth      PW
     Min          29      29     13                  284      284      90
     Max          30      30     14                  285      285      91
     Sum         235     235    109                 2277     2277     725
 


     bravais-lattice index     =            2
     lattice parameter (alat)  =      10.2600  a.u.
     unit-cell volume          =     270.0114 (a.u.)^3
     number of atoms/cell      =            2
     number of atomic types    =            1
     number of electrons       =         8.00
     number of Kohn-Sham states=            4
     kinetic-energy cutoff     =      16.0000  Ry
     charge density cutoff     =      64.0000  Ry
     Exchange-correlation= PZ
                           (   1   1   0   0   0   0   0)

     celldm(1)=  10.260000  celldm(2)=   0.000000  celldm(3)=   0.000000
     celldm(4)=   0.000000  celldm(5)=   0.000000  celldm(6)=   0.000000

     crystal axes: (cart. coord. in units of alat)
               a(1) = (  -0.500000   0.000000   0.500000 )  
               a(2) = (   0.000000   0.500000   0.500000 )  
               a(3) = (  -0.500000   0.500000   0.000000 )  

     reciprocal axes: (cart. coord. in units 2 pi/alat)
               b(1) = ( -1.000000 -1.000000  1.000000 )  
               b(2) = (  1.000000  1.000000  1.000000 )  
               b(3) = ( -1.000000  1.000000 -1.000000 )  


     PseudoPot. # 1 for Si read from file:
     ../../pseudo/Si.pz-vbc.UPF
     MD5 check sum: a974d1b8727157e37210f3f86afb6210
     Pseudo is Norm-conserving, Zval =  4.0
     Generated by new atomic code, or converted to UPF format
     Using radial grid of  431 points,  2 beta functions with: 
                l(1) =   0
                l(2) =   1

     atomic species   valence    mass     pseudopotential
        Si             4.00    28.08000     Si( 1.00)

     48 Sym. Ops., with inversion, found



   Cartesian axes

     site n.     atom                  positions (alat units)
         1           Si  tau(   1) = (   0.0000000   0.0000000   0.0000000  )
         2           Si  tau(   2) = (   0.2500000   0.2500000   0.2500000  )

     number of k points=  1100

     Number of k-points >= 100: set verbosity='high' to print them.

     Dense  grid:     2277 G-vectors     FFT dimensions: (  20,  20,  20)

     Estimated max dynamical RAM per process >       0.21 MB

     Estimated total dynamical RAM >       1.71 MB

     The potential is recalculated from file :
     ./tmp/tmp_eels/silicon.save/charge-density

     Starting wfcs are    8 atomic wfcs

     Band Structure Calculation
     Davidson diagonalization with overlap

     ethr =  1.25E-10,  avg # of iterations = 11.5

     total cpu time spent up to now is       -1.0 secs

     End of band structure calculation

     Number of k-points >= 100: set verbosity='high' to print the bands.

     highest occupied level (ev):     6.0175

     Writing output data file ./tmp/tmp_eels/silicon.save/

                                                                                

     bravais-lattice index     =            2
     lattice parameter (a_0)   =      10.2600  a.u.
     unit-cell volume          =     270.0114 (a.u.)^3
     number of atoms/cell      =            2
     number of atomic types    =            1
     kinetic-energy cut-off    =      16.0000  Ry
     charge density cut-off    =      64.0000  Ry
     Exchange-correlation= PZ
                           (   1   1   0   0   0   0   0)


     celldm(1)=   10.26000  celldm(2)=    0.00000  celldm(3)=    0.00000
     celldm(4)=    0.00000  celldm(5)=    0.00000  celldm(6)=    0.00000

     crystal axes: (cart. coord. in units of a_0)
               a(1) = ( -0.5000  0.0000  0.5000 )  
               a(2) = (  0.0000  0.5000  0.5000 )  
               a(3) = ( -0.5000  0.5000  0.0000 )  

     reciprocal axes: (cart. coord. in units 2 pi/a_0)
               b(1) = ( -1.0000 -1.0000  1.0000 )  
               b(2) = (  1.0000  1.0000  1.0000 )  
               b(3) = ( -1.0000  1.0000 -1.0000 )  


     Atoms inside the unit cell: 

   Cartesian axes

     site n.  atom      mass           positions (a_0 units)
        1        Si  28.0800   tau( 1) = (    0.00000    0.00000    0.00000  )
        2        Si  28.0800   tau( 2) = (    0.25000    0.25000    0.25000  )
 
      8 Sym.Ops. (no q -> -q+G )

                                    s                        frac. trans.

      isym =  1     identity                                     

 cryst.   s( 1) = (     1          0          0      )
                  (     0          1          0      )
                  (     0          0          1      )

 cart.    s( 1) = (  1.0000000  0.0000000  0.0000000 )
                  (  0.0000000  1.0000000  0.0000000 )
                  (  0.0000000  0.0000000  1.0000000 )


      isym =  2     180 deg rotation - cart. axis [1,0,0]        

 cryst.   s( 2) = (     0         -1          1      )
                  (     0         -1          0      )
                  (     1         -1          0      )

 cart.    s( 2) = (  1.0000000  0.0000000  0.0000000 )
                  (  0.0000000 -1.0000000  0.0000000 )
                  (  0.0000000  0.0000000 -1.0000000 )


      isym =  3     90 deg rotation - cart. axis [-1,0,0]        

 cryst.   s( 3) = (     0          0          1      )  f =(  0.2500000 )
                  (    -1          0          1      )     (  0.2500000 )
                  (     0         -1          1      )     (  0.2500000 )

 cart.    s( 3) = (  1.0000000  0.0000000  0.0000000 )  f =( -0.2500000 )
                  (  0.0000000  0.0000000  1.0000000 )     (  0.2500000 )
                  (  0.0000000 -1.0000000  0.0000000 )     (  0.2500000 )


      isym =  4     90 deg rotation - cart. axis [1,0,0]         

 cryst.   s( 4) = (     1         -1          0      )  f =(  0.2500000 )
                  (     1          0         -1      )     (  0.2500000 )
                  (     1          0          0      )     (  0.2500000 )

 cart.    s( 4) = (  1.0000000  0.0000000  0.0000000 )  f =( -0.2500000 )
                  (  0.0000000  0.0000000 -1.0000000 )     (  0.2500000 )
                  (  0.0000000  1.0000000  0.0000000 )     (  0.2500000 )


      isym =  5     inv. 180 deg rotation - cart. axis [0,0,1]   

 cryst.   s( 5) = (     0         -1          1      )  f =(  0.2500000 )
                  (    -1          0          1      )     (  0.2500000 )
                  (     0          0          1      )     (  0.2500000 )

 cart.    s( 5) = (  1.0000000  0.0000000  0.0000000 )  f =( -0.2500000 )
                  (  0.0000000  1.0000000  0.0000000 )     (  0.2500000 )
                  (  0.0000000  0.0000000 -1.0000000 )     (  0.2500000 )


      isym =  6     inv. 180 deg rotation - cart. axis [0,1,0]   

 cryst.   s( 6) = (     1          0          0      )  f =(  0.2500000 )
                  (     1          0         -1      )     (  0.2500000 )
                  (     1         -1          0      )     (  0.2500000 )

 cart.    s( 6) = (  1.0000000  0.0000000  0.0000000 )  f =( -0.2500000 )
                  (  0.0000000 -1.0000000  0.0000000 )     (  0.2500000 )
                  (  0.0000000  0.0000000  1.0000000 )     (  0.2500000 )


      isym =  7     inv. 180 deg rotation - cart. axis [0,1,1]   

 cryst.   s( 7) = (     1         -1          0      )
                  (     0         -1          0      )
                  (     0         -1          1      )

 cart.    s( 7) = (  1.0000000  0.0000000  0.0000000 )
                  (  0.0000000  0.0000000 -1.0000000 )
                  (  0.0000000 -1.0000000  0.0000000 )


      isym =  8     inv. 180 deg rotation - cart. axis [0,1,-1]  

 cryst.   s( 8) = (     0          0          1      )
                  (     0          1          0      )
                  (     1          0          0      )

 cart.    s( 8) = (  1.0000000  0.0000000  0.0000000 )
                  (  0.0000000  0.0000000  1.0000000 )
                  (  0.0000000  1.0000000  0.0000000 )


     G cutoff =  170.6534  (    285 G-vectors)     FFT grid: ( 20, 20, 20)
     number of k points=  1100

     PseudoPot. # 1 for Si read from file:
     ../../pseudo/Si.pz-vbc.UPF
     MD5 check sum: a974d1b8727157e37210f3f86afb6210
     Pseudo is Norm-conserving, Zval =  4.0
     Generated by new atomic code, or converted to UPF format
     Using radial grid of  431 points,  2 beta functions with: 
                l(1) =   0
                l(2) =   1



     LANCZOS LINEAR-RESPONSE SPECTRUM CALCULATION

     Using the pseudo-Hermitian Lanczos algorithm

     Number of Lanczos iterations =   1250

     Restarting Lanczos loop        1

     Lanczos iteration:   1001
     alpha(00001001)=  0.000000
     beta (00001001)=  8.044933
     gamma(00001001)=  8.044933
     z1=       1  0.000000000000000E+00  0.000000000000000E+00

     Lanczos iteration:   1002
     alpha(00001002)=  0.000000
     beta (00001002)=  8.114310
     gamma(00001002)=  8.114310
     z1=       1  0.224776995717028E-03  0.268719857185939E-11

     Lanczos iteration:   1003
     alpha(00001003)=  0.000000
     beta (00001003)=  8.036712
     gamma(00001003)=  8.036712
     z1=       1  0.000000000000000E+00  0.000000000000000E+00

     Lanczos iteration:   1004
     alpha(00001004)=  0.000000
     beta (00001004)=  8.088770
     gamma(00001004)=  8.088770
     z1=       1 -0.223265126414263E-03  0.184887825303185E-11

     Lanczos iteration:   1005
     alpha(00001005)=  0.000000
     beta (00001005)=  8.069007
     gamma(00001005)=  8.069007
     z1=       1  0.000000000000000E+00  0.000000000000000E+00

     Lanczos iteration:   1006
     alpha(00001006)=  0.000000
     beta (00001006)=  8.107725
     gamma(00001006)=  8.107725
     z1=       1  0.222256052059072E-03  0.980202400539918E-12

     Lanczos iteration:   1007
     alpha(00001007)=  0.000000
     beta (00001007)=  8.030240
     gamma(00001007)=  8.030240
     z1=       1  0.000000000000000E+00  0.000000000000000E+00

     Lanczos iteration:   1008
     alpha(00001008)=  0.000000
     beta (00001008)=  8.094168
     gamma(00001008)=  8.094168
     z1=       1 -0.220459113037478E-03  0.918413377586700E-13

     Lanczos iteration:   1009
     alpha(00001009)=  0.000000
     beta (00001009)=  8.040668
     gamma(00001009)=  8.040668
     z1=       1  0.000000000000000E+00  0.000000000000000E+00

     Lanczos iteration:   1010
     alpha(00001010)=  0.000000
     beta (00001010)=  8.073672
     gamma(00001010)=  8.073672
     z1=       1  0.219590284309958E-03 -0.797527268412718E-12

     Lanczos iteration:   1011
     alpha(00001011)=  0.000000
     beta (00001011)=  8.027447
     gamma(00001011)=  8.027447
     z1=       1  0.000000000000000E+00  0.000000000000000E+00

     Lanczos iteration:   1012
     alpha(00001012)=  0.000000
     beta (00001012)=  8.072496
     gamma(00001012)=  8.072496
     z1=       1 -0.218348244192776E-03 -0.169217730945110E-11

     Lanczos iteration:   1013
     alpha(00001013)=  0.000000
     beta (00001013)=  8.039354
     gamma(00001013)=  8.039354
     z1=       1  0.000000000000000E+00  0.000000000000000E+00

     Lanczos iteration:   1014
     alpha(00001014)=  0.000000
     beta (00001014)=  8.057809
     gamma(00001014)=  8.057809
     z1=       1  0.217855603522365E-03 -0.259436409780018E-11

     Lanczos iteration:   1015
     alpha(00001015)=  0.000000
     beta (00001015)=  8.036678
     gamma(00001015)=  8.036678
     z1=       1  0.000000000000000E+00  0.000000000000000E+00

     Lanczos iteration:   1016
     alpha(00001016)=  0.000000
     beta (00001016)=  8.059215
     gamma(00001016)=  8.059215
     z1=       1 -0.217253631330879E-03 -0.352080718288217E-11

     Lanczos iteration:   1017
     alpha(00001017)=  0.000000
     beta (00001017)=  8.023312
     gamma(00001017)=  8.023312
     z1=       1  0.000000000000000E+00  0.000000000000000E+00

     Lanczos iteration:   1018
     alpha(00001018)=  0.000000
     beta (00001018)=  8.055745
     gamma(00001018)=  8.055745
     z1=       1  0.216361197727667E-03 -0.450036809939566E-11

     Lanczos iteration:   1019
     alpha(00001019)=  0.000000
     beta (00001019)=  8.024023
     gamma(00001019)=  8.024023
     z1=       1  0.000000000000000E+00  0.000000000000000E+00

     Lanczos iteration:   1020
     alpha(00001020)=  0.000000
     beta (00001020)=  8.085600
     gamma(00001020)=  8.085600
     z1=       1 -0.214744949090961E-03 -0.553717333346085E-11

     Lanczos iteration:   1021
     alpha(00001021)=  0.000000
     beta (00001021)=  8.005240
     gamma(00001021)=  8.005240
     z1=       1  0.000000000000000E+00  0.000000000000000E+00

     Lanczos iteration:   1022
     alpha(00001022)=  0.000000
     beta (00001022)=  8.061873
     gamma(00001022)=  8.061873
     z1=       1  0.213193935407946E-03 -0.664756809132224E-11

     Lanczos iteration:   1023
     alpha(00001023)=  0.000000
     beta (00001023)=  8.005702
     gamma(00001023)=  8.005702
     z1=       1  0.000000000000000E+00  0.000000000000000E+00

     Lanczos iteration:   1024
     alpha(00001024)=  0.000000
     beta (00001024)=  8.046762
     gamma(00001024)=  8.046762
     z1=       1 -0.212162693338709E-03 -0.792824754922881E-11

     Lanczos iteration:   1025
     alpha(00001025)=  0.000000
     beta (00001025)=  8.003051
     gamma(00001025)=  8.003051
     z1=       1  0.000000000000000E+00  0.000000000000000E+00

     Lanczos iteration:   1026
     alpha(00001026)=  0.000000
     beta (00001026)=  8.036124
     gamma(00001026)=  8.036124
     z1=       1  0.211217860368314E-03 -0.947481324989177E-11

     Lanczos iteration:   1027
     alpha(00001027)=  0.000000
     beta (00001027)=  7.995116
     gamma(00001027)=  7.995116
     z1=       1  0.000000000000000E+00  0.000000000000000E+00

     Lanczos iteration:   1028
     alpha(00001028)=  0.000000
     beta (00001028)=  8.049841
     gamma(00001028)=  8.049841
     z1=       1 -0.209871042928530E-03 -0.113882338757919E-10

     Lanczos iteration:   1029
     alpha(00001029)=  0.000000
     beta (00001029)=  7.999853
     gamma(00001029)=  7.999853
     z1=       1  0.000000000000000E+00  0.000000000000000E+00

     Lanczos iteration:   1030
     alpha(00001030)=  0.000000
     beta (00001030)=  8.055381
     gamma(00001030)=  8.055381
     z1=       1  0.208314273481240E-03 -0.136657646853658E-10

     Lanczos iteration:   1031
     alpha(00001031)=  0.000000
     beta (00001031)=  7.995569
     gamma(00001031)=  7.995569
     z1=       1  0.000000000000000E+00  0.000000000000000E+00

     Lanczos iteration:   1032
     alpha(00001032)=  0.000000
     beta (00001032)=  8.068030
     gamma(00001032)=  8.068030
     z1=       1 -0.206576108968982E-03 -0.163445334236214E-10

     Lanczos iteration:   1033
     alpha(00001033)=  0.000000
     beta (00001033)=  7.993520
     gamma(00001033)=  7.993520
     z1=       1  0.000000000000000E+00  0.000000000000000E+00

     Lanczos iteration:   1034
     alpha(00001034)=  0.000000
     beta (00001034)=  8.066503
     gamma(00001034)=  8.066503
     z1=       1  0.204545467674057E-03 -0.194543372016999E-10

     Lanczos iteration:   1035
     alpha(00001035)=  0.000000
     beta (00001035)=  7.996326
     gamma(00001035)=  7.996326
     z1=       1  0.000000000000000E+00  0.000000000000000E+00

     Lanczos iteration:   1036
     alpha(00001036)=  0.000000
     beta (00001036)=  8.039908
     gamma(00001036)=  8.039908
     z1=       1 -0.203628733459730E-03 -0.231466741645136E-10

     Lanczos iteration:   1037
     alpha(00001037)=  0.000000
     beta (00001037)=  7.979621
     gamma(00001037)=  7.979621
     z1=       1  0.000000000000000E+00  0.000000000000000E+00

     Lanczos iteration:   1038
     alpha(00001038)=  0.000000
     beta (00001038)=  8.028748
     gamma(00001038)=  8.028748
     z1=       1  0.202149400552088E-03 -0.279368623128285E-10

     Lanczos iteration:   1039
     alpha(00001039)=  0.000000
     beta (00001039)=  8.009025
     gamma(00001039)=  8.009025
     z1=       1  0.000000000000000E+00  0.000000000000000E+00

     Lanczos iteration:   1040
     alpha(00001040)=  0.000000
     beta (00001040)=  8.045212
     gamma(00001040)=  8.045212
     z1=       1 -0.201520719799216E-03 -0.338130988755368E-10

     Lanczos iteration:   1041
     alpha(00001041)=  0.000000
     beta (00001041)=  8.002502
     gamma(00001041)=  8.002502
     z1=       1  0.000000000000000E+00  0.000000000000000E+00

     Lanczos iteration:   1042
     alpha(00001042)=  0.000000
     beta (00001042)=  8.043328
     gamma(00001042)=  8.043328
     z1=       1  0.200156234851300E-03 -0.408024241869775E-10

     Lanczos iteration:   1043
     alpha(00001043)=  0.000000
     beta (00001043)=  8.015636
     gamma(00001043)=  8.015636
     z1=       1  0.000000000000000E+00  0.000000000000000E+00

     Lanczos iteration:   1044
     alpha(00001044)=  0.000000
     beta (00001044)=  8.053625
     gamma(00001044)=  8.053625
     z1=       1 -0.199620004965988E-03 -0.489133055605388E-10

     Lanczos iteration:   1045
     alpha(00001045)=  0.000000
     beta (00001045)=  8.008631
     gamma(00001045)=  8.008631
     z1=       1  0.000000000000000E+00  0.000000000000000E+00

     Lanczos iteration:   1046
     alpha(00001046)=  0.000000
     beta (00001046)=  8.081905
     gamma(00001046)=  8.081905
     z1=       1  0.197320709593447E-03 -0.580568943410495E-10

     Lanczos iteration:   1047
     alpha(00001047)=  0.000000
     beta (00001047)=  8.016833
     gamma(00001047)=  8.016833
     z1=       1  0.000000000000000E+00  0.000000000000000E+00

     Lanczos iteration:   1048
     alpha(00001048)=  0.000000
     beta (00001048)=  8.073959
     gamma(00001048)=  8.073959
     z1=       1 -0.196497267452178E-03 -0.677692435896295E-10

     Lanczos iteration:   1049
     alpha(00001049)=  0.000000
     beta (00001049)=  8.017555
     gamma(00001049)=  8.017555
     z1=       1  0.000000000000000E+00  0.000000000000000E+00

     Lanczos iteration:   1050
     alpha(00001050)=  0.000000
     beta (00001050)=  8.110362
     gamma(00001050)=  8.110362
     z1=       1  0.193584794323950E-03 -0.779070290119096E-10

     Lanczos iteration:   1051
     alpha(00001051)=  0.000000
     beta (00001051)=  8.045128
     gamma(00001051)=  8.045128
     z1=       1  0.000000000000000E+00  0.000000000000000E+00

     Lanczos iteration:   1052
     alpha(00001052)=  0.000000
     beta (00001052)=  8.111623
     gamma(00001052)=  8.111623
     z1=       1 -0.192746533069812E-03 -0.866804227389287E-10

     Lanczos iteration:   1053
     alpha(00001053)=  0.000000
     beta (00001053)=  8.050381
     gamma(00001053)=  8.050381
     z1=       1  0.000000000000000E+00  0.000000000000000E+00

     Lanczos iteration:   1054
     alpha(00001054)=  0.000000
     beta (00001054)=  8.098566
     gamma(00001054)=  8.098566
     z1=       1  0.190777670312305E-03 -0.936156427216625E-10

     Lanczos iteration:   1055
     alpha(00001055)=  0.000000
     beta (00001055)=  8.040398
     gamma(00001055)=  8.040398
     z1=       1  0.000000000000000E+00  0.000000000000000E+00

     Lanczos iteration:   1056
     alpha(00001056)=  0.000000
     beta (00001056)=  8.121285
     gamma(00001056)=  8.121285
     z1=       1 -0.189750535336699E-03 -0.990263778610130E-10

     Lanczos iteration:   1057
     alpha(00001057)=  0.000000
     beta (00001057)=  8.038163
     gamma(00001057)=  8.038163
     z1=       1  0.000000000000000E+00  0.000000000000000E+00

     Lanczos iteration:   1058
     alpha(00001058)=  0.000000
     beta (00001058)=  8.098658
     gamma(00001058)=  8.098658
     z1=       1  0.187418188733451E-03 -0.102490902540028E-09

     Lanczos iteration:   1059
     alpha(00001059)=  0.000000
     beta (00001059)=  8.058956
     gamma(00001059)=  8.058956
     z1=       1  0.000000000000000E+00  0.000000000000000E+00

     Lanczos iteration:   1060
     alpha(00001060)=  0.000000
     beta (00001060)=  8.104864
     gamma(00001060)=  8.104864
     z1=       1 -0.187291994680173E-03 -0.103941242468787E-09

     Lanczos iteration:   1061
     alpha(00001061)=  0.000000
     beta (00001061)=  8.056597
     gamma(00001061)=  8.056597
     z1=       1  0.000000000000000E+00  0.000000000000000E+00

     Lanczos iteration:   1062
     alpha(00001062)=  0.000000
     beta (00001062)=  8.123813
     gamma(00001062)=  8.123813
     z1=       1  0.184809218859463E-03 -0.102703280035286E-09

     Lanczos iteration:   1063
     alpha(00001063)=  0.000000
     beta (00001063)=  8.068220
     gamma(00001063)=  8.068220
     z1=       1  0.000000000000000E+00  0.000000000000000E+00

     Lanczos iteration:   1064
     alpha(00001064)=  0.000000
     beta (00001064)=  8.110365
     gamma(00001064)=  8.110365
     z1=       1 -0.184754691320207E-03 -0.978470945151874E-10

     Lanczos iteration:   1065
     alpha(00001065)=  0.000000
     beta (00001065)=  8.082649
     gamma(00001065)=  8.082649
     z1=       1  0.000000000000000E+00  0.000000000000000E+00

     Lanczos iteration:   1066
     alpha(00001066)=  0.000000
     beta (00001066)=  8.107051
     gamma(00001066)=  8.107051
     z1=       1  0.183355985227918E-03 -0.894194322710212E-10

     Lanczos iteration:   1067
     alpha(00001067)=  0.000000
     beta (00001067)=  8.042826
     gamma(00001067)=  8.042826
     z1=       1  0.000000000000000E+00  0.000000000000000E+00

     Lanczos iteration:   1068
     alpha(00001068)=  0.000000
     beta (00001068)=  8.091414
     gamma(00001068)=  8.091414
     z1=       1 -0.183010529239467E-03 -0.790901003097056E-10

     Lanczos iteration:   1069
     alpha(00001069)=  0.000000
     beta (00001069)=  8.024777
     gamma(00001069)=  8.024777
     z1=       1  0.000000000000000E+00  0.000000000000000E+00

     Lanczos iteration:   1070
     alpha(00001070)=  0.000000
     beta (00001070)=  8.080637
     gamma(00001070)=  8.080637
     z1=       1  0.181088374231818E-03 -0.685803371698484E-10

     Lanczos iteration:   1071
     alpha(00001071)=  0.000000
     beta (00001071)=  8.010389
     gamma(00001071)=  8.010389
     z1=       1  0.000000000000000E+00  0.000000000000000E+00

     Lanczos iteration:   1072
     alpha(00001072)=  0.000000
     beta (00001072)=  8.071275
     gamma(00001072)=  8.071275
     z1=       1 -0.180285325614719E-03 -0.587942061049310E-10

     Lanczos iteration:   1073
     alpha(00001073)=  0.000000
     beta (00001073)=  8.010637
     gamma(00001073)=  8.010637
     z1=       1  0.000000000000000E+00  0.000000000000000E+00

     Lanczos iteration:   1074
     alpha(00001074)=  0.000000
     beta (00001074)=  8.038137
     gamma(00001074)=  8.038137
     z1=       1  0.179192152551757E-03 -0.501669548070082E-10

     Lanczos iteration:   1075
     alpha(00001075)=  0.000000
     beta (00001075)=  8.012496
     gamma(00001075)=  8.012496
     z1=       1  0.000000000000000E+00  0.000000000000000E+00

     Lanczos iteration:   1076
     alpha(00001076)=  0.000000
     beta (00001076)=  8.053468
     gamma(00001076)=  8.053468
     z1=       1 -0.178683667832013E-03 -0.430688271063024E-10

     Lanczos iteration:   1077
     alpha(00001077)=  0.000000
     beta (00001077)=  7.987870
     gamma(00001077)=  7.987870
     z1=       1  0.000000000000000E+00  0.000000000000000E+00

     Lanczos iteration:   1078
     alpha(00001078)=  0.000000
     beta (00001078)=  8.042316
     gamma(00001078)=  8.042316
     z1=       1  0.177134324500647E-03 -0.374403703301315E-10

     Lanczos iteration:   1079
     alpha(00001079)=  0.000000
     beta (00001079)=  7.992383
     gamma(00001079)=  7.992383
     z1=       1  0.000000000000000E+00  0.000000000000000E+00

     Lanczos iteration:   1080
     alpha(00001080)=  0.000000
     beta (00001080)=  8.037827
     gamma(00001080)=  8.037827
     z1=       1 -0.176424760195309E-03 -0.333472887815254E-10

     Lanczos iteration:   1081
     alpha(00001081)=  0.000000
     beta (00001081)=  7.994220
     gamma(00001081)=  7.994220
     z1=       1  0.000000000000000E+00  0.000000000000000E+00

     Lanczos iteration:   1082
     alpha(00001082)=  0.000000
     beta (00001082)=  8.033724
     gamma(00001082)=  8.033724
     z1=       1  0.175302840990053E-03 -0.306519100467986E-10

     Lanczos iteration:   1083
     alpha(00001083)=  0.000000
     beta (00001083)=  8.001819
     gamma(00001083)=  8.001819
     z1=       1  0.000000000000000E+00  0.000000000000000E+00

     Lanczos iteration:   1084
     alpha(00001084)=  0.000000
     beta (00001084)=  8.048755
     gamma(00001084)=  8.048755
     z1=       1 -0.174509027692880E-03 -0.291423815651330E-10

     Lanczos iteration:   1085
     alpha(00001085)=  0.000000
     beta (00001085)=  8.004363
     gamma(00001085)=  8.004363
     z1=       1  0.000000000000000E+00  0.000000000000000E+00

     Lanczos iteration:   1086
     alpha(00001086)=  0.000000
     beta (00001086)=  8.040016
     gamma(00001086)=  8.040016
     z1=       1  0.173525202121203E-03 -0.285647699350678E-10

     Lanczos iteration:   1087
     alpha(00001087)=  0.000000
     beta (00001087)=  8.015142
     gamma(00001087)=  8.015142
     z1=       1  0.000000000000000E+00  0.000000000000000E+00

     Lanczos iteration:   1088
     alpha(00001088)=  0.000000
     beta (00001088)=  8.034118
     gamma(00001088)=  8.034118
     z1=       1 -0.173314519341360E-03 -0.288920320360900E-10

     Lanczos iteration:   1089
     alpha(00001089)=  0.000000
     beta (00001089)=  8.007107
     gamma(00001089)=  8.007107
     z1=       1  0.000000000000000E+00  0.000000000000000E+00

     Lanczos iteration:   1090
     alpha(00001090)=  0.000000
     beta (00001090)=  8.051603
     gamma(00001090)=  8.051603
     z1=       1  0.172162228477759E-03 -0.301810437280189E-10

     Lanczos iteration:   1091
     alpha(00001091)=  0.000000
     beta (00001091)=  7.985943
     gamma(00001091)=  7.985943
     z1=       1  0.000000000000000E+00  0.000000000000000E+00

     Lanczos iteration:   1092
     alpha(00001092)=  0.000000
     beta (00001092)=  8.050322
     gamma(00001092)=  8.050322
     z1=       1 -0.170981911354105E-03 -0.325580304840524E-10

     Lanczos iteration:   1093
     alpha(00001093)=  0.000000
     beta (00001093)=  7.987279
     gamma(00001093)=  7.987279
     z1=       1  0.000000000000000E+00  0.000000000000000E+00

     Lanczos iteration:   1094
     alpha(00001094)=  0.000000
     beta (00001094)=  8.071134
     gamma(00001094)=  8.071134
     z1=       1  0.168997696430487E-03 -0.360961593821175E-10

     Lanczos iteration:   1095
     alpha(00001095)=  0.000000
     beta (00001095)=  7.982963
     gamma(00001095)=  7.982963
     z1=       1  0.000000000000000E+00  0.000000000000000E+00

     Lanczos iteration:   1096
     alpha(00001096)=  0.000000
     beta (00001096)=  8.072883
     gamma(00001096)=  8.072883
     z1=       1 -0.167340342889652E-03 -0.406938762400640E-10

     Lanczos iteration:   1097
     alpha(00001097)=  0.000000
     beta (00001097)=  7.995427
     gamma(00001097)=  7.995427
     z1=       1  0.000000000000000E+00  0.000000000000000E+00

     Lanczos iteration:   1098
     alpha(00001098)=  0.000000
     beta (00001098)=  8.082344
     gamma(00001098)=  8.082344
     z1=       1  0.165291011996127E-03 -0.462277059201043E-10

     Lanczos iteration:   1099
     alpha(00001099)=  0.000000
     beta (00001099)=  8.000546
     gamma(00001099)=  8.000546
     z1=       1  0.000000000000000E+00  0.000000000000000E+00

     Lanczos iteration:   1100
     alpha(00001100)=  0.000000
     beta (00001100)=  8.090036
     gamma(00001100)=  8.090036
     z1=       1 -0.163741876856912E-03 -0.524618500141853E-10

     Lanczos iteration:   1101
     alpha(00001101)=  0.000000
     beta (00001101)=  8.011595
     gamma(00001101)=  8.011595
     z1=       1  0.000000000000000E+00  0.000000000000000E+00

     Lanczos iteration:   1102
     alpha(00001102)=  0.000000
     beta (00001102)=  8.080634
     gamma(00001102)=  8.080634
     z1=       1  0.162027788386846E-03 -0.591599705082284E-10

     Lanczos iteration:   1103
     alpha(00001103)=  0.000000
     beta (00001103)=  8.041077
     gamma(00001103)=  8.041077
     z1=       1  0.000000000000000E+00  0.000000000000000E+00

     Lanczos iteration:   1104
     alpha(00001104)=  0.000000
     beta (00001104)=  8.090098
     gamma(00001104)=  8.090098
     z1=       1 -0.161397574047698E-03 -0.657573822458240E-10

     Lanczos iteration:   1105
     alpha(00001105)=  0.000000
     beta (00001105)=  8.031180
     gamma(00001105)=  8.031180
     z1=       1  0.000000000000000E+00  0.000000000000000E+00

     Lanczos iteration:   1106
     alpha(00001106)=  0.000000
     beta (00001106)=  8.086160
     gamma(00001106)=  8.086160
     z1=       1  0.159911342142201E-03 -0.720907184246249E-10

     Lanczos iteration:   1107
     alpha(00001107)=  0.000000
     beta (00001107)=  8.025118
     gamma(00001107)=  8.025118
     z1=       1  0.000000000000000E+00  0.000000000000000E+00

     Lanczos iteration:   1108
     alpha(00001108)=  0.000000
     beta (00001108)=  8.082200
     gamma(00001108)=  8.082200
     z1=       1 -0.159208984226560E-03 -0.785227767838306E-10

     Lanczos iteration:   1109
     alpha(00001109)=  0.000000
     beta (00001109)=  8.016090
     gamma(00001109)=  8.016090
     z1=       1  0.000000000000000E+00  0.000000000000000E+00

     Lanczos iteration:   1110
     alpha(00001110)=  0.000000
     beta (00001110)=  8.063981
     gamma(00001110)=  8.063981
     z1=       1  0.157793854999502E-03 -0.856935775182548E-10

     Lanczos iteration:   1111
     alpha(00001111)=  0.000000
     beta (00001111)=  8.006579
     gamma(00001111)=  8.006579
     z1=       1  0.000000000000000E+00  0.000000000000000E+00

     Lanczos iteration:   1112
     alpha(00001112)=  0.000000
     beta (00001112)=  8.064705
     gamma(00001112)=  8.064705
     z1=       1 -0.157175921930030E-03 -0.946331896544902E-10

     Lanczos iteration:   1113
     alpha(00001113)=  0.000000
     beta (00001113)=  8.033803
     gamma(00001113)=  8.033803
     z1=       1  0.000000000000000E+00  0.000000000000000E+00

     Lanczos iteration:   1114
     alpha(00001114)=  0.000000
     beta (00001114)=  8.063398
     gamma(00001114)=  8.063398
     z1=       1  0.156016212412527E-03 -0.104625311326509E-09

     Lanczos iteration:   1115
     alpha(00001115)=  0.000000
     beta (00001115)=  8.030655
     gamma(00001115)=  8.030655
     z1=       1  0.000000000000000E+00  0.000000000000000E+00

     Lanczos iteration:   1116
     alpha(00001116)=  0.000000
     beta (00001116)=  8.083740
     gamma(00001116)=  8.083740
     z1=       1 -0.155640753682697E-03 -0.115345661230288E-09

     Lanczos iteration:   1117
     alpha(00001117)=  0.000000
     beta (00001117)=  8.016537
     gamma(00001117)=  8.016537
     z1=       1  0.000000000000000E+00  0.000000000000000E+00

     Lanczos iteration:   1118
     alpha(00001118)=  0.000000
     beta (00001118)=  8.089141
     gamma(00001118)=  8.089141
     z1=       1  0.153520954836164E-03 -0.126603970066685E-09

     Lanczos iteration:   1119
     alpha(00001119)=  0.000000
     beta (00001119)=  8.043282
     gamma(00001119)=  8.043282
     z1=       1  0.000000000000000E+00  0.000000000000000E+00

     Lanczos iteration:   1120
     alpha(00001120)=  0.000000
     beta (00001120)=  8.097869
     gamma(00001120)=  8.097869
     z1=       1 -0.153284464887034E-03 -0.136964130020773E-09

     Lanczos iteration:   1121
     alpha(00001121)=  0.000000
     beta (00001121)=  8.033766
     gamma(00001121)=  8.033766
     z1=       1  0.000000000000000E+00  0.000000000000000E+00

     Lanczos iteration:   1122
     alpha(00001122)=  0.000000
     beta (00001122)=  8.101872
     gamma(00001122)=  8.101872
     z1=       1  0.151127678532555E-03 -0.145928728825923E-09

     Lanczos iteration:   1123
     alpha(00001123)=  0.000000
     beta (00001123)=  8.054581
     gamma(00001123)=  8.054581
     z1=       1  0.000000000000000E+00  0.000000000000000E+00

     Lanczos iteration:   1124
     alpha(00001124)=  0.000000
     beta (00001124)=  8.106478
     gamma(00001124)=  8.106478
     z1=       1 -0.151088556433119E-03 -0.152122806548158E-09

     Lanczos iteration:   1125
     alpha(00001125)=  0.000000
     beta (00001125)=  8.054385
     gamma(00001125)=  8.054385
     z1=       1  0.000000000000000E+00  0.000000000000000E+00

     Lanczos iteration:   1126
     alpha(00001126)=  0.000000
     beta (00001126)=  8.126041
     gamma(00001126)=  8.126041
     z1=       1  0.148786965385214E-03 -0.154443153556285E-09

     Lanczos iteration:   1127
     alpha(00001127)=  0.000000
     beta (00001127)=  8.060807
     gamma(00001127)=  8.060807
     z1=       1  0.000000000000000E+00  0.000000000000000E+00

     Lanczos iteration:   1128
     alpha(00001128)=  0.000000
     beta (00001128)=  8.124717
     gamma(00001128)=  8.124717
     z1=       1 -0.148600152544144E-03 -0.151388387754775E-09

     Lanczos iteration:   1129
     alpha(00001129)=  0.000000
     beta (00001129)=  8.048215
     gamma(00001129)=  8.048215
     z1=       1  0.000000000000000E+00  0.000000000000000E+00

     Lanczos iteration:   1130
     alpha(00001130)=  0.000000
     beta (00001130)=  8.123451
     gamma(00001130)=  8.123451
     z1=       1  0.146256982463913E-03 -0.143735719463677E-09

     Lanczos iteration:   1131
     alpha(00001131)=  0.000000
     beta (00001131)=  8.028290
     gamma(00001131)=  8.028290
     z1=       1  0.000000000000000E+00  0.000000000000000E+00

     Lanczos iteration:   1132
     alpha(00001132)=  0.000000
     beta (00001132)=  8.111485
     gamma(00001132)=  8.111485
     z1=       1 -0.145685947429988E-03 -0.133245435335468E-09

     Lanczos iteration:   1133
     alpha(00001133)=  0.000000
     beta (00001133)=  8.030699
     gamma(00001133)=  8.030699
     z1=       1  0.000000000000000E+00  0.000000000000000E+00

     Lanczos iteration:   1134
     alpha(00001134)=  0.000000
     beta (00001134)=  8.088892
     gamma(00001134)=  8.088892
     z1=       1  0.143758759384731E-03 -0.121300217674967E-09

     Lanczos iteration:   1135
     alpha(00001135)=  0.000000
     beta (00001135)=  8.029492
     gamma(00001135)=  8.029492
     z1=       1  0.000000000000000E+00  0.000000000000000E+00

     Lanczos iteration:   1136
     alpha(00001136)=  0.000000
     beta (00001136)=  8.085898
     gamma(00001136)=  8.085898
     z1=       1 -0.143578881038792E-03 -0.109133571142391E-09

     Lanczos iteration:   1137
     alpha(00001137)=  0.000000
     beta (00001137)=  8.034639
     gamma(00001137)=  8.034639
     z1=       1  0.000000000000000E+00  0.000000000000000E+00

     Lanczos iteration:   1138
     alpha(00001138)=  0.000000
     beta (00001138)=  8.065380
     gamma(00001138)=  8.065380
     z1=       1  0.142260920001870E-03 -0.969565152021382E-10

     Lanczos iteration:   1139
     alpha(00001139)=  0.000000
     beta (00001139)=  8.029612
     gamma(00001139)=  8.029612
     z1=       1  0.000000000000000E+00  0.000000000000000E+00

     Lanczos iteration:   1140
     alpha(00001140)=  0.000000
     beta (00001140)=  8.063796
     gamma(00001140)=  8.063796
     z1=       1 -0.142374463027712E-03 -0.856627229628301E-10

     Lanczos iteration:   1141
     alpha(00001141)=  0.000000
     beta (00001141)=  8.022695
     gamma(00001141)=  8.022695
     z1=       1  0.000000000000000E+00  0.000000000000000E+00

     Lanczos iteration:   1142
     alpha(00001142)=  0.000000
     beta (00001142)=  8.066857
     gamma(00001142)=  8.066857
     z1=       1  0.140922063624450E-03 -0.754457064368908E-10

     Lanczos iteration:   1143
     alpha(00001143)=  0.000000
     beta (00001143)=  7.999849
     gamma(00001143)=  7.999849
     z1=       1  0.000000000000000E+00  0.000000000000000E+00

     Lanczos iteration:   1144
     alpha(00001144)=  0.000000
     beta (00001144)=  8.069375
     gamma(00001144)=  8.069375
     z1=       1 -0.140346167092858E-03 -0.667573174618180E-10

     Lanczos iteration:   1145
     alpha(00001145)=  0.000000
     beta (00001145)=  8.003068
     gamma(00001145)=  8.003068
     z1=       1  0.000000000000000E+00  0.000000000000000E+00

     Lanczos iteration:   1146
     alpha(00001146)=  0.000000
     beta (00001146)=  8.072315
     gamma(00001146)=  8.072315
     z1=       1  0.138524239664048E-03 -0.594734739316917E-10

     Lanczos iteration:   1147
     alpha(00001147)=  0.000000
     beta (00001147)=  8.005850
     gamma(00001147)=  8.005850
     z1=       1  0.000000000000000E+00  0.000000000000000E+00

     Lanczos iteration:   1148
     alpha(00001148)=  0.000000
     beta (00001148)=  8.061221
     gamma(00001148)=  8.061221
     z1=       1 -0.138179055208610E-03 -0.533602062709543E-10

     Lanczos iteration:   1149
     alpha(00001149)=  0.000000
     beta (00001149)=  8.012420
     gamma(00001149)=  8.012420
     z1=       1  0.000000000000000E+00  0.000000000000000E+00

     Lanczos iteration:   1150
     alpha(00001150)=  0.000000
     beta (00001150)=  8.058394
     gamma(00001150)=  8.058394
     z1=       1  0.136779839297690E-03 -0.483972298206478E-10

     Lanczos iteration:   1151
     alpha(00001151)=  0.000000
     beta (00001151)=  7.993073
     gamma(00001151)=  7.993073
     z1=       1  0.000000000000000E+00  0.000000000000000E+00

     Lanczos iteration:   1152
     alpha(00001152)=  0.000000
     beta (00001152)=  8.085048
     gamma(00001152)=  8.085048
     z1=       1 -0.135843187929688E-03 -0.446796774021716E-10

     Lanczos iteration:   1153
     alpha(00001153)=  0.000000
     beta (00001153)=  8.012055
     gamma(00001153)=  8.012055
     z1=       1  0.000000000000000E+00  0.000000000000000E+00

     Lanczos iteration:   1154
     alpha(00001154)=  0.000000
     beta (00001154)=  8.046008
     gamma(00001154)=  8.046008
     z1=       1  0.134623123562710E-03 -0.416638257720387E-10

     Lanczos iteration:   1155
     alpha(00001155)=  0.000000
     beta (00001155)=  8.013326
     gamma(00001155)=  8.013326
     z1=       1  0.000000000000000E+00  0.000000000000000E+00

     Lanczos iteration:   1156
     alpha(00001156)=  0.000000
     beta (00001156)=  8.062780
     gamma(00001156)=  8.062780
     z1=       1 -0.134474166090613E-03 -0.397193629207680E-10

     Lanczos iteration:   1157
     alpha(00001157)=  0.000000
     beta (00001157)=  8.025016
     gamma(00001157)=  8.025016
     z1=       1  0.000000000000000E+00  0.000000000000000E+00

     Lanczos iteration:   1158
     alpha(00001158)=  0.000000
     beta (00001158)=  8.061389
     gamma(00001158)=  8.061389
     z1=       1  0.133144302236185E-03 -0.383706431685738E-10

     Lanczos iteration:   1159
     alpha(00001159)=  0.000000
     beta (00001159)=  8.013097
     gamma(00001159)=  8.013097
     z1=       1  0.000000000000000E+00  0.000000000000000E+00

     Lanczos iteration:   1160
     alpha(00001160)=  0.000000
     beta (00001160)=  8.087833
     gamma(00001160)=  8.087833
     z1=       1 -0.132680377379678E-03 -0.376058902254493E-10

     Lanczos iteration:   1161
     alpha(00001161)=  0.000000
     beta (00001161)=  8.022987
     gamma(00001161)=  8.022987
     z1=       1  0.000000000000000E+00  0.000000000000000E+00

     Lanczos iteration:   1162
     alpha(00001162)=  0.000000
     beta (00001162)=  8.058235
     gamma(00001162)=  8.058235
     z1=       1  0.131278072998142E-03 -0.370946409040544E-10

     Lanczos iteration:   1163
     alpha(00001163)=  0.000000
     beta (00001163)=  8.013971
     gamma(00001163)=  8.013971
     z1=       1  0.000000000000000E+00  0.000000000000000E+00

     Lanczos iteration:   1164
     alpha(00001164)=  0.000000
     beta (00001164)=  8.068729
     gamma(00001164)=  8.068729
     z1=       1 -0.131262082908183E-03 -0.372769408418793E-10

     Lanczos iteration:   1165
     alpha(00001165)=  0.000000
     beta (00001165)=  8.026412
     gamma(00001165)=  8.026412
     z1=       1  0.000000000000000E+00  0.000000000000000E+00

     Lanczos iteration:   1166
     alpha(00001166)=  0.000000
     beta (00001166)=  8.092453
     gamma(00001166)=  8.092453
     z1=       1  0.129255327369868E-03 -0.377674564830370E-10

     Lanczos iteration:   1167
     alpha(00001167)=  0.000000
     beta (00001167)=  8.034397
     gamma(00001167)=  8.034397
     z1=       1  0.000000000000000E+00  0.000000000000000E+00

     Lanczos iteration:   1168
     alpha(00001168)=  0.000000
     beta (00001168)=  8.089406
     gamma(00001168)=  8.089406
     z1=       1 -0.129364829981640E-03 -0.380816356509706E-10

     Lanczos iteration:   1169
     alpha(00001169)=  0.000000
     beta (00001169)=  8.038465
     gamma(00001169)=  8.038465
     z1=       1  0.000000000000000E+00  0.000000000000000E+00

     Lanczos iteration:   1170
     alpha(00001170)=  0.000000
     beta (00001170)=  8.099273
     gamma(00001170)=  8.099273
     z1=       1  0.127365614071534E-03 -0.381198589623593E-10

     Lanczos iteration:   1171
     alpha(00001171)=  0.000000
     beta (00001171)=  8.044212
     gamma(00001171)=  8.044212
     z1=       1  0.000000000000000E+00  0.000000000000000E+00

     Lanczos iteration:   1172
     alpha(00001172)=  0.000000
     beta (00001172)=  8.128798
     gamma(00001172)=  8.128798
     z1=       1 -0.127081590003727E-03 -0.375059843275044E-10

     Lanczos iteration:   1173
     alpha(00001173)=  0.000000
     beta (00001173)=  8.046935
     gamma(00001173)=  8.046935
     z1=       1  0.000000000000000E+00  0.000000000000000E+00

     Lanczos iteration:   1174
     alpha(00001174)=  0.000000
     beta (00001174)=  8.100814
     gamma(00001174)=  8.100814
     z1=       1  0.125208751709939E-03 -0.358994825088029E-10

     Lanczos iteration:   1175
     alpha(00001175)=  0.000000
     beta (00001175)=  8.037578
     gamma(00001175)=  8.037578
     z1=       1  0.000000000000000E+00  0.000000000000000E+00

     Lanczos iteration:   1176
     alpha(00001176)=  0.000000
     beta (00001176)=  8.097072
     gamma(00001176)=  8.097072
     z1=       1 -0.125266313575418E-03 -0.338449794378414E-10

     Lanczos iteration:   1177
     alpha(00001177)=  0.000000
     beta (00001177)=  8.019708
     gamma(00001177)=  8.019708
     z1=       1  0.000000000000000E+00  0.000000000000000E+00

     Lanczos iteration:   1178
     alpha(00001178)=  0.000000
     beta (00001178)=  8.103286
     gamma(00001178)=  8.103286
     z1=       1  0.123063437153421E-03 -0.316526469806963E-10

     Lanczos iteration:   1179
     alpha(00001179)=  0.000000
     beta (00001179)=  8.025869
     gamma(00001179)=  8.025869
     z1=       1  0.000000000000000E+00  0.000000000000000E+00

     Lanczos iteration:   1180
     alpha(00001180)=  0.000000
     beta (00001180)=  8.086564
     gamma(00001180)=  8.086564
     z1=       1 -0.122969432174127E-03 -0.293216956568815E-10

     Lanczos iteration:   1181
     alpha(00001181)=  0.000000
     beta (00001181)=  8.039536
     gamma(00001181)=  8.039536
     z1=       1  0.000000000000000E+00  0.000000000000000E+00

     Lanczos iteration:   1182
     alpha(00001182)=  0.000000
     beta (00001182)=  8.098479
     gamma(00001182)=  8.098479
     z1=       1  0.121340136129162E-03 -0.268408769772175E-10

     Lanczos iteration:   1183
     alpha(00001183)=  0.000000
     beta (00001183)=  8.047038
     gamma(00001183)=  8.047038
     z1=       1  0.000000000000000E+00  0.000000000000000E+00

     Lanczos iteration:   1184
     alpha(00001184)=  0.000000
     beta (00001184)=  8.098151
     gamma(00001184)=  8.098151
     z1=       1 -0.121195909949971E-03 -0.239807989732020E-10

     Lanczos iteration:   1185
     alpha(00001185)=  0.000000
     beta (00001185)=  8.020174
     gamma(00001185)=  8.020174
     z1=       1  0.000000000000000E+00  0.000000000000000E+00

     Lanczos iteration:   1186
     alpha(00001186)=  0.000000
     beta (00001186)=  8.118627
     gamma(00001186)=  8.118627
     z1=       1  0.119238592116071E-03 -0.209363848553416E-10

     Lanczos iteration:   1187
     alpha(00001187)=  0.000000
     beta (00001187)=  8.024933
     gamma(00001187)=  8.024933
     z1=       1  0.000000000000000E+00  0.000000000000000E+00

     Lanczos iteration:   1188
     alpha(00001188)=  0.000000
     beta (00001188)=  8.090856
     gamma(00001188)=  8.090856
     z1=       1 -0.118612877453193E-03 -0.176692444472998E-10

     Lanczos iteration:   1189
     alpha(00001189)=  0.000000
     beta (00001189)=  8.010236
     gamma(00001189)=  8.010236
     z1=       1  0.000000000000000E+00  0.000000000000000E+00

     Lanczos iteration:   1190
     alpha(00001190)=  0.000000
     beta (00001190)=  8.099492
     gamma(00001190)=  8.099492
     z1=       1  0.117118494129581E-03 -0.144691501156743E-10

     Lanczos iteration:   1191
     alpha(00001191)=  0.000000
     beta (00001191)=  7.997075
     gamma(00001191)=  7.997075
     z1=       1  0.000000000000000E+00  0.000000000000000E+00

     Lanczos iteration:   1192
     alpha(00001192)=  0.000000
     beta (00001192)=  8.075586
     gamma(00001192)=  8.075586
     z1=       1 -0.116005753652104E-03 -0.114055918080684E-10

     Lanczos iteration:   1193
     alpha(00001193)=  0.000000
     beta (00001193)=  7.989510
     gamma(00001193)=  7.989510
     z1=       1  0.000000000000000E+00  0.000000000000000E+00

     Lanczos iteration:   1194
     alpha(00001194)=  0.000000
     beta (00001194)=  8.061943
     gamma(00001194)=  8.061943
     z1=       1  0.115113542188091E-03 -0.862606560914881E-11

     Lanczos iteration:   1195
     alpha(00001195)=  0.000000
     beta (00001195)=  7.979798
     gamma(00001195)=  7.979798
     z1=       1  0.000000000000000E+00  0.000000000000000E+00

     Lanczos iteration:   1196
     alpha(00001196)=  0.000000
     beta (00001196)=  8.070835
     gamma(00001196)=  8.070835
     z1=       1 -0.113480573749367E-03 -0.614152984554773E-11

     Lanczos iteration:   1197
     alpha(00001197)=  0.000000
     beta (00001197)=  8.013982
     gamma(00001197)=  8.013982
     z1=       1  0.000000000000000E+00  0.000000000000000E+00

     Lanczos iteration:   1198
     alpha(00001198)=  0.000000
     beta (00001198)=  8.053366
     gamma(00001198)=  8.053366
     z1=       1  0.113466907703635E-03 -0.379390242998864E-11

     Lanczos iteration:   1199
     alpha(00001199)=  0.000000
     beta (00001199)=  8.009331
     gamma(00001199)=  8.009331
     z1=       1  0.000000000000000E+00  0.000000000000000E+00

     Lanczos iteration:   1200
     alpha(00001200)=  0.000000
     beta (00001200)=  8.064127
     gamma(00001200)=  8.064127
     z1=       1 -0.111931568125880E-03 -0.153970386579151E-11

     Lanczos iteration:   1201
     alpha(00001201)=  0.000000
     beta (00001201)=  8.012683
     gamma(00001201)=  8.012683
     z1=       1  0.000000000000000E+00  0.000000000000000E+00

     Lanczos iteration:   1202
     alpha(00001202)=  0.000000
     beta (00001202)=  8.082863
     gamma(00001202)=  8.082863
     z1=       1  0.111973148174780E-03  0.682196644150967E-12

     Lanczos iteration:   1203
     alpha(00001203)=  0.000000
     beta (00001203)=  8.022973
     gamma(00001203)=  8.022973
     z1=       1  0.000000000000000E+00  0.000000000000000E+00

     Lanczos iteration:   1204
     alpha(00001204)=  0.000000
     beta (00001204)=  8.077088
     gamma(00001204)=  8.077088
     z1=       1 -0.109940921460751E-03  0.290708407405657E-11

     Lanczos iteration:   1205
     alpha(00001205)=  0.000000
     beta (00001205)=  8.055816
     gamma(00001205)=  8.055816
     z1=       1  0.000000000000000E+00  0.000000000000000E+00

     Lanczos iteration:   1206
     alpha(00001206)=  0.000000
     beta (00001206)=  8.089753
     gamma(00001206)=  8.089753
     z1=       1  0.111044305568371E-03  0.510102301202938E-11

     Lanczos iteration:   1207
     alpha(00001207)=  0.000000
     beta (00001207)=  8.050463
     gamma(00001207)=  8.050463
     z1=       1  0.000000000000000E+00  0.000000000000000E+00

     Lanczos iteration:   1208
     alpha(00001208)=  0.000000
     beta (00001208)=  8.127371
     gamma(00001208)=  8.127371
     z1=       1 -0.108163830256728E-03  0.719560221095187E-11

     Lanczos iteration:   1209
     alpha(00001209)=  0.000000
     beta (00001209)=  8.055084
     gamma(00001209)=  8.055084
     z1=       1  0.000000000000000E+00  0.000000000000000E+00

     Lanczos iteration:   1210
     alpha(00001210)=  0.000000
     beta (00001210)=  8.124097
     gamma(00001210)=  8.124097
     z1=       1  0.109313049212567E-03  0.905736550962745E-11

     Lanczos iteration:   1211
     alpha(00001211)=  0.000000
     beta (00001211)=  8.076465
     gamma(00001211)=  8.076465
     z1=       1  0.000000000000000E+00  0.000000000000000E+00

     Lanczos iteration:   1212
     alpha(00001212)=  0.000000
     beta (00001212)=  8.120458
     gamma(00001212)=  8.120458
     z1=       1 -0.106473454212314E-03  0.105610564466422E-10

     Lanczos iteration:   1213
     alpha(00001213)=  0.000000
     beta (00001213)=  8.062011
     gamma(00001213)=  8.062011
     z1=       1  0.000000000000000E+00  0.000000000000000E+00

     Lanczos iteration:   1214
     alpha(00001214)=  0.000000
     beta (00001214)=  8.119435
     gamma(00001214)=  8.119435
     z1=       1  0.108074830846226E-03  0.116986459377173E-10

     Lanczos iteration:   1215
     alpha(00001215)=  0.000000
     beta (00001215)=  8.092730
     gamma(00001215)=  8.092730
     z1=       1  0.000000000000000E+00  0.000000000000000E+00

     Lanczos iteration:   1216
     alpha(00001216)=  0.000000
     beta (00001216)=  8.117410
     gamma(00001216)=  8.117410
     z1=       1 -0.105353422640040E-03  0.123201904486826E-10

     Lanczos iteration:   1217
     alpha(00001217)=  0.000000
     beta (00001217)=  8.079580
     gamma(00001217)=  8.079580
     z1=       1  0.000000000000000E+00  0.000000000000000E+00

     Lanczos iteration:   1218
     alpha(00001218)=  0.000000
     beta (00001218)=  8.141712
     gamma(00001218)=  8.141712
     z1=       1  0.106878260506114E-03  0.123883565849130E-10

     Lanczos iteration:   1219
     alpha(00001219)=  0.000000
     beta (00001219)=  8.068070
     gamma(00001219)=  8.068070
     z1=       1  0.000000000000000E+00  0.000000000000000E+00

     Lanczos iteration:   1220
     alpha(00001220)=  0.000000
     beta (00001220)=  8.126455
     gamma(00001220)=  8.126455
     z1=       1 -0.103927701575847E-03  0.118837006467633E-10

     Lanczos iteration:   1221
     alpha(00001221)=  0.000000
     beta (00001221)=  8.056807
     gamma(00001221)=  8.056807
     z1=       1  0.000000000000000E+00  0.000000000000000E+00

     Lanczos iteration:   1222
     alpha(00001222)=  0.000000
     beta (00001222)=  8.116656
     gamma(00001222)=  8.116656
     z1=       1  0.105120261370702E-03  0.109754643787639E-10

     Lanczos iteration:   1223
     alpha(00001223)=  0.000000
     beta (00001223)=  8.043544
     gamma(00001223)=  8.043544
     z1=       1  0.000000000000000E+00  0.000000000000000E+00

     Lanczos iteration:   1224
     alpha(00001224)=  0.000000
     beta (00001224)=  8.086917
     gamma(00001224)=  8.086917
     z1=       1 -0.102854871601190E-03  0.983901530804849E-11

     Lanczos iteration:   1225
     alpha(00001225)=  0.000000
     beta (00001225)=  8.042222
     gamma(00001225)=  8.042222
     z1=       1  0.000000000000000E+00  0.000000000000000E+00

     Lanczos iteration:   1226
     alpha(00001226)=  0.000000
     beta (00001226)=  8.086594
     gamma(00001226)=  8.086594
     z1=       1  0.103713496544671E-03  0.863307564300584E-11

     Lanczos iteration:   1227
     alpha(00001227)=  0.000000
     beta (00001227)=  8.010918
     gamma(00001227)=  8.010918
     z1=       1  0.000000000000000E+00  0.000000000000000E+00

     Lanczos iteration:   1228
     alpha(00001228)=  0.000000
     beta (00001228)=  8.061682
     gamma(00001228)=  8.061682
     z1=       1 -0.101898369668182E-03  0.748768703278764E-11

     Lanczos iteration:   1229
     alpha(00001229)=  0.000000
     beta (00001229)=  8.017478
     gamma(00001229)=  8.017478
     z1=       1  0.000000000000000E+00  0.000000000000000E+00

     Lanczos iteration:   1230
     alpha(00001230)=  0.000000
     beta (00001230)=  8.074583
     gamma(00001230)=  8.074583
     z1=       1  0.102091869146682E-03  0.647390605604847E-11

     Lanczos iteration:   1231
     alpha(00001231)=  0.000000
     beta (00001231)=  7.995753
     gamma(00001231)=  7.995753
     z1=       1  0.000000000000000E+00  0.000000000000000E+00

     Lanczos iteration:   1232
     alpha(00001232)=  0.000000
     beta (00001232)=  8.059735
     gamma(00001232)=  8.059735
     z1=       1 -0.100577672964731E-03  0.559539710272228E-11

     Lanczos iteration:   1233
     alpha(00001233)=  0.000000
     beta (00001233)=  8.009319
     gamma(00001233)=  8.009319
     z1=       1  0.000000000000000E+00  0.000000000000000E+00

     Lanczos iteration:   1234
     alpha(00001234)=  0.000000
     beta (00001234)=  8.064376
     gamma(00001234)=  8.064376
     z1=       1  0.100398690548126E-03  0.485484528964172E-11

     Lanczos iteration:   1235
     alpha(00001235)=  0.000000
     beta (00001235)=  8.008988
     gamma(00001235)=  8.008988
     z1=       1  0.000000000000000E+00  0.000000000000000E+00

     Lanczos iteration:   1236
     alpha(00001236)=  0.000000
     beta (00001236)=  8.051836
     gamma(00001236)=  8.051836
     z1=       1 -0.995246492191824E-04  0.422296777868000E-11

     Lanczos iteration:   1237
     alpha(00001237)=  0.000000
     beta (00001237)=  8.024546
     gamma(00001237)=  8.024546
     z1=       1  0.000000000000000E+00  0.000000000000000E+00

     Lanczos iteration:   1238
     alpha(00001238)=  0.000000
     beta (00001238)=  8.063590
     gamma(00001238)=  8.063590
     z1=       1  0.992229323736316E-04  0.367849470175546E-11

     Lanczos iteration:   1239
     alpha(00001239)=  0.000000
     beta (00001239)=  8.011230
     gamma(00001239)=  8.011230
     z1=       1  0.000000000000000E+00  0.000000000000000E+00

     Lanczos iteration:   1240
     alpha(00001240)=  0.000000
     beta (00001240)=  8.051374
     gamma(00001240)=  8.051374
     z1=       1 -0.986917977922215E-04  0.320766036797946E-11

     Lanczos iteration:   1241
     alpha(00001241)=  0.000000
     beta (00001241)=  8.020430
     gamma(00001241)=  8.020430
     z1=       1  0.000000000000000E+00  0.000000000000000E+00

     Lanczos iteration:   1242
     alpha(00001242)=  0.000000
     beta (00001242)=  8.031507
     gamma(00001242)=  8.031507
     z1=       1  0.984514802953167E-04  0.281979780161257E-11

     Lanczos iteration:   1243
     alpha(00001243)=  0.000000
     beta (00001243)=  8.001508
     gamma(00001243)=  8.001508
     z1=       1  0.000000000000000E+00  0.000000000000000E+00

     Lanczos iteration:   1244
     alpha(00001244)=  0.000000
     beta (00001244)=  8.043177
     gamma(00001244)=  8.043177
     z1=       1 -0.981771649516419E-04  0.253916587314221E-11

     Lanczos iteration:   1245
     alpha(00001245)=  0.000000
     beta (00001245)=  8.018158
     gamma(00001245)=  8.018158
     z1=       1  0.000000000000000E+00  0.000000000000000E+00

     Lanczos iteration:   1246
     alpha(00001246)=  0.000000
     beta (00001246)=  8.067079
     gamma(00001246)=  8.067079
     z1=       1  0.972115828907195E-04  0.232904310486490E-11

     Lanczos iteration:   1247
     alpha(00001247)=  0.000000
     beta (00001247)=  8.011088
     gamma(00001247)=  8.011088
     z1=       1  0.000000000000000E+00  0.000000000000000E+00

     Lanczos iteration:   1248
     alpha(00001248)=  0.000000
     beta (00001248)=  8.059685
     gamma(00001248)=  8.059685
     z1=       1 -0.971243186266927E-04  0.216523641055262E-11

     Lanczos iteration:   1249
     alpha(00001249)=  0.000000
     beta (00001249)=  8.047887
     gamma(00001249)=  8.047887
     z1=       1  0.000000000000000E+00  0.000000000000000E+00

     Lanczos iteration:   1250
     alpha(00001250)=  0.000000
     beta (00001250)=  8.061474
     gamma(00001250)=  8.061474
     z1=       1  0.963315559411093E-04  0.202431184244462E-11
     End of Lanczos iterations

     Finished linear response calculation...
 
     lr_eels_main :     86.79s CPU    103.18s WALL (       1 calls)
     one_step     :     81.23s CPU     96.58s WALL (     250 calls)
 
     lr_apply     :     80.39s CPU     95.66s WALL (     250 calls)
     lr_apply_int :     58.99s CPU     70.00s WALL (     125 calls)
     lr_apply_no  :     21.31s CPU     25.56s WALL (     125 calls)
 
     h_psi        :     41.64s CPU     49.68s WALL (  152322 calls)
     lr_calc_dens :     19.00s CPU     22.50s WALL (     125 calls)
     incdrhoscf   :     18.42s CPU     21.83s WALL (   68750 calls)
     lr_dv_setup  :      0.00s CPU      0.00s WALL (       1 calls)
     dv_of_drho   :      0.03s CPU      0.03s WALL (     125 calls)
     lr_dot       :      0.21s CPU      0.23s WALL (     375 calls)
     ortho        :      1.06s CPU      1.27s WALL (   68750 calls)
 
 
     US routines
     lr_sm1_psi   :      0.19s CPU      0.22s WALL (  137500 calls)
 
     General routines
     calbec       :      2.34s CPU      2.82s WALL (  152322 calls)
     fft          :      0.03s CPU      0.04s WALL (     381 calls)
     fftw         :     68.81s CPU     82.03s WALL ( 2310988 calls)
     interpolate  :      0.00s CPU      0.00s WALL (     250 calls)
     davcio       :      1.29s CPU      1.54s WALL (  346080 calls)
 
     Parallel routines
 
     EELS routines
     lr_run_nscf  :      5.38s CPU      6.39s WALL (       1 calls)
     lr_setup_nsc :      0.00s CPU      0.00s WALL (       1 calls)
     lr_calc_dens :     19.00s CPU     22.50s WALL (     125 calls)
     lr_sym_eels  :      0.16s CPU      0.18s WALL (     125 calls)
     lr_psym_eels :      0.17s CPU      0.19s WALL (     125 calls)
     lr_smallgq   :      0.00s CPU      0.00s WALL (       1 calls)
     lr_summary   :      0.00s CPU      0.00s WALL (       1 calls)
 
 
     turboEELS    :   1m26.79s CPU   1m43.19s WALL

 
   This run was terminated on:  13: 5:31  20Apr2021            

=------------------------------------------------------------------------------=
   JOB DONE.
=------------------------------------------------------------------------------=
