
     Program turboEELS v.6.7MaX starts on 20Apr2021 at 13: 0:16 

     This program is part of the open-source Quantum ESPRESSO suite
     for quantum simulation of materials; please cite
         "P. Giannozzi et al., J. Phys.:Condens. Matter 21 395502 (2009);
         "P. Giannozzi et al., J. Phys.:Condens. Matter 29 465901 (2017);
          URL http://www.quantum-espresso.org", 
     in publications or presentations arising from this work. More details at
     http://www.quantum-espresso.org/quote

     Parallel version (MPI), running on     8 processors

     MPI processes distributed on     1 nodes
     R & G space division:  proc/nbgrp/npool/nimage =       8

     Reading xml data from directory:

     ./tmp/silicon.save/

     IMPORTANT: XC functional enforced from input :
     Exchange-correlation= PZ
                           (   1   1   0   0   0   0   0)
     Any further DFT definition will be discarded
     Please, verify this is what you really want

 
     Parallelization info
     --------------------
     sticks:   dense  smooth     PW     G-vecs:    dense   smooth      PW
     Min          29      29     10                  284      284      66
     Max          30      30     11                  285      285      69
     Sum         235     235     85                 2277     2277     537
 
     Reading collected, re-writing distributed wavefunctions

     Subspace diagonalization in iterative solution of the eigenvalue problem:
     a serial algorithm will be used


     --------------------------------------------------------------------------

     Please cite this project as:

     I. Timrov, N. Vast, R. Gebauer, and S. Baroni,
     Electron energy loss and inelastic x-ray scattering cross sections
     from time-dependent density-functional perturbation theory
     Phys. Rev. B 88, 064301 (2013); ibid. 91, 139901 (2015). 

     I. Timrov, N. Vast, R. Gebauer, and S. Baroni,
     turboEELS - A code for the simulation of the electron energy loss and
     inelastic X-ray scattering spectra using the Liouville - Lanczos approach
     to time-dependent density-functional perturbation theory
     Comp. Phys. Commun. 196, 460 (2015). 

     O. Motornyi, N. Vast, I. Timrov, O. Baseggio, S. Baroni, and A. Dal Corso
     Electron energy loss spectroscopy of bulk gold with ultrasoft
     pseudopotentials and the Liouville-Lanczos method
     Phys. Rev. B  102, 035156 (2020). 

     --------------------------------------------------------------------------

     Using the TDDFT approximation

     Transferred momentum: q = (   0.86600   0.00000   0.00000  ) in units 2*pi/a

     ---------------------------- NSCF calculation ----------------------------
 
     Parallelization info
     --------------------
     sticks:   dense  smooth     PW     G-vecs:    dense   smooth      PW
     Min          29      29     13                  284      284      90
     Max          30      30     14                  285      285      91
     Sum         235     235    109                 2277     2277     725
 


     bravais-lattice index     =            2
     lattice parameter (alat)  =      10.2600  a.u.
     unit-cell volume          =     270.0114 (a.u.)^3
     number of atoms/cell      =            2
     number of atomic types    =            1
     number of electrons       =         8.00
     number of Kohn-Sham states=            4
     kinetic-energy cutoff     =      16.0000  Ry
     charge density cutoff     =      64.0000  Ry
     Exchange-correlation= PZ
                           (   1   1   0   0   0   0   0)

     celldm(1)=  10.260000  celldm(2)=   0.000000  celldm(3)=   0.000000
     celldm(4)=   0.000000  celldm(5)=   0.000000  celldm(6)=   0.000000

     crystal axes: (cart. coord. in units of alat)
               a(1) = (  -0.500000   0.000000   0.500000 )  
               a(2) = (   0.000000   0.500000   0.500000 )  
               a(3) = (  -0.500000   0.500000   0.000000 )  

     reciprocal axes: (cart. coord. in units 2 pi/alat)
               b(1) = ( -1.000000 -1.000000  1.000000 )  
               b(2) = (  1.000000  1.000000  1.000000 )  
               b(3) = ( -1.000000  1.000000 -1.000000 )  


     PseudoPot. # 1 for Si read from file:
     ../../pseudo/Si.pz-vbc.UPF
     MD5 check sum: a974d1b8727157e37210f3f86afb6210
     Pseudo is Norm-conserving, Zval =  4.0
     Generated by new atomic code, or converted to UPF format
     Using radial grid of  431 points,  2 beta functions with: 
                l(1) =   0
                l(2) =   1

     atomic species   valence    mass     pseudopotential
        Si             4.00    28.08000     Si( 1.00)

     48 Sym. Ops., with inversion, found



   Cartesian axes

     site n.     atom                  positions (alat units)
         1           Si  tau(   1) = (   0.0000000   0.0000000   0.0000000  )
         2           Si  tau(   2) = (   0.2500000   0.2500000   0.2500000  )

     number of k points=  1100

     Number of k-points >= 100: set verbosity='high' to print them.

     Dense  grid:     2277 G-vectors     FFT dimensions: (  20,  20,  20)

     Estimated max dynamical RAM per process >       0.21 MB

     Estimated total dynamical RAM >       1.71 MB

     The potential is recalculated from file :
     ./tmp/tmp_eels/silicon.save/charge-density

     Starting wfcs are    8 atomic wfcs

     Band Structure Calculation
     Davidson diagonalization with overlap

     ethr =  1.25E-10,  avg # of iterations = 11.5

     total cpu time spent up to now is       -1.0 secs

     End of band structure calculation

     Number of k-points >= 100: set verbosity='high' to print the bands.

     highest occupied level (ev):     6.0175

     Writing output data file ./tmp/tmp_eels/silicon.save/

                                                                                

     bravais-lattice index     =            2
     lattice parameter (a_0)   =      10.2600  a.u.
     unit-cell volume          =     270.0114 (a.u.)^3
     number of atoms/cell      =            2
     number of atomic types    =            1
     kinetic-energy cut-off    =      16.0000  Ry
     charge density cut-off    =      64.0000  Ry
     Exchange-correlation= PZ
                           (   1   1   0   0   0   0   0)


     celldm(1)=   10.26000  celldm(2)=    0.00000  celldm(3)=    0.00000
     celldm(4)=    0.00000  celldm(5)=    0.00000  celldm(6)=    0.00000

     crystal axes: (cart. coord. in units of a_0)
               a(1) = ( -0.5000  0.0000  0.5000 )  
               a(2) = (  0.0000  0.5000  0.5000 )  
               a(3) = ( -0.5000  0.5000  0.0000 )  

     reciprocal axes: (cart. coord. in units 2 pi/a_0)
               b(1) = ( -1.0000 -1.0000  1.0000 )  
               b(2) = (  1.0000  1.0000  1.0000 )  
               b(3) = ( -1.0000  1.0000 -1.0000 )  


     Atoms inside the unit cell: 

   Cartesian axes

     site n.  atom      mass           positions (a_0 units)
        1        Si  28.0800   tau( 1) = (    0.00000    0.00000    0.00000  )
        2        Si  28.0800   tau( 2) = (    0.25000    0.25000    0.25000  )
 
      8 Sym.Ops. (no q -> -q+G )

                                    s                        frac. trans.

      isym =  1     identity                                     

 cryst.   s( 1) = (     1          0          0      )
                  (     0          1          0      )
                  (     0          0          1      )

 cart.    s( 1) = (  1.0000000  0.0000000  0.0000000 )
                  (  0.0000000  1.0000000  0.0000000 )
                  (  0.0000000  0.0000000  1.0000000 )


      isym =  2     180 deg rotation - cart. axis [1,0,0]        

 cryst.   s( 2) = (     0         -1          1      )
                  (     0         -1          0      )
                  (     1         -1          0      )

 cart.    s( 2) = (  1.0000000  0.0000000  0.0000000 )
                  (  0.0000000 -1.0000000  0.0000000 )
                  (  0.0000000  0.0000000 -1.0000000 )


      isym =  3     90 deg rotation - cart. axis [-1,0,0]        

 cryst.   s( 3) = (     0          0          1      )  f =(  0.2500000 )
                  (    -1          0          1      )     (  0.2500000 )
                  (     0         -1          1      )     (  0.2500000 )

 cart.    s( 3) = (  1.0000000  0.0000000  0.0000000 )  f =( -0.2500000 )
                  (  0.0000000  0.0000000  1.0000000 )     (  0.2500000 )
                  (  0.0000000 -1.0000000  0.0000000 )     (  0.2500000 )


      isym =  4     90 deg rotation - cart. axis [1,0,0]         

 cryst.   s( 4) = (     1         -1          0      )  f =(  0.2500000 )
                  (     1          0         -1      )     (  0.2500000 )
                  (     1          0          0      )     (  0.2500000 )

 cart.    s( 4) = (  1.0000000  0.0000000  0.0000000 )  f =( -0.2500000 )
                  (  0.0000000  0.0000000 -1.0000000 )     (  0.2500000 )
                  (  0.0000000  1.0000000  0.0000000 )     (  0.2500000 )


      isym =  5     inv. 180 deg rotation - cart. axis [0,0,1]   

 cryst.   s( 5) = (     0         -1          1      )  f =(  0.2500000 )
                  (    -1          0          1      )     (  0.2500000 )
                  (     0          0          1      )     (  0.2500000 )

 cart.    s( 5) = (  1.0000000  0.0000000  0.0000000 )  f =( -0.2500000 )
                  (  0.0000000  1.0000000  0.0000000 )     (  0.2500000 )
                  (  0.0000000  0.0000000 -1.0000000 )     (  0.2500000 )


      isym =  6     inv. 180 deg rotation - cart. axis [0,1,0]   

 cryst.   s( 6) = (     1          0          0      )  f =(  0.2500000 )
                  (     1          0         -1      )     (  0.2500000 )
                  (     1         -1          0      )     (  0.2500000 )

 cart.    s( 6) = (  1.0000000  0.0000000  0.0000000 )  f =( -0.2500000 )
                  (  0.0000000 -1.0000000  0.0000000 )     (  0.2500000 )
                  (  0.0000000  0.0000000  1.0000000 )     (  0.2500000 )


      isym =  7     inv. 180 deg rotation - cart. axis [0,1,1]   

 cryst.   s( 7) = (     1         -1          0      )
                  (     0         -1          0      )
                  (     0         -1          1      )

 cart.    s( 7) = (  1.0000000  0.0000000  0.0000000 )
                  (  0.0000000  0.0000000 -1.0000000 )
                  (  0.0000000 -1.0000000  0.0000000 )


      isym =  8     inv. 180 deg rotation - cart. axis [0,1,-1]  

 cryst.   s( 8) = (     0          0          1      )
                  (     0          1          0      )
                  (     1          0          0      )

 cart.    s( 8) = (  1.0000000  0.0000000  0.0000000 )
                  (  0.0000000  0.0000000  1.0000000 )
                  (  0.0000000  1.0000000  0.0000000 )


     G cutoff =  170.6534  (    285 G-vectors)     FFT grid: ( 20, 20, 20)
     number of k points=  1100

     PseudoPot. # 1 for Si read from file:
     ../../pseudo/Si.pz-vbc.UPF
     MD5 check sum: a974d1b8727157e37210f3f86afb6210
     Pseudo is Norm-conserving, Zval =  4.0
     Generated by new atomic code, or converted to UPF format
     Using radial grid of  431 points,  2 beta functions with: 
                l(1) =   0
                l(2) =   1



     LANCZOS LINEAR-RESPONSE SPECTRUM CALCULATION

     Using the pseudo-Hermitian Lanczos algorithm

     Number of Lanczos iterations =   1000

     Restarting Lanczos loop        1

     Lanczos iteration:    751
     alpha(00000751)=  0.000000
     beta (00000751)=  8.011655
     gamma(00000751)=  8.011655
     z1=       1  0.000000000000000E+00  0.000000000000000E+00

     Lanczos iteration:    752
     alpha(00000752)=  0.000000
     beta (00000752)=  8.088485
     gamma(00000752)=  8.088485
     z1=       1 -0.478506796550191E-03  0.383193750609683E-13

     Lanczos iteration:    753
     alpha(00000753)=  0.000000
     beta (00000753)=  8.000249
     gamma(00000753)=  8.000249
     z1=       1  0.000000000000000E+00  0.000000000000000E+00

     Lanczos iteration:    754
     alpha(00000754)=  0.000000
     beta (00000754)=  8.087090
     gamma(00000754)=  8.087090
     z1=       1  0.473430209942519E-03  0.424221953766207E-13

     Lanczos iteration:    755
     alpha(00000755)=  0.000000
     beta (00000755)=  8.004075
     gamma(00000755)=  8.004075
     z1=       1  0.000000000000000E+00  0.000000000000000E+00

     Lanczos iteration:    756
     alpha(00000756)=  0.000000
     beta (00000756)=  8.066813
     gamma(00000756)=  8.066813
     z1=       1 -0.469679807309218E-03  0.471146701568698E-13

     Lanczos iteration:    757
     alpha(00000757)=  0.000000
     beta (00000757)=  8.011417
     gamma(00000757)=  8.011417
     z1=       1  0.000000000000000E+00  0.000000000000000E+00

     Lanczos iteration:    758
     alpha(00000758)=  0.000000
     beta (00000758)=  8.081664
     gamma(00000758)=  8.081664
     z1=       1  0.465674581859185E-03  0.526884696190276E-13

     Lanczos iteration:    759
     alpha(00000759)=  0.000000
     beta (00000759)=  8.026896
     gamma(00000759)=  8.026896
     z1=       1  0.000000000000000E+00  0.000000000000000E+00

     Lanczos iteration:    760
     alpha(00000760)=  0.000000
     beta (00000760)=  8.070217
     gamma(00000760)=  8.070217
     z1=       1 -0.463087337119006E-03  0.585564039150050E-13

     Lanczos iteration:    761
     alpha(00000761)=  0.000000
     beta (00000761)=  8.006365
     gamma(00000761)=  8.006365
     z1=       1  0.000000000000000E+00  0.000000000000000E+00

     Lanczos iteration:    762
     alpha(00000762)=  0.000000
     beta (00000762)=  8.080170
     gamma(00000762)=  8.080170
     z1=       1  0.458955020965466E-03  0.654116453739981E-13

     Lanczos iteration:    763
     alpha(00000763)=  0.000000
     beta (00000763)=  8.020194
     gamma(00000763)=  8.020194
     z1=       1  0.000000000000000E+00  0.000000000000000E+00

     Lanczos iteration:    764
     alpha(00000764)=  0.000000
     beta (00000764)=  8.061140
     gamma(00000764)=  8.061140
     z1=       1 -0.456512654058332E-03  0.729644466419151E-13

     Lanczos iteration:    765
     alpha(00000765)=  0.000000
     beta (00000765)=  8.008296
     gamma(00000765)=  8.008296
     z1=       1  0.000000000000000E+00  0.000000000000000E+00

     Lanczos iteration:    766
     alpha(00000766)=  0.000000
     beta (00000766)=  8.071903
     gamma(00000766)=  8.071903
     z1=       1  0.453038685614728E-03  0.820598760934575E-13

     Lanczos iteration:    767
     alpha(00000767)=  0.000000
     beta (00000767)=  8.023523
     gamma(00000767)=  8.023523
     z1=       1  0.000000000000000E+00  0.000000000000000E+00

     Lanczos iteration:    768
     alpha(00000768)=  0.000000
     beta (00000768)=  8.079121
     gamma(00000768)=  8.079121
     z1=       1 -0.449778589390286E-03  0.919558814297420E-13

     Lanczos iteration:    769
     alpha(00000769)=  0.000000
     beta (00000769)=  8.009032
     gamma(00000769)=  8.009032
     z1=       1  0.000000000000000E+00  0.000000000000000E+00

     Lanczos iteration:    770
     alpha(00000770)=  0.000000
     beta (00000770)=  8.082063
     gamma(00000770)=  8.082063
     z1=       1  0.445873861008322E-03  0.102995470911767E-12

     Lanczos iteration:    771
     alpha(00000771)=  0.000000
     beta (00000771)=  8.012692
     gamma(00000771)=  8.012692
     z1=       1  0.000000000000000E+00  0.000000000000000E+00

     Lanczos iteration:    772
     alpha(00000772)=  0.000000
     beta (00000772)=  8.080630
     gamma(00000772)=  8.080630
     z1=       1 -0.441943841845971E-03  0.115076496952177E-12

     Lanczos iteration:    773
     alpha(00000773)=  0.000000
     beta (00000773)=  8.032757
     gamma(00000773)=  8.032757
     z1=       1  0.000000000000000E+00  0.000000000000000E+00

     Lanczos iteration:    774
     alpha(00000774)=  0.000000
     beta (00000774)=  8.073407
     gamma(00000774)=  8.073407
     z1=       1  0.439921455436731E-03  0.127734578838613E-12

     Lanczos iteration:    775
     alpha(00000775)=  0.000000
     beta (00000775)=  8.009608
     gamma(00000775)=  8.009608
     z1=       1  0.000000000000000E+00  0.000000000000000E+00

     Lanczos iteration:    776
     alpha(00000776)=  0.000000
     beta (00000776)=  8.074929
     gamma(00000776)=  8.074929
     z1=       1 -0.436133818419167E-03  0.142003908331019E-12

     Lanczos iteration:    777
     alpha(00000777)=  0.000000
     beta (00000777)=  8.000957
     gamma(00000777)=  8.000957
     z1=       1  0.000000000000000E+00  0.000000000000000E+00

     Lanczos iteration:    778
     alpha(00000778)=  0.000000
     beta (00000778)=  8.047895
     gamma(00000778)=  8.047895
     z1=       1  0.433847644060448E-03  0.159563514055358E-12

     Lanczos iteration:    779
     alpha(00000779)=  0.000000
     beta (00000779)=  8.018554
     gamma(00000779)=  8.018554
     z1=       1  0.000000000000000E+00  0.000000000000000E+00

     Lanczos iteration:    780
     alpha(00000780)=  0.000000
     beta (00000780)=  8.064325
     gamma(00000780)=  8.064325
     z1=       1 -0.431090046545559E-03  0.180858646189772E-12

     Lanczos iteration:    781
     alpha(00000781)=  0.000000
     beta (00000781)=  8.000759
     gamma(00000781)=  8.000759
     z1=       1  0.000000000000000E+00  0.000000000000000E+00

     Lanczos iteration:    782
     alpha(00000782)=  0.000000
     beta (00000782)=  8.063163
     gamma(00000782)=  8.063163
     z1=       1  0.428092032764510E-03  0.206474505683257E-12

     Lanczos iteration:    783
     alpha(00000783)=  0.000000
     beta (00000783)=  8.032027
     gamma(00000783)=  8.032027
     z1=       1  0.000000000000000E+00  0.000000000000000E+00

     Lanczos iteration:    784
     alpha(00000784)=  0.000000
     beta (00000784)=  8.080285
     gamma(00000784)=  8.080285
     z1=       1 -0.425145450399516E-03  0.234257257223388E-12

     Lanczos iteration:    785
     alpha(00000785)=  0.000000
     beta (00000785)=  8.006215
     gamma(00000785)=  8.006215
     z1=       1  0.000000000000000E+00  0.000000000000000E+00

     Lanczos iteration:    786
     alpha(00000786)=  0.000000
     beta (00000786)=  8.080659
     gamma(00000786)=  8.080659
     z1=       1  0.421673568985567E-03  0.264838491501682E-12

     Lanczos iteration:    787
     alpha(00000787)=  0.000000
     beta (00000787)=  8.019818
     gamma(00000787)=  8.019818
     z1=       1  0.000000000000000E+00  0.000000000000000E+00

     Lanczos iteration:    788
     alpha(00000788)=  0.000000
     beta (00000788)=  8.090174
     gamma(00000788)=  8.090174
     z1=       1 -0.417498095013551E-03  0.297310107870093E-12

     Lanczos iteration:    789
     alpha(00000789)=  0.000000
     beta (00000789)=  8.013918
     gamma(00000789)=  8.013918
     z1=       1  0.000000000000000E+00  0.000000000000000E+00

     Lanczos iteration:    790
     alpha(00000790)=  0.000000
     beta (00000790)=  8.095736
     gamma(00000790)=  8.095736
     z1=       1  0.413852079841711E-03  0.331128760698020E-12

     Lanczos iteration:    791
     alpha(00000791)=  0.000000
     beta (00000791)=  8.027927
     gamma(00000791)=  8.027927
     z1=       1  0.000000000000000E+00  0.000000000000000E+00

     Lanczos iteration:    792
     alpha(00000792)=  0.000000
     beta (00000792)=  8.095820
     gamma(00000792)=  8.095820
     z1=       1 -0.409739639743729E-03  0.363975709378273E-12

     Lanczos iteration:    793
     alpha(00000793)=  0.000000
     beta (00000793)=  8.018330
     gamma(00000793)=  8.018330
     z1=       1  0.000000000000000E+00  0.000000000000000E+00

     Lanczos iteration:    794
     alpha(00000794)=  0.000000
     beta (00000794)=  8.120226
     gamma(00000794)=  8.120226
     z1=       1  0.405307908202627E-03  0.395545115593019E-12

     Lanczos iteration:    795
     alpha(00000795)=  0.000000
     beta (00000795)=  8.035172
     gamma(00000795)=  8.035172
     z1=       1  0.000000000000000E+00  0.000000000000000E+00

     Lanczos iteration:    796
     alpha(00000796)=  0.000000
     beta (00000796)=  8.114509
     gamma(00000796)=  8.114509
     z1=       1 -0.400573330035141E-03  0.420209150313208E-12

     Lanczos iteration:    797
     alpha(00000797)=  0.000000
     beta (00000797)=  8.040338
     gamma(00000797)=  8.040338
     z1=       1  0.000000000000000E+00  0.000000000000000E+00

     Lanczos iteration:    798
     alpha(00000798)=  0.000000
     beta (00000798)=  8.099122
     gamma(00000798)=  8.099122
     z1=       1  0.398491986933047E-03  0.437827194520410E-12

     Lanczos iteration:    799
     alpha(00000799)=  0.000000
     beta (00000799)=  8.058657
     gamma(00000799)=  8.058657
     z1=       1  0.000000000000000E+00  0.000000000000000E+00

     Lanczos iteration:    800
     alpha(00000800)=  0.000000
     beta (00000800)=  8.106914
     gamma(00000800)=  8.106914
     z1=       1 -0.395255164827038E-03  0.446644659850910E-12

     Lanczos iteration:    801
     alpha(00000801)=  0.000000
     beta (00000801)=  8.055323
     gamma(00000801)=  8.055323
     z1=       1  0.000000000000000E+00  0.000000000000000E+00

     Lanczos iteration:    802
     alpha(00000802)=  0.000000
     beta (00000802)=  8.087606
     gamma(00000802)=  8.087606
     z1=       1  0.394570485873282E-03  0.446052229392002E-12

     Lanczos iteration:    803
     alpha(00000803)=  0.000000
     beta (00000803)=  8.052937
     gamma(00000803)=  8.052937
     z1=       1  0.000000000000000E+00  0.000000000000000E+00

     Lanczos iteration:    804
     alpha(00000804)=  0.000000
     beta (00000804)=  8.095465
     gamma(00000804)=  8.095465
     z1=       1 -0.391594950006796E-03  0.439177609330620E-12

     Lanczos iteration:    805
     alpha(00000805)=  0.000000
     beta (00000805)=  8.053776
     gamma(00000805)=  8.053776
     z1=       1  0.000000000000000E+00  0.000000000000000E+00

     Lanczos iteration:    806
     alpha(00000806)=  0.000000
     beta (00000806)=  8.090949
     gamma(00000806)=  8.090949
     z1=       1  0.390703030009587E-03  0.425262734809249E-12

     Lanczos iteration:    807
     alpha(00000807)=  0.000000
     beta (00000807)=  8.058289
     gamma(00000807)=  8.058289
     z1=       1  0.000000000000000E+00  0.000000000000000E+00

     Lanczos iteration:    808
     alpha(00000808)=  0.000000
     beta (00000808)=  8.087636
     gamma(00000808)=  8.087636
     z1=       1 -0.388389041787733E-03  0.404448987205616E-12

     Lanczos iteration:    809
     alpha(00000809)=  0.000000
     beta (00000809)=  8.052259
     gamma(00000809)=  8.052259
     z1=       1  0.000000000000000E+00  0.000000000000000E+00

     Lanczos iteration:    810
     alpha(00000810)=  0.000000
     beta (00000810)=  8.083858
     gamma(00000810)=  8.083858
     z1=       1  0.387750992853738E-03  0.378599987360583E-12

     Lanczos iteration:    811
     alpha(00000811)=  0.000000
     beta (00000811)=  8.048380
     gamma(00000811)=  8.048380
     z1=       1  0.000000000000000E+00  0.000000000000000E+00

     Lanczos iteration:    812
     alpha(00000812)=  0.000000
     beta (00000812)=  8.099754
     gamma(00000812)=  8.099754
     z1=       1 -0.384439061252159E-03  0.348497712068941E-12

     Lanczos iteration:    813
     alpha(00000813)=  0.000000
     beta (00000813)=  8.028705
     gamma(00000813)=  8.028705
     z1=       1  0.000000000000000E+00  0.000000000000000E+00

     Lanczos iteration:    814
     alpha(00000814)=  0.000000
     beta (00000814)=  8.081550
     gamma(00000814)=  8.081550
     z1=       1  0.382750148184698E-03  0.315913917816298E-12

     Lanczos iteration:    815
     alpha(00000815)=  0.000000
     beta (00000815)=  8.055436
     gamma(00000815)=  8.055436
     z1=       1  0.000000000000000E+00  0.000000000000000E+00

     Lanczos iteration:    816
     alpha(00000816)=  0.000000
     beta (00000816)=  8.073195
     gamma(00000816)=  8.073195
     z1=       1 -0.381113171308222E-03  0.281155690367343E-12

     Lanczos iteration:    817
     alpha(00000817)=  0.000000
     beta (00000817)=  8.034300
     gamma(00000817)=  8.034300
     z1=       1  0.000000000000000E+00  0.000000000000000E+00

     Lanczos iteration:    818
     alpha(00000818)=  0.000000
     beta (00000818)=  8.086317
     gamma(00000818)=  8.086317
     z1=       1  0.379426201049742E-03  0.246244972421918E-12

     Lanczos iteration:    819
     alpha(00000819)=  0.000000
     beta (00000819)=  8.019362
     gamma(00000819)=  8.019362
     z1=       1  0.000000000000000E+00  0.000000000000000E+00

     Lanczos iteration:    820
     alpha(00000820)=  0.000000
     beta (00000820)=  8.072822
     gamma(00000820)=  8.072822
     z1=       1 -0.376173815010914E-03  0.212071532807389E-12

     Lanczos iteration:    821
     alpha(00000821)=  0.000000
     beta (00000821)=  8.043054
     gamma(00000821)=  8.043054
     z1=       1  0.000000000000000E+00  0.000000000000000E+00

     Lanczos iteration:    822
     alpha(00000822)=  0.000000
     beta (00000822)=  8.070416
     gamma(00000822)=  8.070416
     z1=       1  0.375623265782792E-03  0.178574862377953E-12

     Lanczos iteration:    823
     alpha(00000823)=  0.000000
     beta (00000823)=  8.018159
     gamma(00000823)=  8.018159
     z1=       1  0.000000000000000E+00  0.000000000000000E+00

     Lanczos iteration:    824
     alpha(00000824)=  0.000000
     beta (00000824)=  8.062720
     gamma(00000824)=  8.062720
     z1=       1 -0.372832225180084E-03  0.146615039536509E-12

     Lanczos iteration:    825
     alpha(00000825)=  0.000000
     beta (00000825)=  8.021540
     gamma(00000825)=  8.021540
     z1=       1  0.000000000000000E+00  0.000000000000000E+00

     Lanczos iteration:    826
     alpha(00000826)=  0.000000
     beta (00000826)=  8.055506
     gamma(00000826)=  8.055506
     z1=       1  0.371983316810311E-03  0.117014948232993E-12

     Lanczos iteration:    827
     alpha(00000827)=  0.000000
     beta (00000827)=  8.029866
     gamma(00000827)=  8.029866
     z1=       1  0.000000000000000E+00  0.000000000000000E+00

     Lanczos iteration:    828
     alpha(00000828)=  0.000000
     beta (00000828)=  8.053807
     gamma(00000828)=  8.053807
     z1=       1 -0.370130131588112E-03  0.889418101184021E-13

     Lanczos iteration:    829
     alpha(00000829)=  0.000000
     beta (00000829)=  8.022328
     gamma(00000829)=  8.022328
     z1=       1  0.000000000000000E+00  0.000000000000000E+00

     Lanczos iteration:    830
     alpha(00000830)=  0.000000
     beta (00000830)=  8.077332
     gamma(00000830)=  8.077332
     z1=       1  0.368394964464851E-03  0.621591091003667E-13

     Lanczos iteration:    831
     alpha(00000831)=  0.000000
     beta (00000831)=  8.027784
     gamma(00000831)=  8.027784
     z1=       1  0.000000000000000E+00  0.000000000000000E+00

     Lanczos iteration:    832
     alpha(00000832)=  0.000000
     beta (00000832)=  8.061192
     gamma(00000832)=  8.061192
     z1=       1 -0.366025092072373E-03  0.353455422205003E-13

     Lanczos iteration:    833
     alpha(00000833)=  0.000000
     beta (00000833)=  8.031078
     gamma(00000833)=  8.031078
     z1=       1  0.000000000000000E+00  0.000000000000000E+00

     Lanczos iteration:    834
     alpha(00000834)=  0.000000
     beta (00000834)=  8.079713
     gamma(00000834)=  8.079713
     z1=       1  0.364733981116048E-03  0.868743734386395E-14

     Lanczos iteration:    835
     alpha(00000835)=  0.000000
     beta (00000835)=  8.026556
     gamma(00000835)=  8.026556
     z1=       1  0.000000000000000E+00  0.000000000000000E+00

     Lanczos iteration:    836
     alpha(00000836)=  0.000000
     beta (00000836)=  8.063729
     gamma(00000836)=  8.063729
     z1=       1 -0.362054086800185E-03 -0.185758143545321E-13

     Lanczos iteration:    837
     alpha(00000837)=  0.000000
     beta (00000837)=  8.019347
     gamma(00000837)=  8.019347
     z1=       1  0.000000000000000E+00  0.000000000000000E+00

     Lanczos iteration:    838
     alpha(00000838)=  0.000000
     beta (00000838)=  8.078619
     gamma(00000838)=  8.078619
     z1=       1  0.360499441408735E-03 -0.464498981434249E-13

     Lanczos iteration:    839
     alpha(00000839)=  0.000000
     beta (00000839)=  8.015910
     gamma(00000839)=  8.015910
     z1=       1  0.000000000000000E+00  0.000000000000000E+00

     Lanczos iteration:    840
     alpha(00000840)=  0.000000
     beta (00000840)=  8.084919
     gamma(00000840)=  8.084919
     z1=       1 -0.356194625757094E-03 -0.754648627007276E-13

     Lanczos iteration:    841
     alpha(00000841)=  0.000000
     beta (00000841)=  8.043875
     gamma(00000841)=  8.043875
     z1=       1  0.000000000000000E+00  0.000000000000000E+00

     Lanczos iteration:    842
     alpha(00000842)=  0.000000
     beta (00000842)=  8.080952
     gamma(00000842)=  8.080952
     z1=       1  0.355933233305603E-03 -0.104759936391724E-12

     Lanczos iteration:    843
     alpha(00000843)=  0.000000
     beta (00000843)=  8.044909
     gamma(00000843)=  8.044909
     z1=       1  0.000000000000000E+00  0.000000000000000E+00

     Lanczos iteration:    844
     alpha(00000844)=  0.000000
     beta (00000844)=  8.100344
     gamma(00000844)=  8.100344
     z1=       1 -0.351978867182198E-03 -0.134092079119349E-12

     Lanczos iteration:    845
     alpha(00000845)=  0.000000
     beta (00000845)=  8.077628
     gamma(00000845)=  8.077628
     z1=       1  0.000000000000000E+00  0.000000000000000E+00

     Lanczos iteration:    846
     alpha(00000846)=  0.000000
     beta (00000846)=  8.089205
     gamma(00000846)=  8.089205
     z1=       1  0.353135405793588E-03 -0.160694221794478E-12

     Lanczos iteration:    847
     alpha(00000847)=  0.000000
     beta (00000847)=  8.079497
     gamma(00000847)=  8.079497
     z1=       1  0.000000000000000E+00  0.000000000000000E+00

     Lanczos iteration:    848
     alpha(00000848)=  0.000000
     beta (00000848)=  8.118877
     gamma(00000848)=  8.118877
     z1=       1 -0.349658209679397E-03 -0.183475719373340E-12

     Lanczos iteration:    849
     alpha(00000849)=  0.000000
     beta (00000849)=  8.092956
     gamma(00000849)=  8.092956
     z1=       1  0.000000000000000E+00  0.000000000000000E+00

     Lanczos iteration:    850
     alpha(00000850)=  0.000000
     beta (00000850)=  8.115515
     gamma(00000850)=  8.115515
     z1=       1  0.350512271153060E-03 -0.198814818053236E-12

     Lanczos iteration:    851
     alpha(00000851)=  0.000000
     beta (00000851)=  8.108805
     gamma(00000851)=  8.108805
     z1=       1  0.000000000000000E+00  0.000000000000000E+00

     Lanczos iteration:    852
     alpha(00000852)=  0.000000
     beta (00000852)=  8.115933
     gamma(00000852)=  8.115933
     z1=       1 -0.348389780172128E-03 -0.204979908603173E-12

     Lanczos iteration:    853
     alpha(00000853)=  0.000000
     beta (00000853)=  8.070497
     gamma(00000853)=  8.070497
     z1=       1  0.000000000000000E+00  0.000000000000000E+00

     Lanczos iteration:    854
     alpha(00000854)=  0.000000
     beta (00000854)=  8.132769
     gamma(00000854)=  8.132769
     z1=       1  0.347457608708448E-03 -0.203529169366782E-12

     Lanczos iteration:    855
     alpha(00000855)=  0.000000
     beta (00000855)=  8.083165
     gamma(00000855)=  8.083165
     z1=       1  0.000000000000000E+00  0.000000000000000E+00

     Lanczos iteration:    856
     alpha(00000856)=  0.000000
     beta (00000856)=  8.103841
     gamma(00000856)=  8.103841
     z1=       1 -0.344967377426756E-03 -0.194069079167491E-12

     Lanczos iteration:    857
     alpha(00000857)=  0.000000
     beta (00000857)=  8.057475
     gamma(00000857)=  8.057475
     z1=       1  0.000000000000000E+00  0.000000000000000E+00

     Lanczos iteration:    858
     alpha(00000858)=  0.000000
     beta (00000858)=  8.097301
     gamma(00000858)=  8.097301
     z1=       1  0.344701794466113E-03 -0.180499963146418E-12

     Lanczos iteration:    859
     alpha(00000859)=  0.000000
     beta (00000859)=  8.048081
     gamma(00000859)=  8.048081
     z1=       1  0.000000000000000E+00  0.000000000000000E+00

     Lanczos iteration:    860
     alpha(00000860)=  0.000000
     beta (00000860)=  8.087288
     gamma(00000860)=  8.087288
     z1=       1 -0.341787080321737E-03 -0.165094197466049E-12

     Lanczos iteration:    861
     alpha(00000861)=  0.000000
     beta (00000861)=  8.042343
     gamma(00000861)=  8.042343
     z1=       1  0.000000000000000E+00  0.000000000000000E+00

     Lanczos iteration:    862
     alpha(00000862)=  0.000000
     beta (00000862)=  8.084938
     gamma(00000862)=  8.084938
     z1=       1  0.341044451248832E-03 -0.149034551001933E-12

     Lanczos iteration:    863
     alpha(00000863)=  0.000000
     beta (00000863)=  8.039950
     gamma(00000863)=  8.039950
     z1=       1  0.000000000000000E+00  0.000000000000000E+00

     Lanczos iteration:    864
     alpha(00000864)=  0.000000
     beta (00000864)=  8.056516
     gamma(00000864)=  8.056516
     z1=       1 -0.339463377923291E-03 -0.133355754068579E-12

     Lanczos iteration:    865
     alpha(00000865)=  0.000000
     beta (00000865)=  8.040094
     gamma(00000865)=  8.040094
     z1=       1  0.000000000000000E+00  0.000000000000000E+00

     Lanczos iteration:    866
     alpha(00000866)=  0.000000
     beta (00000866)=  8.069622
     gamma(00000866)=  8.069622
     z1=       1  0.338935790122572E-03 -0.119124637682410E-12

     Lanczos iteration:    867
     alpha(00000867)=  0.000000
     beta (00000867)=  8.027149
     gamma(00000867)=  8.027149
     z1=       1  0.000000000000000E+00  0.000000000000000E+00

     Lanczos iteration:    868
     alpha(00000868)=  0.000000
     beta (00000868)=  8.059083
     gamma(00000868)=  8.059083
     z1=       1 -0.337030976561855E-03 -0.106407666853040E-12

     Lanczos iteration:    869
     alpha(00000869)=  0.000000
     beta (00000869)=  8.021035
     gamma(00000869)=  8.021035
     z1=       1  0.000000000000000E+00  0.000000000000000E+00

     Lanczos iteration:    870
     alpha(00000870)=  0.000000
     beta (00000870)=  8.049531
     gamma(00000870)=  8.049531
     z1=       1  0.336265046298169E-03 -0.957939341446864E-13

     Lanczos iteration:    871
     alpha(00000871)=  0.000000
     beta (00000871)=  8.018862
     gamma(00000871)=  8.018862
     z1=       1  0.000000000000000E+00  0.000000000000000E+00

     Lanczos iteration:    872
     alpha(00000872)=  0.000000
     beta (00000872)=  8.058306
     gamma(00000872)=  8.058306
     z1=       1 -0.334313905728405E-03 -0.876472484471454E-13

     Lanczos iteration:    873
     alpha(00000873)=  0.000000
     beta (00000873)=  8.021780
     gamma(00000873)=  8.021780
     z1=       1  0.000000000000000E+00  0.000000000000000E+00

     Lanczos iteration:    874
     alpha(00000874)=  0.000000
     beta (00000874)=  8.060798
     gamma(00000874)=  8.060798
     z1=       1  0.332893187497072E-03 -0.811178799783800E-13

     Lanczos iteration:    875
     alpha(00000875)=  0.000000
     beta (00000875)=  8.013634
     gamma(00000875)=  8.013634
     z1=       1  0.000000000000000E+00  0.000000000000000E+00

     Lanczos iteration:    876
     alpha(00000876)=  0.000000
     beta (00000876)=  8.060807
     gamma(00000876)=  8.060807
     z1=       1 -0.330848057922391E-03 -0.763902986441161E-13

     Lanczos iteration:    877
     alpha(00000877)=  0.000000
     beta (00000877)=  8.038767
     gamma(00000877)=  8.038767
     z1=       1  0.000000000000000E+00  0.000000000000000E+00

     Lanczos iteration:    878
     alpha(00000878)=  0.000000
     beta (00000878)=  8.053927
     gamma(00000878)=  8.053927
     z1=       1  0.330229082634562E-03 -0.725226048202792E-13

     Lanczos iteration:    879
     alpha(00000879)=  0.000000
     beta (00000879)=  8.028702
     gamma(00000879)=  8.028702
     z1=       1  0.000000000000000E+00  0.000000000000000E+00

     Lanczos iteration:    880
     alpha(00000880)=  0.000000
     beta (00000880)=  8.048612
     gamma(00000880)=  8.048612
     z1=       1 -0.329498246169800E-03 -0.699348192668104E-13

     Lanczos iteration:    881
     alpha(00000881)=  0.000000
     beta (00000881)=  8.035377
     gamma(00000881)=  8.035377
     z1=       1  0.000000000000000E+00  0.000000000000000E+00

     Lanczos iteration:    882
     alpha(00000882)=  0.000000
     beta (00000882)=  8.048900
     gamma(00000882)=  8.048900
     z1=       1  0.328772006698403E-03 -0.683312606386329E-13

     Lanczos iteration:    883
     alpha(00000883)=  0.000000
     beta (00000883)=  8.026045
     gamma(00000883)=  8.026045
     z1=       1  0.000000000000000E+00  0.000000000000000E+00

     Lanczos iteration:    884
     alpha(00000884)=  0.000000
     beta (00000884)=  8.056902
     gamma(00000884)=  8.056902
     z1=       1 -0.327773508383895E-03 -0.680213403111901E-13

     Lanczos iteration:    885
     alpha(00000885)=  0.000000
     beta (00000885)=  8.031779
     gamma(00000885)=  8.031779
     z1=       1  0.000000000000000E+00  0.000000000000000E+00

     Lanczos iteration:    886
     alpha(00000886)=  0.000000
     beta (00000886)=  8.046259
     gamma(00000886)=  8.046259
     z1=       1  0.326835171336328E-03 -0.684862989988134E-13

     Lanczos iteration:    887
     alpha(00000887)=  0.000000
     beta (00000887)=  8.017313
     gamma(00000887)=  8.017313
     z1=       1  0.000000000000000E+00  0.000000000000000E+00

     Lanczos iteration:    888
     alpha(00000888)=  0.000000
     beta (00000888)=  8.049436
     gamma(00000888)=  8.049436
     z1=       1 -0.325973302287911E-03 -0.705544074046178E-13

     Lanczos iteration:    889
     alpha(00000889)=  0.000000
     beta (00000889)=  8.031981
     gamma(00000889)=  8.031981
     z1=       1  0.000000000000000E+00  0.000000000000000E+00

     Lanczos iteration:    890
     alpha(00000890)=  0.000000
     beta (00000890)=  8.055068
     gamma(00000890)=  8.055068
     z1=       1  0.324498988973745E-03 -0.735170877721378E-13

     Lanczos iteration:    891
     alpha(00000891)=  0.000000
     beta (00000891)=  8.009455
     gamma(00000891)=  8.009455
     z1=       1  0.000000000000000E+00  0.000000000000000E+00

     Lanczos iteration:    892
     alpha(00000892)=  0.000000
     beta (00000892)=  8.050135
     gamma(00000892)=  8.050135
     z1=       1 -0.323508069948672E-03 -0.780860164518093E-13

     Lanczos iteration:    893
     alpha(00000893)=  0.000000
     beta (00000893)=  8.029781
     gamma(00000893)=  8.029781
     z1=       1  0.000000000000000E+00  0.000000000000000E+00

     Lanczos iteration:    894
     alpha(00000894)=  0.000000
     beta (00000894)=  8.049328
     gamma(00000894)=  8.049328
     z1=       1  0.321955710397798E-03 -0.837426347528952E-13

     Lanczos iteration:    895
     alpha(00000895)=  0.000000
     beta (00000895)=  8.016142
     gamma(00000895)=  8.016142
     z1=       1  0.000000000000000E+00  0.000000000000000E+00

     Lanczos iteration:    896
     alpha(00000896)=  0.000000
     beta (00000896)=  8.061282
     gamma(00000896)=  8.061282
     z1=       1 -0.321052809534291E-03 -0.909965829599751E-13

     Lanczos iteration:    897
     alpha(00000897)=  0.000000
     beta (00000897)=  8.025682
     gamma(00000897)=  8.025682
     z1=       1  0.000000000000000E+00  0.000000000000000E+00

     Lanczos iteration:    898
     alpha(00000898)=  0.000000
     beta (00000898)=  8.060623
     gamma(00000898)=  8.060623
     z1=       1  0.318617436303941E-03 -0.990281604865195E-13

     Lanczos iteration:    899
     alpha(00000899)=  0.000000
     beta (00000899)=  8.054159
     gamma(00000899)=  8.054159
     z1=       1  0.000000000000000E+00  0.000000000000000E+00

     Lanczos iteration:    900
     alpha(00000900)=  0.000000
     beta (00000900)=  8.088790
     gamma(00000900)=  8.088790
     z1=       1 -0.318448474648011E-03 -0.106684470833417E-12

     Lanczos iteration:    901
     alpha(00000901)=  0.000000
     beta (00000901)=  8.045162
     gamma(00000901)=  8.045162
     z1=       1  0.000000000000000E+00  0.000000000000000E+00

     Lanczos iteration:    902
     alpha(00000902)=  0.000000
     beta (00000902)=  8.089040
     gamma(00000902)=  8.089040
     z1=       1  0.315388917897709E-03 -0.112485185782739E-12

     Lanczos iteration:    903
     alpha(00000903)=  0.000000
     beta (00000903)=  8.057352
     gamma(00000903)=  8.057352
     z1=       1  0.000000000000000E+00  0.000000000000000E+00

     Lanczos iteration:    904
     alpha(00000904)=  0.000000
     beta (00000904)=  8.130365
     gamma(00000904)=  8.130365
     z1=       1 -0.314003795692559E-03 -0.115647362631816E-12

     Lanczos iteration:    905
     alpha(00000905)=  0.000000
     beta (00000905)=  8.058461
     gamma(00000905)=  8.058461
     z1=       1  0.000000000000000E+00  0.000000000000000E+00

     Lanczos iteration:    906
     alpha(00000906)=  0.000000
     beta (00000906)=  8.108273
     gamma(00000906)=  8.108273
     z1=       1  0.310555511598430E-03 -0.114086600451063E-12

     Lanczos iteration:    907
     alpha(00000907)=  0.000000
     beta (00000907)=  8.063533
     gamma(00000907)=  8.063533
     z1=       1  0.000000000000000E+00  0.000000000000000E+00

     Lanczos iteration:    908
     alpha(00000908)=  0.000000
     beta (00000908)=  8.108052
     gamma(00000908)=  8.108052
     z1=       1 -0.310396249609790E-03 -0.108871956773939E-12

     Lanczos iteration:    909
     alpha(00000909)=  0.000000
     beta (00000909)=  8.039962
     gamma(00000909)=  8.039962
     z1=       1  0.000000000000000E+00  0.000000000000000E+00

     Lanczos iteration:    910
     alpha(00000910)=  0.000000
     beta (00000910)=  8.086259
     gamma(00000910)=  8.086259
     z1=       1  0.307089646015849E-03 -0.100949784112121E-12

     Lanczos iteration:    911
     alpha(00000911)=  0.000000
     beta (00000911)=  8.042705
     gamma(00000911)=  8.042705
     z1=       1  0.000000000000000E+00  0.000000000000000E+00

     Lanczos iteration:    912
     alpha(00000912)=  0.000000
     beta (00000912)=  8.103811
     gamma(00000912)=  8.103811
     z1=       1 -0.306264947983440E-03 -0.916466106528810E-13

     Lanczos iteration:    913
     alpha(00000913)=  0.000000
     beta (00000913)=  8.031424
     gamma(00000913)=  8.031424
     z1=       1  0.000000000000000E+00  0.000000000000000E+00

     Lanczos iteration:    914
     alpha(00000914)=  0.000000
     beta (00000914)=  8.079032
     gamma(00000914)=  8.079032
     z1=       1  0.303021458061316E-03 -0.806976282651101E-13

     Lanczos iteration:    915
     alpha(00000915)=  0.000000
     beta (00000915)=  8.015405
     gamma(00000915)=  8.015405
     z1=       1  0.000000000000000E+00  0.000000000000000E+00

     Lanczos iteration:    916
     alpha(00000916)=  0.000000
     beta (00000916)=  8.098870
     gamma(00000916)=  8.098870
     z1=       1 -0.301275272445971E-03 -0.697473746091004E-13

     Lanczos iteration:    917
     alpha(00000917)=  0.000000
     beta (00000917)=  8.012000
     gamma(00000917)=  8.012000
     z1=       1  0.000000000000000E+00  0.000000000000000E+00

     Lanczos iteration:    918
     alpha(00000918)=  0.000000
     beta (00000918)=  8.083426
     gamma(00000918)=  8.083426
     z1=       1  0.297291718550814E-03 -0.582381314609216E-13

     Lanczos iteration:    919
     alpha(00000919)=  0.000000
     beta (00000919)=  8.030375
     gamma(00000919)=  8.030375
     z1=       1  0.000000000000000E+00  0.000000000000000E+00

     Lanczos iteration:    920
     alpha(00000920)=  0.000000
     beta (00000920)=  8.076706
     gamma(00000920)=  8.076706
     z1=       1 -0.296856905187558E-03 -0.465383031987885E-13

     Lanczos iteration:    921
     alpha(00000921)=  0.000000
     beta (00000921)=  8.039627
     gamma(00000921)=  8.039627
     z1=       1  0.000000000000000E+00  0.000000000000000E+00

     Lanczos iteration:    922
     alpha(00000922)=  0.000000
     beta (00000922)=  8.075514
     gamma(00000922)=  8.075514
     z1=       1  0.294320297416208E-03 -0.341578604734241E-13

     Lanczos iteration:    923
     alpha(00000923)=  0.000000
     beta (00000923)=  8.041210
     gamma(00000923)=  8.041210
     z1=       1  0.000000000000000E+00  0.000000000000000E+00

     Lanczos iteration:    924
     alpha(00000924)=  0.000000
     beta (00000924)=  8.098856
     gamma(00000924)=  8.098856
     z1=       1 -0.293383473458575E-03 -0.213195790201886E-13

     Lanczos iteration:    925
     alpha(00000925)=  0.000000
     beta (00000925)=  8.027945
     gamma(00000925)=  8.027945
     z1=       1  0.000000000000000E+00  0.000000000000000E+00

     Lanczos iteration:    926
     alpha(00000926)=  0.000000
     beta (00000926)=  8.082986
     gamma(00000926)=  8.082986
     z1=       1  0.290292326930547E-03 -0.765386403727163E-14

     Lanczos iteration:    927
     alpha(00000927)=  0.000000
     beta (00000927)=  8.060674
     gamma(00000927)=  8.060674
     z1=       1  0.000000000000000E+00  0.000000000000000E+00

     Lanczos iteration:    928
     alpha(00000928)=  0.000000
     beta (00000928)=  8.056162
     gamma(00000928)=  8.056162
     z1=       1 -0.291476473087596E-03  0.637241467691716E-14

     Lanczos iteration:    929
     alpha(00000929)=  0.000000
     beta (00000929)=  8.044865
     gamma(00000929)=  8.044865
     z1=       1  0.000000000000000E+00  0.000000000000000E+00

     Lanczos iteration:    930
     alpha(00000930)=  0.000000
     beta (00000930)=  8.086484
     gamma(00000930)=  8.086484
     z1=       1  0.289036857772272E-03  0.209649811493948E-13

     Lanczos iteration:    931
     alpha(00000931)=  0.000000
     beta (00000931)=  8.040168
     gamma(00000931)=  8.040168
     z1=       1  0.000000000000000E+00  0.000000000000000E+00

     Lanczos iteration:    932
     alpha(00000932)=  0.000000
     beta (00000932)=  8.081231
     gamma(00000932)=  8.081231
     z1=       1 -0.288423715495345E-03  0.357043886834955E-13

     Lanczos iteration:    933
     alpha(00000933)=  0.000000
     beta (00000933)=  8.046187
     gamma(00000933)=  8.046187
     z1=       1  0.000000000000000E+00  0.000000000000000E+00

     Lanczos iteration:    934
     alpha(00000934)=  0.000000
     beta (00000934)=  8.068634
     gamma(00000934)=  8.068634
     z1=       1  0.286854105700642E-03  0.508125117903538E-13

     Lanczos iteration:    935
     alpha(00000935)=  0.000000
     beta (00000935)=  8.028525
     gamma(00000935)=  8.028525
     z1=       1  0.000000000000000E+00  0.000000000000000E+00

     Lanczos iteration:    936
     alpha(00000936)=  0.000000
     beta (00000936)=  8.086297
     gamma(00000936)=  8.086297
     z1=       1 -0.285478673550749E-03  0.663226401975647E-13

     Lanczos iteration:    937
     alpha(00000937)=  0.000000
     beta (00000937)=  8.018879
     gamma(00000937)=  8.018879
     z1=       1  0.000000000000000E+00  0.000000000000000E+00

     Lanczos iteration:    938
     alpha(00000938)=  0.000000
     beta (00000938)=  8.070977
     gamma(00000938)=  8.070977
     z1=       1  0.283050989770484E-03  0.826483890340474E-13

     Lanczos iteration:    939
     alpha(00000939)=  0.000000
     beta (00000939)=  8.012185
     gamma(00000939)=  8.012185
     z1=       1  0.000000000000000E+00  0.000000000000000E+00

     Lanczos iteration:    940
     alpha(00000940)=  0.000000
     beta (00000940)=  8.063897
     gamma(00000940)=  8.063897
     z1=       1 -0.281737625056139E-03  0.100418796100576E-12

     Lanczos iteration:    941
     alpha(00000941)=  0.000000
     beta (00000941)=  8.010314
     gamma(00000941)=  8.010314
     z1=       1  0.000000000000000E+00  0.000000000000000E+00

     Lanczos iteration:    942
     alpha(00000942)=  0.000000
     beta (00000942)=  8.041116
     gamma(00000942)=  8.041116
     z1=       1  0.280234086355724E-03  0.120854598840118E-12

     Lanczos iteration:    943
     alpha(00000943)=  0.000000
     beta (00000943)=  8.000095
     gamma(00000943)=  8.000095
     z1=       1  0.000000000000000E+00  0.000000000000000E+00

     Lanczos iteration:    944
     alpha(00000944)=  0.000000
     beta (00000944)=  8.050427
     gamma(00000944)=  8.050427
     z1=       1 -0.278841867102116E-03  0.145490126865531E-12

     Lanczos iteration:    945
     alpha(00000945)=  0.000000
     beta (00000945)=  8.000071
     gamma(00000945)=  8.000071
     z1=       1  0.000000000000000E+00  0.000000000000000E+00

     Lanczos iteration:    946
     alpha(00000946)=  0.000000
     beta (00000946)=  8.051750
     gamma(00000946)=  8.051750
     z1=       1  0.276746242111558E-03  0.175006780427120E-12

     Lanczos iteration:    947
     alpha(00000947)=  0.000000
     beta (00000947)=  8.003726
     gamma(00000947)=  8.003726
     z1=       1  0.000000000000000E+00  0.000000000000000E+00

     Lanczos iteration:    948
     alpha(00000948)=  0.000000
     beta (00000948)=  8.050376
     gamma(00000948)=  8.050376
     z1=       1 -0.275403694860704E-03  0.209815717238116E-12

     Lanczos iteration:    949
     alpha(00000949)=  0.000000
     beta (00000949)=  8.005835
     gamma(00000949)=  8.005835
     z1=       1  0.000000000000000E+00  0.000000000000000E+00

     Lanczos iteration:    950
     alpha(00000950)=  0.000000
     beta (00000950)=  8.063121
     gamma(00000950)=  8.063121
     z1=       1  0.273225085364800E-03  0.250593671582925E-12

     Lanczos iteration:    951
     alpha(00000951)=  0.000000
     beta (00000951)=  8.001627
     gamma(00000951)=  8.001627
     z1=       1  0.000000000000000E+00  0.000000000000000E+00

     Lanczos iteration:    952
     alpha(00000952)=  0.000000
     beta (00000952)=  8.050193
     gamma(00000952)=  8.050193
     z1=       1 -0.271767196086716E-03  0.297968769090274E-12

     Lanczos iteration:    953
     alpha(00000953)=  0.000000
     beta (00000953)=  8.004987
     gamma(00000953)=  8.004987
     z1=       1  0.000000000000000E+00  0.000000000000000E+00

     Lanczos iteration:    954
     alpha(00000954)=  0.000000
     beta (00000954)=  8.060095
     gamma(00000954)=  8.060095
     z1=       1  0.269746327525363E-03  0.354023665593382E-12

     Lanczos iteration:    955
     alpha(00000955)=  0.000000
     beta (00000955)=  8.012511
     gamma(00000955)=  8.012511
     z1=       1  0.000000000000000E+00  0.000000000000000E+00

     Lanczos iteration:    956
     alpha(00000956)=  0.000000
     beta (00000956)=  8.040574
     gamma(00000956)=  8.040574
     z1=       1 -0.268945812799504E-03  0.418759239142898E-12

     Lanczos iteration:    957
     alpha(00000957)=  0.000000
     beta (00000957)=  8.015384
     gamma(00000957)=  8.015384
     z1=       1  0.000000000000000E+00  0.000000000000000E+00

     Lanczos iteration:    958
     alpha(00000958)=  0.000000
     beta (00000958)=  8.055916
     gamma(00000958)=  8.055916
     z1=       1  0.267473645505523E-03  0.495091627697888E-12

     Lanczos iteration:    959
     alpha(00000959)=  0.000000
     beta (00000959)=  8.027674
     gamma(00000959)=  8.027674
     z1=       1  0.000000000000000E+00  0.000000000000000E+00

     Lanczos iteration:    960
     alpha(00000960)=  0.000000
     beta (00000960)=  8.061140
     gamma(00000960)=  8.061140
     z1=       1 -0.266466661302539E-03  0.579289772260910E-12

     Lanczos iteration:    961
     alpha(00000961)=  0.000000
     beta (00000961)=  8.007477
     gamma(00000961)=  8.007477
     z1=       1  0.000000000000000E+00  0.000000000000000E+00

     Lanczos iteration:    962
     alpha(00000962)=  0.000000
     beta (00000962)=  8.075477
     gamma(00000962)=  8.075477
     z1=       1  0.264136986740199E-03  0.674473744992372E-12

     Lanczos iteration:    963
     alpha(00000963)=  0.000000
     beta (00000963)=  8.023207
     gamma(00000963)=  8.023207
     z1=       1  0.000000000000000E+00  0.000000000000000E+00

     Lanczos iteration:    964
     alpha(00000964)=  0.000000
     beta (00000964)=  8.070226
     gamma(00000964)=  8.070226
     z1=       1 -0.262670728024576E-03  0.776576015086362E-12

     Lanczos iteration:    965
     alpha(00000965)=  0.000000
     beta (00000965)=  7.998051
     gamma(00000965)=  7.998051
     z1=       1  0.000000000000000E+00  0.000000000000000E+00

     Lanczos iteration:    966
     alpha(00000966)=  0.000000
     beta (00000966)=  8.050057
     gamma(00000966)=  8.050057
     z1=       1  0.260917388241566E-03  0.896893105185725E-12

     Lanczos iteration:    967
     alpha(00000967)=  0.000000
     beta (00000967)=  8.014690
     gamma(00000967)=  8.014690
     z1=       1  0.000000000000000E+00  0.000000000000000E+00

     Lanczos iteration:    968
     alpha(00000968)=  0.000000
     beta (00000968)=  8.056318
     gamma(00000968)=  8.056318
     z1=       1 -0.259614580758689E-03  0.104023943847475E-11

     Lanczos iteration:    969
     alpha(00000969)=  0.000000
     beta (00000969)=  7.996925
     gamma(00000969)=  7.996925
     z1=       1  0.000000000000000E+00  0.000000000000000E+00

     Lanczos iteration:    970
     alpha(00000970)=  0.000000
     beta (00000970)=  8.058871
     gamma(00000970)=  8.058871
     z1=       1  0.257586426894720E-03  0.121324972990195E-11

     Lanczos iteration:    971
     alpha(00000971)=  0.000000
     beta (00000971)=  8.003690
     gamma(00000971)=  8.003690
     z1=       1  0.000000000000000E+00  0.000000000000000E+00

     Lanczos iteration:    972
     alpha(00000972)=  0.000000
     beta (00000972)=  8.082624
     gamma(00000972)=  8.082624
     z1=       1 -0.255093775294422E-03  0.141438996686327E-11

     Lanczos iteration:    973
     alpha(00000973)=  0.000000
     beta (00000973)=  8.008176
     gamma(00000973)=  8.008176
     z1=       1  0.000000000000000E+00  0.000000000000000E+00

     Lanczos iteration:    974
     alpha(00000974)=  0.000000
     beta (00000974)=  8.062872
     gamma(00000974)=  8.062872
     z1=       1  0.253352120531754E-03  0.163715250443256E-11

     Lanczos iteration:    975
     alpha(00000975)=  0.000000
     beta (00000975)=  7.999099
     gamma(00000975)=  7.999099
     z1=       1  0.000000000000000E+00  0.000000000000000E+00

     Lanczos iteration:    976
     alpha(00000976)=  0.000000
     beta (00000976)=  8.076279
     gamma(00000976)=  8.076279
     z1=       1 -0.250933173756377E-03  0.189807387092378E-11

     Lanczos iteration:    977
     alpha(00000977)=  0.000000
     beta (00000977)=  7.978757
     gamma(00000977)=  7.978757
     z1=       1  0.000000000000000E+00  0.000000000000000E+00

     Lanczos iteration:    978
     alpha(00000978)=  0.000000
     beta (00000978)=  8.054352
     gamma(00000978)=  8.054352
     z1=       1  0.248587034045933E-03  0.221751108185440E-11

     Lanczos iteration:    979
     alpha(00000979)=  0.000000
     beta (00000979)=  7.991159
     gamma(00000979)=  7.991159
     z1=       1  0.000000000000000E+00  0.000000000000000E+00

     Lanczos iteration:    980
     alpha(00000980)=  0.000000
     beta (00000980)=  8.072983
     gamma(00000980)=  8.072983
     z1=       1 -0.246048357330850E-03  0.261037128303589E-11

     Lanczos iteration:    981
     alpha(00000981)=  0.000000
     beta (00000981)=  7.980564
     gamma(00000981)=  7.980564
     z1=       1  0.000000000000000E+00  0.000000000000000E+00

     Lanczos iteration:    982
     alpha(00000982)=  0.000000
     beta (00000982)=  8.071360
     gamma(00000982)=  8.071360
     z1=       1  0.243312064920974E-03  0.308076136626146E-11

     Lanczos iteration:    983
     alpha(00000983)=  0.000000
     beta (00000983)=  8.005247
     gamma(00000983)=  8.005247
     z1=       1  0.000000000000000E+00  0.000000000000000E+00

     Lanczos iteration:    984
     alpha(00000984)=  0.000000
     beta (00000984)=  8.072190
     gamma(00000984)=  8.072190
     z1=       1 -0.241250821621326E-03  0.361716536457713E-11

     Lanczos iteration:    985
     alpha(00000985)=  0.000000
     beta (00000985)=  8.044110
     gamma(00000985)=  8.044110
     z1=       1  0.000000000000000E+00  0.000000000000000E+00

     Lanczos iteration:    986
     alpha(00000986)=  0.000000
     beta (00000986)=  8.100440
     gamma(00000986)=  8.100440
     z1=       1  0.239630990842167E-03  0.415123959543885E-11

     Lanczos iteration:    987
     alpha(00000987)=  0.000000
     beta (00000987)=  8.032558
     gamma(00000987)=  8.032558
     z1=       1  0.000000000000000E+00  0.000000000000000E+00

     Lanczos iteration:    988
     alpha(00000988)=  0.000000
     beta (00000988)=  8.111568
     gamma(00000988)=  8.111568
     z1=       1 -0.237227916549138E-03  0.463600908567217E-11

     Lanczos iteration:    989
     alpha(00000989)=  0.000000
     beta (00000989)=  8.049376
     gamma(00000989)=  8.049376
     z1=       1  0.000000000000000E+00  0.000000000000000E+00

     Lanczos iteration:    990
     alpha(00000990)=  0.000000
     beta (00000990)=  8.130923
     gamma(00000990)=  8.130923
     z1=       1  0.234931271580004E-03  0.501176325113634E-11

     Lanczos iteration:    991
     alpha(00000991)=  0.000000
     beta (00000991)=  8.065415
     gamma(00000991)=  8.065415
     z1=       1  0.000000000000000E+00  0.000000000000000E+00

     Lanczos iteration:    992
     alpha(00000992)=  0.000000
     beta (00000992)=  8.129913
     gamma(00000992)=  8.129913
     z1=       1 -0.232977207120457E-03  0.519577293458556E-11

     Lanczos iteration:    993
     alpha(00000993)=  0.000000
     beta (00000993)=  8.085012
     gamma(00000993)=  8.085012
     z1=       1  0.000000000000000E+00  0.000000000000000E+00

     Lanczos iteration:    994
     alpha(00000994)=  0.000000
     beta (00000994)=  8.151322
     gamma(00000994)=  8.151322
     z1=       1  0.231179908972694E-03  0.512263165747940E-11

     Lanczos iteration:    995
     alpha(00000995)=  0.000000
     beta (00000995)=  8.067526
     gamma(00000995)=  8.067526
     z1=       1  0.000000000000000E+00  0.000000000000000E+00

     Lanczos iteration:    996
     alpha(00000996)=  0.000000
     beta (00000996)=  8.139285
     gamma(00000996)=  8.139285
     z1=       1 -0.229044570336939E-03  0.478304778669479E-11

     Lanczos iteration:    997
     alpha(00000997)=  0.000000
     beta (00000997)=  8.087273
     gamma(00000997)=  8.087273
     z1=       1  0.000000000000000E+00  0.000000000000000E+00

     Lanczos iteration:    998
     alpha(00000998)=  0.000000
     beta (00000998)=  8.122197
     gamma(00000998)=  8.122197
     z1=       1  0.228155308048952E-03  0.420232564281572E-11

     Lanczos iteration:    999
     alpha(00000999)=  0.000000
     beta (00000999)=  8.055107
     gamma(00000999)=  8.055107
     z1=       1  0.000000000000000E+00  0.000000000000000E+00

     Lanczos iteration:   1000
     alpha(00001000)=  0.000000
     beta (00001000)=  8.106017
     gamma(00001000)=  8.106017
     z1=       1 -0.226636233057789E-03  0.347975961890689E-11
     End of Lanczos iterations

     Finished linear response calculation...
 
     lr_eels_main :     85.54s CPU    101.41s WALL (       1 calls)
     one_step     :     80.19s CPU     95.17s WALL (     250 calls)
 
     lr_apply     :     79.35s CPU     94.26s WALL (     250 calls)
     lr_apply_int :     58.18s CPU     69.00s WALL (     125 calls)
     lr_apply_no  :     21.08s CPU     25.16s WALL (     125 calls)
 
     h_psi        :     40.94s CPU     48.58s WALL (  152322 calls)
     lr_calc_dens :     18.81s CPU     22.29s WALL (     125 calls)
     incdrhoscf   :     18.23s CPU     21.62s WALL (   68750 calls)
     lr_dv_setup  :      0.00s CPU      0.00s WALL (       1 calls)
     dv_of_drho   :      0.03s CPU      0.03s WALL (     125 calls)
     lr_dot       :      0.21s CPU      0.23s WALL (     375 calls)
     ortho        :      1.04s CPU      1.24s WALL (   68750 calls)
 
 
     US routines
     lr_sm1_psi   :      0.19s CPU      0.22s WALL (  137500 calls)
 
     General routines
     calbec       :      2.03s CPU      2.44s WALL (  152322 calls)
     fft          :      0.03s CPU      0.04s WALL (     381 calls)
     fftw         :     67.96s CPU     80.78s WALL ( 2310988 calls)
     interpolate  :      0.00s CPU      0.00s WALL (     250 calls)
     davcio       :      1.27s CPU      1.52s WALL (  346080 calls)
 
     Parallel routines
 
     EELS routines
     lr_run_nscf  :      5.19s CPU      6.04s WALL (       1 calls)
     lr_setup_nsc :      0.00s CPU      0.00s WALL (       1 calls)
     lr_calc_dens :     18.81s CPU     22.29s WALL (     125 calls)
     lr_sym_eels  :      0.17s CPU      0.18s WALL (     125 calls)
     lr_psym_eels :      0.18s CPU      0.19s WALL (     125 calls)
     lr_smallgq   :      0.00s CPU      0.00s WALL (       1 calls)
     lr_summary   :      0.00s CPU      0.00s WALL (       1 calls)
 
 
     turboEELS    :   1m25.54s CPU   1m41.42s WALL

 
   This run was terminated on:  13: 1:58  20Apr2021            

=------------------------------------------------------------------------------=
   JOB DONE.
=------------------------------------------------------------------------------=
