
     Program turboEELS v.6.7MaX starts on 20Apr2021 at 12:49:46 

     This program is part of the open-source Quantum ESPRESSO suite
     for quantum simulation of materials; please cite
         "P. Giannozzi et al., J. Phys.:Condens. Matter 21 395502 (2009);
         "P. Giannozzi et al., J. Phys.:Condens. Matter 29 465901 (2017);
          URL http://www.quantum-espresso.org", 
     in publications or presentations arising from this work. More details at
     http://www.quantum-espresso.org/quote

     Parallel version (MPI), running on     8 processors

     MPI processes distributed on     1 nodes
     R & G space division:  proc/nbgrp/npool/nimage =       8

     Reading xml data from directory:

     ./tmp/silicon.save/

     IMPORTANT: XC functional enforced from input :
     Exchange-correlation= PZ
                           (   1   1   0   0   0   0   0)
     Any further DFT definition will be discarded
     Please, verify this is what you really want

 
     Parallelization info
     --------------------
     sticks:   dense  smooth     PW     G-vecs:    dense   smooth      PW
     Min          29      29     10                  284      284      66
     Max          30      30     11                  285      285      69
     Sum         235     235     85                 2277     2277     537
 
     Reading collected, re-writing distributed wavefunctions

     Subspace diagonalization in iterative solution of the eigenvalue problem:
     a serial algorithm will be used


     --------------------------------------------------------------------------

     Please cite this project as:

     I. Timrov, N. Vast, R. Gebauer, and S. Baroni,
     Electron energy loss and inelastic x-ray scattering cross sections
     from time-dependent density-functional perturbation theory
     Phys. Rev. B 88, 064301 (2013); ibid. 91, 139901 (2015). 

     I. Timrov, N. Vast, R. Gebauer, and S. Baroni,
     turboEELS - A code for the simulation of the electron energy loss and
     inelastic X-ray scattering spectra using the Liouville - Lanczos approach
     to time-dependent density-functional perturbation theory
     Comp. Phys. Commun. 196, 460 (2015). 

     O. Motornyi, N. Vast, I. Timrov, O. Baseggio, S. Baroni, and A. Dal Corso
     Electron energy loss spectroscopy of bulk gold with ultrasoft
     pseudopotentials and the Liouville-Lanczos method
     Phys. Rev. B  102, 035156 (2020). 

     --------------------------------------------------------------------------

     Using the TDDFT approximation

     Transferred momentum: q = (   0.86600   0.00000   0.00000  ) in units 2*pi/a

     ---------------------------- NSCF calculation ----------------------------
 
     Parallelization info
     --------------------
     sticks:   dense  smooth     PW     G-vecs:    dense   smooth      PW
     Min          29      29     13                  284      284      90
     Max          30      30     14                  285      285      91
     Sum         235     235    109                 2277     2277     725
 


     bravais-lattice index     =            2
     lattice parameter (alat)  =      10.2600  a.u.
     unit-cell volume          =     270.0114 (a.u.)^3
     number of atoms/cell      =            2
     number of atomic types    =            1
     number of electrons       =         8.00
     number of Kohn-Sham states=            4
     kinetic-energy cutoff     =      16.0000  Ry
     charge density cutoff     =      64.0000  Ry
     Exchange-correlation= PZ
                           (   1   1   0   0   0   0   0)

     celldm(1)=  10.260000  celldm(2)=   0.000000  celldm(3)=   0.000000
     celldm(4)=   0.000000  celldm(5)=   0.000000  celldm(6)=   0.000000

     crystal axes: (cart. coord. in units of alat)
               a(1) = (  -0.500000   0.000000   0.500000 )  
               a(2) = (   0.000000   0.500000   0.500000 )  
               a(3) = (  -0.500000   0.500000   0.000000 )  

     reciprocal axes: (cart. coord. in units 2 pi/alat)
               b(1) = ( -1.000000 -1.000000  1.000000 )  
               b(2) = (  1.000000  1.000000  1.000000 )  
               b(3) = ( -1.000000  1.000000 -1.000000 )  


     PseudoPot. # 1 for Si read from file:
     ../../pseudo/Si.pz-vbc.UPF
     MD5 check sum: a974d1b8727157e37210f3f86afb6210
     Pseudo is Norm-conserving, Zval =  4.0
     Generated by new atomic code, or converted to UPF format
     Using radial grid of  431 points,  2 beta functions with: 
                l(1) =   0
                l(2) =   1

     atomic species   valence    mass     pseudopotential
        Si             4.00    28.08000     Si( 1.00)

     48 Sym. Ops., with inversion, found



   Cartesian axes

     site n.     atom                  positions (alat units)
         1           Si  tau(   1) = (   0.0000000   0.0000000   0.0000000  )
         2           Si  tau(   2) = (   0.2500000   0.2500000   0.2500000  )

     number of k points=  1100

     Number of k-points >= 100: set verbosity='high' to print them.

     Dense  grid:     2277 G-vectors     FFT dimensions: (  20,  20,  20)

     Estimated max dynamical RAM per process >       0.21 MB

     Estimated total dynamical RAM >       1.71 MB

     The potential is recalculated from file :
     ./tmp/tmp_eels/silicon.save/charge-density

     Starting wfcs are    8 atomic wfcs

     Band Structure Calculation
     Davidson diagonalization with overlap

     ethr =  1.25E-10,  avg # of iterations = 11.5

     total cpu time spent up to now is       -1.0 secs

     End of band structure calculation

     Number of k-points >= 100: set verbosity='high' to print the bands.

     highest occupied level (ev):     6.0175

     Writing output data file ./tmp/tmp_eels/silicon.save/

                                                                                

     bravais-lattice index     =            2
     lattice parameter (a_0)   =      10.2600  a.u.
     unit-cell volume          =     270.0114 (a.u.)^3
     number of atoms/cell      =            2
     number of atomic types    =            1
     kinetic-energy cut-off    =      16.0000  Ry
     charge density cut-off    =      64.0000  Ry
     Exchange-correlation= PZ
                           (   1   1   0   0   0   0   0)


     celldm(1)=   10.26000  celldm(2)=    0.00000  celldm(3)=    0.00000
     celldm(4)=    0.00000  celldm(5)=    0.00000  celldm(6)=    0.00000

     crystal axes: (cart. coord. in units of a_0)
               a(1) = ( -0.5000  0.0000  0.5000 )  
               a(2) = (  0.0000  0.5000  0.5000 )  
               a(3) = ( -0.5000  0.5000  0.0000 )  

     reciprocal axes: (cart. coord. in units 2 pi/a_0)
               b(1) = ( -1.0000 -1.0000  1.0000 )  
               b(2) = (  1.0000  1.0000  1.0000 )  
               b(3) = ( -1.0000  1.0000 -1.0000 )  


     Atoms inside the unit cell: 

   Cartesian axes

     site n.  atom      mass           positions (a_0 units)
        1        Si  28.0800   tau( 1) = (    0.00000    0.00000    0.00000  )
        2        Si  28.0800   tau( 2) = (    0.25000    0.25000    0.25000  )
 
      8 Sym.Ops. (no q -> -q+G )

                                    s                        frac. trans.

      isym =  1     identity                                     

 cryst.   s( 1) = (     1          0          0      )
                  (     0          1          0      )
                  (     0          0          1      )

 cart.    s( 1) = (  1.0000000  0.0000000  0.0000000 )
                  (  0.0000000  1.0000000  0.0000000 )
                  (  0.0000000  0.0000000  1.0000000 )


      isym =  2     180 deg rotation - cart. axis [1,0,0]        

 cryst.   s( 2) = (     0         -1          1      )
                  (     0         -1          0      )
                  (     1         -1          0      )

 cart.    s( 2) = (  1.0000000  0.0000000  0.0000000 )
                  (  0.0000000 -1.0000000  0.0000000 )
                  (  0.0000000  0.0000000 -1.0000000 )


      isym =  3     90 deg rotation - cart. axis [-1,0,0]        

 cryst.   s( 3) = (     0          0          1      )  f =(  0.2500000 )
                  (    -1          0          1      )     (  0.2500000 )
                  (     0         -1          1      )     (  0.2500000 )

 cart.    s( 3) = (  1.0000000  0.0000000  0.0000000 )  f =( -0.2500000 )
                  (  0.0000000  0.0000000  1.0000000 )     (  0.2500000 )
                  (  0.0000000 -1.0000000  0.0000000 )     (  0.2500000 )


      isym =  4     90 deg rotation - cart. axis [1,0,0]         

 cryst.   s( 4) = (     1         -1          0      )  f =(  0.2500000 )
                  (     1          0         -1      )     (  0.2500000 )
                  (     1          0          0      )     (  0.2500000 )

 cart.    s( 4) = (  1.0000000  0.0000000  0.0000000 )  f =( -0.2500000 )
                  (  0.0000000  0.0000000 -1.0000000 )     (  0.2500000 )
                  (  0.0000000  1.0000000  0.0000000 )     (  0.2500000 )


      isym =  5     inv. 180 deg rotation - cart. axis [0,0,1]   

 cryst.   s( 5) = (     0         -1          1      )  f =(  0.2500000 )
                  (    -1          0          1      )     (  0.2500000 )
                  (     0          0          1      )     (  0.2500000 )

 cart.    s( 5) = (  1.0000000  0.0000000  0.0000000 )  f =( -0.2500000 )
                  (  0.0000000  1.0000000  0.0000000 )     (  0.2500000 )
                  (  0.0000000  0.0000000 -1.0000000 )     (  0.2500000 )


      isym =  6     inv. 180 deg rotation - cart. axis [0,1,0]   

 cryst.   s( 6) = (     1          0          0      )  f =(  0.2500000 )
                  (     1          0         -1      )     (  0.2500000 )
                  (     1         -1          0      )     (  0.2500000 )

 cart.    s( 6) = (  1.0000000  0.0000000  0.0000000 )  f =( -0.2500000 )
                  (  0.0000000 -1.0000000  0.0000000 )     (  0.2500000 )
                  (  0.0000000  0.0000000  1.0000000 )     (  0.2500000 )


      isym =  7     inv. 180 deg rotation - cart. axis [0,1,1]   

 cryst.   s( 7) = (     1         -1          0      )
                  (     0         -1          0      )
                  (     0         -1          1      )

 cart.    s( 7) = (  1.0000000  0.0000000  0.0000000 )
                  (  0.0000000  0.0000000 -1.0000000 )
                  (  0.0000000 -1.0000000  0.0000000 )


      isym =  8     inv. 180 deg rotation - cart. axis [0,1,-1]  

 cryst.   s( 8) = (     0          0          1      )
                  (     0          1          0      )
                  (     1          0          0      )

 cart.    s( 8) = (  1.0000000  0.0000000  0.0000000 )
                  (  0.0000000  0.0000000  1.0000000 )
                  (  0.0000000  1.0000000  0.0000000 )


     G cutoff =  170.6534  (    285 G-vectors)     FFT grid: ( 20, 20, 20)
     number of k points=  1100

     PseudoPot. # 1 for Si read from file:
     ../../pseudo/Si.pz-vbc.UPF
     MD5 check sum: a974d1b8727157e37210f3f86afb6210
     Pseudo is Norm-conserving, Zval =  4.0
     Generated by new atomic code, or converted to UPF format
     Using radial grid of  431 points,  2 beta functions with: 
                l(1) =   0
                l(2) =   1



     LANCZOS LINEAR-RESPONSE SPECTRUM CALCULATION

     Using the pseudo-Hermitian Lanczos algorithm

     Number of Lanczos iterations =    750

     Restarting Lanczos loop        1

     Lanczos iteration:    501
     alpha(00000501)=  0.000000
     beta (00000501)=  8.035477
     gamma(00000501)=  8.035477
     z1=       1  0.000000000000000E+00  0.000000000000000E+00

     Lanczos iteration:    502
     alpha(00000502)=  0.000000
     beta (00000502)=  8.095376
     gamma(00000502)=  8.095376
     z1=       1  0.131932087873156E-02  0.133807450601796E-13

     Lanczos iteration:    503
     alpha(00000503)=  0.000000
     beta (00000503)=  8.034445
     gamma(00000503)=  8.034445
     z1=       1  0.000000000000000E+00  0.000000000000000E+00

     Lanczos iteration:    504
     alpha(00000504)=  0.000000
     beta (00000504)=  8.083288
     gamma(00000504)=  8.083288
     z1=       1 -0.131040112502534E-02  0.119638884406424E-13

     Lanczos iteration:    505
     alpha(00000505)=  0.000000
     beta (00000505)=  8.040922
     gamma(00000505)=  8.040922
     z1=       1  0.000000000000000E+00  0.000000000000000E+00

     Lanczos iteration:    506
     alpha(00000506)=  0.000000
     beta (00000506)=  8.080437
     gamma(00000506)=  8.080437
     z1=       1  0.130484381925330E-02  0.107511367412089E-13

     Lanczos iteration:    507
     alpha(00000507)=  0.000000
     beta (00000507)=  8.042638
     gamma(00000507)=  8.042638
     z1=       1  0.000000000000000E+00  0.000000000000000E+00

     Lanczos iteration:    508
     alpha(00000508)=  0.000000
     beta (00000508)=  8.081067
     gamma(00000508)=  8.081067
     z1=       1 -0.129788045943513E-02  0.949959655091901E-14

     Lanczos iteration:    509
     alpha(00000509)=  0.000000
     beta (00000509)=  8.039658
     gamma(00000509)=  8.039658
     z1=       1  0.000000000000000E+00  0.000000000000000E+00

     Lanczos iteration:    510
     alpha(00000510)=  0.000000
     beta (00000510)=  8.084132
     gamma(00000510)=  8.084132
     z1=       1  0.129141282682157E-02  0.843308016721000E-14

     Lanczos iteration:    511
     alpha(00000511)=  0.000000
     beta (00000511)=  8.041856
     gamma(00000511)=  8.041856
     z1=       1  0.000000000000000E+00  0.000000000000000E+00

     Lanczos iteration:    512
     alpha(00000512)=  0.000000
     beta (00000512)=  8.066378
     gamma(00000512)=  8.066378
     z1=       1 -0.128689649045599E-02  0.731564862605860E-14

     Lanczos iteration:    513
     alpha(00000513)=  0.000000
     beta (00000513)=  8.044323
     gamma(00000513)=  8.044323
     z1=       1  0.000000000000000E+00  0.000000000000000E+00

     Lanczos iteration:    514
     alpha(00000514)=  0.000000
     beta (00000514)=  8.086689
     gamma(00000514)=  8.086689
     z1=       1  0.128066964321434E-02  0.639627051251280E-14

     Lanczos iteration:    515
     alpha(00000515)=  0.000000
     beta (00000515)=  8.036011
     gamma(00000515)=  8.036011
     z1=       1  0.000000000000000E+00  0.000000000000000E+00

     Lanczos iteration:    516
     alpha(00000516)=  0.000000
     beta (00000516)=  8.075264
     gamma(00000516)=  8.075264
     z1=       1 -0.127400204167935E-02  0.540743402281209E-14

     Lanczos iteration:    517
     alpha(00000517)=  0.000000
     beta (00000517)=  8.025151
     gamma(00000517)=  8.025151
     z1=       1  0.000000000000000E+00  0.000000000000000E+00

     Lanczos iteration:    518
     alpha(00000518)=  0.000000
     beta (00000518)=  8.062117
     gamma(00000518)=  8.062117
     z1=       1  0.126853975922095E-02  0.462980277713529E-14

     Lanczos iteration:    519
     alpha(00000519)=  0.000000
     beta (00000519)=  7.998380
     gamma(00000519)=  7.998380
     z1=       1  0.000000000000000E+00  0.000000000000000E+00

     Lanczos iteration:    520
     alpha(00000520)=  0.000000
     beta (00000520)=  8.066170
     gamma(00000520)=  8.066170
     z1=       1 -0.125756038323398E-02  0.389614216251578E-14

     Lanczos iteration:    521
     alpha(00000521)=  0.000000
     beta (00000521)=  8.020306
     gamma(00000521)=  8.020306
     z1=       1  0.000000000000000E+00  0.000000000000000E+00

     Lanczos iteration:    522
     alpha(00000522)=  0.000000
     beta (00000522)=  8.060978
     gamma(00000522)=  8.060978
     z1=       1  0.125149254424954E-02  0.338620644807525E-14

     Lanczos iteration:    523
     alpha(00000523)=  0.000000
     beta (00000523)=  8.000814
     gamma(00000523)=  8.000814
     z1=       1  0.000000000000000E+00  0.000000000000000E+00

     Lanczos iteration:    524
     alpha(00000524)=  0.000000
     beta (00000524)=  8.065623
     gamma(00000524)=  8.065623
     z1=       1 -0.124120114428501E-02  0.288224644694319E-14

     Lanczos iteration:    525
     alpha(00000525)=  0.000000
     beta (00000525)=  8.021540
     gamma(00000525)=  8.021540
     z1=       1  0.000000000000000E+00  0.000000000000000E+00

     Lanczos iteration:    526
     alpha(00000526)=  0.000000
     beta (00000526)=  8.065191
     gamma(00000526)=  8.065191
     z1=       1  0.123469298580665E-02  0.256678342884494E-14

     Lanczos iteration:    527
     alpha(00000527)=  0.000000
     beta (00000527)=  8.025411
     gamma(00000527)=  8.025411
     z1=       1  0.000000000000000E+00  0.000000000000000E+00

     Lanczos iteration:    528
     alpha(00000528)=  0.000000
     beta (00000528)=  8.073447
     gamma(00000528)=  8.073447
     z1=       1 -0.122716567645439E-02  0.220303744103447E-14

     Lanczos iteration:    529
     alpha(00000529)=  0.000000
     beta (00000529)=  8.011722
     gamma(00000529)=  8.011722
     z1=       1  0.000000000000000E+00  0.000000000000000E+00

     Lanczos iteration:    530
     alpha(00000530)=  0.000000
     beta (00000530)=  8.084667
     gamma(00000530)=  8.084667
     z1=       1  0.121625712941002E-02  0.199353885454293E-14

     Lanczos iteration:    531
     alpha(00000531)=  0.000000
     beta (00000531)=  7.999987
     gamma(00000531)=  7.999987
     z1=       1  0.000000000000000E+00  0.000000000000000E+00

     Lanczos iteration:    532
     alpha(00000532)=  0.000000
     beta (00000532)=  8.097791
     gamma(00000532)=  8.097791
     z1=       1 -0.120142425903790E-02  0.172781739209621E-14

     Lanczos iteration:    533
     alpha(00000533)=  0.000000
     beta (00000533)=  8.026227
     gamma(00000533)=  8.026227
     z1=       1  0.000000000000000E+00  0.000000000000000E+00

     Lanczos iteration:    534
     alpha(00000534)=  0.000000
     beta (00000534)=  8.081946
     gamma(00000534)=  8.081946
     z1=       1  0.119327432847039E-02  0.158341357392379E-14

     Lanczos iteration:    535
     alpha(00000535)=  0.000000
     beta (00000535)=  8.032697
     gamma(00000535)=  8.032697
     z1=       1  0.000000000000000E+00  0.000000000000000E+00

     Lanczos iteration:    536
     alpha(00000536)=  0.000000
     beta (00000536)=  8.085436
     gamma(00000536)=  8.085436
     z1=       1 -0.118537464155406E-02  0.135670436812226E-14

     Lanczos iteration:    537
     alpha(00000537)=  0.000000
     beta (00000537)=  8.030816
     gamma(00000537)=  8.030816
     z1=       1  0.000000000000000E+00  0.000000000000000E+00

     Lanczos iteration:    538
     alpha(00000538)=  0.000000
     beta (00000538)=  8.100351
     gamma(00000538)=  8.100351
     z1=       1  0.117530838991561E-02  0.124278890149811E-14

     Lanczos iteration:    539
     alpha(00000539)=  0.000000
     beta (00000539)=  8.031736
     gamma(00000539)=  8.031736
     z1=       1  0.000000000000000E+00  0.000000000000000E+00

     Lanczos iteration:    540
     alpha(00000540)=  0.000000
     beta (00000540)=  8.114477
     gamma(00000540)=  8.114477
     z1=       1 -0.116323116216971E-02  0.102702178653351E-14

     Lanczos iteration:    541
     alpha(00000541)=  0.000000
     beta (00000541)=  8.029100
     gamma(00000541)=  8.029100
     z1=       1  0.000000000000000E+00  0.000000000000000E+00

     Lanczos iteration:    542
     alpha(00000542)=  0.000000
     beta (00000542)=  8.080707
     gamma(00000542)=  8.080707
     z1=       1  0.115588855663449E-02  0.915348018985742E-15

     Lanczos iteration:    543
     alpha(00000543)=  0.000000
     beta (00000543)=  8.022662
     gamma(00000543)=  8.022662
     z1=       1  0.000000000000000E+00  0.000000000000000E+00

     Lanczos iteration:    544
     alpha(00000544)=  0.000000
     beta (00000544)=  8.088706
     gamma(00000544)=  8.088706
     z1=       1 -0.114637849822086E-02  0.712192332487363E-15

     Lanczos iteration:    545
     alpha(00000545)=  0.000000
     beta (00000545)=  8.024452
     gamma(00000545)=  8.024452
     z1=       1  0.000000000000000E+00  0.000000000000000E+00

     Lanczos iteration:    546
     alpha(00000546)=  0.000000
     beta (00000546)=  8.078323
     gamma(00000546)=  8.078323
     z1=       1  0.113879953551601E-02  0.624310640589098E-15

     Lanczos iteration:    547
     alpha(00000547)=  0.000000
     beta (00000547)=  8.017514
     gamma(00000547)=  8.017514
     z1=       1  0.000000000000000E+00  0.000000000000000E+00

     Lanczos iteration:    548
     alpha(00000548)=  0.000000
     beta (00000548)=  8.066011
     gamma(00000548)=  8.066011
     z1=       1 -0.113189654516801E-02  0.442326768476359E-15

     Lanczos iteration:    549
     alpha(00000549)=  0.000000
     beta (00000549)=  8.022449
     gamma(00000549)=  8.022449
     z1=       1  0.000000000000000E+00  0.000000000000000E+00

     Lanczos iteration:    550
     alpha(00000550)=  0.000000
     beta (00000550)=  8.066767
     gamma(00000550)=  8.066767
     z1=       1  0.112572929454632E-02  0.378930045460330E-15

     Lanczos iteration:    551
     alpha(00000551)=  0.000000
     beta (00000551)=  8.016502
     gamma(00000551)=  8.016502
     z1=       1  0.000000000000000E+00  0.000000000000000E+00

     Lanczos iteration:    552
     alpha(00000552)=  0.000000
     beta (00000552)=  8.077376
     gamma(00000552)=  8.077376
     z1=       1 -0.111720252958979E-02  0.216560445173655E-15

     Lanczos iteration:    553
     alpha(00000553)=  0.000000
     beta (00000553)=  8.034848
     gamma(00000553)=  8.034848
     z1=       1  0.000000000000000E+00  0.000000000000000E+00

     Lanczos iteration:    554
     alpha(00000554)=  0.000000
     beta (00000554)=  8.065918
     gamma(00000554)=  8.065918
     z1=       1  0.111293858634039E-02  0.166607402982270E-15

     Lanczos iteration:    555
     alpha(00000555)=  0.000000
     beta (00000555)=  8.028288
     gamma(00000555)=  8.028288
     z1=       1  0.000000000000000E+00  0.000000000000000E+00

     Lanczos iteration:    556
     alpha(00000556)=  0.000000
     beta (00000556)=  8.087267
     gamma(00000556)=  8.087267
     z1=       1 -0.110478756224287E-02  0.103241806717452E-16

     Lanczos iteration:    557
     alpha(00000557)=  0.000000
     beta (00000557)=  8.019529
     gamma(00000557)=  8.019529
     z1=       1  0.000000000000000E+00  0.000000000000000E+00

     Lanczos iteration:    558
     alpha(00000558)=  0.000000
     beta (00000558)=  8.089305
     gamma(00000558)=  8.089305
     z1=       1  0.109528932779927E-02 -0.367161832295100E-16

     Lanczos iteration:    559
     alpha(00000559)=  0.000000
     beta (00000559)=  8.024581
     gamma(00000559)=  8.024581
     z1=       1  0.000000000000000E+00  0.000000000000000E+00

     Lanczos iteration:    560
     alpha(00000560)=  0.000000
     beta (00000560)=  8.072136
     gamma(00000560)=  8.072136
     z1=       1 -0.108880896342651E-02 -0.194186046763249E-15

     Lanczos iteration:    561
     alpha(00000561)=  0.000000
     beta (00000561)=  8.027133
     gamma(00000561)=  8.027133
     z1=       1  0.000000000000000E+00  0.000000000000000E+00

     Lanczos iteration:    562
     alpha(00000562)=  0.000000
     beta (00000562)=  8.093602
     gamma(00000562)=  8.093602
     z1=       1  0.107989268689938E-02 -0.244458237405667E-15

     Lanczos iteration:    563
     alpha(00000563)=  0.000000
     beta (00000563)=  8.030689
     gamma(00000563)=  8.030689
     z1=       1  0.000000000000000E+00  0.000000000000000E+00

     Lanczos iteration:    564
     alpha(00000564)=  0.000000
     beta (00000564)=  8.099443
     gamma(00000564)=  8.099443
     z1=       1 -0.107070243040899E-02 -0.405957870495519E-15

     Lanczos iteration:    565
     alpha(00000565)=  0.000000
     beta (00000565)=  8.042559
     gamma(00000565)=  8.042559
     z1=       1  0.000000000000000E+00  0.000000000000000E+00

     Lanczos iteration:    566
     alpha(00000566)=  0.000000
     beta (00000566)=  8.092393
     gamma(00000566)=  8.092393
     z1=       1  0.106412870019899E-02 -0.458254073980171E-15

     Lanczos iteration:    567
     alpha(00000567)=  0.000000
     beta (00000567)=  8.030877
     gamma(00000567)=  8.030877
     z1=       1  0.000000000000000E+00  0.000000000000000E+00

     Lanczos iteration:    568
     alpha(00000568)=  0.000000
     beta (00000568)=  8.093728
     gamma(00000568)=  8.093728
     z1=       1 -0.105584743579304E-02 -0.622583358978188E-15

     Lanczos iteration:    569
     alpha(00000569)=  0.000000
     beta (00000569)=  8.052650
     gamma(00000569)=  8.052650
     z1=       1  0.000000000000000E+00  0.000000000000000E+00

     Lanczos iteration:    570
     alpha(00000570)=  0.000000
     beta (00000570)=  8.102060
     gamma(00000570)=  8.102060
     z1=       1  0.104942379214750E-02 -0.675820492645722E-15

     Lanczos iteration:    571
     alpha(00000571)=  0.000000
     beta (00000571)=  8.018097
     gamma(00000571)=  8.018097
     z1=       1  0.000000000000000E+00  0.000000000000000E+00

     Lanczos iteration:    572
     alpha(00000572)=  0.000000
     beta (00000572)=  8.099263
     gamma(00000572)=  8.099263
     z1=       1 -0.103889406971357E-02 -0.842169149715606E-15

     Lanczos iteration:    573
     alpha(00000573)=  0.000000
     beta (00000573)=  8.015480
     gamma(00000573)=  8.015480
     z1=       1  0.000000000000000E+00  0.000000000000000E+00

     Lanczos iteration:    574
     alpha(00000574)=  0.000000
     beta (00000574)=  8.069509
     gamma(00000574)=  8.069509
     z1=       1  0.103194944589661E-02 -0.912852629012324E-15

     Lanczos iteration:    575
     alpha(00000575)=  0.000000
     beta (00000575)=  8.018463
     gamma(00000575)=  8.018463
     z1=       1  0.000000000000000E+00  0.000000000000000E+00

     Lanczos iteration:    576
     alpha(00000576)=  0.000000
     beta (00000576)=  8.077084
     gamma(00000576)=  8.077084
     z1=       1 -0.102445080708074E-02 -0.111330790627754E-14

     Lanczos iteration:    577
     alpha(00000577)=  0.000000
     beta (00000577)=  7.998218
     gamma(00000577)=  7.998218
     z1=       1  0.000000000000000E+00  0.000000000000000E+00

     Lanczos iteration:    578
     alpha(00000578)=  0.000000
     beta (00000578)=  8.072497
     gamma(00000578)=  8.072497
     z1=       1  0.101503192611053E-02 -0.123860840798295E-14

     Lanczos iteration:    579
     alpha(00000579)=  0.000000
     beta (00000579)=  7.997368
     gamma(00000579)=  7.997368
     z1=       1  0.000000000000000E+00  0.000000000000000E+00

     Lanczos iteration:    580
     alpha(00000580)=  0.000000
     beta (00000580)=  8.088583
     gamma(00000580)=  8.088583
     z1=       1 -0.100358063867101E-02 -0.151190014244476E-14

     Lanczos iteration:    581
     alpha(00000581)=  0.000000
     beta (00000581)=  8.001319
     gamma(00000581)=  8.001319
     z1=       1  0.000000000000000E+00  0.000000000000000E+00

     Lanczos iteration:    582
     alpha(00000582)=  0.000000
     beta (00000582)=  8.067864
     gamma(00000582)=  8.067864
     z1=       1  0.995308099488173E-03 -0.171649782926142E-14

     Lanczos iteration:    583
     alpha(00000583)=  0.000000
     beta (00000583)=  7.993094
     gamma(00000583)=  7.993094
     z1=       1  0.000000000000000E+00  0.000000000000000E+00

     Lanczos iteration:    584
     alpha(00000584)=  0.000000
     beta (00000584)=  8.075938
     gamma(00000584)=  8.075938
     z1=       1 -0.985096963742623E-03 -0.209354796687822E-14

     Lanczos iteration:    585
     alpha(00000585)=  0.000000
     beta (00000585)=  8.003033
     gamma(00000585)=  8.003033
     z1=       1  0.000000000000000E+00  0.000000000000000E+00

     Lanczos iteration:    586
     alpha(00000586)=  0.000000
     beta (00000586)=  8.073253
     gamma(00000586)=  8.073253
     z1=       1  0.976531855751624E-03 -0.242430645728321E-14

     Lanczos iteration:    587
     alpha(00000587)=  0.000000
     beta (00000587)=  7.988940
     gamma(00000587)=  7.988940
     z1=       1  0.000000000000000E+00  0.000000000000000E+00

     Lanczos iteration:    588
     alpha(00000588)=  0.000000
     beta (00000588)=  8.086094
     gamma(00000588)=  8.086094
     z1=       1 -0.964800204674521E-03 -0.294953588307025E-14

     Lanczos iteration:    589
     alpha(00000589)=  0.000000
     beta (00000589)=  7.996317
     gamma(00000589)=  7.996317
     z1=       1  0.000000000000000E+00  0.000000000000000E+00

     Lanczos iteration:    590
     alpha(00000590)=  0.000000
     beta (00000590)=  8.072111
     gamma(00000590)=  8.072111
     z1=       1  0.955742481881144E-03 -0.345316740129601E-14

     Lanczos iteration:    591
     alpha(00000591)=  0.000000
     beta (00000591)=  8.020615
     gamma(00000591)=  8.020615
     z1=       1  0.000000000000000E+00  0.000000000000000E+00

     Lanczos iteration:    592
     alpha(00000592)=  0.000000
     beta (00000592)=  8.077525
     gamma(00000592)=  8.077525
     z1=       1 -0.949012465355054E-03 -0.415201038244143E-14

     Lanczos iteration:    593
     alpha(00000593)=  0.000000
     beta (00000593)=  8.017453
     gamma(00000593)=  8.017453
     z1=       1  0.000000000000000E+00  0.000000000000000E+00

     Lanczos iteration:    594
     alpha(00000594)=  0.000000
     beta (00000594)=  8.091952
     gamma(00000594)=  8.091952
     z1=       1  0.940274331442759E-03 -0.481628315829555E-14

     Lanczos iteration:    595
     alpha(00000595)=  0.000000
     beta (00000595)=  8.042519
     gamma(00000595)=  8.042519
     z1=       1  0.000000000000000E+00  0.000000000000000E+00

     Lanczos iteration:    596
     alpha(00000596)=  0.000000
     beta (00000596)=  8.091010
     gamma(00000596)=  8.091010
     z1=       1 -0.934644174200960E-03 -0.561411617673299E-14

     Lanczos iteration:    597
     alpha(00000597)=  0.000000
     beta (00000597)=  8.034947
     gamma(00000597)=  8.034947
     z1=       1  0.000000000000000E+00  0.000000000000000E+00

     Lanczos iteration:    598
     alpha(00000598)=  0.000000
     beta (00000598)=  8.113196
     gamma(00000598)=  8.113196
     z1=       1  0.925625647259508E-03 -0.631211295743976E-14

     Lanczos iteration:    599
     alpha(00000599)=  0.000000
     beta (00000599)=  8.014277
     gamma(00000599)=  8.014277
     z1=       1  0.000000000000000E+00  0.000000000000000E+00

     Lanczos iteration:    600
     alpha(00000600)=  0.000000
     beta (00000600)=  8.094643
     gamma(00000600)=  8.094643
     z1=       1 -0.916443156140352E-03 -0.715262856124105E-14

     Lanczos iteration:    601
     alpha(00000601)=  0.000000
     beta (00000601)=  8.028623
     gamma(00000601)=  8.028623
     z1=       1  0.000000000000000E+00  0.000000000000000E+00

     Lanczos iteration:    602
     alpha(00000602)=  0.000000
     beta (00000602)=  8.086710
     gamma(00000602)=  8.086710
     z1=       1  0.909854264472115E-03 -0.795720279811242E-14

     Lanczos iteration:    603
     alpha(00000603)=  0.000000
     beta (00000603)=  8.009906
     gamma(00000603)=  8.009906
     z1=       1  0.000000000000000E+00  0.000000000000000E+00

     Lanczos iteration:    604
     alpha(00000604)=  0.000000
     beta (00000604)=  8.104062
     gamma(00000604)=  8.104062
     z1=       1 -0.899293581651930E-03 -0.899378250559961E-14

     Lanczos iteration:    605
     alpha(00000605)=  0.000000
     beta (00000605)=  8.006200
     gamma(00000605)=  8.006200
     z1=       1  0.000000000000000E+00  0.000000000000000E+00

     Lanczos iteration:    606
     alpha(00000606)=  0.000000
     beta (00000606)=  8.086872
     gamma(00000606)=  8.086872
     z1=       1  0.890312632809427E-03 -0.100686547136515E-13

     Lanczos iteration:    607
     alpha(00000607)=  0.000000
     beta (00000607)=  8.018135
     gamma(00000607)=  8.018135
     z1=       1  0.000000000000000E+00  0.000000000000000E+00

     Lanczos iteration:    608
     alpha(00000608)=  0.000000
     beta (00000608)=  8.093547
     gamma(00000608)=  8.093547
     z1=       1 -0.882030240344308E-03 -0.114117801092291E-13

     Lanczos iteration:    609
     alpha(00000609)=  0.000000
     beta (00000609)=  8.018780
     gamma(00000609)=  8.018780
     z1=       1  0.000000000000000E+00  0.000000000000000E+00

     Lanczos iteration:    610
     alpha(00000610)=  0.000000
     beta (00000610)=  8.095240
     gamma(00000610)=  8.095240
     z1=       1  0.873685837385340E-03 -0.127984237259361E-13

     Lanczos iteration:    611
     alpha(00000611)=  0.000000
     beta (00000611)=  8.016616
     gamma(00000611)=  8.016616
     z1=       1  0.000000000000000E+00  0.000000000000000E+00

     Lanczos iteration:    612
     alpha(00000612)=  0.000000
     beta (00000612)=  8.095431
     gamma(00000612)=  8.095431
     z1=       1 -0.865196114567140E-03 -0.144438528162505E-13

     Lanczos iteration:    613
     alpha(00000613)=  0.000000
     beta (00000613)=  8.023209
     gamma(00000613)=  8.023209
     z1=       1  0.000000000000000E+00  0.000000000000000E+00

     Lanczos iteration:    614
     alpha(00000614)=  0.000000
     beta (00000614)=  8.117688
     gamma(00000614)=  8.117688
     z1=       1  0.855108598630288E-03 -0.160970064121062E-13

     Lanczos iteration:    615
     alpha(00000615)=  0.000000
     beta (00000615)=  8.029479
     gamma(00000615)=  8.029479
     z1=       1  0.000000000000000E+00  0.000000000000000E+00

     Lanczos iteration:    616
     alpha(00000616)=  0.000000
     beta (00000616)=  8.092769
     gamma(00000616)=  8.092769
     z1=       1 -0.848441552925202E-03 -0.178362322404501E-13

     Lanczos iteration:    617
     alpha(00000617)=  0.000000
     beta (00000617)=  8.029451
     gamma(00000617)=  8.029451
     z1=       1  0.000000000000000E+00  0.000000000000000E+00

     Lanczos iteration:    618
     alpha(00000618)=  0.000000
     beta (00000618)=  8.106752
     gamma(00000618)=  8.106752
     z1=       1  0.840328812341883E-03 -0.195851878095091E-13

     Lanczos iteration:    619
     alpha(00000619)=  0.000000
     beta (00000619)=  8.042469
     gamma(00000619)=  8.042469
     z1=       1  0.000000000000000E+00  0.000000000000000E+00

     Lanczos iteration:    620
     alpha(00000620)=  0.000000
     beta (00000620)=  8.099616
     gamma(00000620)=  8.099616
     z1=       1 -0.834425717445618E-03 -0.213636092761207E-13

     Lanczos iteration:    621
     alpha(00000621)=  0.000000
     beta (00000621)=  8.031217
     gamma(00000621)=  8.031217
     z1=       1  0.000000000000000E+00  0.000000000000000E+00

     Lanczos iteration:    622
     alpha(00000622)=  0.000000
     beta (00000622)=  8.101834
     gamma(00000622)=  8.101834
     z1=       1  0.827125122886522E-03 -0.230902461941950E-13

     Lanczos iteration:    623
     alpha(00000623)=  0.000000
     beta (00000623)=  8.021612
     gamma(00000623)=  8.021612
     z1=       1  0.000000000000000E+00  0.000000000000000E+00

     Lanczos iteration:    624
     alpha(00000624)=  0.000000
     beta (00000624)=  8.111469
     gamma(00000624)=  8.111469
     z1=       1 -0.817992127358796E-03 -0.250146006245298E-13

     Lanczos iteration:    625
     alpha(00000625)=  0.000000
     beta (00000625)=  8.023474
     gamma(00000625)=  8.023474
     z1=       1  0.000000000000000E+00  0.000000000000000E+00

     Lanczos iteration:    626
     alpha(00000626)=  0.000000
     beta (00000626)=  8.088802
     gamma(00000626)=  8.088802
     z1=       1  0.811352391170361E-03 -0.269719886854048E-13

     Lanczos iteration:    627
     alpha(00000627)=  0.000000
     beta (00000627)=  8.026832
     gamma(00000627)=  8.026832
     z1=       1  0.000000000000000E+00  0.000000000000000E+00

     Lanczos iteration:    628
     alpha(00000628)=  0.000000
     beta (00000628)=  8.096173
     gamma(00000628)=  8.096173
     z1=       1 -0.804437504815107E-03 -0.292895856356550E-13

     Lanczos iteration:    629
     alpha(00000629)=  0.000000
     beta (00000629)=  8.037209
     gamma(00000629)=  8.037209
     z1=       1  0.000000000000000E+00  0.000000000000000E+00

     Lanczos iteration:    630
     alpha(00000630)=  0.000000
     beta (00000630)=  8.107993
     gamma(00000630)=  8.107993
     z1=       1  0.797375454518039E-03 -0.315853687062744E-13

     Lanczos iteration:    631
     alpha(00000631)=  0.000000
     beta (00000631)=  8.054440
     gamma(00000631)=  8.054440
     z1=       1  0.000000000000000E+00  0.000000000000000E+00

     Lanczos iteration:    632
     alpha(00000632)=  0.000000
     beta (00000632)=  8.108459
     gamma(00000632)=  8.108459
     z1=       1 -0.792103450010497E-03 -0.336287323262738E-13

     Lanczos iteration:    633
     alpha(00000633)=  0.000000
     beta (00000633)=  8.037239
     gamma(00000633)=  8.037239
     z1=       1  0.000000000000000E+00  0.000000000000000E+00

     Lanczos iteration:    634
     alpha(00000634)=  0.000000
     beta (00000634)=  8.126509
     gamma(00000634)=  8.126509
     z1=       1  0.783358383122176E-03 -0.353250090224962E-13

     Lanczos iteration:    635
     alpha(00000635)=  0.000000
     beta (00000635)=  8.052378
     gamma(00000635)=  8.052378
     z1=       1  0.000000000000000E+00  0.000000000000000E+00

     Lanczos iteration:    636
     alpha(00000636)=  0.000000
     beta (00000636)=  8.114403
     gamma(00000636)=  8.114403
     z1=       1 -0.777414681213693E-03 -0.364903140796744E-13

     Lanczos iteration:    637
     alpha(00000637)=  0.000000
     beta (00000637)=  8.059409
     gamma(00000637)=  8.059409
     z1=       1  0.000000000000000E+00  0.000000000000000E+00

     Lanczos iteration:    638
     alpha(00000638)=  0.000000
     beta (00000638)=  8.115012
     gamma(00000638)=  8.115012
     z1=       1  0.772040996950093E-03 -0.369700320670458E-13

     Lanczos iteration:    639
     alpha(00000639)=  0.000000
     beta (00000639)=  8.058593
     gamma(00000639)=  8.058593
     z1=       1  0.000000000000000E+00  0.000000000000000E+00

     Lanczos iteration:    640
     alpha(00000640)=  0.000000
     beta (00000640)=  8.114701
     gamma(00000640)=  8.114701
     z1=       1 -0.766749233118153E-03 -0.368563217210530E-13

     Lanczos iteration:    641
     alpha(00000641)=  0.000000
     beta (00000641)=  8.050584
     gamma(00000641)=  8.050584
     z1=       1  0.000000000000000E+00  0.000000000000000E+00

     Lanczos iteration:    642
     alpha(00000642)=  0.000000
     beta (00000642)=  8.116582
     gamma(00000642)=  8.116582
     z1=       1  0.760467875249648E-03 -0.361371784184851E-13

     Lanczos iteration:    643
     alpha(00000643)=  0.000000
     beta (00000643)=  8.074316
     gamma(00000643)=  8.074316
     z1=       1  0.000000000000000E+00  0.000000000000000E+00

     Lanczos iteration:    644
     alpha(00000644)=  0.000000
     beta (00000644)=  8.100870
     gamma(00000644)=  8.100870
     z1=       1 -0.758019782074115E-03 -0.347067625305130E-13

     Lanczos iteration:    645
     alpha(00000645)=  0.000000
     beta (00000645)=  8.064735
     gamma(00000645)=  8.064735
     z1=       1  0.000000000000000E+00  0.000000000000000E+00

     Lanczos iteration:    646
     alpha(00000646)=  0.000000
     beta (00000646)=  8.119963
     gamma(00000646)=  8.119963
     z1=       1  0.752821279331244E-03 -0.326235344242749E-13

     Lanczos iteration:    647
     alpha(00000647)=  0.000000
     beta (00000647)=  8.049146
     gamma(00000647)=  8.049146
     z1=       1  0.000000000000000E+00  0.000000000000000E+00

     Lanczos iteration:    648
     alpha(00000648)=  0.000000
     beta (00000648)=  8.095518
     gamma(00000648)=  8.095518
     z1=       1 -0.748548189756563E-03 -0.301145799220158E-13

     Lanczos iteration:    649
     alpha(00000649)=  0.000000
     beta (00000649)=  8.066889
     gamma(00000649)=  8.066889
     z1=       1  0.000000000000000E+00  0.000000000000000E+00

     Lanczos iteration:    650
     alpha(00000650)=  0.000000
     beta (00000650)=  8.101321
     gamma(00000650)=  8.101321
     z1=       1  0.745330333424610E-03 -0.272390300071671E-13

     Lanczos iteration:    651
     alpha(00000651)=  0.000000
     beta (00000651)=  8.042526
     gamma(00000651)=  8.042526
     z1=       1  0.000000000000000E+00  0.000000000000000E+00

     Lanczos iteration:    652
     alpha(00000652)=  0.000000
     beta (00000652)=  8.098972
     gamma(00000652)=  8.098972
     z1=       1 -0.740168845918877E-03 -0.242505725622622E-13

     Lanczos iteration:    653
     alpha(00000653)=  0.000000
     beta (00000653)=  8.039251
     gamma(00000653)=  8.039251
     z1=       1  0.000000000000000E+00  0.000000000000000E+00

     Lanczos iteration:    654
     alpha(00000654)=  0.000000
     beta (00000654)=  8.095145
     gamma(00000654)=  8.095145
     z1=       1  0.735029677780386E-03 -0.212069007939517E-13

     Lanczos iteration:    655
     alpha(00000655)=  0.000000
     beta (00000655)=  8.040012
     gamma(00000655)=  8.040012
     z1=       1  0.000000000000000E+00  0.000000000000000E+00

     Lanczos iteration:    656
     alpha(00000656)=  0.000000
     beta (00000656)=  8.088699
     gamma(00000656)=  8.088699
     z1=       1 -0.730630503744992E-03 -0.182576877647755E-13

     Lanczos iteration:    657
     alpha(00000657)=  0.000000
     beta (00000657)=  8.018932
     gamma(00000657)=  8.018932
     z1=       1  0.000000000000000E+00  0.000000000000000E+00

     Lanczos iteration:    658
     alpha(00000658)=  0.000000
     beta (00000658)=  8.075493
     gamma(00000658)=  8.075493
     z1=       1  0.725492385126503E-03 -0.155063147644280E-13

     Lanczos iteration:    659
     alpha(00000659)=  0.000000
     beta (00000659)=  8.012377
     gamma(00000659)=  8.012377
     z1=       1  0.000000000000000E+00  0.000000000000000E+00

     Lanczos iteration:    660
     alpha(00000660)=  0.000000
     beta (00000660)=  8.084529
     gamma(00000660)=  8.084529
     z1=       1 -0.719036632208269E-03 -0.131569897306464E-13

     Lanczos iteration:    661
     alpha(00000661)=  0.000000
     beta (00000661)=  8.009357
     gamma(00000661)=  8.009357
     z1=       1  0.000000000000000E+00  0.000000000000000E+00

     Lanczos iteration:    662
     alpha(00000662)=  0.000000
     beta (00000662)=  8.057387
     gamma(00000662)=  8.057387
     z1=       1  0.714736081490584E-03 -0.110846112951501E-13

     Lanczos iteration:    663
     alpha(00000663)=  0.000000
     beta (00000663)=  8.021915
     gamma(00000663)=  8.021915
     z1=       1  0.000000000000000E+00  0.000000000000000E+00

     Lanczos iteration:    664
     alpha(00000664)=  0.000000
     beta (00000664)=  8.084378
     gamma(00000664)=  8.084378
     z1=       1 -0.709227759517586E-03 -0.936855819958437E-14

     Lanczos iteration:    665
     alpha(00000665)=  0.000000
     beta (00000665)=  8.006694
     gamma(00000665)=  8.006694
     z1=       1  0.000000000000000E+00  0.000000000000000E+00

     Lanczos iteration:    666
     alpha(00000666)=  0.000000
     beta (00000666)=  8.071508
     gamma(00000666)=  8.071508
     z1=       1  0.703522056817073E-03 -0.782243721827217E-14

     Lanczos iteration:    667
     alpha(00000667)=  0.000000
     beta (00000667)=  8.008734
     gamma(00000667)=  8.008734
     z1=       1  0.000000000000000E+00  0.000000000000000E+00

     Lanczos iteration:    668
     alpha(00000668)=  0.000000
     beta (00000668)=  8.063651
     gamma(00000668)=  8.063651
     z1=       1 -0.698741239788039E-03 -0.655102493743757E-14

     Lanczos iteration:    669
     alpha(00000669)=  0.000000
     beta (00000669)=  8.004296
     gamma(00000669)=  8.004296
     z1=       1  0.000000000000000E+00  0.000000000000000E+00

     Lanczos iteration:    670
     alpha(00000670)=  0.000000
     beta (00000670)=  8.069635
     gamma(00000670)=  8.069635
     z1=       1  0.693076751059609E-03 -0.546092240180336E-14

     Lanczos iteration:    671
     alpha(00000671)=  0.000000
     beta (00000671)=  8.021161
     gamma(00000671)=  8.021161
     z1=       1  0.000000000000000E+00  0.000000000000000E+00

     Lanczos iteration:    672
     alpha(00000672)=  0.000000
     beta (00000672)=  8.068334
     gamma(00000672)=  8.068334
     z1=       1 -0.689031711504437E-03 -0.455499883302993E-14

     Lanczos iteration:    673
     alpha(00000673)=  0.000000
     beta (00000673)=  8.001168
     gamma(00000673)=  8.001168
     z1=       1  0.000000000000000E+00  0.000000000000000E+00

     Lanczos iteration:    674
     alpha(00000674)=  0.000000
     beta (00000674)=  8.069905
     gamma(00000674)=  8.069905
     z1=       1  0.683158453335073E-03 -0.375165414768164E-14

     Lanczos iteration:    675
     alpha(00000675)=  0.000000
     beta (00000675)=  7.988149
     gamma(00000675)=  7.988149
     z1=       1  0.000000000000000E+00  0.000000000000000E+00

     Lanczos iteration:    676
     alpha(00000676)=  0.000000
     beta (00000676)=  8.079676
     gamma(00000676)=  8.079676
     z1=       1 -0.675424869479899E-03 -0.313164515861005E-14

     Lanczos iteration:    677
     alpha(00000677)=  0.000000
     beta (00000677)=  8.012414
     gamma(00000677)=  8.012414
     z1=       1  0.000000000000000E+00  0.000000000000000E+00

     Lanczos iteration:    678
     alpha(00000678)=  0.000000
     beta (00000678)=  8.057001
     gamma(00000678)=  8.057001
     z1=       1  0.671684485986374E-03 -0.255962084075533E-14

     Lanczos iteration:    679
     alpha(00000679)=  0.000000
     beta (00000679)=  8.014884
     gamma(00000679)=  8.014884
     z1=       1  0.000000000000000E+00  0.000000000000000E+00

     Lanczos iteration:    680
     alpha(00000680)=  0.000000
     beta (00000680)=  8.065034
     gamma(00000680)=  8.065034
     z1=       1 -0.667511821755382E-03 -0.212064775179111E-14

     Lanczos iteration:    681
     alpha(00000681)=  0.000000
     beta (00000681)=  8.035776
     gamma(00000681)=  8.035776
     z1=       1  0.000000000000000E+00  0.000000000000000E+00

     Lanczos iteration:    682
     alpha(00000682)=  0.000000
     beta (00000682)=  8.069852
     gamma(00000682)=  8.069852
     z1=       1  0.664690913455945E-03 -0.168079391435197E-14

     Lanczos iteration:    683
     alpha(00000683)=  0.000000
     beta (00000683)=  8.014503
     gamma(00000683)=  8.014503
     z1=       1  0.000000000000000E+00  0.000000000000000E+00

     Lanczos iteration:    684
     alpha(00000684)=  0.000000
     beta (00000684)=  8.086640
     gamma(00000684)=  8.086640
     z1=       1 -0.658763714450124E-03 -0.133234127310889E-14

     Lanczos iteration:    685
     alpha(00000685)=  0.000000
     beta (00000685)=  8.024726
     gamma(00000685)=  8.024726
     z1=       1  0.000000000000000E+00  0.000000000000000E+00

     Lanczos iteration:    686
     alpha(00000686)=  0.000000
     beta (00000686)=  8.079362
     gamma(00000686)=  8.079362
     z1=       1  0.654307596645224E-03 -0.957390770613853E-15

     Lanczos iteration:    687
     alpha(00000687)=  0.000000
     beta (00000687)=  8.007419
     gamma(00000687)=  8.007419
     z1=       1  0.000000000000000E+00  0.000000000000000E+00

     Lanczos iteration:    688
     alpha(00000688)=  0.000000
     beta (00000688)=  8.069176
     gamma(00000688)=  8.069176
     z1=       1 -0.649300749494791E-03 -0.664567341549302E-15

     Lanczos iteration:    689
     alpha(00000689)=  0.000000
     beta (00000689)=  7.995868
     gamma(00000689)=  7.995868
     z1=       1  0.000000000000000E+00  0.000000000000000E+00

     Lanczos iteration:    690
     alpha(00000690)=  0.000000
     beta (00000690)=  8.054469
     gamma(00000690)=  8.054469
     z1=       1  0.644575349382772E-03 -0.343178855290110E-15

     Lanczos iteration:    691
     alpha(00000691)=  0.000000
     beta (00000691)=  7.993356
     gamma(00000691)=  7.993356
     z1=       1  0.000000000000000E+00  0.000000000000000E+00

     Lanczos iteration:    692
     alpha(00000692)=  0.000000
     beta (00000692)=  8.058934
     gamma(00000692)=  8.058934
     z1=       1 -0.639330054887805E-03 -0.105578699896715E-15

     Lanczos iteration:    693
     alpha(00000693)=  0.000000
     beta (00000693)=  7.990197
     gamma(00000693)=  7.990197
     z1=       1  0.000000000000000E+00  0.000000000000000E+00

     Lanczos iteration:    694
     alpha(00000694)=  0.000000
     beta (00000694)=  8.042012
     gamma(00000694)=  8.042012
     z1=       1  0.635210274018765E-03  0.188193754011441E-15

     Lanczos iteration:    695
     alpha(00000695)=  0.000000
     beta (00000695)=  7.992937
     gamma(00000695)=  7.992937
     z1=       1  0.000000000000000E+00  0.000000000000000E+00

     Lanczos iteration:    696
     alpha(00000696)=  0.000000
     beta (00000696)=  8.062053
     gamma(00000696)=  8.062053
     z1=       1 -0.629763260548877E-03  0.407259217270617E-15

     Lanczos iteration:    697
     alpha(00000697)=  0.000000
     beta (00000697)=  7.993367
     gamma(00000697)=  7.993367
     z1=       1  0.000000000000000E+00  0.000000000000000E+00

     Lanczos iteration:    698
     alpha(00000698)=  0.000000
     beta (00000698)=  8.053684
     gamma(00000698)=  8.053684
     z1=       1  0.625047014386290E-03  0.712396575599167E-15

     Lanczos iteration:    699
     alpha(00000699)=  0.000000
     beta (00000699)=  8.005392
     gamma(00000699)=  8.005392
     z1=       1  0.000000000000000E+00  0.000000000000000E+00

     Lanczos iteration:    700
     alpha(00000700)=  0.000000
     beta (00000700)=  8.078152
     gamma(00000700)=  8.078152
     z1=       1 -0.619415924730452E-03  0.945651199204265E-15

     Lanczos iteration:    701
     alpha(00000701)=  0.000000
     beta (00000701)=  8.004600
     gamma(00000701)=  8.004600
     z1=       1  0.000000000000000E+00  0.000000000000000E+00

     Lanczos iteration:    702
     alpha(00000702)=  0.000000
     beta (00000702)=  8.092738
     gamma(00000702)=  8.092738
     z1=       1  0.612671569111667E-03  0.127747429953741E-14

     Lanczos iteration:    703
     alpha(00000703)=  0.000000
     beta (00000703)=  8.015520
     gamma(00000703)=  8.015520
     z1=       1  0.000000000000000E+00  0.000000000000000E+00

     Lanczos iteration:    704
     alpha(00000704)=  0.000000
     beta (00000704)=  8.082201
     gamma(00000704)=  8.082201
     z1=       1 -0.607615020143884E-03  0.152054030671857E-14

     Lanczos iteration:    705
     alpha(00000705)=  0.000000
     beta (00000705)=  8.021325
     gamma(00000705)=  8.021325
     z1=       1  0.000000000000000E+00  0.000000000000000E+00

     Lanczos iteration:    706
     alpha(00000706)=  0.000000
     beta (00000706)=  8.083902
     gamma(00000706)=  8.083902
     z1=       1  0.602913634247257E-03  0.186698119970912E-14

     Lanczos iteration:    707
     alpha(00000707)=  0.000000
     beta (00000707)=  8.009293
     gamma(00000707)=  8.009293
     z1=       1  0.000000000000000E+00  0.000000000000000E+00

     Lanczos iteration:    708
     alpha(00000708)=  0.000000
     beta (00000708)=  8.078905
     gamma(00000708)=  8.078905
     z1=       1 -0.597715706955420E-03  0.213003094409837E-14

     Lanczos iteration:    709
     alpha(00000709)=  0.000000
     beta (00000709)=  7.988309
     gamma(00000709)=  7.988309
     z1=       1  0.000000000000000E+00  0.000000000000000E+00

     Lanczos iteration:    710
     alpha(00000710)=  0.000000
     beta (00000710)=  8.082594
     gamma(00000710)=  8.082594
     z1=       1  0.590747197801642E-03  0.254081718573136E-14

     Lanczos iteration:    711
     alpha(00000711)=  0.000000
     beta (00000711)=  7.984024
     gamma(00000711)=  7.984024
     z1=       1  0.000000000000000E+00  0.000000000000000E+00

     Lanczos iteration:    712
     alpha(00000712)=  0.000000
     beta (00000712)=  8.074819
     gamma(00000712)=  8.074819
     z1=       1 -0.584102199621567E-03  0.290802797903037E-14

     Lanczos iteration:    713
     alpha(00000713)=  0.000000
     beta (00000713)=  7.999738
     gamma(00000713)=  7.999738
     z1=       1  0.000000000000000E+00  0.000000000000000E+00

     Lanczos iteration:    714
     alpha(00000714)=  0.000000
     beta (00000714)=  8.080397
     gamma(00000714)=  8.080397
     z1=       1  0.578276633299978E-03  0.344166351253876E-14

     Lanczos iteration:    715
     alpha(00000715)=  0.000000
     beta (00000715)=  8.002712
     gamma(00000715)=  8.002712
     z1=       1  0.000000000000000E+00  0.000000000000000E+00

     Lanczos iteration:    716
     alpha(00000716)=  0.000000
     beta (00000716)=  8.082416
     gamma(00000716)=  8.082416
     z1=       1 -0.572569135933810E-03  0.392482963892386E-14

     Lanczos iteration:    717
     alpha(00000717)=  0.000000
     beta (00000717)=  7.996524
     gamma(00000717)=  7.996524
     z1=       1  0.000000000000000E+00  0.000000000000000E+00

     Lanczos iteration:    718
     alpha(00000718)=  0.000000
     beta (00000718)=  8.104660
     gamma(00000718)=  8.104660
     z1=       1  0.564934789734113E-03  0.456905941883673E-14

     Lanczos iteration:    719
     alpha(00000719)=  0.000000
     beta (00000719)=  7.987036
     gamma(00000719)=  7.987036
     z1=       1  0.000000000000000E+00  0.000000000000000E+00

     Lanczos iteration:    720
     alpha(00000720)=  0.000000
     beta (00000720)=  8.083678
     gamma(00000720)=  8.083678
     z1=       1 -0.558174232940169E-03  0.517126228087029E-14

     Lanczos iteration:    721
     alpha(00000721)=  0.000000
     beta (00000721)=  8.013494
     gamma(00000721)=  8.013494
     z1=       1  0.000000000000000E+00  0.000000000000000E+00

     Lanczos iteration:    722
     alpha(00000722)=  0.000000
     beta (00000722)=  8.083925
     gamma(00000722)=  8.083925
     z1=       1  0.553318948659694E-03  0.593919901610932E-14

     Lanczos iteration:    723
     alpha(00000723)=  0.000000
     beta (00000723)=  7.993215
     gamma(00000723)=  7.993215
     z1=       1  0.000000000000000E+00  0.000000000000000E+00

     Lanczos iteration:    724
     alpha(00000724)=  0.000000
     beta (00000724)=  8.069386
     gamma(00000724)=  8.069386
     z1=       1 -0.548087643234091E-03  0.671617841155649E-14

     Lanczos iteration:    725
     alpha(00000725)=  0.000000
     beta (00000725)=  8.001642
     gamma(00000725)=  8.001642
     z1=       1  0.000000000000000E+00  0.000000000000000E+00

     Lanczos iteration:    726
     alpha(00000726)=  0.000000
     beta (00000726)=  8.079410
     gamma(00000726)=  8.079410
     z1=       1  0.542822606693102E-03  0.774136884165960E-14

     Lanczos iteration:    727
     alpha(00000727)=  0.000000
     beta (00000727)=  8.028667
     gamma(00000727)=  8.028667
     z1=       1  0.000000000000000E+00  0.000000000000000E+00

     Lanczos iteration:    728
     alpha(00000728)=  0.000000
     beta (00000728)=  8.072353
     gamma(00000728)=  8.072353
     z1=       1 -0.539873635153754E-03  0.872643578170237E-14

     Lanczos iteration:    729
     alpha(00000729)=  0.000000
     beta (00000729)=  8.004239
     gamma(00000729)=  8.004239
     z1=       1  0.000000000000000E+00  0.000000000000000E+00

     Lanczos iteration:    730
     alpha(00000730)=  0.000000
     beta (00000730)=  8.081085
     gamma(00000730)=  8.081085
     z1=       1  0.534752666289301E-03  0.994409421428293E-14

     Lanczos iteration:    731
     alpha(00000731)=  0.000000
     beta (00000731)=  8.002233
     gamma(00000731)=  8.002233
     z1=       1  0.000000000000000E+00  0.000000000000000E+00

     Lanczos iteration:    732
     alpha(00000732)=  0.000000
     beta (00000732)=  8.087569
     gamma(00000732)=  8.087569
     z1=       1 -0.529095532901214E-03  0.112164737426056E-13

     Lanczos iteration:    733
     alpha(00000733)=  0.000000
     beta (00000733)=  7.992050
     gamma(00000733)=  7.992050
     z1=       1  0.000000000000000E+00  0.000000000000000E+00

     Lanczos iteration:    734
     alpha(00000734)=  0.000000
     beta (00000734)=  8.055914
     gamma(00000734)=  8.055914
     z1=       1  0.524917784970259E-03  0.128197920778354E-13

     Lanczos iteration:    735
     alpha(00000735)=  0.000000
     beta (00000735)=  7.997931
     gamma(00000735)=  7.997931
     z1=       1  0.000000000000000E+00  0.000000000000000E+00

     Lanczos iteration:    736
     alpha(00000736)=  0.000000
     beta (00000736)=  8.078689
     gamma(00000736)=  8.078689
     z1=       1 -0.519650396265646E-03  0.146957180279949E-13

     Lanczos iteration:    737
     alpha(00000737)=  0.000000
     beta (00000737)=  8.003686
     gamma(00000737)=  8.003686
     z1=       1  0.000000000000000E+00  0.000000000000000E+00

     Lanczos iteration:    738
     alpha(00000738)=  0.000000
     beta (00000738)=  8.068851
     gamma(00000738)=  8.068851
     z1=       1  0.515476197162819E-03  0.169313578335876E-13

     Lanczos iteration:    739
     alpha(00000739)=  0.000000
     beta (00000739)=  7.998477
     gamma(00000739)=  7.998477
     z1=       1  0.000000000000000E+00  0.000000000000000E+00

     Lanczos iteration:    740
     alpha(00000740)=  0.000000
     beta (00000740)=  8.077493
     gamma(00000740)=  8.077493
     z1=       1 -0.510407575457604E-03  0.194630824570354E-13

     Lanczos iteration:    741
     alpha(00000741)=  0.000000
     beta (00000741)=  8.005826
     gamma(00000741)=  8.005826
     z1=       1  0.000000000000000E+00  0.000000000000000E+00

     Lanczos iteration:    742
     alpha(00000742)=  0.000000
     beta (00000742)=  8.098475
     gamma(00000742)=  8.098475
     z1=       1  0.504597942646214E-03  0.223429157140832E-13

     Lanczos iteration:    743
     alpha(00000743)=  0.000000
     beta (00000743)=  7.999379
     gamma(00000743)=  7.999379
     z1=       1  0.000000000000000E+00  0.000000000000000E+00

     Lanczos iteration:    744
     alpha(00000744)=  0.000000
     beta (00000744)=  8.119191
     gamma(00000744)=  8.119191
     z1=       1 -0.497117099707825E-03  0.252679610677700E-13

     Lanczos iteration:    745
     alpha(00000745)=  0.000000
     beta (00000745)=  8.011617
     gamma(00000745)=  8.011617
     z1=       1  0.000000000000000E+00  0.000000000000000E+00

     Lanczos iteration:    746
     alpha(00000746)=  0.000000
     beta (00000746)=  8.081729
     gamma(00000746)=  8.081729
     z1=       1  0.492844206337879E-03  0.282350202799108E-13

     Lanczos iteration:    747
     alpha(00000747)=  0.000000
     beta (00000747)=  8.007045
     gamma(00000747)=  8.007045
     z1=       1  0.000000000000000E+00  0.000000000000000E+00

     Lanczos iteration:    748
     alpha(00000748)=  0.000000
     beta (00000748)=  8.100928
     gamma(00000748)=  8.100928
     z1=       1 -0.487088391479708E-03  0.314258143972263E-13

     Lanczos iteration:    749
     alpha(00000749)=  0.000000
     beta (00000749)=  8.017314
     gamma(00000749)=  8.017314
     z1=       1  0.000000000000000E+00  0.000000000000000E+00

     Lanczos iteration:    750
     alpha(00000750)=  0.000000
     beta (00000750)=  8.083489
     gamma(00000750)=  8.083489
     z1=       1  0.483150480591391E-03  0.347487158209759E-13
     End of Lanczos iterations

     Finished linear response calculation...
 
     lr_eels_main :     82.70s CPU     97.40s WALL (       1 calls)
     one_step     :     77.38s CPU     91.15s WALL (     250 calls)
 
     lr_apply     :     76.56s CPU     90.25s WALL (     250 calls)
     lr_apply_int :     56.09s CPU     65.94s WALL (     125 calls)
     lr_apply_no  :     20.38s CPU     24.20s WALL (     125 calls)
 
     h_psi        :     39.56s CPU     46.67s WALL (  152322 calls)
     lr_calc_dens :     18.28s CPU     21.51s WALL (     125 calls)
     incdrhoscf   :     17.71s CPU     20.87s WALL (   68750 calls)
     lr_dv_setup  :      0.00s CPU      0.00s WALL (       1 calls)
     dv_of_drho   :      0.02s CPU      0.02s WALL (     125 calls)
     lr_dot       :      0.21s CPU      0.23s WALL (     375 calls)
     ortho        :      0.88s CPU      1.04s WALL (   68750 calls)
 
 
     US routines
     lr_sm1_psi   :      0.18s CPU      0.22s WALL (  137500 calls)
 
     General routines
     calbec       :      1.54s CPU      1.84s WALL (  152322 calls)
     fft          :      0.03s CPU      0.03s WALL (     381 calls)
     fftw         :     65.85s CPU     77.76s WALL ( 2310988 calls)
     interpolate  :      0.00s CPU      0.00s WALL (     250 calls)
     davcio       :      1.23s CPU      1.45s WALL (  346080 calls)
 
     Parallel routines
 
     EELS routines
     lr_run_nscf  :      5.15s CPU      6.04s WALL (       1 calls)
     lr_setup_nsc :      0.00s CPU      0.00s WALL (       1 calls)
     lr_calc_dens :     18.28s CPU     21.51s WALL (     125 calls)
     lr_sym_eels  :      0.16s CPU      0.18s WALL (     125 calls)
     lr_psym_eels :      0.17s CPU      0.19s WALL (     125 calls)
     lr_smallgq   :      0.00s CPU      0.00s WALL (       1 calls)
     lr_summary   :      0.00s CPU      0.00s WALL (       1 calls)
 
 
     turboEELS    :   1m22.70s CPU   1m37.41s WALL

 
   This run was terminated on:  12:51:23  20Apr2021            

=------------------------------------------------------------------------------=
   JOB DONE.
=------------------------------------------------------------------------------=
