
     Program turboTDDFT v.6.4.1 starts on 30Aug2019 at 10:49:10 

     This program is part of the open-source Quantum ESPRESSO suite
     for quantum simulation of materials; please cite
         "P. Giannozzi et al., J. Phys.:Condens. Matter 21 395502 (2009);
         "P. Giannozzi et al., J. Phys.:Condens. Matter 29 465901 (2017);
          URL http://www.quantum-espresso.org", 
     in publications or presentations arising from this work. More details at
     http://www.quantum-espresso.org/quote

     Parallel version (MPI & OpenMP), running on      48 processor cores
     Number of MPI processes:                 8
     Threads/MPI process:                     6

     MPI processes distributed on     1 nodes
     R & G space division:  proc/nbgrp/npool/nimage =       8

     Reading data from directory:
     ./out/Benzene.save/

     IMPORTANT: XC functional enforced from input :
     Exchange-correlation= BLYP
                           (   1   3   1   3   0   0   0)
     Any further DFT definition will be discarded
     Please, verify this is what you really want

 
     Parallelization info
     --------------------
     sticks:   dense  smooth     PW     G-vecs:    dense   smooth      PW
     Min        2033    2033    505               162358   162358   20270
     Max        2036    2036    508               162364   162364   20280
     Sum       16281   16281   4053              1298895  1298895  162175
 
 Symmetries are disabled for the gamma_only case

     Subspace diagonalization in iterative solution of the eigenvalue problem:
     a serial algorithm will be used

     Allocating     5 extra bands for projection

     =-----------------------------------------------------------------=

     Please cite the TDDFPT project as:
       X. Ge, S. J. Binnie, D. Rocca, R. Gebauer, and S. Baroni,
       Comput. Phys. Commun. 185, 2080 (2014)
     in publications and presentations arising from this work.

     =-----------------------------------------------------------------=

     Virt read

     Gamma point algorithm


     Calculating the KS spectrum ...

              1        15         1           0.369781938401
              2        15         2           0.369816852178
              3        14         1           0.369885578357
              4        14         2           0.369920492134
              5        15         3           0.411302542791
              6        14         3           0.411406182747
              7        15         4           0.452909026788
              8        14         4           0.453012666744
              9        15         5           0.459689973139
             10        14         5           0.459793613095
             11        13         1           0.524636995669
             12        12         1           0.524662810623
             13        13         2           0.524671909446
             14        12         2           0.524697724400
             15        13         3           0.566157600059
             16        12         3           0.566183415013
             17        11         1           0.567680675196
             18        11         2           0.567715588972
             19        13         4           0.607764084056
             20        12         4           0.607789899009
             21        11         3           0.609201279585
             22        13         5           0.614545030407
             23        12         5           0.614570845361
             24        11         4           0.650807763582
             25        11         5           0.657588709933
             26        10         1           0.667102450435
             27        10         2           0.667137364212
             28         9         1           0.667256693706
             29         9         2           0.667291607483
             30        10         3           0.708623054824
             31         9         3           0.708777298096
             32         8         1           0.713206685227
             33         8         2           0.713241599003
             34         7         1           0.739248925009
             35         7         2           0.739283838785
             36        10         4           0.750229538821
             37         9         4           0.750383782092
             38         8         3           0.754727289616
             39        10         5           0.757010485173
             40         9         5           0.757164728444
             41         7         3           0.780769529398
             42         8         4           0.796333773613
             43         8         5           0.803114719965
             44         7         4           0.822376013395
             45         7         5           0.829156959747
             46         6         1           0.856816694979
             47         6         2           0.856851608756
             48         6         3           0.898337299369
             49         6         4           0.939943783366
             50         6         5           0.946724729717
     Finished calculating the cv couples.


     K-S Oscillator strengths
     occ con        R-x              R-y              R-z
       6   1    -0.75922976E-05    0.76100682E-05    0.11518390E-03
       6   2    -0.19102346E-04    0.48390565E-05    0.37889599E-04
       6   3    -0.35272434E-03    0.11599603E-04    0.15588797E-04
       6   4    -0.44986472E-01   -0.21266552E+00    0.54007104E-04
       6   5     0.97873163E-02   -0.20928548E-02    0.67691922E-05
       7   1    -0.33012470E-05    0.49764444E-05    0.20688955E-04
       7   2    -0.37834881E-05    0.28282572E-05    0.15269030E-04
       7   3     0.15368157E-04    0.30447477E-04    0.14849175E-04
       7   4     0.44992029E-04    0.10980706E-03    0.35207914E-05
       7   5    -0.26755070E-04   -0.13285537E-02   -0.21397376E-07
       8   1    -0.57397981E-05   -0.62451795E-05   -0.10284589E-04
       8   2    -0.16449367E-04   -0.39180135E-05    0.70247606E-04
       8   3     0.41902815E-04   -0.52679330E-04   -0.76043917E-06
       8   4     0.11397615E-02    0.69569025E-04    0.23371716E-05
       8   5     0.15253156E-03    0.47102607E-04    0.17945206E-05
       9   1    -0.11792718E-04   -0.26390634E-05   -0.28046410E-04
       9   2    -0.10252591E-04    0.31764585E-06    0.28687984E-04
       9   3    -0.56080393E+00    0.65215477E-01   -0.30312204E-05
       9   4     0.13395651E-02    0.66762876E-04   -0.35739020E-06
       9   5     0.31493936E+00   -0.36697876E-01    0.49564624E-05
      10   1     0.40930311E-05    0.47944630E-05    0.98571525E-05
      10   2    -0.12521469E-05    0.17056305E-04   -0.20987732E-04
      10   3    -0.65264157E-01   -0.56092588E+00    0.59902929E-05
      10   4     0.11929671E-03   -0.11909310E-02    0.11008714E-04
      10   5     0.36598073E-01    0.31550509E+00   -0.53784872E-05
      11   1    -0.88876420E-05   -0.54421401E-04    0.79809359E-05
      11   2    -0.72053349E-04   -0.12318225E-04    0.11277894E-04
      11   3    -0.92768343E-05    0.21207176E-05    0.32187140E+00
      11   4    -0.68654642E-05   -0.10190964E-04    0.33102551E-03
      11   5     0.36149324E-05    0.38643706E-06   -0.16526683E+00
      12   1    -0.28097763E-05   -0.13085107E-04   -0.36851617E-02
      12   2    -0.21731053E-04    0.48008084E-05   -0.10389342E+00
      12   3    -0.15947172E-03    0.45166052E-03    0.10071582E-04
      12   4     0.22962074E+00    0.95086599E-01    0.38368656E-05
      12   5     0.45358033E-02   -0.10352051E-01   -0.49086641E-05
      13   1     0.39858511E-07    0.14773715E-04   -0.10401810E+00
      13   2     0.25589171E-05   -0.26414952E-05    0.36496736E-02
      13   3    -0.31596409E-03   -0.28468871E-04    0.23172559E-05
      13   4    -0.97889263E-01    0.20822129E+00   -0.98506306E-05
      13   5     0.98742727E-02    0.44167906E-02   -0.74850176E-06
      14   1     0.14281938E+01    0.36619984E+00    0.81057852E-07
      14   2     0.36623207E+00   -0.14281894E+01    0.21027070E-04
      14   3    -0.33175614E-04   -0.73591689E-05    0.46881295E-03
      14   4    -0.79483653E-04    0.56869857E-06    0.35624067E-01
      14   5    -0.68269095E-05   -0.10372292E-06   -0.12401217E-01
      15   1    -0.36624516E+00    0.14282263E+01   -0.22326710E-06
      15   2     0.14283096E+01    0.36617423E+00    0.49680443E-05
      15   3     0.11253101E-04    0.12495315E-04    0.84869308E-04
      15   4     0.15220022E-04    0.69458432E-04   -0.27542114E+00
      15   5     0.14436825E-05    0.11630965E-04   -0.17529268E-02
     The peaks of KS spectrum and their strength are:
#     occ     virt     Energy(Ry)          total             X             Y             Z
   15    1    0.36978E+00    0.46133E+00    0.28464E-01    0.43287E+00    0.10578E-13
   15    2    0.36982E+00    0.46137E+00    0.43292E+00    0.28453E-01    0.52376E-11
   14    1    0.36989E+00    0.46130E+00    0.43285E+00    0.28457E-01    0.13943E-14
   14    2    0.36992E+00    0.46131E+00    0.28462E-01    0.43284E+00    0.93825E-10
   15    3    0.41130E+00    0.15885E-08    0.26872E-10    0.33132E-10    0.15285E-08
   14    3    0.41141E+00    0.46885E-07    0.23356E-09    0.11493E-10    0.46640E-07
   15    4    0.45291E+00    0.16097E-01    0.49157E-10    0.10238E-08    0.16097E-01
   14    4    0.45301E+00    0.26931E-03    0.13406E-08    0.68631E-13    0.26931E-03
   15    5    0.45969E+00    0.65209E-06    0.44229E-12    0.28707E-10    0.65206E-06
   14    5    0.45979E+00    0.32635E-04    0.98902E-11    0.22830E-14    0.32635E-04
   13    1    0.52464E+00    0.22960E-02    0.33713E-15    0.46317E-10    0.22960E-02
   12    1    0.52466E+00    0.28819E-05    0.16753E-11    0.36334E-10    0.28819E-05
   13    2    0.52467E+00    0.28266E-05    0.13895E-11    0.14807E-11    0.28266E-05
   12    2    0.52470E+00    0.22905E-02    0.10021E-09    0.48909E-11    0.22905E-02
   13    3    0.56616E+00    0.21358E-07    0.21185E-07    0.17199E-09    0.11395E-11
   12    3    0.56618E+00    0.48708E-07    0.53967E-08    0.43290E-07    0.21526E-10
   11    1    0.56768E+00    0.65877E-09    0.16762E-10    0.62849E-09    0.13517E-10
   11    2    0.56772E+00    0.11609E-08    0.11017E-08    0.32200E-10    0.26991E-10
   13    4    0.60776E+00    0.11234E-01    0.20334E-02    0.92005E-02    0.20591E-10
   12    4    0.60779E+00    0.13107E-01    0.11189E-01    0.19187E-02    0.31240E-11
   11    3    0.60920E+00    0.21985E-01    0.18262E-10    0.95439E-12    0.21985E-01
   13    5    0.61455E+00    0.24830E-04    0.20690E-04    0.41397E-05    0.11889E-12
   12    5    0.61457E+00    0.27107E-04    0.43658E-05    0.22741E-04    0.51131E-11
   11    4    0.65081E+00    0.23285E-07    0.10002E-10    0.22039E-10    0.23253E-07
   11    5    0.65759E+00    0.57960E-02    0.27731E-11    0.31690E-13    0.57960E-02
   10    1    0.66710E+00    0.29052E-10    0.35551E-11    0.48780E-11    0.20619E-10
   10    2    0.66714E+00    0.15554E-09    0.33271E-12    0.61735E-10    0.93474E-10
    9    1    0.66726E+00    0.19791E-09    0.29511E-10    0.14779E-11    0.16692E-09
    9    2    0.66729E+00    0.19697E-09    0.22306E-10    0.21411E-13    0.17465E-09
   10    3    0.70862E+00    0.67672E-01    0.90387E-03    0.66768E-01    0.76147E-11
    9    3    0.70878E+00    0.67642E-01    0.66739E-01    0.90253E-03    0.19498E-11
    8    1    0.71321E+00    0.37713E-10    0.69912E-11    0.82765E-11    0.22446E-10
    8    2    0.71324E+00    0.11079E-08    0.57419E-10    0.32575E-11    0.10472E-08
    7    1    0.73925E+00    0.98399E-10    0.23127E-11    0.52553E-11    0.90831E-10
    7    2    0.73928E+00    0.54210E-10    0.30377E-11    0.16974E-11    0.49475E-10
   10    4    0.75023E+00    0.30402E-06    0.30201E-08    0.30098E-06    0.25718E-10
    9    4    0.75038E+00    0.38174E-06    0.38079E-06    0.94586E-09    0.27105E-13
    8    3    0.75473E+00    0.96162E-09    0.37260E-09    0.58890E-09    0.12271E-12
   10    5    0.75701E+00    0.21408E-01    0.28423E-03    0.21124E-01    0.61387E-11
    9    5    0.75716E+00    0.21334E-01    0.21048E-01    0.28579E-03    0.52132E-11
    7    3    0.78077E+00    0.29364E-09    0.50119E-10    0.19673E-09    0.46791E-10
    8    4    0.79633E+00    0.27670E-06    0.27567E-06    0.10270E-08    0.11592E-11
    8    5    0.80311E+00    0.54087E-08    0.49372E-08    0.47081E-09    0.68337E-12
    7    4    0.82238E+00    0.29909E-08    0.42957E-09    0.25587E-08    0.26305E-11
    7    5    0.82916E+00    0.37471E-06    0.15190E-09    0.37456E-06    0.97158E-16
    6    1    0.85682E+00    0.28399E-08    0.12232E-10    0.12290E-10    0.28154E-08
    6    2    0.85685E+00    0.38705E-09    0.77434E-10    0.49691E-11    0.30465E-09
    6    3    0.89834E+00    0.26482E-07    0.26402E-07    0.28553E-10    0.51568E-10
    6    4    0.93994E+00    0.10027E-01    0.42946E-03    0.95974E-02    0.61896E-09
    6    5    0.94672E+00    0.21257E-04    0.20328E-04    0.92947E-06    0.97237E-11
     Finished KS spectrum calculation...
 
     lr_dav_main  :     14.86s CPU      3.22s WALL (       1 calls)
     read_wf      :      1.23s CPU      0.22s WALL (       1 calls)
     lr_solve_e   :     10.91s CPU      2.07s WALL (       1 calls)
 
 
     h_psi        :      8.12s CPU      1.43s WALL (      53 calls)
     lr_dvpsi_e   :      9.98s CPU      1.76s WALL (       3 calls)
     ortho        :      0.05s CPU      0.02s WALL (       6 calls)
 
 
     US routines
 
     General routines
     calbec       :      0.24s CPU      0.04s WALL (     112 calls)
     fft          :      0.26s CPU      0.07s WALL (       8 calls)
     fftw         :      6.04s CPU      1.05s WALL (     690 calls)
     davcio       :      1.12s CPU      0.35s WALL (       5 calls)
 
     Parallel routines
 
 
     turboTDDFT   :     14.87s CPU      3.25s WALL

 
   This run was terminated on:  10:49:13  30Aug2019            

=------------------------------------------------------------------------------=
   JOB DONE.
=------------------------------------------------------------------------------=
