
     Program turboEELS v.6.7MaX starts on 20Apr2021 at 13:19:39 

     This program is part of the open-source Quantum ESPRESSO suite
     for quantum simulation of materials; please cite
         "P. Giannozzi et al., J. Phys.:Condens. Matter 21 395502 (2009);
         "P. Giannozzi et al., J. Phys.:Condens. Matter 29 465901 (2017);
          URL http://www.quantum-espresso.org", 
     in publications or presentations arising from this work. More details at
     http://www.quantum-espresso.org/quote

     Parallel version (MPI), running on     8 processors

     MPI processes distributed on     1 nodes
     R & G space division:  proc/nbgrp/npool/nimage =       8

     Reading xml data from directory:

     ./tmp/silicon.save/

     IMPORTANT: XC functional enforced from input :
     Exchange-correlation= PZ
                           (   1   1   0   0   0   0   0)
     Any further DFT definition will be discarded
     Please, verify this is what you really want

 
     Parallelization info
     --------------------
     sticks:   dense  smooth     PW     G-vecs:    dense   smooth      PW
     Min          29      29     10                  284      284      66
     Max          30      30     11                  285      285      69
     Sum         235     235     85                 2277     2277     537
 
     Reading collected, re-writing distributed wavefunctions

     Subspace diagonalization in iterative solution of the eigenvalue problem:
     a serial algorithm will be used


     --------------------------------------------------------------------------

     Please cite this project as:

     I. Timrov, N. Vast, R. Gebauer, and S. Baroni,
     Electron energy loss and inelastic x-ray scattering cross sections
     from time-dependent density-functional perturbation theory
     Phys. Rev. B 88, 064301 (2013); ibid. 91, 139901 (2015). 

     I. Timrov, N. Vast, R. Gebauer, and S. Baroni,
     turboEELS - A code for the simulation of the electron energy loss and
     inelastic X-ray scattering spectra using the Liouville - Lanczos approach
     to time-dependent density-functional perturbation theory
     Comp. Phys. Commun. 196, 460 (2015). 

     O. Motornyi, N. Vast, I. Timrov, O. Baseggio, S. Baroni, and A. Dal Corso
     Electron energy loss spectroscopy of bulk gold with ultrasoft
     pseudopotentials and the Liouville-Lanczos method
     Phys. Rev. B  102, 035156 (2020). 

     --------------------------------------------------------------------------

     Using the TDDFT approximation

     Transferred momentum: q = (   0.86600   0.00000   0.00000  ) in units 2*pi/a

     ---------------------------- NSCF calculation ----------------------------
 
     Parallelization info
     --------------------
     sticks:   dense  smooth     PW     G-vecs:    dense   smooth      PW
     Min          29      29     13                  284      284      90
     Max          30      30     14                  285      285      91
     Sum         235     235    109                 2277     2277     725
 


     bravais-lattice index     =            2
     lattice parameter (alat)  =      10.2600  a.u.
     unit-cell volume          =     270.0114 (a.u.)^3
     number of atoms/cell      =            2
     number of atomic types    =            1
     number of electrons       =         8.00
     number of Kohn-Sham states=            4
     kinetic-energy cutoff     =      16.0000  Ry
     charge density cutoff     =      64.0000  Ry
     Exchange-correlation= PZ
                           (   1   1   0   0   0   0   0)

     celldm(1)=  10.260000  celldm(2)=   0.000000  celldm(3)=   0.000000
     celldm(4)=   0.000000  celldm(5)=   0.000000  celldm(6)=   0.000000

     crystal axes: (cart. coord. in units of alat)
               a(1) = (  -0.500000   0.000000   0.500000 )  
               a(2) = (   0.000000   0.500000   0.500000 )  
               a(3) = (  -0.500000   0.500000   0.000000 )  

     reciprocal axes: (cart. coord. in units 2 pi/alat)
               b(1) = ( -1.000000 -1.000000  1.000000 )  
               b(2) = (  1.000000  1.000000  1.000000 )  
               b(3) = ( -1.000000  1.000000 -1.000000 )  


     PseudoPot. # 1 for Si read from file:
     ../../pseudo/Si.pz-vbc.UPF
     MD5 check sum: a974d1b8727157e37210f3f86afb6210
     Pseudo is Norm-conserving, Zval =  4.0
     Generated by new atomic code, or converted to UPF format
     Using radial grid of  431 points,  2 beta functions with: 
                l(1) =   0
                l(2) =   1

     atomic species   valence    mass     pseudopotential
        Si             4.00    28.08000     Si( 1.00)

     48 Sym. Ops., with inversion, found



   Cartesian axes

     site n.     atom                  positions (alat units)
         1           Si  tau(   1) = (   0.0000000   0.0000000   0.0000000  )
         2           Si  tau(   2) = (   0.2500000   0.2500000   0.2500000  )

     number of k points=  1100

     Number of k-points >= 100: set verbosity='high' to print them.

     Dense  grid:     2277 G-vectors     FFT dimensions: (  20,  20,  20)

     Estimated max dynamical RAM per process >       0.21 MB

     Estimated total dynamical RAM >       1.71 MB

     The potential is recalculated from file :
     ./tmp/tmp_eels/silicon.save/charge-density

     Starting wfcs are    8 atomic wfcs

     Band Structure Calculation
     Davidson diagonalization with overlap

     ethr =  1.25E-10,  avg # of iterations = 11.5

     total cpu time spent up to now is       -1.0 secs

     End of band structure calculation

     Number of k-points >= 100: set verbosity='high' to print the bands.

     highest occupied level (ev):     6.0175

     Writing output data file ./tmp/tmp_eels/silicon.save/

                                                                                

     bravais-lattice index     =            2
     lattice parameter (a_0)   =      10.2600  a.u.
     unit-cell volume          =     270.0114 (a.u.)^3
     number of atoms/cell      =            2
     number of atomic types    =            1
     kinetic-energy cut-off    =      16.0000  Ry
     charge density cut-off    =      64.0000  Ry
     Exchange-correlation= PZ
                           (   1   1   0   0   0   0   0)


     celldm(1)=   10.26000  celldm(2)=    0.00000  celldm(3)=    0.00000
     celldm(4)=    0.00000  celldm(5)=    0.00000  celldm(6)=    0.00000

     crystal axes: (cart. coord. in units of a_0)
               a(1) = ( -0.5000  0.0000  0.5000 )  
               a(2) = (  0.0000  0.5000  0.5000 )  
               a(3) = ( -0.5000  0.5000  0.0000 )  

     reciprocal axes: (cart. coord. in units 2 pi/a_0)
               b(1) = ( -1.0000 -1.0000  1.0000 )  
               b(2) = (  1.0000  1.0000  1.0000 )  
               b(3) = ( -1.0000  1.0000 -1.0000 )  


     Atoms inside the unit cell: 

   Cartesian axes

     site n.  atom      mass           positions (a_0 units)
        1        Si  28.0800   tau( 1) = (    0.00000    0.00000    0.00000  )
        2        Si  28.0800   tau( 2) = (    0.25000    0.25000    0.25000  )
 
      8 Sym.Ops. (no q -> -q+G )

                                    s                        frac. trans.

      isym =  1     identity                                     

 cryst.   s( 1) = (     1          0          0      )
                  (     0          1          0      )
                  (     0          0          1      )

 cart.    s( 1) = (  1.0000000  0.0000000  0.0000000 )
                  (  0.0000000  1.0000000  0.0000000 )
                  (  0.0000000  0.0000000  1.0000000 )


      isym =  2     180 deg rotation - cart. axis [1,0,0]        

 cryst.   s( 2) = (     0         -1          1      )
                  (     0         -1          0      )
                  (     1         -1          0      )

 cart.    s( 2) = (  1.0000000  0.0000000  0.0000000 )
                  (  0.0000000 -1.0000000  0.0000000 )
                  (  0.0000000  0.0000000 -1.0000000 )


      isym =  3     90 deg rotation - cart. axis [-1,0,0]        

 cryst.   s( 3) = (     0          0          1      )  f =(  0.2500000 )
                  (    -1          0          1      )     (  0.2500000 )
                  (     0         -1          1      )     (  0.2500000 )

 cart.    s( 3) = (  1.0000000  0.0000000  0.0000000 )  f =( -0.2500000 )
                  (  0.0000000  0.0000000  1.0000000 )     (  0.2500000 )
                  (  0.0000000 -1.0000000  0.0000000 )     (  0.2500000 )


      isym =  4     90 deg rotation - cart. axis [1,0,0]         

 cryst.   s( 4) = (     1         -1          0      )  f =(  0.2500000 )
                  (     1          0         -1      )     (  0.2500000 )
                  (     1          0          0      )     (  0.2500000 )

 cart.    s( 4) = (  1.0000000  0.0000000  0.0000000 )  f =( -0.2500000 )
                  (  0.0000000  0.0000000 -1.0000000 )     (  0.2500000 )
                  (  0.0000000  1.0000000  0.0000000 )     (  0.2500000 )


      isym =  5     inv. 180 deg rotation - cart. axis [0,0,1]   

 cryst.   s( 5) = (     0         -1          1      )  f =(  0.2500000 )
                  (    -1          0          1      )     (  0.2500000 )
                  (     0          0          1      )     (  0.2500000 )

 cart.    s( 5) = (  1.0000000  0.0000000  0.0000000 )  f =( -0.2500000 )
                  (  0.0000000  1.0000000  0.0000000 )     (  0.2500000 )
                  (  0.0000000  0.0000000 -1.0000000 )     (  0.2500000 )


      isym =  6     inv. 180 deg rotation - cart. axis [0,1,0]   

 cryst.   s( 6) = (     1          0          0      )  f =(  0.2500000 )
                  (     1          0         -1      )     (  0.2500000 )
                  (     1         -1          0      )     (  0.2500000 )

 cart.    s( 6) = (  1.0000000  0.0000000  0.0000000 )  f =( -0.2500000 )
                  (  0.0000000 -1.0000000  0.0000000 )     (  0.2500000 )
                  (  0.0000000  0.0000000  1.0000000 )     (  0.2500000 )


      isym =  7     inv. 180 deg rotation - cart. axis [0,1,1]   

 cryst.   s( 7) = (     1         -1          0      )
                  (     0         -1          0      )
                  (     0         -1          1      )

 cart.    s( 7) = (  1.0000000  0.0000000  0.0000000 )
                  (  0.0000000  0.0000000 -1.0000000 )
                  (  0.0000000 -1.0000000  0.0000000 )


      isym =  8     inv. 180 deg rotation - cart. axis [0,1,-1]  

 cryst.   s( 8) = (     0          0          1      )
                  (     0          1          0      )
                  (     1          0          0      )

 cart.    s( 8) = (  1.0000000  0.0000000  0.0000000 )
                  (  0.0000000  0.0000000  1.0000000 )
                  (  0.0000000  1.0000000  0.0000000 )


     G cutoff =  170.6534  (    285 G-vectors)     FFT grid: ( 20, 20, 20)
     number of k points=  1100

     PseudoPot. # 1 for Si read from file:
     ../../pseudo/Si.pz-vbc.UPF
     MD5 check sum: a974d1b8727157e37210f3f86afb6210
     Pseudo is Norm-conserving, Zval =  4.0
     Generated by new atomic code, or converted to UPF format
     Using radial grid of  431 points,  2 beta functions with: 
                l(1) =   0
                l(2) =   1



     LANCZOS LINEAR-RESPONSE SPECTRUM CALCULATION

     Using the pseudo-Hermitian Lanczos algorithm

     Number of Lanczos iterations =   1500

     Restarting Lanczos loop        1

     Lanczos iteration:   1251
     alpha(00001251)=  0.000000
     beta (00001251)=  8.034193
     gamma(00001251)=  8.034193
     z1=       1  0.000000000000000E+00  0.000000000000000E+00

     Lanczos iteration:   1252
     alpha(00001252)=  0.000000
     beta (00001252)=  8.077753
     gamma(00001252)=  8.077753
     z1=       1 -0.965581503295965E-04  0.190031804901826E-11

     Lanczos iteration:   1253
     alpha(00001253)=  0.000000
     beta (00001253)=  8.045803
     gamma(00001253)=  8.045803
     z1=       1  0.000000000000000E+00  0.000000000000000E+00

     Lanczos iteration:   1254
     alpha(00001254)=  0.000000
     beta (00001254)=  8.072165
     gamma(00001254)=  8.072165
     z1=       1  0.953861616155855E-04  0.177827449423850E-11

     Lanczos iteration:   1255
     alpha(00001255)=  0.000000
     beta (00001255)=  8.053387
     gamma(00001255)=  8.053387
     z1=       1  0.000000000000000E+00  0.000000000000000E+00

     Lanczos iteration:   1256
     alpha(00001256)=  0.000000
     beta (00001256)=  8.074688
     gamma(00001256)=  8.074688
     z1=       1 -0.960848189342546E-04  0.165428697705366E-11

     Lanczos iteration:   1257
     alpha(00001257)=  0.000000
     beta (00001257)=  8.061543
     gamma(00001257)=  8.061543
     z1=       1  0.000000000000000E+00  0.000000000000000E+00

     Lanczos iteration:   1258
     alpha(00001258)=  0.000000
     beta (00001258)=  8.088225
     gamma(00001258)=  8.088225
     z1=       1  0.947459065365243E-04  0.151902127162146E-11

     Lanczos iteration:   1259
     alpha(00001259)=  0.000000
     beta (00001259)=  8.051238
     gamma(00001259)=  8.051238
     z1=       1  0.000000000000000E+00  0.000000000000000E+00

     Lanczos iteration:   1260
     alpha(00001260)=  0.000000
     beta (00001260)=  8.076162
     gamma(00001260)=  8.076162
     z1=       1 -0.955223283460790E-04  0.137216649694042E-11

     Lanczos iteration:   1261
     alpha(00001261)=  0.000000
     beta (00001261)=  8.044596
     gamma(00001261)=  8.044596
     z1=       1  0.000000000000000E+00  0.000000000000000E+00

     Lanczos iteration:   1262
     alpha(00001262)=  0.000000
     beta (00001262)=  8.089327
     gamma(00001262)=  8.089327
     z1=       1  0.939037489399651E-04  0.122560647932385E-11

     Lanczos iteration:   1263
     alpha(00001263)=  0.000000
     beta (00001263)=  8.044873
     gamma(00001263)=  8.044873
     z1=       1  0.000000000000000E+00  0.000000000000000E+00

     Lanczos iteration:   1264
     alpha(00001264)=  0.000000
     beta (00001264)=  8.087106
     gamma(00001264)=  8.087106
     z1=       1 -0.945052236451332E-04  0.107497650081197E-11

     Lanczos iteration:   1265
     alpha(00001265)=  0.000000
     beta (00001265)=  8.056865
     gamma(00001265)=  8.056865
     z1=       1  0.000000000000000E+00  0.000000000000000E+00

     Lanczos iteration:   1266
     alpha(00001266)=  0.000000
     beta (00001266)=  8.088768
     gamma(00001266)=  8.088768
     z1=       1  0.930656513893572E-04  0.918183512648496E-12

     Lanczos iteration:   1267
     alpha(00001267)=  0.000000
     beta (00001267)=  8.040933
     gamma(00001267)=  8.040933
     z1=       1  0.000000000000000E+00  0.000000000000000E+00

     Lanczos iteration:   1268
     alpha(00001268)=  0.000000
     beta (00001268)=  8.077366
     gamma(00001268)=  8.077366
     z1=       1 -0.936622319462900E-04  0.760798519445982E-12

     Lanczos iteration:   1269
     alpha(00001269)=  0.000000
     beta (00001269)=  8.054268
     gamma(00001269)=  8.054268
     z1=       1  0.000000000000000E+00  0.000000000000000E+00

     Lanczos iteration:   1270
     alpha(00001270)=  0.000000
     beta (00001270)=  8.068951
     gamma(00001270)=  8.068951
     z1=       1  0.925433223382229E-04  0.606591647383547E-12

     Lanczos iteration:   1271
     alpha(00001271)=  0.000000
     beta (00001271)=  8.032305
     gamma(00001271)=  8.032305
     z1=       1  0.000000000000000E+00  0.000000000000000E+00

     Lanczos iteration:   1272
     alpha(00001272)=  0.000000
     beta (00001272)=  8.091125
     gamma(00001272)=  8.091125
     z1=       1 -0.927329854940403E-04  0.459841667170061E-12

     Lanczos iteration:   1273
     alpha(00001273)=  0.000000
     beta (00001273)=  8.044255
     gamma(00001273)=  8.044255
     z1=       1  0.000000000000000E+00  0.000000000000000E+00

     Lanczos iteration:   1274
     alpha(00001274)=  0.000000
     beta (00001274)=  8.057906
     gamma(00001274)=  8.057906
     z1=       1  0.918057949172942E-04  0.317315950235705E-12

     Lanczos iteration:   1275
     alpha(00001275)=  0.000000
     beta (00001275)=  8.023436
     gamma(00001275)=  8.023436
     z1=       1  0.000000000000000E+00  0.000000000000000E+00

     Lanczos iteration:   1276
     alpha(00001276)=  0.000000
     beta (00001276)=  8.059092
     gamma(00001276)=  8.059092
     z1=       1 -0.920662174544282E-04  0.184821907924294E-12

     Lanczos iteration:   1277
     alpha(00001277)=  0.000000
     beta (00001277)=  8.007333
     gamma(00001277)=  8.007333
     z1=       1  0.000000000000000E+00  0.000000000000000E+00

     Lanczos iteration:   1278
     alpha(00001278)=  0.000000
     beta (00001278)=  8.029921
     gamma(00001278)=  8.029921
     z1=       1  0.912352956256200E-04  0.623485679557109E-13

     Lanczos iteration:   1279
     alpha(00001279)=  0.000000
     beta (00001279)=  8.021424
     gamma(00001279)=  8.021424
     z1=       1  0.000000000000000E+00  0.000000000000000E+00

     Lanczos iteration:   1280
     alpha(00001280)=  0.000000
     beta (00001280)=  8.042528
     gamma(00001280)=  8.042528
     z1=       1 -0.914776442485249E-04 -0.523762516385051E-13

     Lanczos iteration:   1281
     alpha(00001281)=  0.000000
     beta (00001281)=  8.011854
     gamma(00001281)=  8.011854
     z1=       1  0.000000000000000E+00  0.000000000000000E+00

     Lanczos iteration:   1282
     alpha(00001282)=  0.000000
     beta (00001282)=  8.048723
     gamma(00001282)=  8.048723
     z1=       1  0.906530820392036E-04 -0.163014743115671E-12

     Lanczos iteration:   1283
     alpha(00001283)=  0.000000
     beta (00001283)=  8.021342
     gamma(00001283)=  8.021342
     z1=       1  0.000000000000000E+00  0.000000000000000E+00

     Lanczos iteration:   1284
     alpha(00001284)=  0.000000
     beta (00001284)=  8.053314
     gamma(00001284)=  8.053314
     z1=       1 -0.906236206332730E-04 -0.271930320409556E-12

     Lanczos iteration:   1285
     alpha(00001285)=  0.000000
     beta (00001285)=  8.008891
     gamma(00001285)=  8.008891
     z1=       1  0.000000000000000E+00  0.000000000000000E+00

     Lanczos iteration:   1286
     alpha(00001286)=  0.000000
     beta (00001286)=  8.065118
     gamma(00001286)=  8.065118
     z1=       1  0.897283453299088E-04 -0.381445031745092E-12

     Lanczos iteration:   1287
     alpha(00001287)=  0.000000
     beta (00001287)=  8.024749
     gamma(00001287)=  8.024749
     z1=       1  0.000000000000000E+00  0.000000000000000E+00

     Lanczos iteration:   1288
     alpha(00001288)=  0.000000
     beta (00001288)=  8.063638
     gamma(00001288)=  8.063638
     z1=       1 -0.894899998835780E-04 -0.490739776633087E-12

     Lanczos iteration:   1289
     alpha(00001289)=  0.000000
     beta (00001289)=  8.037758
     gamma(00001289)=  8.037758
     z1=       1  0.000000000000000E+00  0.000000000000000E+00

     Lanczos iteration:   1290
     alpha(00001290)=  0.000000
     beta (00001290)=  8.049886
     gamma(00001290)=  8.049886
     z1=       1  0.892242124287651E-04 -0.598786855972459E-12

     Lanczos iteration:   1291
     alpha(00001291)=  0.000000
     beta (00001291)=  8.040272
     gamma(00001291)=  8.040272
     z1=       1  0.000000000000000E+00  0.000000000000000E+00

     Lanczos iteration:   1292
     alpha(00001292)=  0.000000
     beta (00001292)=  8.059882
     gamma(00001292)=  8.059882
     z1=       1 -0.890706890654314E-04 -0.707314546161930E-12

     Lanczos iteration:   1293
     alpha(00001293)=  0.000000
     beta (00001293)=  8.027355
     gamma(00001293)=  8.027355
     z1=       1  0.000000000000000E+00  0.000000000000000E+00

     Lanczos iteration:   1294
     alpha(00001294)=  0.000000
     beta (00001294)=  8.054140
     gamma(00001294)=  8.054140
     z1=       1  0.887763228470229E-04 -0.818387448196663E-12

     Lanczos iteration:   1295
     alpha(00001295)=  0.000000
     beta (00001295)=  8.028962
     gamma(00001295)=  8.028962
     z1=       1  0.000000000000000E+00  0.000000000000000E+00

     Lanczos iteration:   1296
     alpha(00001296)=  0.000000
     beta (00001296)=  8.059915
     gamma(00001296)=  8.059915
     z1=       1 -0.883670860415087E-04 -0.934989778554363E-12

     Lanczos iteration:   1297
     alpha(00001297)=  0.000000
     beta (00001297)=  8.019758
     gamma(00001297)=  8.019758
     z1=       1  0.000000000000000E+00  0.000000000000000E+00

     Lanczos iteration:   1298
     alpha(00001298)=  0.000000
     beta (00001298)=  8.048745
     gamma(00001298)=  8.048745
     z1=       1  0.881834203658803E-04 -0.106087067602967E-11

     Lanczos iteration:   1299
     alpha(00001299)=  0.000000
     beta (00001299)=  8.014803
     gamma(00001299)=  8.014803
     z1=       1  0.000000000000000E+00  0.000000000000000E+00

     Lanczos iteration:   1300
     alpha(00001300)=  0.000000
     beta (00001300)=  8.040693
     gamma(00001300)=  8.040693
     z1=       1 -0.876972140371937E-04 -0.120662245287398E-11

     Lanczos iteration:   1301
     alpha(00001301)=  0.000000
     beta (00001301)=  8.032477
     gamma(00001301)=  8.032477
     z1=       1  0.000000000000000E+00  0.000000000000000E+00

     Lanczos iteration:   1302
     alpha(00001302)=  0.000000
     beta (00001302)=  8.050180
     gamma(00001302)=  8.050180
     z1=       1  0.877766003736890E-04 -0.136925008219502E-11

     Lanczos iteration:   1303
     alpha(00001303)=  0.000000
     beta (00001303)=  8.028456
     gamma(00001303)=  8.028456
     z1=       1  0.000000000000000E+00  0.000000000000000E+00

     Lanczos iteration:   1304
     alpha(00001304)=  0.000000
     beta (00001304)=  8.044953
     gamma(00001304)=  8.044953
     z1=       1 -0.872523962890511E-04 -0.154750435764863E-11

     Lanczos iteration:   1305
     alpha(00001305)=  0.000000
     beta (00001305)=  8.048687
     gamma(00001305)=  8.048687
     z1=       1  0.000000000000000E+00  0.000000000000000E+00

     Lanczos iteration:   1306
     alpha(00001306)=  0.000000
     beta (00001306)=  8.056353
     gamma(00001306)=  8.056353
     z1=       1  0.875856846905013E-04 -0.173233455152561E-11

     Lanczos iteration:   1307
     alpha(00001307)=  0.000000
     beta (00001307)=  8.038187
     gamma(00001307)=  8.038187
     z1=       1  0.000000000000000E+00  0.000000000000000E+00

     Lanczos iteration:   1308
     alpha(00001308)=  0.000000
     beta (00001308)=  8.069205
     gamma(00001308)=  8.069205
     z1=       1 -0.867616230912375E-04 -0.191809665162237E-11

     Lanczos iteration:   1309
     alpha(00001309)=  0.000000
     beta (00001309)=  8.032565
     gamma(00001309)=  8.032565
     z1=       1  0.000000000000000E+00  0.000000000000000E+00

     Lanczos iteration:   1310
     alpha(00001310)=  0.000000
     beta (00001310)=  8.086937
     gamma(00001310)=  8.086937
     z1=       1  0.867330862514584E-04 -0.209764311323381E-11

     Lanczos iteration:   1311
     alpha(00001311)=  0.000000
     beta (00001311)=  8.054063
     gamma(00001311)=  8.054063
     z1=       1  0.000000000000000E+00  0.000000000000000E+00

     Lanczos iteration:   1312
     alpha(00001312)=  0.000000
     beta (00001312)=  8.090728
     gamma(00001312)=  8.090728
     z1=       1 -0.857265125622797E-04 -0.224056288590980E-11

     Lanczos iteration:   1313
     alpha(00001313)=  0.000000
     beta (00001313)=  8.050702
     gamma(00001313)=  8.050702
     z1=       1  0.000000000000000E+00  0.000000000000000E+00

     Lanczos iteration:   1314
     alpha(00001314)=  0.000000
     beta (00001314)=  8.115269
     gamma(00001314)=  8.115269
     z1=       1  0.856996277149442E-04 -0.233135400522676E-11

     Lanczos iteration:   1315
     alpha(00001315)=  0.000000
     beta (00001315)=  8.029833
     gamma(00001315)=  8.029833
     z1=       1  0.000000000000000E+00  0.000000000000000E+00

     Lanczos iteration:   1316
     alpha(00001316)=  0.000000
     beta (00001316)=  8.105974
     gamma(00001316)=  8.105974
     z1=       1 -0.842155122885006E-04 -0.236926686006785E-11

     Lanczos iteration:   1317
     alpha(00001317)=  0.000000
     beta (00001317)=  8.053708
     gamma(00001317)=  8.053708
     z1=       1  0.000000000000000E+00  0.000000000000000E+00

     Lanczos iteration:   1318
     alpha(00001318)=  0.000000
     beta (00001318)=  8.106402
     gamma(00001318)=  8.106402
     z1=       1  0.843506577576101E-04 -0.234609153792807E-11

     Lanczos iteration:   1319
     alpha(00001319)=  0.000000
     beta (00001319)=  8.046991
     gamma(00001319)=  8.046991
     z1=       1  0.000000000000000E+00  0.000000000000000E+00

     Lanczos iteration:   1320
     alpha(00001320)=  0.000000
     beta (00001320)=  8.093138
     gamma(00001320)=  8.093138
     z1=       1 -0.832028167443226E-04 -0.226507805270086E-11

     Lanczos iteration:   1321
     alpha(00001321)=  0.000000
     beta (00001321)=  8.032261
     gamma(00001321)=  8.032261
     z1=       1  0.000000000000000E+00  0.000000000000000E+00

     Lanczos iteration:   1322
     alpha(00001322)=  0.000000
     beta (00001322)=  8.100875
     gamma(00001322)=  8.100875
     z1=       1  0.831301200430456E-04 -0.215114786585211E-11

     Lanczos iteration:   1323
     alpha(00001323)=  0.000000
     beta (00001323)=  8.026587
     gamma(00001323)=  8.026587
     z1=       1  0.000000000000000E+00  0.000000000000000E+00

     Lanczos iteration:   1324
     alpha(00001324)=  0.000000
     beta (00001324)=  8.103421
     gamma(00001324)=  8.103421
     z1=       1 -0.817570378011877E-04 -0.200793062718470E-11

     Lanczos iteration:   1325
     alpha(00001325)=  0.000000
     beta (00001325)=  8.040575
     gamma(00001325)=  8.040575
     z1=       1  0.000000000000000E+00  0.000000000000000E+00

     Lanczos iteration:   1326
     alpha(00001326)=  0.000000
     beta (00001326)=  8.066652
     gamma(00001326)=  8.066652
     z1=       1  0.820220793267494E-04 -0.183477216987053E-11

     Lanczos iteration:   1327
     alpha(00001327)=  0.000000
     beta (00001327)=  8.030844
     gamma(00001327)=  8.030844
     z1=       1  0.000000000000000E+00  0.000000000000000E+00

     Lanczos iteration:   1328
     alpha(00001328)=  0.000000
     beta (00001328)=  8.050242
     gamma(00001328)=  8.050242
     z1=       1 -0.813594874401461E-04 -0.166675764535514E-11

     Lanczos iteration:   1329
     alpha(00001329)=  0.000000
     beta (00001329)=  8.032873
     gamma(00001329)=  8.032873
     z1=       1  0.000000000000000E+00  0.000000000000000E+00

     Lanczos iteration:   1330
     alpha(00001330)=  0.000000
     beta (00001330)=  8.050697
     gamma(00001330)=  8.050697
     z1=       1  0.815805034145338E-04 -0.151447011621065E-11

     Lanczos iteration:   1331
     alpha(00001331)=  0.000000
     beta (00001331)=  8.030494
     gamma(00001331)=  8.030494
     z1=       1  0.000000000000000E+00  0.000000000000000E+00

     Lanczos iteration:   1332
     alpha(00001332)=  0.000000
     beta (00001332)=  8.049859
     gamma(00001332)=  8.049859
     z1=       1 -0.810451202173367E-04 -0.137754578661973E-11

     Lanczos iteration:   1333
     alpha(00001333)=  0.000000
     beta (00001333)=  8.022161
     gamma(00001333)=  8.022161
     z1=       1  0.000000000000000E+00  0.000000000000000E+00

     Lanczos iteration:   1334
     alpha(00001334)=  0.000000
     beta (00001334)=  8.050952
     gamma(00001334)=  8.050952
     z1=       1  0.810331782009984E-04 -0.125906289996371E-11

     Lanczos iteration:   1335
     alpha(00001335)=  0.000000
     beta (00001335)=  8.021670
     gamma(00001335)=  8.021670
     z1=       1  0.000000000000000E+00  0.000000000000000E+00

     Lanczos iteration:   1336
     alpha(00001336)=  0.000000
     beta (00001336)=  8.052579
     gamma(00001336)=  8.052579
     z1=       1 -0.805022115483751E-04 -0.115863000204468E-11

     Lanczos iteration:   1337
     alpha(00001337)=  0.000000
     beta (00001337)=  8.018974
     gamma(00001337)=  8.018974
     z1=       1  0.000000000000000E+00  0.000000000000000E+00

     Lanczos iteration:   1338
     alpha(00001338)=  0.000000
     beta (00001338)=  8.063383
     gamma(00001338)=  8.063383
     z1=       1  0.802213192624748E-04 -0.107341912617259E-11

     Lanczos iteration:   1339
     alpha(00001339)=  0.000000
     beta (00001339)=  8.025472
     gamma(00001339)=  8.025472
     z1=       1  0.000000000000000E+00  0.000000000000000E+00

     Lanczos iteration:   1340
     alpha(00001340)=  0.000000
     beta (00001340)=  8.051870
     gamma(00001340)=  8.051870
     z1=       1 -0.798491498269528E-04 -0.997422884385095E-12

     Lanczos iteration:   1341
     alpha(00001341)=  0.000000
     beta (00001341)=  8.010764
     gamma(00001341)=  8.010764
     z1=       1  0.000000000000000E+00  0.000000000000000E+00

     Lanczos iteration:   1342
     alpha(00001342)=  0.000000
     beta (00001342)=  8.056416
     gamma(00001342)=  8.056416
     z1=       1  0.794486925255144E-04 -0.937901513984598E-12

     Lanczos iteration:   1343
     alpha(00001343)=  0.000000
     beta (00001343)=  8.017538
     gamma(00001343)=  8.017538
     z1=       1  0.000000000000000E+00  0.000000000000000E+00

     Lanczos iteration:   1344
     alpha(00001344)=  0.000000
     beta (00001344)=  8.045645
     gamma(00001344)=  8.045645
     z1=       1 -0.791714556876480E-04 -0.893235033238025E-12

     Lanczos iteration:   1345
     alpha(00001345)=  0.000000
     beta (00001345)=  8.019717
     gamma(00001345)=  8.019717
     z1=       1  0.000000000000000E+00  0.000000000000000E+00

     Lanczos iteration:   1346
     alpha(00001346)=  0.000000
     beta (00001346)=  8.036598
     gamma(00001346)=  8.036598
     z1=       1  0.789489257009307E-04 -0.865392980240234E-12

     Lanczos iteration:   1347
     alpha(00001347)=  0.000000
     beta (00001347)=  7.981983
     gamma(00001347)=  7.981983
     z1=       1  0.000000000000000E+00  0.000000000000000E+00

     Lanczos iteration:   1348
     alpha(00001348)=  0.000000
     beta (00001348)=  8.053170
     gamma(00001348)=  8.053170
     z1=       1 -0.783633757570952E-04 -0.867267002991377E-12

     Lanczos iteration:   1349
     alpha(00001349)=  0.000000
     beta (00001349)=  8.010559
     gamma(00001349)=  8.010559
     z1=       1  0.000000000000000E+00  0.000000000000000E+00

     Lanczos iteration:   1350
     alpha(00001350)=  0.000000
     beta (00001350)=  8.044331
     gamma(00001350)=  8.044331
     z1=       1  0.778621599998024E-04 -0.888909571468075E-12

     Lanczos iteration:   1351
     alpha(00001351)=  0.000000
     beta (00001351)=  8.014569
     gamma(00001351)=  8.014569
     z1=       1  0.000000000000000E+00  0.000000000000000E+00

     Lanczos iteration:   1352
     alpha(00001352)=  0.000000
     beta (00001352)=  8.048946
     gamma(00001352)=  8.048946
     z1=       1 -0.777621303979067E-04 -0.928991123753301E-12

     Lanczos iteration:   1353
     alpha(00001353)=  0.000000
     beta (00001353)=  8.028945
     gamma(00001353)=  8.028945
     z1=       1  0.000000000000000E+00  0.000000000000000E+00

     Lanczos iteration:   1354
     alpha(00001354)=  0.000000
     beta (00001354)=  8.062930
     gamma(00001354)=  8.062930
     z1=       1  0.771333735653847E-04 -0.979142250932936E-12

     Lanczos iteration:   1355
     alpha(00001355)=  0.000000
     beta (00001355)=  8.052366
     gamma(00001355)=  8.052366
     z1=       1  0.000000000000000E+00  0.000000000000000E+00

     Lanczos iteration:   1356
     alpha(00001356)=  0.000000
     beta (00001356)=  8.059070
     gamma(00001356)=  8.059070
     z1=       1 -0.774338215865152E-04 -0.102531913141848E-11

     Lanczos iteration:   1357
     alpha(00001357)=  0.000000
     beta (00001357)=  8.048155
     gamma(00001357)=  8.048155
     z1=       1  0.000000000000000E+00  0.000000000000000E+00

     Lanczos iteration:   1358
     alpha(00001358)=  0.000000
     beta (00001358)=  8.061149
     gamma(00001358)=  8.061149
     z1=       1  0.768805439632244E-04 -0.106700781905556E-11

     Lanczos iteration:   1359
     alpha(00001359)=  0.000000
     beta (00001359)=  8.037860
     gamma(00001359)=  8.037860
     z1=       1  0.000000000000000E+00  0.000000000000000E+00

     Lanczos iteration:   1360
     alpha(00001360)=  0.000000
     beta (00001360)=  8.104644
     gamma(00001360)=  8.104644
     z1=       1 -0.767313089682043E-04 -0.110228801928779E-11

     Lanczos iteration:   1361
     alpha(00001361)=  0.000000
     beta (00001361)=  8.069256
     gamma(00001361)=  8.069256
     z1=       1  0.000000000000000E+00  0.000000000000000E+00

     Lanczos iteration:   1362
     alpha(00001362)=  0.000000
     beta (00001362)=  8.089793
     gamma(00001362)=  8.089793
     z1=       1  0.760008398741085E-04 -0.110366488511788E-11

     Lanczos iteration:   1363
     alpha(00001363)=  0.000000
     beta (00001363)=  8.071699
     gamma(00001363)=  8.071699
     z1=       1  0.000000000000000E+00  0.000000000000000E+00

     Lanczos iteration:   1364
     alpha(00001364)=  0.000000
     beta (00001364)=  8.102475
     gamma(00001364)=  8.102475
     z1=       1 -0.762770793682042E-04 -0.107069120735939E-11

     Lanczos iteration:   1365
     alpha(00001365)=  0.000000
     beta (00001365)=  8.088924
     gamma(00001365)=  8.088924
     z1=       1  0.000000000000000E+00  0.000000000000000E+00

     Lanczos iteration:   1366
     alpha(00001366)=  0.000000
     beta (00001366)=  8.120411
     gamma(00001366)=  8.120411
     z1=       1  0.754083976812868E-04 -0.990060211322689E-12

     Lanczos iteration:   1367
     alpha(00001367)=  0.000000
     beta (00001367)=  8.083646
     gamma(00001367)=  8.083646
     z1=       1  0.000000000000000E+00  0.000000000000000E+00

     Lanczos iteration:   1368
     alpha(00001368)=  0.000000
     beta (00001368)=  8.124831
     gamma(00001368)=  8.124831
     z1=       1 -0.755762324833993E-04 -0.858415600665947E-12

     Lanczos iteration:   1369
     alpha(00001369)=  0.000000
     beta (00001369)=  8.093806
     gamma(00001369)=  8.093806
     z1=       1  0.000000000000000E+00  0.000000000000000E+00

     Lanczos iteration:   1370
     alpha(00001370)=  0.000000
     beta (00001370)=  8.131322
     gamma(00001370)=  8.131322
     z1=       1  0.747283228170951E-04 -0.678193300052319E-12

     Lanczos iteration:   1371
     alpha(00001371)=  0.000000
     beta (00001371)=  8.074940
     gamma(00001371)=  8.074940
     z1=       1  0.000000000000000E+00  0.000000000000000E+00

     Lanczos iteration:   1372
     alpha(00001372)=  0.000000
     beta (00001372)=  8.112973
     gamma(00001372)=  8.112973
     z1=       1 -0.747951593808483E-04 -0.462790081297080E-12

     Lanczos iteration:   1373
     alpha(00001373)=  0.000000
     beta (00001373)=  8.059598
     gamma(00001373)=  8.059598
     z1=       1  0.000000000000000E+00  0.000000000000000E+00

     Lanczos iteration:   1374
     alpha(00001374)=  0.000000
     beta (00001374)=  8.102394
     gamma(00001374)=  8.102394
     z1=       1  0.740839746451686E-04 -0.230980184890738E-12

     Lanczos iteration:   1375
     alpha(00001375)=  0.000000
     beta (00001375)=  8.058667
     gamma(00001375)=  8.058667
     z1=       1  0.000000000000000E+00  0.000000000000000E+00

     Lanczos iteration:   1376
     alpha(00001376)=  0.000000
     beta (00001376)=  8.101792
     gamma(00001376)=  8.101792
     z1=       1 -0.738934442443051E-04  0.622524514525815E-14

     Lanczos iteration:   1377
     alpha(00001377)=  0.000000
     beta (00001377)=  8.026282
     gamma(00001377)=  8.026282
     z1=       1  0.000000000000000E+00  0.000000000000000E+00

     Lanczos iteration:   1378
     alpha(00001378)=  0.000000
     beta (00001378)=  8.089183
     gamma(00001378)=  8.089183
     z1=       1  0.732308907071257E-04  0.243113202376554E-12

     Lanczos iteration:   1379
     alpha(00001379)=  0.000000
     beta (00001379)=  8.034958
     gamma(00001379)=  8.034958
     z1=       1  0.000000000000000E+00  0.000000000000000E+00

     Lanczos iteration:   1380
     alpha(00001380)=  0.000000
     beta (00001380)=  8.091246
     gamma(00001380)=  8.091246
     z1=       1 -0.726911987242219E-04  0.474946880280995E-12

     Lanczos iteration:   1381
     alpha(00001381)=  0.000000
     beta (00001381)=  8.025346
     gamma(00001381)=  8.025346
     z1=       1  0.000000000000000E+00  0.000000000000000E+00

     Lanczos iteration:   1382
     alpha(00001382)=  0.000000
     beta (00001382)=  8.083955
     gamma(00001382)=  8.083955
     z1=       1  0.723097691220864E-04  0.701259878533656E-12

     Lanczos iteration:   1383
     alpha(00001383)=  0.000000
     beta (00001383)=  8.047168
     gamma(00001383)=  8.047168
     z1=       1  0.000000000000000E+00  0.000000000000000E+00

     Lanczos iteration:   1384
     alpha(00001384)=  0.000000
     beta (00001384)=  8.072084
     gamma(00001384)=  8.072084
     z1=       1 -0.718270154942653E-04  0.916925682755806E-12

     Lanczos iteration:   1385
     alpha(00001385)=  0.000000
     beta (00001385)=  8.033980
     gamma(00001385)=  8.033980
     z1=       1  0.000000000000000E+00  0.000000000000000E+00

     Lanczos iteration:   1386
     alpha(00001386)=  0.000000
     beta (00001386)=  8.074703
     gamma(00001386)=  8.074703
     z1=       1  0.718331204370430E-04  0.112592604933639E-11

     Lanczos iteration:   1387
     alpha(00001387)=  0.000000
     beta (00001387)=  8.034193
     gamma(00001387)=  8.034193
     z1=       1  0.000000000000000E+00  0.000000000000000E+00

     Lanczos iteration:   1388
     alpha(00001388)=  0.000000
     beta (00001388)=  8.091659
     gamma(00001388)=  8.091659
     z1=       1 -0.708501827945958E-04  0.132426722918146E-11

     Lanczos iteration:   1389
     alpha(00001389)=  0.000000
     beta (00001389)=  8.020982
     gamma(00001389)=  8.020982
     z1=       1  0.000000000000000E+00  0.000000000000000E+00

     Lanczos iteration:   1390
     alpha(00001390)=  0.000000
     beta (00001390)=  8.083492
     gamma(00001390)=  8.083492
     z1=       1  0.708726348516815E-04  0.151114632300983E-11

     Lanczos iteration:   1391
     alpha(00001391)=  0.000000
     beta (00001391)=  8.048443
     gamma(00001391)=  8.048443
     z1=       1  0.000000000000000E+00  0.000000000000000E+00

     Lanczos iteration:   1392
     alpha(00001392)=  0.000000
     beta (00001392)=  8.081188
     gamma(00001392)=  8.081188
     z1=       1 -0.699221160160247E-04  0.167575489114199E-11

     Lanczos iteration:   1393
     alpha(00001393)=  0.000000
     beta (00001393)=  8.037840
     gamma(00001393)=  8.037840
     z1=       1  0.000000000000000E+00  0.000000000000000E+00

     Lanczos iteration:   1394
     alpha(00001394)=  0.000000
     beta (00001394)=  8.069675
     gamma(00001394)=  8.069675
     z1=       1  0.703876967228062E-04  0.182194490001320E-11

     Lanczos iteration:   1395
     alpha(00001395)=  0.000000
     beta (00001395)=  8.054213
     gamma(00001395)=  8.054213
     z1=       1  0.000000000000000E+00  0.000000000000000E+00

     Lanczos iteration:   1396
     alpha(00001396)=  0.000000
     beta (00001396)=  8.062393
     gamma(00001396)=  8.062393
     z1=       1 -0.695030946897236E-04  0.194802570361879E-11

     Lanczos iteration:   1397
     alpha(00001397)=  0.000000
     beta (00001397)=  8.040425
     gamma(00001397)=  8.040425
     z1=       1  0.000000000000000E+00  0.000000000000000E+00

     Lanczos iteration:   1398
     alpha(00001398)=  0.000000
     beta (00001398)=  8.084850
     gamma(00001398)=  8.084850
     z1=       1  0.699924453208703E-04  0.205903444642417E-11

     Lanczos iteration:   1399
     alpha(00001399)=  0.000000
     beta (00001399)=  8.062898
     gamma(00001399)=  8.062898
     z1=       1  0.000000000000000E+00  0.000000000000000E+00

     Lanczos iteration:   1400
     alpha(00001400)=  0.000000
     beta (00001400)=  8.073652
     gamma(00001400)=  8.073652
     z1=       1 -0.689824320056088E-04  0.212588136553400E-11

     Lanczos iteration:   1401
     alpha(00001401)=  0.000000
     beta (00001401)=  8.049233
     gamma(00001401)=  8.049233
     z1=       1  0.000000000000000E+00  0.000000000000000E+00

     Lanczos iteration:   1402
     alpha(00001402)=  0.000000
     beta (00001402)=  8.074926
     gamma(00001402)=  8.074926
     z1=       1  0.697056739384652E-04  0.216116833040074E-11

     Lanczos iteration:   1403
     alpha(00001403)=  0.000000
     beta (00001403)=  8.065603
     gamma(00001403)=  8.065603
     z1=       1  0.000000000000000E+00  0.000000000000000E+00

     Lanczos iteration:   1404
     alpha(00001404)=  0.000000
     beta (00001404)=  8.073179
     gamma(00001404)=  8.073179
     z1=       1 -0.686897652013906E-04  0.215398333135840E-11

     Lanczos iteration:   1405
     alpha(00001405)=  0.000000
     beta (00001405)=  8.047403
     gamma(00001405)=  8.047403
     z1=       1  0.000000000000000E+00  0.000000000000000E+00

     Lanczos iteration:   1406
     alpha(00001406)=  0.000000
     beta (00001406)=  8.068518
     gamma(00001406)=  8.068518
     z1=       1  0.694493351624305E-04  0.211768381727146E-11

     Lanczos iteration:   1407
     alpha(00001407)=  0.000000
     beta (00001407)=  8.064522
     gamma(00001407)=  8.064522
     z1=       1  0.000000000000000E+00  0.000000000000000E+00

     Lanczos iteration:   1408
     alpha(00001408)=  0.000000
     beta (00001408)=  8.063367
     gamma(00001408)=  8.063367
     z1=       1 -0.685451402797400E-04  0.204896694154487E-11

     Lanczos iteration:   1409
     alpha(00001409)=  0.000000
     beta (00001409)=  8.052858
     gamma(00001409)=  8.052858
     z1=       1  0.000000000000000E+00  0.000000000000000E+00

     Lanczos iteration:   1410
     alpha(00001410)=  0.000000
     beta (00001410)=  8.066687
     gamma(00001410)=  8.066687
     z1=       1  0.693004848564635E-04  0.195678740706969E-11

     Lanczos iteration:   1411
     alpha(00001411)=  0.000000
     beta (00001411)=  8.063268
     gamma(00001411)=  8.063268
     z1=       1  0.000000000000000E+00  0.000000000000000E+00

     Lanczos iteration:   1412
     alpha(00001412)=  0.000000
     beta (00001412)=  8.069383
     gamma(00001412)=  8.069383
     z1=       1 -0.684272316683311E-04  0.183441731212133E-11

     Lanczos iteration:   1413
     alpha(00001413)=  0.000000
     beta (00001413)=  8.041527
     gamma(00001413)=  8.041527
     z1=       1  0.000000000000000E+00  0.000000000000000E+00

     Lanczos iteration:   1414
     alpha(00001414)=  0.000000
     beta (00001414)=  8.061163
     gamma(00001414)=  8.061163
     z1=       1  0.690163249130116E-04  0.169600686489486E-11

     Lanczos iteration:   1415
     alpha(00001415)=  0.000000
     beta (00001415)=  8.034678
     gamma(00001415)=  8.034678
     z1=       1  0.000000000000000E+00  0.000000000000000E+00

     Lanczos iteration:   1416
     alpha(00001416)=  0.000000
     beta (00001416)=  8.075004
     gamma(00001416)=  8.075004
     z1=       1 -0.679873167961008E-04  0.155431149679482E-11

     Lanczos iteration:   1417
     alpha(00001417)=  0.000000
     beta (00001417)=  8.033782
     gamma(00001417)=  8.033782
     z1=       1  0.000000000000000E+00  0.000000000000000E+00

     Lanczos iteration:   1418
     alpha(00001418)=  0.000000
     beta (00001418)=  8.048873
     gamma(00001418)=  8.048873
     z1=       1  0.684747219660762E-04  0.140832877252837E-11

     Lanczos iteration:   1419
     alpha(00001419)=  0.000000
     beta (00001419)=  8.020570
     gamma(00001419)=  8.020570
     z1=       1  0.000000000000000E+00  0.000000000000000E+00

     Lanczos iteration:   1420
     alpha(00001420)=  0.000000
     beta (00001420)=  8.049930
     gamma(00001420)=  8.049930
     z1=       1 -0.676806703198270E-04  0.127918084999756E-11

     Lanczos iteration:   1421
     alpha(00001421)=  0.000000
     beta (00001421)=  8.017453
     gamma(00001421)=  8.017453
     z1=       1  0.000000000000000E+00  0.000000000000000E+00

     Lanczos iteration:   1422
     alpha(00001422)=  0.000000
     beta (00001422)=  8.060355
     gamma(00001422)=  8.060355
     z1=       1  0.678026622512010E-04  0.116757584711690E-11

     Lanczos iteration:   1423
     alpha(00001423)=  0.000000
     beta (00001423)=  8.018589
     gamma(00001423)=  8.018589
     z1=       1  0.000000000000000E+00  0.000000000000000E+00

     Lanczos iteration:   1424
     alpha(00001424)=  0.000000
     beta (00001424)=  8.044083
     gamma(00001424)=  8.044083
     z1=       1 -0.671604372470731E-04  0.106931545488912E-11

     Lanczos iteration:   1425
     alpha(00001425)=  0.000000
     beta (00001425)=  8.029076
     gamma(00001425)=  8.029076
     z1=       1  0.000000000000000E+00  0.000000000000000E+00

     Lanczos iteration:   1426
     alpha(00001426)=  0.000000
     beta (00001426)=  8.050887
     gamma(00001426)=  8.050887
     z1=       1  0.673566237262929E-04  0.985482215071900E-12

     Lanczos iteration:   1427
     alpha(00001427)=  0.000000
     beta (00001427)=  8.018363
     gamma(00001427)=  8.018363
     z1=       1  0.000000000000000E+00  0.000000000000000E+00

     Lanczos iteration:   1428
     alpha(00001428)=  0.000000
     beta (00001428)=  8.059173
     gamma(00001428)=  8.059173
     z1=       1 -0.666778999888911E-04  0.913750881929765E-12

     Lanczos iteration:   1429
     alpha(00001429)=  0.000000
     beta (00001429)=  8.016324
     gamma(00001429)=  8.016324
     z1=       1  0.000000000000000E+00  0.000000000000000E+00

     Lanczos iteration:   1430
     alpha(00001430)=  0.000000
     beta (00001430)=  8.045635
     gamma(00001430)=  8.045635
     z1=       1  0.667358383414790E-04  0.854395679443531E-12

     Lanczos iteration:   1431
     alpha(00001431)=  0.000000
     beta (00001431)=  8.025839
     gamma(00001431)=  8.025839
     z1=       1  0.000000000000000E+00  0.000000000000000E+00

     Lanczos iteration:   1432
     alpha(00001432)=  0.000000
     beta (00001432)=  8.053392
     gamma(00001432)=  8.053392
     z1=       1 -0.662334818652686E-04  0.807450349210874E-12

     Lanczos iteration:   1433
     alpha(00001433)=  0.000000
     beta (00001433)=  8.028575
     gamma(00001433)=  8.028575
     z1=       1  0.000000000000000E+00  0.000000000000000E+00

     Lanczos iteration:   1434
     alpha(00001434)=  0.000000
     beta (00001434)=  8.059344
     gamma(00001434)=  8.059344
     z1=       1  0.662330681964726E-04  0.768104944118159E-12

     Lanczos iteration:   1435
     alpha(00001435)=  0.000000
     beta (00001435)=  8.046526
     gamma(00001435)=  8.046526
     z1=       1  0.000000000000000E+00  0.000000000000000E+00

     Lanczos iteration:   1436
     alpha(00001436)=  0.000000
     beta (00001436)=  8.083870
     gamma(00001436)=  8.083870
     z1=       1 -0.656902128145224E-04  0.726673310629487E-12

     Lanczos iteration:   1437
     alpha(00001437)=  0.000000
     beta (00001437)=  8.037654
     gamma(00001437)=  8.037654
     z1=       1  0.000000000000000E+00  0.000000000000000E+00

     Lanczos iteration:   1438
     alpha(00001438)=  0.000000
     beta (00001438)=  8.093294
     gamma(00001438)=  8.093294
     z1=       1  0.654628520179864E-04  0.677056566997696E-12

     Lanczos iteration:   1439
     alpha(00001439)=  0.000000
     beta (00001439)=  8.066337
     gamma(00001439)=  8.066337
     z1=       1  0.000000000000000E+00  0.000000000000000E+00

     Lanczos iteration:   1440
     alpha(00001440)=  0.000000
     beta (00001440)=  8.110220
     gamma(00001440)=  8.110220
     z1=       1 -0.648933045039174E-04  0.609916470154689E-12

     Lanczos iteration:   1441
     alpha(00001441)=  0.000000
     beta (00001441)=  8.054045
     gamma(00001441)=  8.054045
     z1=       1  0.000000000000000E+00  0.000000000000000E+00

     Lanczos iteration:   1442
     alpha(00001442)=  0.000000
     beta (00001442)=  8.104052
     gamma(00001442)=  8.104052
     z1=       1  0.646981783321412E-04  0.524480610386025E-12

     Lanczos iteration:   1443
     alpha(00001443)=  0.000000
     beta (00001443)=  8.069617
     gamma(00001443)=  8.069617
     z1=       1  0.000000000000000E+00  0.000000000000000E+00

     Lanczos iteration:   1444
     alpha(00001444)=  0.000000
     beta (00001444)=  8.091695
     gamma(00001444)=  8.091695
     z1=       1 -0.643225714316258E-04  0.423312706782571E-12

     Lanczos iteration:   1445
     alpha(00001445)=  0.000000
     beta (00001445)=  8.076833
     gamma(00001445)=  8.076833
     z1=       1  0.000000000000000E+00  0.000000000000000E+00

     Lanczos iteration:   1446
     alpha(00001446)=  0.000000
     beta (00001446)=  8.078145
     gamma(00001446)=  8.078145
     z1=       1  0.645033487025155E-04  0.310784743481318E-12

     Lanczos iteration:   1447
     alpha(00001447)=  0.000000
     beta (00001447)=  8.073325
     gamma(00001447)=  8.073325
     z1=       1  0.000000000000000E+00  0.000000000000000E+00

     Lanczos iteration:   1448
     alpha(00001448)=  0.000000
     beta (00001448)=  8.094470
     gamma(00001448)=  8.094470
     z1=       1 -0.641447166627648E-04  0.191437158601824E-12

     Lanczos iteration:   1449
     alpha(00001449)=  0.000000
     beta (00001449)=  8.055844
     gamma(00001449)=  8.055844
     z1=       1  0.000000000000000E+00  0.000000000000000E+00

     Lanczos iteration:   1450
     alpha(00001450)=  0.000000
     beta (00001450)=  8.092664
     gamma(00001450)=  8.092664
     z1=       1  0.640406969861427E-04  0.686675702048245E-13

     Lanczos iteration:   1451
     alpha(00001451)=  0.000000
     beta (00001451)=  8.040502
     gamma(00001451)=  8.040502
     z1=       1  0.000000000000000E+00  0.000000000000000E+00

     Lanczos iteration:   1452
     alpha(00001452)=  0.000000
     beta (00001452)=  8.097204
     gamma(00001452)=  8.097204
     z1=       1 -0.634001103655832E-04 -0.540022568335435E-13

     Lanczos iteration:   1453
     alpha(00001453)=  0.000000
     beta (00001453)=  8.044149
     gamma(00001453)=  8.044149
     z1=       1  0.000000000000000E+00  0.000000000000000E+00

     Lanczos iteration:   1454
     alpha(00001454)=  0.000000
     beta (00001454)=  8.084404
     gamma(00001454)=  8.084404
     z1=       1  0.632847258424813E-04 -0.174011986706148E-12

     Lanczos iteration:   1455
     alpha(00001455)=  0.000000
     beta (00001455)=  8.055125
     gamma(00001455)=  8.055125
     z1=       1  0.000000000000000E+00  0.000000000000000E+00

     Lanczos iteration:   1456
     alpha(00001456)=  0.000000
     beta (00001456)=  8.079242
     gamma(00001456)=  8.079242
     z1=       1 -0.628835491979653E-04 -0.289608195585511E-12

     Lanczos iteration:   1457
     alpha(00001457)=  0.000000
     beta (00001457)=  8.041976
     gamma(00001457)=  8.041976
     z1=       1  0.000000000000000E+00  0.000000000000000E+00

     Lanczos iteration:   1458
     alpha(00001458)=  0.000000
     beta (00001458)=  8.081240
     gamma(00001458)=  8.081240
     z1=       1  0.628054253970210E-04 -0.400332834093598E-12

     Lanczos iteration:   1459
     alpha(00001459)=  0.000000
     beta (00001459)=  8.046576
     gamma(00001459)=  8.046576
     z1=       1  0.000000000000000E+00  0.000000000000000E+00

     Lanczos iteration:   1460
     alpha(00001460)=  0.000000
     beta (00001460)=  8.081428
     gamma(00001460)=  8.081428
     z1=       1 -0.622890820341914E-04 -0.504856990648559E-12

     Lanczos iteration:   1461
     alpha(00001461)=  0.000000
     beta (00001461)=  8.019971
     gamma(00001461)=  8.019971
     z1=       1  0.000000000000000E+00  0.000000000000000E+00

     Lanczos iteration:   1462
     alpha(00001462)=  0.000000
     beta (00001462)=  8.065278
     gamma(00001462)=  8.065278
     z1=       1  0.622067999941565E-04 -0.607955414302690E-12

     Lanczos iteration:   1463
     alpha(00001463)=  0.000000
     beta (00001463)=  8.002782
     gamma(00001463)=  8.002782
     z1=       1  0.000000000000000E+00  0.000000000000000E+00

     Lanczos iteration:   1464
     alpha(00001464)=  0.000000
     beta (00001464)=  8.065462
     gamma(00001464)=  8.065462
     z1=       1 -0.614290072433913E-04 -0.719312438965935E-12

     Lanczos iteration:   1465
     alpha(00001465)=  0.000000
     beta (00001465)=  8.018667
     gamma(00001465)=  8.018667
     z1=       1  0.000000000000000E+00  0.000000000000000E+00

     Lanczos iteration:   1466
     alpha(00001466)=  0.000000
     beta (00001466)=  8.042163
     gamma(00001466)=  8.042163
     z1=       1  0.615816376257392E-04 -0.839552821378258E-12

     Lanczos iteration:   1467
     alpha(00001467)=  0.000000
     beta (00001467)=  8.002457
     gamma(00001467)=  8.002457
     z1=       1  0.000000000000000E+00  0.000000000000000E+00

     Lanczos iteration:   1468
     alpha(00001468)=  0.000000
     beta (00001468)=  8.039260
     gamma(00001468)=  8.039260
     z1=       1 -0.609225880323542E-04 -0.982142305228459E-12

     Lanczos iteration:   1469
     alpha(00001469)=  0.000000
     beta (00001469)=  7.994783
     gamma(00001469)=  7.994783
     z1=       1  0.000000000000000E+00  0.000000000000000E+00

     Lanczos iteration:   1470
     alpha(00001470)=  0.000000
     beta (00001470)=  8.050143
     gamma(00001470)=  8.050143
     z1=       1  0.609398235764174E-04 -0.115489011898183E-11

     Lanczos iteration:   1471
     alpha(00001471)=  0.000000
     beta (00001471)=  7.998243
     gamma(00001471)=  7.998243
     z1=       1  0.000000000000000E+00  0.000000000000000E+00

     Lanczos iteration:   1472
     alpha(00001472)=  0.000000
     beta (00001472)=  8.041216
     gamma(00001472)=  8.041216
     z1=       1 -0.601049766879209E-04 -0.136015109897962E-11

     Lanczos iteration:   1473
     alpha(00001473)=  0.000000
     beta (00001473)=  8.008969
     gamma(00001473)=  8.008969
     z1=       1  0.000000000000000E+00  0.000000000000000E+00

     Lanczos iteration:   1474
     alpha(00001474)=  0.000000
     beta (00001474)=  8.044520
     gamma(00001474)=  8.044520
     z1=       1  0.604399590727721E-04 -0.160090638416170E-11

     Lanczos iteration:   1475
     alpha(00001475)=  0.000000
     beta (00001475)=  8.001340
     gamma(00001475)=  8.001340
     z1=       1  0.000000000000000E+00  0.000000000000000E+00

     Lanczos iteration:   1476
     alpha(00001476)=  0.000000
     beta (00001476)=  8.052596
     gamma(00001476)=  8.052596
     z1=       1 -0.593506934804631E-04 -0.188328099415539E-11

     Lanczos iteration:   1477
     alpha(00001477)=  0.000000
     beta (00001477)=  8.023707
     gamma(00001477)=  8.023707
     z1=       1  0.000000000000000E+00  0.000000000000000E+00

     Lanczos iteration:   1478
     alpha(00001478)=  0.000000
     beta (00001478)=  8.053179
     gamma(00001478)=  8.053179
     z1=       1  0.599607428116024E-04 -0.219373748350176E-11

     Lanczos iteration:   1479
     alpha(00001479)=  0.000000
     beta (00001479)=  8.031584
     gamma(00001479)=  8.031584
     z1=       1  0.000000000000000E+00  0.000000000000000E+00

     Lanczos iteration:   1480
     alpha(00001480)=  0.000000
     beta (00001480)=  8.062015
     gamma(00001480)=  8.062015
     z1=       1 -0.587774584643963E-04 -0.252227180742663E-11

     Lanczos iteration:   1481
     alpha(00001481)=  0.000000
     beta (00001481)=  8.034186
     gamma(00001481)=  8.034186
     z1=       1  0.000000000000000E+00  0.000000000000000E+00

     Lanczos iteration:   1482
     alpha(00001482)=  0.000000
     beta (00001482)=  8.053808
     gamma(00001482)=  8.053808
     z1=       1  0.597290742494977E-04 -0.286165222858201E-11

     Lanczos iteration:   1483
     alpha(00001483)=  0.000000
     beta (00001483)=  8.050287
     gamma(00001483)=  8.050287
     z1=       1  0.000000000000000E+00  0.000000000000000E+00

     Lanczos iteration:   1484
     alpha(00001484)=  0.000000
     beta (00001484)=  8.076032
     gamma(00001484)=  8.076032
     z1=       1 -0.583075183483977E-04 -0.319476601616506E-11

     Lanczos iteration:   1485
     alpha(00001485)=  0.000000
     beta (00001485)=  8.051423
     gamma(00001485)=  8.051423
     z1=       1  0.000000000000000E+00  0.000000000000000E+00

     Lanczos iteration:   1486
     alpha(00001486)=  0.000000
     beta (00001486)=  8.083894
     gamma(00001486)=  8.083894
     z1=       1  0.594287525416256E-04 -0.348484530023885E-11

     Lanczos iteration:   1487
     alpha(00001487)=  0.000000
     beta (00001487)=  8.045237
     gamma(00001487)=  8.045237
     z1=       1  0.000000000000000E+00  0.000000000000000E+00

     Lanczos iteration:   1488
     alpha(00001488)=  0.000000
     beta (00001488)=  8.090364
     gamma(00001488)=  8.090364
     z1=       1 -0.576351176379253E-04 -0.372344523475874E-11

     Lanczos iteration:   1489
     alpha(00001489)=  0.000000
     beta (00001489)=  8.067509
     gamma(00001489)=  8.067509
     z1=       1  0.000000000000000E+00  0.000000000000000E+00

     Lanczos iteration:   1490
     alpha(00001490)=  0.000000
     beta (00001490)=  8.075628
     gamma(00001490)=  8.075628
     z1=       1  0.591167861870639E-04 -0.387648964304504E-11

     Lanczos iteration:   1491
     alpha(00001491)=  0.000000
     beta (00001491)=  8.065564
     gamma(00001491)=  8.065564
     z1=       1  0.000000000000000E+00  0.000000000000000E+00

     Lanczos iteration:   1492
     alpha(00001492)=  0.000000
     beta (00001492)=  8.107096
     gamma(00001492)=  8.107096
     z1=       1 -0.572356471382165E-04 -0.393921867411752E-11

     Lanczos iteration:   1493
     alpha(00001493)=  0.000000
     beta (00001493)=  8.061233
     gamma(00001493)=  8.061233
     z1=       1  0.000000000000000E+00  0.000000000000000E+00

     Lanczos iteration:   1494
     alpha(00001494)=  0.000000
     beta (00001494)=  8.093932
     gamma(00001494)=  8.093932
     z1=       1  0.585771586676111E-04 -0.387802981061495E-11

     Lanczos iteration:   1495
     alpha(00001495)=  0.000000
     beta (00001495)=  8.062053
     gamma(00001495)=  8.062053
     z1=       1  0.000000000000000E+00  0.000000000000000E+00

     Lanczos iteration:   1496
     alpha(00001496)=  0.000000
     beta (00001496)=  8.074246
     gamma(00001496)=  8.074246
     z1=       1 -0.569630457617073E-04 -0.372420755534582E-11

     Lanczos iteration:   1497
     alpha(00001497)=  0.000000
     beta (00001497)=  8.071353
     gamma(00001497)=  8.071353
     z1=       1  0.000000000000000E+00  0.000000000000000E+00

     Lanczos iteration:   1498
     alpha(00001498)=  0.000000
     beta (00001498)=  8.102578
     gamma(00001498)=  8.102578
     z1=       1  0.581790222445961E-04 -0.348338923833526E-11

     Lanczos iteration:   1499
     alpha(00001499)=  0.000000
     beta (00001499)=  8.044986
     gamma(00001499)=  8.044986
     z1=       1  0.000000000000000E+00  0.000000000000000E+00

     Lanczos iteration:   1500
     alpha(00001500)=  0.000000
     beta (00001500)=  8.085233
     gamma(00001500)=  8.085233
     z1=       1 -0.565779307426726E-04 -0.316017417819963E-11
     End of Lanczos iterations

     Finished linear response calculation...
 
     lr_eels_main :     84.68s CPU    100.46s WALL (       1 calls)
     one_step     :     79.29s CPU     94.06s WALL (     250 calls)
 
     lr_apply     :     78.45s CPU     93.15s WALL (     250 calls)
     lr_apply_int :     57.65s CPU     68.12s WALL (     125 calls)
     lr_apply_no  :     20.71s CPU     24.93s WALL (     125 calls)
 
     h_psi        :     40.49s CPU     48.16s WALL (  152322 calls)
     lr_calc_dens :     18.50s CPU     21.93s WALL (     125 calls)
     incdrhoscf   :     17.93s CPU     21.26s WALL (   68750 calls)
     lr_dv_setup  :      0.00s CPU      0.00s WALL (       1 calls)
     dv_of_drho   :      0.02s CPU      0.03s WALL (     125 calls)
     lr_dot       :      0.20s CPU      0.23s WALL (     375 calls)
     ortho        :      1.14s CPU      1.35s WALL (   68750 calls)
 
 
     US routines
     lr_sm1_psi   :      0.19s CPU      0.23s WALL (  137500 calls)
 
     General routines
     calbec       :      2.25s CPU      2.71s WALL (  152322 calls)
     fft          :      0.03s CPU      0.03s WALL (     381 calls)
     fftw         :     66.82s CPU     79.43s WALL ( 2310988 calls)
     interpolate  :      0.00s CPU      0.00s WALL (     250 calls)
     davcio       :      1.27s CPU      1.52s WALL (  346088 calls)
 
     Parallel routines
 
     EELS routines
     lr_run_nscf  :      5.22s CPU      6.16s WALL (       1 calls)
     lr_setup_nsc :      0.00s CPU      0.00s WALL (       1 calls)
     lr_calc_dens :     18.50s CPU     21.93s WALL (     125 calls)
     lr_sym_eels  :      0.16s CPU      0.18s WALL (     125 calls)
     lr_psym_eels :      0.17s CPU      0.19s WALL (     125 calls)
     lr_smallgq   :      0.00s CPU      0.00s WALL (       1 calls)
     lr_summary   :      0.00s CPU      0.00s WALL (       1 calls)
 
 
     turboEELS    :   1m24.69s CPU   1m40.48s WALL

 
   This run was terminated on:  13:21:20  20Apr2021            

=------------------------------------------------------------------------------=
   JOB DONE.
=------------------------------------------------------------------------------=
