 Warning: Only a single CPU will be used!

     Program TDDFPT_PP v.6.7MaX starts on 20Apr2021 at 13: 2:44 

     This program is part of the open-source Quantum ESPRESSO suite
     for quantum simulation of materials; please cite
         "P. Giannozzi et al., J. Phys.:Condens. Matter 21 395502 (2009);
         "P. Giannozzi et al., J. Phys.:Condens. Matter 29 465901 (2017);
          URL http://www.quantum-espresso.org", 
     in publications or presentations arising from this work. More details at
     http://www.quantum-espresso.org/quote

     Parallel version (MPI), running on     8 processors

     MPI processes distributed on     1 nodes
     R & G space division:  proc/nbgrp/npool/nimage =       8

     Reading   1000 Lanczos steps
       1000 steps will be considered


     Data ready, starting to calculate observables...

     Broadening =      0.03500000 Ry

     Output file name for the susceptibility: silicon.plot_chi.dat

     Output file name for the inverse and direct dielectric function: silicon.plot_eps.dat

     Functions are reported in \hbar.\omega  Energy unit is (eV)

     The f-sum rule is given by Eq.(6) in Comput. Phys. Commun. 196, 460 (2015).
     Integration in the range from   0.00 to  50.00 eV.
     The number of valence (and semicore) electrons in the unit cell:   7.09
     The exact number of electrons:   8.00
     The violation of the f-sum rule:  11.33 %
 
     TDDFPT_PP    :      0.34s CPU      0.35s WALL

 
   This run was terminated on:  13: 2:45  20Apr2021            

=------------------------------------------------------------------------------=
   JOB DONE.
=------------------------------------------------------------------------------=
