
     Program turboTDDFT v.6.7MaX starts on 19Apr2021 at 13:19: 2 

     This program is part of the open-source Quantum ESPRESSO suite
     for quantum simulation of materials; please cite
         "P. Giannozzi et al., J. Phys.:Condens. Matter 21 395502 (2009);
         "P. Giannozzi et al., J. Phys.:Condens. Matter 29 465901 (2017);
          URL http://www.quantum-espresso.org", 
     in publications or presentations arising from this work. More details at
     http://www.quantum-espresso.org/quote

     Parallel version (MPI), running on     1 processors

     MPI processes distributed on     1 nodes

     Reading xml data from directory:

     ./tmp/Benzene.save/

     IMPORTANT: XC functional enforced from input :
     Exchange-correlation= BLYP
                           (   1   3   1   3   0   0   0)
     Any further DFT definition will be discarded
     Please, verify this is what you really want

 
     G-vector sticks info
     --------------------
     sticks:   dense  smooth     PW     G-vecs:    dense   smooth      PW
     Sum        9769    9769   2449               604053   604053   75591
 
     Reading collected, re-writing distributed wavefunctions
 Symmetries are disabled for the gamma_only case

     Subspace diagonalization in iterative solution of the eigenvalue problem:
     a serial algorithm will be used

     Allocating     5 extra bands for projection

     =-----------------------------------------------------------------=

     Please cite the TDDFPT project as:
       X. Ge, S. J. Binnie, D. Rocca, R. Gebauer, and S. Baroni,
       Comput. Phys. Commun. 185, 2080 (2014)
     in publications and presentations arising from this work.

     =-----------------------------------------------------------------=

     Virt read

     Gamma point algorithm


     Calculating the KS spectrum ...

              1        15         1           0.374011994252
              2        15         2           0.374026344861
              3        14         1           0.374059005729
              4        14         2           0.374073356338
              5        15         3           0.403649453938
              6        14         3           0.403696465414
              7        15         4           0.446517392690
              8        14         4           0.446564404167
              9        15         5           0.451711670199
             10        14         5           0.451758681676
             11        13         1           0.524685179912
             12        13         2           0.524699530520
             13        12         1           0.524741408397
             14        12         2           0.524755759005
             15        13         3           0.554322639597
             16        12         3           0.554378868082
             17        11         1           0.575735624141
             18        11         2           0.575749974750
             19        13         4           0.597190578349
             20        12         4           0.597246806834
             21        13         5           0.602384855858
             22        12         5           0.602441084343
             23        11         3           0.605373083826
             24        11         4           0.648241022578
             25        11         5           0.653435300088
             26        10         1           0.673240469167
             27        10         2           0.673254819776
             28         9         1           0.673389454349
             29         9         2           0.673403804957
             30        10         3           0.702877928853
             31         9         3           0.703026914034
             32         8         1           0.713044526670
             33         8         2           0.713058877279
             34         8         3           0.742681986355
             35        10         4           0.745745867605
             36         9         4           0.745894852786
             37        10         5           0.750940145114
             38         9         5           0.751089130295
             39         7         1           0.756814916344
             40         7         2           0.756829266953
             41         8         4           0.785549925107
             42         7         3           0.786452376029
             43         8         5           0.790744202617
             44         7         4           0.829320314781
             45         7         5           0.834514592291
             46         6         1           0.865497017452
             47         6         2           0.865511368061
             48         6         3           0.895134477137
             49         6         4           0.938002415889
             50         6         5           0.943196693399
     Finished calculating the cv couples.


     K-S Oscillator strengths
     occ con        R-x              R-y              R-z
       6   1    -0.15908673E-05   -0.33033295E-05    0.10564751E-04
       6   2     0.25258659E-04    0.44979099E-05    0.63839310E-06
       6   3     0.19330464E-04    0.67108415E-04    0.28290427E-04
       6   4     0.20804867E+00    0.95390194E-02   -0.18012915E-03
       6   5    -0.26768695E-03    0.35063069E-02    0.53275289E-04
       7   1    -0.49292589E-05   -0.75678952E-05   -0.30912757E-06
       7   2     0.21095701E-04    0.18037923E-05   -0.23732540E-04
       7   3     0.59621179E-04    0.36332283E-03    0.11822800E-04
       7   4     0.52469092E-04    0.25101924E-04    0.82092858E-05
       7   5     0.34599451E-04    0.13940041E-02    0.68171608E-05
       8   1     0.28633026E-04   -0.57540318E-05    0.23247187E-04
       8   2     0.16539840E-06    0.33085084E-04   -0.12816756E-03
       8   3    -0.10104882E-02   -0.66610284E-04    0.19149772E-06
       8   4     0.12183044E-02    0.29827946E-03   -0.20786506E-06
       8   5    -0.22462966E-02    0.10900799E-04    0.82280988E-06
       9   1    -0.48592910E-04   -0.88098509E-05    0.75340407E-05
       9   2    -0.33434270E-05    0.30054842E-04   -0.91908876E-05
       9   3     0.57344255E+00   -0.74035619E-01   -0.14096752E-06
       9   4    -0.10697153E-02    0.12348114E-03    0.27631479E-05
       9   5     0.32536989E+00   -0.41621355E-01   -0.11330489E-04
      10   1     0.88058599E-05   -0.21221777E-04   -0.15128361E-04
      10   2    -0.15496336E-04   -0.49976770E-05    0.65075385E-06
      10   3    -0.73867187E-01   -0.57436994E+00   -0.16963587E-04
      10   4    -0.18005758E-03   -0.15796922E-02   -0.34121275E-04
      10   5    -0.41967557E-01   -0.32328573E+00   -0.55930305E-05
      11   1    -0.10077303E-04   -0.46050362E-04    0.11076557E-04
      11   2    -0.85592453E-04   -0.14362721E-04   -0.11599565E-04
      11   3    -0.58513095E-06   -0.12994153E-04   -0.34892726E+00
      11   4    -0.10739575E-04   -0.13128856E-04    0.45017158E-04
      11   5     0.44202123E-05   -0.60499844E-05   -0.18080433E+00
      12   1    -0.64436697E-05    0.50620357E-05   -0.12645290E-01
      12   2    -0.34124091E-05    0.17145693E-04    0.10560631E+00
      12   3     0.14111569E-03    0.75015561E-04    0.33557259E-05
      12   4    -0.10835267E-01    0.23640488E+00   -0.54061162E-05
      12   5     0.41964050E-02    0.67314580E-04    0.26343503E-05
      13   1     0.16020829E-04   -0.34717152E-04   -0.10580031E+00
      13   2    -0.39552492E-04   -0.26167021E-04   -0.12699470E-01
      13   3     0.48675484E-04   -0.10859781E-03   -0.18686278E-04
      13   4     0.22794821E+00    0.12645561E-01   -0.13635055E-05
      13   5     0.12383076E-03   -0.37603806E-02   -0.10477651E-04
      14   1     0.12799270E-01    0.14793413E+01   -0.32853241E-05
      14   2     0.14793262E+01   -0.12902404E-01    0.11552641E-04
      14   3    -0.18434569E-04    0.30970152E-04    0.62714814E-05
      14   4     0.31404121E-04   -0.24957928E-03   -0.52221659E-01
      14   5    -0.16800001E-04    0.63156232E-04    0.47940922E-02
      15   1    -0.14796621E+01    0.12632212E-01    0.10161441E-04
      15   2     0.12621523E-01    0.14798682E+01    0.13092996E-04
      15   3     0.12016879E-04   -0.76465029E-05    0.35620601E-04
      15   4    -0.23067954E-03   -0.95369700E-04    0.28977225E+00
      15   5     0.61114186E-04    0.12025840E-04    0.72543486E-03
     The peaks of KS spectrum and their strength are:
#     occ     virt     Energy(Ry)          total             X             Y             Z
   15    1    0.37401E+00    0.46464E+00    0.46461E+00    0.33862E-04    0.21911E-10
   15    2    0.37403E+00    0.46477E+00    0.33805E-04    0.46473E+00    0.36378E-10
   14    1    0.37406E+00    0.46444E+00    0.34764E-04    0.46440E+00    0.22904E-11
   14    2    0.37407E+00    0.46443E+00    0.46439E+00    0.35326E-04    0.28322E-10
   15    3    0.40365E+00    0.31230E-09    0.30644E-10    0.12408E-10    0.26925E-09
   14    3    0.40370E+00    0.28400E-09    0.72115E-10    0.20354E-09    0.83464E-11
   15    4    0.44652E+00    0.17819E-01    0.11292E-07    0.19301E-08    0.17819E-01
   14    4    0.44656E+00    0.57872E-03    0.20928E-09    0.13218E-07    0.57871E-03
   15    5    0.45171E+00    0.11250E-06    0.79258E-09    0.30689E-10    0.11167E-06
   14    5    0.45176E+00    0.48781E-05    0.59893E-10    0.84643E-09    0.48772E-05
   13    1    0.52469E+00    0.23754E-02    0.54466E-10    0.25577E-09    0.23754E-02
   13    2    0.52470E+00    0.34224E-04    0.33198E-09    0.14530E-09    0.34224E-04
   12    1    0.52474E+00    0.33933E-04    0.88110E-11    0.54376E-11    0.33933E-04
   12    2    0.52476E+00    0.23667E-02    0.24710E-11    0.62383E-10    0.23667E-02
   13    3    0.55432E+00    0.30795E-08    0.50278E-09    0.25027E-08    0.74098E-10
   12    3    0.55438E+00    0.54224E-08    0.42258E-08    0.11942E-08    0.23896E-11
   11    1    0.57574E+00    0.49760E-09    0.21550E-10    0.45001E-09    0.26036E-10
   11    2    0.57575E+00    0.16270E-08    0.15546E-08    0.43776E-10    0.28552E-10
   13    4    0.59719E+00    0.11060E-01    0.11026E-01    0.33934E-04    0.39452E-12
   12    4    0.59725E+00    0.11885E-01    0.24914E-04    0.11860E-01    0.62020E-11
   13    5    0.60238E+00    0.30040E-05    0.32540E-08    0.30007E-05    0.23296E-10
   12    5    0.60244E+00    0.37379E-05    0.37369E-05    0.96156E-09    0.14727E-11
   11    3    0.60537E+00    0.25836E-01    0.72655E-13    0.35831E-10    0.25836E-01
   11    4    0.64824E+00    0.49110E-09    0.24476E-10    0.36577E-10    0.43005E-09
   11    5    0.65344E+00    0.69371E-02    0.41462E-11    0.77673E-11    0.69371E-02
   10    1    0.67324E+00    0.16059E-09    0.16455E-10    0.95570E-10    0.48567E-10
   10    2    0.67325E+00    0.56349E-10    0.50959E-10    0.53002E-11    0.89865E-13
    9    1    0.67339E+00    0.52959E-09    0.50108E-09    0.16470E-10    0.12045E-10
    9    2    0.67340E+00    0.21198E-09    0.23722E-11    0.19168E-09    0.17926E-10
   10    3    0.70288E+00    0.71165E-01    0.11579E-02    0.70007E-01    0.61065E-10
    9    3    0.70303E+00    0.70944E-01    0.69781E-01    0.11632E-02    0.42169E-14
    8    1    0.71304E+00    0.29569E-09    0.17398E-09    0.70259E-11    0.11468E-09
    8    2    0.71306E+00    0.37182E-08    0.58053E-14    0.23229E-09    0.34859E-08
    8    3    0.74268E+00    0.21762E-06    0.21668E-06    0.94155E-09    0.77819E-14
   10    4    0.74575E+00    0.53667E-06    0.68799E-08    0.52955E-06    0.24706E-09
    9    4    0.74589E+00    0.24606E-06    0.24283E-06    0.32356E-08    0.16202E-11
   10    5    0.75094E+00    0.22552E-01    0.37375E-03    0.22178E-01    0.66382E-11
    9    5    0.75109E+00    0.22833E-01    0.22465E-01    0.36761E-03    0.27243E-10
    7    1    0.75681E+00    0.17330E-10    0.51561E-11    0.12154E-10    0.20278E-13
    7    2    0.75683E+00    0.21465E-09    0.94438E-10    0.69045E-12    0.11952E-09
    8    4    0.78555E+00    0.33385E-06    0.31497E-06    0.18880E-07    0.91690E-14
    7    3    0.78645E+00    0.28796E-07    0.75433E-09    0.28012E-07    0.29662E-10
    8    5    0.79074E+00    0.10708E-05    0.10708E-05    0.25216E-10    0.14367E-12
    7    4    0.82932E+00    0.73222E-09    0.58421E-09    0.13371E-09    0.14301E-10
    7    5    0.83451E+00    0.41263E-06    0.25404E-09    0.41237E-06    0.98620E-11
    6    1    0.86550E+00    0.26538E-10    0.53706E-12    0.23156E-11    0.23685E-10
    6    2    0.86551E+00    0.13977E-09    0.13539E-09    0.42932E-11    0.86484E-13
    6    3    0.89513E+00    0.12048E-08    0.79295E-10    0.95568E-09    0.16984E-09
    6    4    0.93800E+00    0.92045E-02    0.91852E-02    0.19309E-04    0.68854E-08
    6    5    0.94320E+00    0.26247E-05    0.15206E-07    0.26089E-05    0.60230E-09
     Finished KS spectrum calculation...
 
     lr_dav_main  :     12.23s CPU     12.66s WALL (       1 calls)
     read_wf      :      0.23s CPU      0.36s WALL (       1 calls)
     lr_solve_e   :     11.44s CPU     11.47s WALL (       1 calls)
 
 
     h_psi        :     10.39s CPU     10.40s WALL (      50 calls)
     lr_dvpsi_e   :     11.44s CPU     11.46s WALL (       3 calls)
     ortho        :      0.03s CPU      0.03s WALL (       6 calls)
 
 
     US routines
 
     General routines
     calbec       :      0.08s CPU      0.08s WALL (     106 calls)
     fft          :      0.11s CPU      0.12s WALL (       8 calls)
     fftw         :      8.88s CPU      8.88s WALL (     668 calls)
     davcio       :      0.00s CPU      0.03s WALL (       5 calls)
 
     Parallel routines
 
 
     turboTDDFT   :     12.23s CPU     12.67s WALL

 
   This run was terminated on:  13:19:15  19Apr2021            

=------------------------------------------------------------------------------=
   JOB DONE.
=------------------------------------------------------------------------------=
