
     Program turboTDDFT v.6.4.1 starts on 30Aug2019 at 11:46: 9 

     This program is part of the open-source Quantum ESPRESSO suite
     for quantum simulation of materials; please cite
         "P. Giannozzi et al., J. Phys.:Condens. Matter 21 395502 (2009);
         "P. Giannozzi et al., J. Phys.:Condens. Matter 29 465901 (2017);
          URL http://www.quantum-espresso.org", 
     in publications or presentations arising from this work. More details at
     http://www.quantum-espresso.org/quote

     Parallel version (MPI & OpenMP), running on      48 processor cores
     Number of MPI processes:                 8
     Threads/MPI process:                     6

     MPI processes distributed on     1 nodes
     R & G space division:  proc/nbgrp/npool/nimage =       8

     Reading data from directory:
     ./out/Methane.save/

     IMPORTANT: XC functional enforced from input :
     Exchange-correlation= BLYP
                           (   1   3   1   3   0   0   0)
     Any further DFT definition will be discarded
     Please, verify this is what you really want

 
     Parallelization info
     --------------------
     sticks:   dense  smooth     PW     G-vecs:    dense   smooth      PW
     Min         794     794    198                47787    47787    5974
     Max         798     798    200                47792    47792    5980
     Sum        6369    6369   1597               382323   382323   47833
 
 Symmetries are disabled for the gamma_only case

     Subspace diagonalization in iterative solution of the eigenvalue problem:
     a serial algorithm will be used

     Allocating    16 extra bands for projection

     =-----------------------------------------------------------------=

     Please cite the TDDFPT project as:
       X. Ge, S. J. Binnie, D. Rocca, R. Gebauer, and S. Baroni,
       Comput. Phys. Commun. 185, 2080 (2014)
     in publications and presentations arising from this work.

     =-----------------------------------------------------------------=

     Virt read

     Gamma point algorithm
     Num of eigen values=             10
     Allocating parameters for davidson ...

     Estimating the RAM requirements:
          For the basis sets:         350.39     M
          For the eigenvectors:          58.40     M
          Num_eign =   10     Num_basis_max =   80
          Reference =  0.50  Ry
     Do make sure that you have enough RAM.

     poor_of_ram2 is set to .false.. This means that you would like to increase the speed 
     by storing the D_basis and C_basis vectors which will cause three time of the memory cost.
     Switch it to .true. if you need to save memory.

     Finished allocating parameters.
     Initiating variables for davidson ...
     Lowest energy electron-hole pairs are used as initial vectors ...
     Calculating the electron-hole pairs for initiating trial vectors ...

              1         4         1           0.640415688940
              2         3         1           0.640416234422
              3         2         1           0.640416400683
              4         4         2           0.733866123883
              5         3         2           0.733866669364
              6         2         2           0.733866835625
              7         4         3           0.748992818300
              8         4         4           0.748993184212
              9         3         3           0.748993363782
             10         2         3           0.748993530043
             11         4         5           0.748993705961
             12         3         4           0.748993729694
             13         2         4           0.748993895955
             14         3         5           0.748994251443
             15         2         5           0.748994417704
             16         4         6           0.762923523198
             17         4         7           0.762923577292
             18         3         6           0.762924068680
             19         3         7           0.762924122774
             20         2         6           0.762924234941
             21         2         7           0.762924289035
             22         4         8           0.815158802601
             23         3         8           0.815159348082
             24         2         8           0.815159514343
             25         4         9           0.815159849687
             26         4        10           0.815160304376
             27         3         9           0.815160395169
             28         2         9           0.815160561430
             29         3        10           0.815160849858
             30         2        10           0.815161016118
             31         1         1           1.189481972917
             32         1         2           1.282932407860
             33         1         3           1.298059102277
             34         1         4           1.298059468189
             35         1         5           1.298059989938
             36         1         6           1.311989807175
             37         1         7           1.311989861269
             38         1         8           1.364225086578
             39         1         9           1.364226133664
             40         1        10           1.364226588353
     Finished calculating the cv couples.
     Finished initiating.

     Precondition is used in the algorithm,

     total cpu time spent up to now is        0.6 secs

       ==============================

       Davidson iteration:        1
       num of basis:   20   total built basis:   20
        20     Transition energy    1  :                  0.6464426961
        20     Transition energy    2  :                  0.6464431597
        20     Transition energy    3  :                  0.6464435381
        20     Transition energy    4  :                  0.7403445024
        20     Transition energy    5  :                  0.7403450500
        20     Transition energy    6  :                  0.7403472050
        20     Transition energy    7  :                  0.7470123191
        20     Transition energy    8  :                  0.7470126311
        20     Transition energy    9  :                  0.7481077001
        20     Transition energy   10  :                  0.7481084174
     Residue(Squared modulus):    1        0.0091795      0.0000000
     Residue(Squared modulus):    2        0.0091811      0.0000000
     Residue(Squared modulus):    3        0.0091822      0.0000000
     Residue(Squared modulus):    4        0.0086734      0.0000003
     Residue(Squared modulus):    5        0.0086703      0.0000003
     Residue(Squared modulus):    6        0.0086656      0.0000003
     Residue(Squared modulus):    7        0.0032105      0.0000003
     Residue(Squared modulus):    8        0.0032101      0.0000003
     Residue(Squared modulus):    9        0.0093086      0.0000002
     Residue(Squared modulus):   10        0.0093098      0.0000003
       Largest residue:           0.009309750240

     total cpu time spent up to now is        1.5 secs

       ==============================

       Davidson iteration:        2
       num of basis:   30   total built basis:   30
        30     Transition energy    1  :                  0.6448980061
        30     Transition energy    2  :                  0.6448986483
        30     Transition energy    3  :                  0.6448990635
        30     Transition energy    4  :                  0.7386198264
        30     Transition energy    5  :                  0.7386205009
        30     Transition energy    6  :                  0.7386262854
        30     Transition energy    7  :                  0.7467490221
        30     Transition energy    8  :                  0.7467491416
        30     Transition energy    9  :                  0.7471855527
        30     Transition energy   10  :                  0.7471860317
     Residue(Squared modulus):    1        0.0011346      0.0007570
     Residue(Squared modulus):    2        0.0011346      0.0007562
     Residue(Squared modulus):    3        0.0011329      0.0007760
     Residue(Squared modulus):    4        0.0014470      0.0012397
     Residue(Squared modulus):    5        0.0014473      0.0012392
     Residue(Squared modulus):    6        0.0014313      0.0013296
     Residue(Squared modulus):    7        0.0001868      0.0006749
     Residue(Squared modulus):    8        0.0001867      0.0006767
     Residue(Squared modulus):    9        0.0005172      0.0006876
     Residue(Squared modulus):   10        0.0005169      0.0006884
       Largest residue:           0.001447332797

     total cpu time spent up to now is        2.2 secs

       ==============================

       Davidson iteration:        3
       num of basis:   50   total built basis:   50
        50     Transition energy    1  :                  0.6447347096
        50     Transition energy    2  :                  0.6447353821
        50     Transition energy    3  :                  0.6447358981
        50     Transition energy    4  :                  0.7383478008
        50     Transition energy    5  :                  0.7383483729
        50     Transition energy    6  :                  0.7383502964
        50     Transition energy    7  :                  0.7466859975
        50     Transition energy    8  :                  0.7466860361
        50     Transition energy    9  :                  0.7470873914
        50     Transition energy   10  :                  0.7470877821
     Residue(Squared modulus):    1        0.0001669      0.0001884
     Residue(Squared modulus):    2        0.0001668      0.0001884
     Residue(Squared modulus):    3        0.0001861      0.0001712
     Residue(Squared modulus):    4        0.0002572      0.0003089
     Residue(Squared modulus):    5        0.0002571      0.0003090
     Residue(Squared modulus):    6        0.0003136      0.0003128
     Residue(Squared modulus):    7        0.0001694      0.0000712
     Residue(Squared modulus):    8        0.0001695      0.0000711
     Residue(Squared modulus):    9        0.0001945      0.0000828
     Residue(Squared modulus):   10        0.0001935      0.0000827
       Largest residue:           0.000313644719

     total cpu time spent up to now is        3.3 secs

       ==============================

       Davidson iteration:        4
       num of basis:   66   total built basis:   66
        66     Transition energy    1  :                  0.6447068577
        66     Transition energy    2  :                  0.6447075247
        66     Transition energy    3  :                  0.6447086216
        66     Transition energy    4  :                  0.7382896495
        66     Transition energy    5  :                  0.7382902272
        66     Transition energy    6  :                  0.7382934201
        66     Transition energy    7  :                  0.7466755942
        66     Transition energy    8  :                  0.7466756292
        66     Transition energy    9  :                  0.7470698742
        66     Transition energy   10  :                  0.7470702789
     Residue(Squared modulus):    1        0.0000318      0.0000290
     Residue(Squared modulus):    2        0.0000318      0.0000289
     Residue(Squared modulus):    3        0.0000378      0.0000324
     Residue(Squared modulus):    4        0.0000755      0.0000672
     Residue(Squared modulus):    5        0.0000756      0.0000671
     Residue(Squared modulus):    6        0.0000951      0.0000748
     Residue(Squared modulus):    7        0.0000082      0.0000681
     Residue(Squared modulus):    8        0.0000082      0.0000681
     Residue(Squared modulus):    9        0.0000267      0.0000524
     Residue(Squared modulus):   10        0.0000268      0.0000524
       Largest residue:           0.000095052262

       ================================================================

       Davidson diagonalization has finished in    4 steps.
          the number of current basis is   66
          the number of total basis built is   66

       Now print out information of eigenstates


     K-S Oscillator strengths
     occ con        R-x              R-y              R-z
       1   1    -0.10239528E-05   -0.10197065E-05   -0.87912548E-06
       1   2    -0.10356382E-05   -0.80972987E-06   -0.17341434E-05
       1   3     0.40050778E-01    0.54207861E-01   -0.13985243E-01
       1   4    -0.26617785E-02   -0.15306040E-01   -0.67046143E-01
       1   5     0.55912400E-01   -0.39555072E-01    0.68064852E-02
       1   6     0.51112078E-05   -0.49646707E-05    0.27572019E-05
       1   7    -0.81279160E-05    0.92289005E-05   -0.14422450E-04
       1   8    -0.32119981E-01    0.32203555E-01   -0.25343396E-01
       1   9     0.36220302E-01    0.75177878E-02   -0.36518641E-01
       1  10     0.18881943E-01    0.40146935E-01    0.27045680E-01
       2   1    -0.33176290E+00    0.24419724E+00   -0.14193262E+00
       2   2    -0.25842406E+00    0.19024970E+00   -0.11061555E+00
       2   3     0.40528995E-01    0.38697887E-02    0.29960027E-01
       2   4     0.51851458E-01   -0.82622014E-01   -0.16197424E-01
       2   5    -0.26572406E-01    0.37237867E-01   -0.97753128E-01
       2   6     0.17266180E+00    0.56917309E-01   -0.40717217E-01
       2   7     0.10232600E-01    0.11381596E+00    0.61662797E-01
       2   8    -0.27278239E+00    0.32864439E+00   -0.46980466E+00
       2   9    -0.25318789E+00    0.17672219E+00    0.16116129E+00
       2  10     0.23130698E-01   -0.29552322E+00   -0.22074155E+00
       3   1     0.60529646E-01    0.27532562E+00    0.33221101E+00
       3   2     0.47163489E-01    0.21452354E+00    0.25891781E+00
       3   3    -0.51739710E-01   -0.45469930E-01   -0.52207214E-01
       3   4     0.86015734E-01    0.18064232E-01    0.61002092E-02
       3   5     0.41092182E-01   -0.69321878E-01   -0.47421092E-01
       3   6    -0.31505637E-01    0.64227654E-01    0.95412999E-01
       3   7    -0.18362023E-02    0.12824785E+00   -0.14452780E+00
       3   8     0.94488943E-01   -0.30961310E+00   -0.17508579E+00
       3   9    -0.19167540E+00    0.24917281E+00    0.26465680E+00
       3  10     0.52721435E+00    0.20103395E+00    0.19359973E+00
       4   1    -0.27588449E+00   -0.23324308E+00    0.24357491E+00
       4   2    -0.21490422E+00   -0.18172971E+00    0.18982399E+00
       4   3    -0.60050609E-01   -0.49636812E-01    0.88691850E-01
       4   4    -0.43451378E-01   -0.65155708E-01   -0.17725373E-01
       4   5     0.41004257E-01   -0.42814870E-01    0.77914042E-02
       4   6     0.14352948E+00   -0.54382251E-01    0.69946390E-01
       4   7     0.85976458E-02   -0.10867490E+00   -0.10597732E+00
       4   8     0.34847109E+00   -0.21367507E-01   -0.35233403E-01
       4   9     0.26241072E+00    0.47941207E+00   -0.26685454E+00
       4  10     0.88137196E-01   -0.72632488E-01   -0.39285804E+00

       ! The    1 -th eigen state. The transition energy is:        0.64470686

     The two digitals below indicate the importance of doing beyong TDA: 

     Components: X       1.00017;    Y      -0.00017

     In the occ-virt project subspace the total Fxy is:

     X       0.99859;    Y      -0.00004    total       0.99855  /      1.00000

     The Chi_i_i is     Total          1               2               3

                     0.28093014E-01    0.11117849E-01    0.40931807E-02    0.12881984E-01

     Now is the components analysis of this transition.

     First we print out only the principle components.

     occ     virt       FX              FY

       3    1        0.18732       -0.00063
       4    1        0.97875       -0.00327

     Now for all the calculated particle and hole pairs : 

     occ     virt       FX              FY

       1    1      0.33645509E-06      0.28939204E-06
       1    2      0.26164976E-06      0.23009050E-06
       1    3      0.43867325E-02      0.15977648E-02
       1    4      0.30081829E-02      0.11089615E-02
       1    5      0.12257306E-02      0.45132616E-03
       1    6      0.11076976E-06     -0.11633689E-06
       1    7      0.60733680E-07      0.56239442E-07
       1    8     -0.94459168E-03     -0.34541617E-03
       1    9     -0.51658424E-02     -0.18996103E-02
       1   10     -0.91926984E-03     -0.32844231E-03
       2    1      0.44409099E-01     -0.14839679E-03
       2    2     -0.25129056E-02     -0.16254714E-03
       2    3      0.53008952E-03      0.39649674E-04
       2    4      0.95609628E-03      0.71555606E-04
       2    5      0.50561591E-02      0.37828267E-03
       2    6     -0.18182083E-02     -0.15277735E-03
       2    7     -0.58572600E-04     -0.87914789E-05
       2    8      0.44547807E-02      0.51011960E-03
       2    9     -0.32969771E-02     -0.37821551E-03
       2   10      0.84243536E-03      0.97495158E-04
       3    1      0.18732257E+00     -0.62597529E-03
       3    2     -0.10600631E-01     -0.68579736E-03
       3    3     -0.11516616E-02     -0.86232336E-04
       3    4      0.45141460E-02      0.33780439E-03
       3    5      0.25053010E-02      0.18737732E-03
       3    6      0.69010011E-03      0.57980829E-04
       3    7     -0.16765183E-02     -0.14082493E-03
       3    8      0.98727921E-03      0.11340892E-03
       3    9     -0.33574408E-02     -0.38539555E-03
       3   10      0.45353248E-02      0.51875760E-03
       4    1      0.97874638E+00     -0.32710521E-02
       4    2     -0.55393603E-01     -0.35835621E-02
       4    3     -0.92680827E-02     -0.69353054E-03
       4    4     -0.31935165E-02     -0.23872405E-03
       4    5      0.33253492E-03      0.24809390E-04
       4    6     -0.25655219E-03     -0.21491469E-04
       4    7     -0.41102635E-03     -0.34437145E-04
       4    8      0.38559708E-02      0.44212175E-03
       4    9      0.86653944E-02      0.99137934E-03
       4   10      0.48016906E-02      0.54956105E-03

       **************


       ! The    2 -th eigen state. The transition energy is:        0.64470752

     The two digitals below indicate the importance of doing beyong TDA: 

     Components: X       1.00017;    Y      -0.00017

     In the occ-virt project subspace the total Fxy is:

     X       0.99859;    Y      -0.00004    total       0.99855  /      1.00000

     The Chi_i_i is     Total          1               2               3

                     0.28093164E-01    0.16972101E-01    0.28870572E-02    0.82340055E-02

     Now is the components analysis of this transition.

     First we print out only the principle components.

     occ     virt       FX              FY

       2    1        0.94550       -0.00316
       3    1       -0.31735        0.00106

     Now for all the calculated particle and hole pairs : 

     occ     virt       FX              FY

       1    1     -0.28802987E-06     -0.38714070E-06
       1    2     -0.38689552E-06     -0.37005391E-06
       1    3      0.48824432E-03      0.17428226E-03
       1    4     -0.26542166E-02     -0.96769779E-03
       1    5      0.47440332E-02      0.17362603E-02
       1    6     -0.18124506E-06     -0.12111284E-06
       1    7      0.26219330E-06      0.44932692E-07
       1    8      0.50232545E-02      0.18471418E-02
       1    9     -0.61454398E-03     -0.22564525E-03
       1   10     -0.16930947E-02     -0.61807811E-03
       2    1      0.94550340E+00     -0.31599187E-02
       2    2     -0.53511342E-01     -0.34617767E-02
       2    3      0.36924118E-02      0.27609120E-03
       2    4      0.46035683E-02      0.34459726E-03
       2    5     -0.67865810E-02     -0.50794846E-03
       2    6     -0.10798999E-02     -0.90584587E-04
       2    7     -0.28384624E-04     -0.42107092E-05
       2    8     -0.93623314E-02     -0.10721003E-02
       2    9     -0.27224173E-02     -0.31236238E-03
       2   10     -0.11905080E-03     -0.13273698E-04
       3    1     -0.31735099E+00      0.10606266E-02
       3    2      0.17961785E-01      0.11620296E-02
       3    3     -0.42757862E-02     -0.31989747E-03
       3    4      0.51036855E-02      0.38185087E-03
       3    5      0.22608845E-02      0.16918600E-03
       3    6     -0.74214519E-04     -0.62534404E-05
       3    7      0.13924711E-02      0.11704149E-03
       3    8      0.12857865E-02      0.14779691E-03
       3    9     -0.14144918E-02     -0.16282593E-03
       3   10      0.73789707E-02      0.84485047E-03
       4    1      0.17837153E-01     -0.59620682E-04
       4    2     -0.10096122E-02     -0.65298071E-04
       4    3      0.13658179E-02      0.10220375E-03
       4    4     -0.17847254E-02     -0.13353289E-03
       4    5      0.39518909E-02      0.29568130E-03
       4    6     -0.19217621E-02     -0.16147882E-03
       4    7      0.18201936E-03      0.15317250E-04
       4    8      0.42425078E-02      0.48607540E-03
       4    9     -0.15487223E-02     -0.17775217E-03
       4   10     -0.19752800E-02     -0.22629563E-03

       **************


       ! The    3 -th eigen state. The transition energy is:        0.64470862

     The two digitals below indicate the importance of doing beyong TDA: 

     Components: X       1.00017;    Y      -0.00017

     In the occ-virt project subspace the total Fxy is:

     X       0.99859;    Y      -0.00003    total       0.99855  /      1.00000

     The Chi_i_i is     Total          1               2               3

                     0.28154788E-01    0.31882696E-05    0.21160999E-01    0.69906011E-02

     Now is the components analysis of this transition.

     First we print out only the principle components.

     occ     virt       FX              FY

       2    1        0.31473       -0.00105
       3    1        0.92693       -0.00310
       4    1       -0.19169        0.00064

     Now for all the calculated particle and hole pairs : 

     occ     virt       FX              FY

       1    1     -0.65234782E-07      0.61879264E-08
       1    2      0.14399671E-06      0.70238089E-07
       1    3     -0.31925562E-02     -0.10776366E-02
       1    4      0.36878296E-02      0.12598809E-02
       1    5      0.23926752E-02      0.82546846E-03
       1    6      0.66551689E-07      0.67626396E-07
       1    7      0.67115369E-06      0.21066039E-06
       1    8      0.15552562E-02      0.54605940E-03
       1    9     -0.11693970E-02     -0.41816365E-03
       1   10      0.50536225E-02      0.17635567E-02
       2    1      0.31473430E+00     -0.10521362E-02
       2    2     -0.17816340E-01     -0.11525435E-02
       2    3     -0.14795302E-02     -0.11078549E-03
       2    4      0.62708188E-02      0.46925952E-03
       2    5      0.13266518E-02      0.99171383E-04
       2    6      0.34751688E-03      0.29244378E-04
       2    7      0.13007386E-02      0.21181045E-03
       2    8     -0.78478696E-03     -0.87871237E-04
       2    9     -0.37777074E-02     -0.42599394E-03
       2   10      0.59847804E-02      0.67476463E-03
       3    1      0.92693401E+00     -0.30987530E-02
       3    2     -0.52474678E-01     -0.33947070E-02
       3    3      0.52330752E-02      0.39138981E-03
       3    4     -0.15528703E-02     -0.11604603E-03
       3    5      0.66068029E-02      0.49414290E-03
       3    6      0.11664516E-02      0.98051373E-04
       3    7      0.44443897E-03      0.37429114E-04
       3    8      0.57774447E-02      0.65063778E-03
       3    9     -0.56525132E-02     -0.63716051E-03
       3   10     -0.45109188E-02     -0.50523239E-03
       4    1     -0.19168703E+00      0.64088667E-03
       4    2      0.10852855E-01      0.70208893E-03
       4    3     -0.40426979E-04     -0.30388656E-05
       4    4      0.52141829E-02      0.39009789E-03
       4    5      0.26037360E-02      0.19478036E-03
       4    6     -0.12459760E-03     -0.10499080E-04
       4    7     -0.16670158E-02     -0.14003916E-03
       4    8      0.53005413E-03      0.60374944E-04
       4    9     -0.46531669E-02     -0.52231351E-03
       4   10      0.41991423E-02      0.47383682E-03

       **************


       ! The    4 -th eigen state. The transition energy is:        0.73828965

     The two digitals below indicate the importance of doing beyong TDA: 

     Components: X       1.00014;    Y      -0.00014

     In the occ-virt project subspace the total Fxy is:

     X       0.99733;    Y      -0.00004    total       0.99730  /      1.00000

     The Chi_i_i is     Total          1               2               3

                     0.12874392E-01    0.56829387E-02    0.13801681E-02    0.58112852E-02

     Now is the components analysis of this transition.

     First we print out only the principle components.

     occ     virt       FX              FY

       2    2        0.10113       -0.00030
       3    2        0.20799       -0.00063
       4    2        0.94850       -0.00285
       4    3       -0.14961       -0.00108

     Now for all the calculated particle and hole pairs : 

     occ     virt       FX              FY

       1    1      0.31785199E-06      0.23262553E-06
       1    2      0.26390918E-06      0.19389711E-06
       1    3      0.50375444E-02      0.14556339E-02
       1    4      0.35894989E-02      0.10444622E-02
       1    5      0.18305879E-02      0.53230481E-03
       1    6     -0.16957154E-07     -0.10333505E-06
       1    7      0.30307295E-06      0.24296628E-07
       1    8     -0.85181324E-03     -0.25111224E-03
       1    9     -0.70338720E-02     -0.20793190E-02
       1   10     -0.10370991E-02     -0.30049271E-03
       2    1      0.52085156E-02     -0.36993692E-03
       2    2      0.10113222E+00     -0.30404494E-03
       2    3      0.10426964E-01      0.74986238E-04
       2    4      0.23615789E-01      0.16992520E-03
       2    5      0.77798904E-01      0.55968636E-03
       2    6      0.85512400E-03      0.13958888E-04
       2    7      0.11864050E-03      0.48623069E-05
       2    8      0.11665196E-01      0.59386312E-03
       2    9     -0.10567883E-01     -0.53702911E-03
       2   10      0.32292724E-02      0.16461594E-03
       3    1      0.10712027E-01     -0.76080085E-03
       3    2      0.20798818E+00     -0.62532786E-03
       3    3     -0.18276122E-01     -0.13155659E-03
       3    4      0.76185120E-01      0.54816281E-03
       3    5      0.47198131E-01      0.33948662E-03
       3    6     -0.34053362E-03     -0.55700566E-05
       3    7      0.74192848E-03      0.12196099E-04
       3    8      0.38257908E-02      0.19323001E-03
       3    9     -0.10800154E-01     -0.54907288E-03
       3   10      0.13809025E-01      0.70104895E-03
       4    1      0.48856987E-01     -0.34699876E-02
       4    2      0.94850150E+00     -0.28521555E-02
       4    3     -0.14961006E+00     -0.10762452E-02
       4    4     -0.49532050E-01     -0.35618105E-03
       4    5      0.10306531E-01      0.74209380E-04
       4    6      0.15409557E-03      0.26012443E-05
       4    7      0.22069345E-03      0.37423261E-05
       4    8      0.11993198E-01      0.60799134E-03
       4    9      0.24657141E-01      0.12511831E-02
       4   10      0.14390429E-01      0.73361908E-03

       **************


       ! The    5 -th eigen state. The transition energy is:        0.73829023

     The two digitals below indicate the importance of doing beyong TDA: 

     Components: X       1.00014;    Y      -0.00014

     In the occ-virt project subspace the total Fxy is:

     X       0.99733;    Y      -0.00004    total       0.99730  /      1.00000

     The Chi_i_i is     Total          1               2               3

                     0.12873884E-01    0.71406336E-02    0.17079445E-02    0.40253057E-02

     Now is the components analysis of this transition.

     First we print out only the principle components.

     occ     virt       FX              FY

       2    2       -0.93078        0.00280
       2    5        0.11372        0.00082
       3    2        0.29249       -0.00088

     Now for all the calculated particle and hole pairs : 

     occ     virt       FX              FY

       1    1      0.57378763E-06      0.39274660E-06
       1    2      0.63011722E-06      0.38037769E-06
       1    3     -0.20774568E-03     -0.59595162E-04
       1    4      0.31826904E-02      0.92078303E-03
       1    5     -0.56052435E-02     -0.16233240E-02
       1    6      0.25045006E-06      0.21747640E-06
       1    7     -0.45601132E-06     -0.15299983E-06
       1    8     -0.68607093E-02     -0.20278000E-02
       1    9      0.52824376E-03      0.15537340E-03
       1   10      0.20098785E-02      0.59267546E-03
       2    1     -0.47943253E-01      0.34050700E-02
       2    2     -0.93077981E+00      0.27987497E-02
       2    3     -0.58873085E-01     -0.42342093E-03
       2    4     -0.77084989E-01     -0.55462768E-03
       2    5      0.11371879E+00      0.81817529E-03
       2    6     -0.44892004E-03     -0.75123894E-05
       2    7     -0.64176682E-04     -0.35698410E-06
       2    8      0.28238803E-01      0.14351096E-02
       2    9      0.78624581E-02      0.39982605E-03
       2   10     -0.49123593E-04     -0.39975233E-05
       3    1      0.15066284E-01     -0.10700601E-02
       3    2      0.29249304E+00     -0.87959594E-03
       3    3      0.66087865E-01      0.47546014E-03
       3    4     -0.78624299E-01     -0.56566497E-03
       3    5     -0.37923116E-01     -0.27279160E-03
       3    6     -0.39962530E-04     -0.61323713E-06
       3    7      0.69044779E-03      0.11226916E-04
       3    8     -0.41362094E-02     -0.20845667E-03
       3    9      0.41628840E-02      0.20923364E-03
       3   10     -0.20675754E-01     -0.10492803E-02
       4    1      0.18086256E-02     -0.12844256E-03
       4    2      0.35107856E-01     -0.10557070E-03
       4    3     -0.29619256E-01     -0.21307774E-03
       4    4      0.23959967E-01      0.17237993E-03
       4    5     -0.65230734E-01     -0.46923930E-03
       4    6     -0.88070268E-03     -0.14377296E-04
       4    7      0.74035834E-04      0.11718281E-05
       4    8     -0.11970254E-01     -0.60748978E-03
       4    9      0.61986275E-02      0.31446641E-03
       4   10      0.61447858E-02      0.31435882E-03

       **************


       ! The    6 -th eigen state. The transition energy is:        0.73829342

     The two digitals below indicate the importance of doing beyong TDA: 

     Components: X       1.00014;    Y      -0.00014

     In the occ-virt project subspace the total Fxy is:

     X       0.99734;    Y      -0.00003    total       0.99730  /      1.00000

     The Chi_i_i is     Total          1               2               3

                     0.12905133E-01    0.49192821E-04    0.98099027E-02    0.30460371E-02

     Now is the components analysis of this transition.

     First we print out only the principle components.

     occ     virt       FX              FY

       2    2        0.27673       -0.00083
       3    2        0.90806       -0.00273
       3    5        0.10432        0.00075
       4    2       -0.22863        0.00069

     Now for all the calculated particle and hole pairs : 

     occ     virt       FX              FY

       1    1     -0.15007637E-06     -0.84174410E-09
       1    2      0.15409859E-06      0.68353941E-07
       1    3     -0.41276396E-02     -0.10783763E-02
       1    4      0.44189692E-02      0.11668311E-02
       1    5      0.26538671E-02      0.70685547E-03
       1    6      0.19208757E-06      0.52617344E-07
       1    7      0.82691576E-06      0.20689306E-06
       1    8      0.19123690E-02      0.53719943E-03
       1    9     -0.12415830E-02     -0.35420496E-03
       1   10      0.68462572E-02      0.19210639E-02
       2    1      0.14265068E-01     -0.10131781E-02
       2    2      0.27672947E+00     -0.83264452E-03
       2    3     -0.26237623E-01     -0.18877351E-03
       2    4      0.98684717E-01      0.70980393E-03
       2    5      0.21483332E-01      0.15443739E-03
       2    6     -0.29794299E-03     -0.48252007E-05
       2    7     -0.43095612E-02     -0.94757943E-04
       2    8     -0.19906201E-02     -0.96918620E-04
       2    9     -0.10368030E-01     -0.51190245E-03
       2   10      0.17376888E-01      0.85893174E-03
       3    1      0.46810476E-01     -0.33247645E-02
       3    2      0.90805859E+00     -0.27325967E-02
       3    3      0.87827512E-01      0.63156831E-03
       3    4     -0.30895038E-01     -0.22216692E-03
       3    5      0.10431564E+00      0.75014706E-03
       3    6     -0.70499026E-03     -0.11463282E-04
       3    7     -0.29532091E-03     -0.47355526E-05
       3    8      0.16636799E-01      0.82074370E-03
       3    9     -0.15961402E-01     -0.78783863E-03
       3   10     -0.14406392E-01     -0.70936167E-03
       4    1     -0.11787657E-01      0.83723180E-03
       4    2     -0.22863477E+00      0.68812493E-03
       4    3      0.50280023E-02      0.36098867E-04
       4    4      0.87703933E-01      0.63072178E-03
       4    5      0.40019915E-01      0.28772930E-03
       4    6      0.29056420E-04      0.43852626E-06
       4    7      0.10181932E-02      0.16689011E-04
       4    8      0.68733841E-03      0.33603551E-04
       4    9     -0.14532204E-01     -0.71533849E-03
       4   10      0.11853045E-01      0.58590004E-03

       **************


       ! The    7 -th eigen state. The transition energy is:        0.74667559

     The two digitals below indicate the importance of doing beyong TDA: 

     Components: X       1.00002;    Y      -0.00002

     In the occ-virt project subspace the total Fxy is:

     X       0.99908;    Y      -0.00000    total       0.99908  /      1.00000

     The Chi_i_i is     Total          1               2               3

                     0.23752353E-08    0.52471260E-10    0.54885739E-09    0.17739067E-08

     Now is the components analysis of this transition.

     First we print out only the principle components.

     occ     virt       FX              FY

       2    4        0.31243        0.00048
       2    5        0.31355        0.00049
       3    3       -0.40984       -0.00063
       3    4       -0.52024       -0.00081
       3    5        0.22159        0.00034
       4    3        0.23291        0.00036
       4    4       -0.50705       -0.00078

     Now for all the calculated particle and hole pairs : 

     occ     virt       FX              FY

       1    1     -0.70887754E-07     -0.86351767E-08
       1    2      0.34384029E-06      0.13091200E-06
       1    3     -0.40702056E-06      0.48083859E-06
       1    4      0.26861989E-05      0.10222935E-05
       1    5      0.36551172E-06      0.33463233E-07
       1    6      0.60625872E-03      0.14019063E-03
       1    7     -0.14281020E-02     -0.32941752E-03
       1    8     -0.86033510E-06      0.52952107E-07
       1    9      0.43762171E-06      0.56814655E-06
       1   10     -0.54674693E-06     -0.57634737E-06
       2    1     -0.10633731E-05      0.10391033E-06
       2    2     -0.11292015E-04      0.11126178E-06
       2    3     -0.59103942E-01     -0.91453104E-04
       2    4      0.31243298E+00      0.48352138E-03
       2    5      0.31354584E+00      0.48522450E-03
       2    6     -0.11583527E-05      0.33939252E-08
       2    7     -0.14656251E-04     -0.44712124E-06
       2    8     -0.18652599E-02     -0.19261410E-03
       2    9      0.28850893E-02      0.29715566E-03
       2   10     -0.29033510E-02     -0.30080350E-03
       3    1      0.11017888E-04     -0.90993434E-06
       3    2      0.10478902E-03     -0.91160500E-06
       3    3     -0.40983917E+00     -0.63430190E-03
       3    4     -0.52023568E+00     -0.80507432E-03
       3    5      0.22158994E+00      0.34294458E-03
       3    6     -0.15249005E-04     -0.11410731E-06
       3    7      0.34369609E-05     -0.31479404E-07
       3    8     -0.48471207E-02     -0.49980250E-03
       3    9     -0.50987299E-02     -0.52317361E-03
       3   10      0.45421641E-03      0.48300046E-04
       4    1     -0.28280956E-06     -0.13513781E-06
       4    2      0.84219005E-05     -0.13718034E-06
       4    3      0.23290569E+00      0.36028403E-03
       4    4     -0.50704856E+00     -0.78443608E-03
       4    5      0.22387404E-01      0.34571817E-04
       4    6     -0.82848226E-05     -0.72544786E-07
       4    7      0.93006601E-05      0.71710091E-07
       4    8     -0.15026626E-02     -0.15614441E-03
       4    9     -0.15341317E-02     -0.15892061E-03
       4   10      0.51585881E-02      0.53492120E-03

       **************


       ! The    8 -th eigen state. The transition energy is:        0.74667563

     The two digitals below indicate the importance of doing beyong TDA: 

     Components: X       1.00002;    Y      -0.00002

     In the occ-virt project subspace the total Fxy is:

     X       0.99908;    Y      -0.00000    total       0.99908  /      1.00000

     The Chi_i_i is     Total          1               2               3

                     0.10739172E-08    0.34174086E-09    0.66255413E-09    0.69622182E-10

     Now is the components analysis of this transition.

     First we print out only the principle components.

     occ     virt       FX              FY

       2    3        0.62462        0.00097
       2    5        0.27055        0.00042
       3    3        0.22425        0.00035
       3    4       -0.19268       -0.00030
       3    5       -0.30117       -0.00047
       4    5        0.59501        0.00092

     Now for all the calculated particle and hole pairs : 

     occ     virt       FX              FY

       1    1     -0.17511023E-06     -0.28985995E-07
       1    2      0.15090107E-06      0.74157740E-07
       1    3     -0.19023239E-06      0.35236410E-06
       1    4      0.88116606E-06      0.18107426E-06
       1    5     -0.33042309E-05     -0.94398512E-07
       1    6      0.14273621E-02      0.32991364E-03
       1    7      0.60608984E-03      0.13977924E-03
       1    8     -0.18382759E-06     -0.24602189E-06
       1    9     -0.83751700E-06      0.24648925E-06
       1   10      0.11802745E-05      0.61869436E-06
       2    1     -0.97021277E-05      0.56331384E-06
       2    2     -0.75172301E-04      0.58588708E-06
       2    3      0.62462064E+00      0.96664436E-03
       2    4     -0.53198707E-01     -0.82308675E-04
       2    5      0.27054553E+00      0.41858235E-03
       2    6     -0.32440229E-05     -0.24057026E-07
       2    7     -0.12834397E-04     -0.70483911E-06
       2    8     -0.12376159E-02     -0.12782479E-03
       2    9      0.49870220E-02      0.51091025E-03
       2   10      0.45913861E-02      0.47498620E-03
       3    1     -0.20935944E-05      0.12616758E-06
       3    2     -0.17281321E-04      0.12824824E-06
       3    3      0.22425088E+00      0.34702906E-03
       3    4     -0.19267503E+00     -0.29812383E-03
       3    5     -0.30117296E+00     -0.46606967E-03
       3    6     -0.11492481E-06      0.32514257E-07
       3    7      0.46195610E-05      0.12895212E-06
       3    8      0.25703282E-02      0.26421146E-03
       3    9     -0.98411441E-03     -0.10038982E-03
       3   10      0.32460581E-02      0.33603298E-03
       4    1      0.28433183E-06     -0.11884455E-06
       4    2      0.10845140E-04     -0.12633323E-06
       4    3      0.45918524E-02      0.70666347E-05
       4    4     -0.25099284E-01     -0.38845502E-04
       4    5      0.59500748E+00      0.92047551E-03
       4    6     -0.11463837E-04      0.29951371E-08
       4    7     -0.43066221E-05     -0.87900670E-07
       4    8     -0.54844084E-02     -0.56850332E-03
       4    9      0.23650374E-02      0.24227477E-03
       4   10     -0.37974060E-03     -0.38085493E-04

       **************


       ! The    9 -th eigen state. The transition energy is:        0.74706987

     The two digitals below indicate the importance of doing beyong TDA: 

     Components: X       1.00008;    Y      -0.00008

     In the occ-virt project subspace the total Fxy is:

     X       0.99888;    Y      -0.00001    total       0.99887  /      1.00000

     The Chi_i_i is     Total          1               2               3

                     0.86766995E-02    0.36443584E-02    0.77681655E-03    0.42555246E-02

     Now is the components analysis of this transition.

     First we print out only the principle components.

     occ     virt       FX              FY

       2    4        0.12772        0.00016
       2    5        0.39433        0.00051
       3    4        0.35927        0.00046
       3    5        0.24750        0.00032
       4    2       -0.19063        0.00170
       4    3       -0.73269       -0.00094
       4    4       -0.22304       -0.00029

     Now for all the calculated particle and hole pairs : 

     occ     virt       FX              FY

       1    1     -0.35511974E-07     -0.84185437E-07
       1    2      0.43574639E-07     -0.67575100E-07
       1    3     -0.35892482E-02     -0.95681703E-03
       1    4     -0.28027378E-02     -0.74999365E-03
       1    5     -0.13664472E-02     -0.36091270E-03
       1    6     -0.25862110E-06      0.10528667E-06
       1    7      0.57564677E-08     -0.19898775E-06
       1    8     -0.74955143E-04     -0.39661062E-04
       1    9     -0.57341213E-03     -0.30941184E-03
       1   10     -0.53719772E-04     -0.33695530E-04
       2    1     -0.21945872E-02      0.16868326E-03
       2    2     -0.19342462E-01      0.17235765E-03
       2    3      0.40689645E-01      0.52208941E-04
       2    4      0.12772029E+00      0.16396739E-03
       2    5      0.39432808E+00      0.50626032E-03
       2    6     -0.27105098E-01     -0.28441116E-03
       2    7      0.19863220E-03      0.12739302E-04
       2    8      0.28169079E-03      0.46049990E-04
       2    9     -0.24423311E-03     -0.41053131E-04
       2   10      0.73860375E-04      0.16353999E-04
       3    1     -0.57293339E-02      0.44054674E-03
       3    2     -0.50507620E-01      0.45035243E-03
       3    3     -0.66632959E-01     -0.85544568E-04
       3    4      0.35926975E+00      0.46121811E-03
       3    5      0.24750402E+00      0.31778283E-03
       3    6      0.11695878E-01      0.12272411E-03
       3    7     -0.23817749E-01     -0.24991980E-03
       3    8      0.81688365E-04      0.16780286E-04
       3    9     -0.25078363E-03     -0.43871058E-04
       3   10      0.33605786E-03      0.43931807E-04
       4    1     -0.21625875E-01      0.16628134E-02
       4    2     -0.19063109E+00      0.16996442E-02
       4    3     -0.73268650E+00     -0.94018204E-03
       4    4     -0.22304389E+00     -0.28615892E-03
       4    5      0.52381584E-01      0.67326503E-04
       4    6     -0.47912909E-02     -0.50191273E-04
       4    7     -0.81231250E-02     -0.85207468E-04
       4    8      0.29391251E-03      0.42846354E-04
       4    9      0.58361953E-03      0.89077527E-04
       4   10      0.30155842E-03      0.57374195E-04

       **************


       ! The   10 -th eigen state. The transition energy is:        0.74707028

     The two digitals below indicate the importance of doing beyong TDA: 

     Components: X       1.00008;    Y      -0.00008

     In the occ-virt project subspace the total Fxy is:

     X       0.99888;    Y      -0.00001    total       0.99887  /      1.00000

     The Chi_i_i is     Total          1               2               3

                     0.86774163E-02    0.49521349E-02    0.11869259E-02    0.25383556E-02

     Now is the components analysis of this transition.

     First we print out only the principle components.

     occ     virt       FX              FY

       2    2        0.18998       -0.00169
       2    3       -0.28680       -0.00037
       2    4       -0.38516       -0.00049
       2    5        0.54818        0.00070
       3    3        0.31905        0.00041
       3    4       -0.38912       -0.00050
       3    5       -0.19618       -0.00025
       4    3       -0.13238       -0.00017
       4    4        0.11566        0.00015
       4    5       -0.32225       -0.00041

     Now for all the calculated particle and hole pairs : 

     occ     virt       FX              FY

       1    1      0.89040899E-07     -0.16628870E-06
       1    2     -0.19720541E-07     -0.16694495E-06
       1    3      0.19040119E-03      0.48155496E-04
       1    4     -0.22479871E-02     -0.60192843E-03
       1    5      0.41924332E-02      0.11153190E-02
       1    6      0.93462060E-06      0.16637092E-06
       1    7     -0.28545041E-06     -0.22774812E-06
       1    8     -0.55720912E-03     -0.30076137E-03
       1    9      0.50727781E-04      0.29633532E-04
       1   10      0.15603224E-03      0.84789672E-04
       2    1      0.21550899E-01     -0.16570926E-02
       2    2      0.18997695E+00     -0.16937279E-02
       2    3     -0.28679667E+00     -0.36807123E-03
       2    4     -0.38515574E+00     -0.49434939E-03
       2    5      0.54818296E+00      0.70352639E-03
       2    6      0.15024358E-01      0.15769994E-03
       2    7     -0.11657118E-03     -0.35237097E-05
       2    8      0.64657483E-03      0.10463201E-03
       2    9      0.19956621E-03      0.30296434E-04
       2   10      0.11865133E-04     -0.17791817E-05
       3    1     -0.63789162E-02      0.49035017E-03
       3    2     -0.56222368E-01      0.50125137E-03
       3    3      0.31905058E+00      0.40949443E-03
       3    4     -0.38912429E+00     -0.49937804E-03
       3    5     -0.19618348E+00     -0.25173849E-03
       3    6      0.68848729E-03      0.73015911E-05
       3    7     -0.21864975E-01     -0.22929952E-03
       3    8     -0.11030535E-03     -0.15480966E-04
       3    9      0.12567713E-03      0.15925753E-04
       3   10     -0.51382051E-03     -0.74820736E-04
       4    1     -0.49444561E-03      0.38105654E-04
       4    2     -0.43648391E-02      0.39034520E-04
       4    3     -0.13238247E+00     -0.16983042E-03
       4    4      0.11566103E+00      0.14840774E-03
       4    5     -0.32225131E+00     -0.41345450E-03
       4    6      0.28645282E-01      0.30046023E-03
       4    7     -0.18324481E-02     -0.19299384E-04
       4    8     -0.30267194E-03     -0.44521254E-04
       4    9      0.12557916E-03      0.23745885E-04
       4   10      0.13343406E-03      0.22388377E-04

       **************

     Now generate the eigenvalues list...
     Now generate the spectrum plot file...
     Finished linear response calculation...
 
     lr_dav_main  :     21.24s CPU      4.12s WALL (       1 calls)
     read_wf      :      0.36s CPU      0.06s WALL (       1 calls)
     lr_solve_e   :      1.06s CPU      0.21s WALL (       1 calls)
     calc_residue :      0.55s CPU      0.10s WALL (       4 calls)
     expan_basis  :      3.91s CPU      0.84s WALL (       3 calls)
     matrix       :      0.14s CPU      0.03s WALL (       4 calls)
     mGS_orth     :      3.65s CPU      0.79s WALL (       9 calls)
     mGS_orth_pp  :      0.08s CPU      0.02s WALL (       9 calls)
     one_step     :     13.78s CPU      2.43s WALL (       4 calls)
 
     lr_apply     :     11.46s CPU      2.01s WALL (     132 calls)
     lr_apply_int :     10.43s CPU      1.84s WALL (      66 calls)
     lr_apply_no  :      1.03s CPU      0.18s WALL (      66 calls)
 
     h_psi        :      2.42s CPU      0.42s WALL (     177 calls)
     lr_calc_dens :      0.84s CPU      0.14s WALL (      66 calls)
     lr_dvpsi_e   :      0.81s CPU      0.15s WALL (       3 calls)
     lr_dv_setup  :      0.25s CPU      0.05s WALL (       1 calls)
     dv_of_drho   :      7.72s CPU      1.37s WALL (      66 calls)
     interaction  :      0.57s CPU      0.10s WALL (      66 calls)
     lr_dot       :      2.39s CPU      0.46s WALL (   16910 calls)
     ortho        :      0.10s CPU      0.03s WALL (     138 calls)
     lr_ortho     :      0.07s CPU      0.02s WALL (     106 calls)
 
 
     US routines
     lr_dot_us    :      4.58s CPU      0.93s WALL (   16910 calls)
     lr_sm1_psi   :      0.02s CPU      0.00s WALL (     132 calls)
 
     General routines
     calbec       :      0.06s CPU      0.01s WALL (     228 calls)
     fft          :      3.85s CPU      0.72s WALL (     670 calls)
     fftw         :      2.32s CPU      0.41s WALL (     968 calls)
     interpolate  :      0.06s CPU      0.01s WALL (      66 calls)
     davcio       :      0.24s CPU      0.05s WALL (       5 calls)
 
     Parallel routines
 
 
     turboTDDFT   :     21.25s CPU      4.20s WALL

 
   This run was terminated on:  11:46:13  30Aug2019            

=------------------------------------------------------------------------------=
   JOB DONE.
=------------------------------------------------------------------------------=
