 Warning: Only a single CPU will be used!

     Program TDDFPT_PP v.6.4.1 starts on 30Aug2019 at 10:55:35 

     This program is part of the open-source Quantum ESPRESSO suite
     for quantum simulation of materials; please cite
         "P. Giannozzi et al., J. Phys.:Condens. Matter 21 395502 (2009);
         "P. Giannozzi et al., J. Phys.:Condens. Matter 29 465901 (2017);
          URL http://www.quantum-espresso.org", 
     in publications or presentations arising from this work. More details at
     http://www.quantum-espresso.org/quote

     Parallel version (MPI & OpenMP), running on      48 processor cores
     Number of MPI processes:                 8
     Threads/MPI process:                     6

     MPI processes distributed on     1 nodes
     R & G space division:  proc/nbgrp/npool/nimage =       8

     Reading   1500 Lanczos steps for direction 1
       1500 steps will be considered


     Polarization direction:1
     Lanczos coefficients:
     Average =    25.75483763
     Average oscillation amplitude =     0.24569623

     Data ready, starting to calculate observables...

     Broadening =      0.00400000 Ry

     Output file name: Benzene.plot_chi.dat

     Output file name for the oscillator strength S  Benzene.plot_S.dat  

     chi_i_j: dipole polarizability tensor  in units of e^2*a_0^2/energy

     Insufficent info for S

     Functions are reported in \hbar.\omega  Energy unit is (Ry)
 
     TDDFPT_PP    :   1m29.54s CPU     15.36s WALL

 
   This run was terminated on:  10:55:50  30Aug2019            

=------------------------------------------------------------------------------=
   JOB DONE.
=------------------------------------------------------------------------------=
