
     Program turboEELS v.6.7MaX starts on 20Apr2021 at 14: 7:44 

     This program is part of the open-source Quantum ESPRESSO suite
     for quantum simulation of materials; please cite
         "P. Giannozzi et al., J. Phys.:Condens. Matter 21 395502 (2009);
         "P. Giannozzi et al., J. Phys.:Condens. Matter 29 465901 (2017);
          URL http://www.quantum-espresso.org", 
     in publications or presentations arising from this work. More details at
     http://www.quantum-espresso.org/quote

     Parallel version (MPI), running on     8 processors

     MPI processes distributed on     1 nodes
     R & G space division:  proc/nbgrp/npool/nimage =       8

     Reading xml data from directory:

     ./tmp/silicon.save/

     IMPORTANT: XC functional enforced from input :
     Exchange-correlation= PZ
                           (   1   1   0   0   0   0   0)
     Any further DFT definition will be discarded
     Please, verify this is what you really want

 
     Parallelization info
     --------------------
     sticks:   dense  smooth     PW     G-vecs:    dense   smooth      PW
     Min          29      29     10                  284      284      66
     Max          30      30     11                  285      285      69
     Sum         235     235     85                 2277     2277     537
 
     Reading collected, re-writing distributed wavefunctions

     Subspace diagonalization in iterative solution of the eigenvalue problem:
     a serial algorithm will be used


     --------------------------------------------------------------------------

     Please cite this project as:

     I. Timrov, N. Vast, R. Gebauer, and S. Baroni,
     Electron energy loss and inelastic x-ray scattering cross sections
     from time-dependent density-functional perturbation theory
     Phys. Rev. B 88, 064301 (2013); ibid. 91, 139901 (2015). 

     I. Timrov, N. Vast, R. Gebauer, and S. Baroni,
     turboEELS - A code for the simulation of the electron energy loss and
     inelastic X-ray scattering spectra using the Liouville - Lanczos approach
     to time-dependent density-functional perturbation theory
     Comp. Phys. Commun. 196, 460 (2015). 

     O. Motornyi, N. Vast, I. Timrov, O. Baseggio, S. Baroni, and A. Dal Corso
     Electron energy loss spectroscopy of bulk gold with ultrasoft
     pseudopotentials and the Liouville-Lanczos method
     Phys. Rev. B  102, 035156 (2020). 

     --------------------------------------------------------------------------

     Using the TDDFT approximation

     Transferred momentum: q = (   0.86600   0.00000   0.00000  ) in units 2*pi/a

     ---------------------------- NSCF calculation ----------------------------
 
     Parallelization info
     --------------------
     sticks:   dense  smooth     PW     G-vecs:    dense   smooth      PW
     Min          29      29     13                  284      284      90
     Max          30      30     14                  285      285      91
     Sum         235     235    109                 2277     2277     725
 


     bravais-lattice index     =            2
     lattice parameter (alat)  =      10.2600  a.u.
     unit-cell volume          =     270.0114 (a.u.)^3
     number of atoms/cell      =            2
     number of atomic types    =            1
     number of electrons       =         8.00
     number of Kohn-Sham states=            4
     kinetic-energy cutoff     =      16.0000  Ry
     charge density cutoff     =      64.0000  Ry
     Exchange-correlation= PZ
                           (   1   1   0   0   0   0   0)

     celldm(1)=  10.260000  celldm(2)=   0.000000  celldm(3)=   0.000000
     celldm(4)=   0.000000  celldm(5)=   0.000000  celldm(6)=   0.000000

     crystal axes: (cart. coord. in units of alat)
               a(1) = (  -0.500000   0.000000   0.500000 )  
               a(2) = (   0.000000   0.500000   0.500000 )  
               a(3) = (  -0.500000   0.500000   0.000000 )  

     reciprocal axes: (cart. coord. in units 2 pi/alat)
               b(1) = ( -1.000000 -1.000000  1.000000 )  
               b(2) = (  1.000000  1.000000  1.000000 )  
               b(3) = ( -1.000000  1.000000 -1.000000 )  


     PseudoPot. # 1 for Si read from file:
     ../../pseudo/Si.pz-vbc.UPF
     MD5 check sum: a974d1b8727157e37210f3f86afb6210
     Pseudo is Norm-conserving, Zval =  4.0
     Generated by new atomic code, or converted to UPF format
     Using radial grid of  431 points,  2 beta functions with: 
                l(1) =   0
                l(2) =   1

     atomic species   valence    mass     pseudopotential
        Si             4.00    28.08000     Si( 1.00)

     48 Sym. Ops., with inversion, found



   Cartesian axes

     site n.     atom                  positions (alat units)
         1           Si  tau(   1) = (   0.0000000   0.0000000   0.0000000  )
         2           Si  tau(   2) = (   0.2500000   0.2500000   0.2500000  )

     number of k points=  1100

     Number of k-points >= 100: set verbosity='high' to print them.

     Dense  grid:     2277 G-vectors     FFT dimensions: (  20,  20,  20)

     Estimated max dynamical RAM per process >       0.21 MB

     Estimated total dynamical RAM >       1.71 MB

     The potential is recalculated from file :
     ./tmp/tmp_eels/silicon.save/charge-density

     Starting wfcs are    8 atomic wfcs

     Band Structure Calculation
     Davidson diagonalization with overlap

     ethr =  1.25E-10,  avg # of iterations = 11.5

     total cpu time spent up to now is       -1.0 secs

     End of band structure calculation

     Number of k-points >= 100: set verbosity='high' to print the bands.

     highest occupied level (ev):     6.0175

     Writing output data file ./tmp/tmp_eels/silicon.save/

                                                                                

     bravais-lattice index     =            2
     lattice parameter (a_0)   =      10.2600  a.u.
     unit-cell volume          =     270.0114 (a.u.)^3
     number of atoms/cell      =            2
     number of atomic types    =            1
     kinetic-energy cut-off    =      16.0000  Ry
     charge density cut-off    =      64.0000  Ry
     Exchange-correlation= PZ
                           (   1   1   0   0   0   0   0)


     celldm(1)=   10.26000  celldm(2)=    0.00000  celldm(3)=    0.00000
     celldm(4)=    0.00000  celldm(5)=    0.00000  celldm(6)=    0.00000

     crystal axes: (cart. coord. in units of a_0)
               a(1) = ( -0.5000  0.0000  0.5000 )  
               a(2) = (  0.0000  0.5000  0.5000 )  
               a(3) = ( -0.5000  0.5000  0.0000 )  

     reciprocal axes: (cart. coord. in units 2 pi/a_0)
               b(1) = ( -1.0000 -1.0000  1.0000 )  
               b(2) = (  1.0000  1.0000  1.0000 )  
               b(3) = ( -1.0000  1.0000 -1.0000 )  


     Atoms inside the unit cell: 

   Cartesian axes

     site n.  atom      mass           positions (a_0 units)
        1        Si  28.0800   tau( 1) = (    0.00000    0.00000    0.00000  )
        2        Si  28.0800   tau( 2) = (    0.25000    0.25000    0.25000  )
 
      8 Sym.Ops. (no q -> -q+G )

                                    s                        frac. trans.

      isym =  1     identity                                     

 cryst.   s( 1) = (     1          0          0      )
                  (     0          1          0      )
                  (     0          0          1      )

 cart.    s( 1) = (  1.0000000  0.0000000  0.0000000 )
                  (  0.0000000  1.0000000  0.0000000 )
                  (  0.0000000  0.0000000  1.0000000 )


      isym =  2     180 deg rotation - cart. axis [1,0,0]        

 cryst.   s( 2) = (     0         -1          1      )
                  (     0         -1          0      )
                  (     1         -1          0      )

 cart.    s( 2) = (  1.0000000  0.0000000  0.0000000 )
                  (  0.0000000 -1.0000000  0.0000000 )
                  (  0.0000000  0.0000000 -1.0000000 )


      isym =  3     90 deg rotation - cart. axis [-1,0,0]        

 cryst.   s( 3) = (     0          0          1      )  f =(  0.2500000 )
                  (    -1          0          1      )     (  0.2500000 )
                  (     0         -1          1      )     (  0.2500000 )

 cart.    s( 3) = (  1.0000000  0.0000000  0.0000000 )  f =( -0.2500000 )
                  (  0.0000000  0.0000000  1.0000000 )     (  0.2500000 )
                  (  0.0000000 -1.0000000  0.0000000 )     (  0.2500000 )


      isym =  4     90 deg rotation - cart. axis [1,0,0]         

 cryst.   s( 4) = (     1         -1          0      )  f =(  0.2500000 )
                  (     1          0         -1      )     (  0.2500000 )
                  (     1          0          0      )     (  0.2500000 )

 cart.    s( 4) = (  1.0000000  0.0000000  0.0000000 )  f =( -0.2500000 )
                  (  0.0000000  0.0000000 -1.0000000 )     (  0.2500000 )
                  (  0.0000000  1.0000000  0.0000000 )     (  0.2500000 )


      isym =  5     inv. 180 deg rotation - cart. axis [0,0,1]   

 cryst.   s( 5) = (     0         -1          1      )  f =(  0.2500000 )
                  (    -1          0          1      )     (  0.2500000 )
                  (     0          0          1      )     (  0.2500000 )

 cart.    s( 5) = (  1.0000000  0.0000000  0.0000000 )  f =( -0.2500000 )
                  (  0.0000000  1.0000000  0.0000000 )     (  0.2500000 )
                  (  0.0000000  0.0000000 -1.0000000 )     (  0.2500000 )


      isym =  6     inv. 180 deg rotation - cart. axis [0,1,0]   

 cryst.   s( 6) = (     1          0          0      )  f =(  0.2500000 )
                  (     1          0         -1      )     (  0.2500000 )
                  (     1         -1          0      )     (  0.2500000 )

 cart.    s( 6) = (  1.0000000  0.0000000  0.0000000 )  f =( -0.2500000 )
                  (  0.0000000 -1.0000000  0.0000000 )     (  0.2500000 )
                  (  0.0000000  0.0000000  1.0000000 )     (  0.2500000 )


      isym =  7     inv. 180 deg rotation - cart. axis [0,1,1]   

 cryst.   s( 7) = (     1         -1          0      )
                  (     0         -1          0      )
                  (     0         -1          1      )

 cart.    s( 7) = (  1.0000000  0.0000000  0.0000000 )
                  (  0.0000000  0.0000000 -1.0000000 )
                  (  0.0000000 -1.0000000  0.0000000 )


      isym =  8     inv. 180 deg rotation - cart. axis [0,1,-1]  

 cryst.   s( 8) = (     0          0          1      )
                  (     0          1          0      )
                  (     1          0          0      )

 cart.    s( 8) = (  1.0000000  0.0000000  0.0000000 )
                  (  0.0000000  0.0000000  1.0000000 )
                  (  0.0000000  1.0000000  0.0000000 )


     G cutoff =  170.6534  (    285 G-vectors)     FFT grid: ( 20, 20, 20)
     number of k points=  1100

     PseudoPot. # 1 for Si read from file:
     ../../pseudo/Si.pz-vbc.UPF
     MD5 check sum: a974d1b8727157e37210f3f86afb6210
     Pseudo is Norm-conserving, Zval =  4.0
     Generated by new atomic code, or converted to UPF format
     Using radial grid of  431 points,  2 beta functions with: 
                l(1) =   0
                l(2) =   1



     STERNHEIMER LINEAR-RESPONSE SPECTRUM CALCULATION

     Number of frequencies =     31

     ----------------------------------------------------------------------

                     Step     1  /   31

             Frequency = (  0.0000,   0.0350) Ry

      iter #   1 total cpu time :    30.2 secs   av.it.:   5.1
      thresh= 1.000E-02 alpha_mix =  0.700 |ddv_scf|^2 =  1.396E-04

      iter #   2 total cpu time :    60.9 secs   av.it.:   8.0
      thresh= 1.181E-03 alpha_mix =  0.700 |ddv_scf|^2 =  3.407E-04

      iter #   3 total cpu time :    82.8 secs   av.it.:   7.5
      thresh= 1.181E-03 alpha_mix =  0.700 |ddv_scf|^2 =  6.574E-09

      iter #   4 total cpu time :   100.5 secs   av.it.:   7.9
      thresh= 8.108E-06 alpha_mix =  0.700 |ddv_scf|^2 =  9.780E-11

      iter #   5 total cpu time :   123.9 secs   av.it.:   7.9
      thresh= 9.889E-07 alpha_mix =  0.700 |ddv_scf|^2 =  2.165E-12

      iter #   6 total cpu time :   140.1 secs   av.it.:   7.5
      thresh= 1.471E-07 alpha_mix =  0.700 |ddv_scf|^2 =  7.716E-13

      Inverse dielectric constant at frequency   0.0000 +   0.0350 i Ry
                                                 0.0000 +   0.4762 i eV

      epsilon^-1(q,w) =       0.233286       0.000144

      Charge-charge susceptibility:

      chirr(q,w) =      -0.008580       0.000002

     ----------------------------------------------------------------------

                     Step     2  /   31

             Frequency = (  0.0735,   0.0350) Ry

      iter #   1 total cpu time :   169.9 secs   av.it.:   5.2
      thresh= 1.000E-02 alpha_mix =  0.700 |ddv_scf|^2 =  1.453E-04

      iter #   2 total cpu time :   193.7 secs   av.it.:   8.1
      thresh= 1.205E-03 alpha_mix =  0.700 |ddv_scf|^2 =  3.719E-04

      iter #   3 total cpu time :   218.5 secs   av.it.:   7.6
      thresh= 1.205E-03 alpha_mix =  0.700 |ddv_scf|^2 =  1.357E-07

      iter #   4 total cpu time :   237.5 secs   av.it.:   7.6
      thresh= 3.683E-05 alpha_mix =  0.700 |ddv_scf|^2 =  2.040E-08

      iter #   5 total cpu time :   260.1 secs   av.it.:   7.3
      thresh= 1.428E-05 alpha_mix =  0.700 |ddv_scf|^2 =  4.746E-11

      iter #   6 total cpu time :   277.7 secs   av.it.:   8.1
      thresh= 6.889E-07 alpha_mix =  0.700 |ddv_scf|^2 =  1.012E-12

      iter #   7 total cpu time :   293.5 secs   av.it.:   7.5
      thresh= 1.006E-07 alpha_mix =  0.700 |ddv_scf|^2 =  9.955E-15

      Inverse dielectric constant at frequency   0.0735 +   0.0350 i Ry
                                                 1.0000 +   0.4762 i eV

      epsilon^-1(q,w) =       0.228855      -0.005799

      Charge-charge susceptibility:

      chirr(q,w) =      -0.008630      -0.000065

     ----------------------------------------------------------------------

                     Step     3  /   31

             Frequency = (  0.1470,   0.0350) Ry

      iter #   1 total cpu time :   322.3 secs   av.it.:   5.5
      thresh= 1.000E-02 alpha_mix =  0.700 |ddv_scf|^2 =  1.616E-04

      iter #   2 total cpu time :   350.8 secs   av.it.:   8.3
      thresh= 1.271E-03 alpha_mix =  0.700 |ddv_scf|^2 =  4.686E-04

      iter #   3 total cpu time :   375.8 secs   av.it.:   7.9
      thresh= 1.271E-03 alpha_mix =  0.700 |ddv_scf|^2 =  8.783E-07

      iter #   4 total cpu time :   395.1 secs   av.it.:   7.5
      thresh= 9.372E-05 alpha_mix =  0.700 |ddv_scf|^2 =  1.279E-08

      iter #   5 total cpu time :   413.0 secs   av.it.:   7.8
      thresh= 1.131E-05 alpha_mix =  0.700 |ddv_scf|^2 =  7.126E-11

      iter #   6 total cpu time :   437.1 secs   av.it.:   8.3
      thresh= 8.442E-07 alpha_mix =  0.700 |ddv_scf|^2 =  1.353E-12

      iter #   7 total cpu time :   452.7 secs   av.it.:   7.8
      thresh= 1.163E-07 alpha_mix =  0.700 |ddv_scf|^2 =  6.001E-14

      Inverse dielectric constant at frequency   0.1470 +   0.0350 i Ry
                                                 2.0000 +   0.4762 i eV

      epsilon^-1(q,w) =       0.217093      -0.012944

      Charge-charge susceptibility:

      chirr(q,w) =      -0.008761      -0.000145

     ----------------------------------------------------------------------

                     Step     4  /   31

             Frequency = (  0.2205,   0.0350) Ry

      iter #   1 total cpu time :   480.3 secs   av.it.:   5.8
      thresh= 1.000E-02 alpha_mix =  0.700 |ddv_scf|^2 =  1.999E-04

      iter #   2 total cpu time :   504.0 secs   av.it.:   8.7
      thresh= 1.414E-03 alpha_mix =  0.700 |ddv_scf|^2 =  7.413E-04

      iter #   3 total cpu time :   523.1 secs   av.it.:   8.3
      thresh= 1.414E-03 alpha_mix =  0.700 |ddv_scf|^2 =  4.512E-06

      iter #   4 total cpu time :   539.2 secs   av.it.:   7.6
      thresh= 2.124E-04 alpha_mix =  0.700 |ddv_scf|^2 =  1.353E-08

      iter #   5 total cpu time :   553.4 secs   av.it.:   8.2
      thresh= 1.163E-05 alpha_mix =  0.700 |ddv_scf|^2 =  1.615E-10

      iter #   6 total cpu time :   575.7 secs   av.it.:   8.6
      thresh= 1.271E-06 alpha_mix =  0.700 |ddv_scf|^2 =  2.611E-12

      iter #   7 total cpu time :   589.8 secs   av.it.:   8.3
      thresh= 1.616E-07 alpha_mix =  0.700 |ddv_scf|^2 =  1.537E-13

      Inverse dielectric constant at frequency   0.2205 +   0.0350 i Ry
                                                 3.0000 +   0.4762 i eV

      epsilon^-1(q,w) =       0.193726      -0.022036

      Charge-charge susceptibility:

      chirr(q,w) =      -0.009023      -0.000247

     ----------------------------------------------------------------------

                     Step     5  /   31

             Frequency = (  0.2940,   0.0350) Ry

      iter #   1 total cpu time :   625.1 secs   av.it.:   6.3
      thresh= 1.000E-02 alpha_mix =  0.700 |ddv_scf|^2 =  2.812E-04

      iter #   2 total cpu time :   647.8 secs   av.it.:   9.1
      thresh= 1.677E-03 alpha_mix =  0.700 |ddv_scf|^2 =  1.540E-03

      iter #   3 total cpu time :   668.7 secs   av.it.:   8.8
      thresh= 1.677E-03 alpha_mix =  0.700 |ddv_scf|^2 =  4.472E-05

      iter #   4 total cpu time :   692.2 secs   av.it.:   7.9
      thresh= 6.687E-04 alpha_mix =  0.700 |ddv_scf|^2 =  2.054E-08

      iter #   5 total cpu time :   710.7 secs   av.it.:   8.8
      thresh= 1.433E-05 alpha_mix =  0.700 |ddv_scf|^2 =  5.408E-10

      iter #   6 total cpu time :   731.0 secs   av.it.:   9.0
      thresh= 2.325E-06 alpha_mix =  0.700 |ddv_scf|^2 =  9.162E-12

      iter #   7 total cpu time :   746.0 secs   av.it.:   8.9
      thresh= 3.027E-07 alpha_mix =  0.700 |ddv_scf|^2 =  2.570E-13

      Inverse dielectric constant at frequency   0.2940 +   0.0350 i Ry
                                                 4.0000 +   0.4762 i eV

      epsilon^-1(q,w) =       0.157288      -0.045103

      Charge-charge susceptibility:

      chirr(q,w) =      -0.009431      -0.000505

     ----------------------------------------------------------------------

                     Step     6  /   31

             Frequency = (  0.3675,   0.0350) Ry

      iter #   1 total cpu time :   773.9 secs   av.it.:   6.9
      thresh= 1.000E-02 alpha_mix =  0.700 |ddv_scf|^2 =  3.834E-04

      iter #   2 total cpu time :   800.7 secs   av.it.:   9.7
      thresh= 1.958E-03 alpha_mix =  0.700 |ddv_scf|^2 =  3.029E-03

      iter #   3 total cpu time :   822.5 secs   av.it.:   9.4
      thresh= 1.958E-03 alpha_mix =  0.700 |ddv_scf|^2 =  4.367E-04

      iter #   4 total cpu time :   837.4 secs   av.it.:   8.5
      thresh= 1.958E-03 alpha_mix =  0.700 |ddv_scf|^2 =  4.311E-08

      iter #   5 total cpu time :   856.2 secs   av.it.:   9.5
      thresh= 2.076E-05 alpha_mix =  0.700 |ddv_scf|^2 =  2.404E-09

      iter #   6 total cpu time :   873.3 secs   av.it.:   9.4
      thresh= 4.904E-06 alpha_mix =  0.700 |ddv_scf|^2 =  6.846E-11

      iter #   7 total cpu time :   890.1 secs   av.it.:   9.4
      thresh= 8.274E-07 alpha_mix =  0.700 |ddv_scf|^2 =  5.126E-13

      Inverse dielectric constant at frequency   0.3675 +   0.0350 i Ry
                                                 5.0000 +   0.4762 i eV

      epsilon^-1(q,w) =       0.121467      -0.093154

      Charge-charge susceptibility:

      chirr(q,w) =      -0.009831      -0.001042

     ----------------------------------------------------------------------

                     Step     7  /   31

             Frequency = (  0.4410,   0.0350) Ry

      iter #   1 total cpu time :   915.7 secs   av.it.:   7.4
      thresh= 1.000E-02 alpha_mix =  0.700 |ddv_scf|^2 =  3.486E-04

      iter #   2 total cpu time :   937.6 secs   av.it.:  10.3
      thresh= 1.867E-03 alpha_mix =  0.700 |ddv_scf|^2 =  2.646E-03

      iter #   3 total cpu time :   953.8 secs   av.it.:   9.9
      thresh= 1.867E-03 alpha_mix =  0.700 |ddv_scf|^2 =  8.952E-04

      iter #   4 total cpu time :   974.8 secs   av.it.:   9.5
      thresh= 1.867E-03 alpha_mix =  0.700 |ddv_scf|^2 =  8.416E-08

      iter #   5 total cpu time :   988.2 secs   av.it.:  10.1
      thresh= 2.901E-05 alpha_mix =  0.700 |ddv_scf|^2 =  5.581E-09

      iter #   6 total cpu time :  1010.9 secs   av.it.:   9.9
      thresh= 7.470E-06 alpha_mix =  0.700 |ddv_scf|^2 =  2.191E-10

      iter #   7 total cpu time :  1029.5 secs   av.it.:   9.9
      thresh= 1.480E-06 alpha_mix =  0.700 |ddv_scf|^2 =  5.009E-13

      Inverse dielectric constant at frequency   0.4410 +   0.0350 i Ry
                                                 6.0000 +   0.4762 i eV

      epsilon^-1(q,w) =       0.118362      -0.153401

      Charge-charge susceptibility:

      chirr(q,w) =      -0.009866      -0.001717

     ----------------------------------------------------------------------

                     Step     8  /   31

             Frequency = (  0.5145,   0.0350) Ry

      iter #   1 total cpu time :  1052.2 secs   av.it.:   7.9
      thresh= 1.000E-02 alpha_mix =  0.700 |ddv_scf|^2 =  3.491E-04

      iter #   2 total cpu time :  1078.3 secs   av.it.:  10.8
      thresh= 1.869E-03 alpha_mix =  0.700 |ddv_scf|^2 =  2.870E-03

      iter #   3 total cpu time :  1100.1 secs   av.it.:  10.3
      thresh= 1.869E-03 alpha_mix =  0.700 |ddv_scf|^2 =  1.368E-03

      iter #   4 total cpu time :  1116.7 secs   av.it.:  10.3
      thresh= 1.869E-03 alpha_mix =  0.700 |ddv_scf|^2 =  1.467E-07

      iter #   5 total cpu time :  1136.2 secs   av.it.:  10.5
      thresh= 3.830E-05 alpha_mix =  0.700 |ddv_scf|^2 =  8.971E-09

      iter #   6 total cpu time :  1153.6 secs   av.it.:  10.4
      thresh= 9.471E-06 alpha_mix =  0.700 |ddv_scf|^2 =  2.785E-10

      iter #   7 total cpu time :  1173.5 secs   av.it.:  10.5
      thresh= 1.669E-06 alpha_mix =  0.700 |ddv_scf|^2 =  7.934E-13

      Inverse dielectric constant at frequency   0.5145 +   0.0350 i Ry
                                                 7.0000 +   0.4762 i eV

      epsilon^-1(q,w) =       0.120182      -0.175114

      Charge-charge susceptibility:

      chirr(q,w) =      -0.009846      -0.001960

     ----------------------------------------------------------------------

                     Step     9  /   31

             Frequency = (  0.5880,   0.0350) Ry

      iter #   1 total cpu time :  1202.6 secs   av.it.:   8.4
      thresh= 1.000E-02 alpha_mix =  0.700 |ddv_scf|^2 =  3.708E-04

      iter #   2 total cpu time :  1222.3 secs   av.it.:  11.4
      thresh= 1.926E-03 alpha_mix =  0.700 |ddv_scf|^2 =  3.440E-03

      iter #   3 total cpu time :  1243.4 secs   av.it.:  10.6
      thresh= 1.926E-03 alpha_mix =  0.700 |ddv_scf|^2 =  2.486E-03

      iter #   4 total cpu time :  1260.8 secs   av.it.:  11.2
      thresh= 1.926E-03 alpha_mix =  0.700 |ddv_scf|^2 =  1.918E-07

      iter #   5 total cpu time :  1285.0 secs   av.it.:  11.0
      thresh= 4.379E-05 alpha_mix =  0.700 |ddv_scf|^2 =  1.289E-08

      iter #   6 total cpu time :  1299.1 secs   av.it.:  10.9
      thresh= 1.135E-05 alpha_mix =  0.700 |ddv_scf|^2 =  3.621E-10

      iter #   7 total cpu time :  1319.9 secs   av.it.:  11.0
      thresh= 1.903E-06 alpha_mix =  0.700 |ddv_scf|^2 =  1.102E-12

      iter #   8 total cpu time :  1336.7 secs   av.it.:  10.8
      thresh= 1.050E-07 alpha_mix =  0.700 |ddv_scf|^2 =  3.684E-15

      Inverse dielectric constant at frequency   0.5880 +   0.0350 i Ry
                                                 8.0000 +   0.4762 i eV

      epsilon^-1(q,w) =       0.086339      -0.196281

      Charge-charge susceptibility:

      chirr(q,w) =      -0.010225      -0.002197

     ----------------------------------------------------------------------

                     Step    10  /   31

             Frequency = (  0.6615,   0.0350) Ry

      iter #   1 total cpu time :  1370.8 secs   av.it.:   9.0
      thresh= 1.000E-02 alpha_mix =  0.700 |ddv_scf|^2 =  3.249E-04

      iter #   2 total cpu time :  1385.3 secs   av.it.:  12.0
      thresh= 1.802E-03 alpha_mix =  0.700 |ddv_scf|^2 =  2.759E-03

      iter #   3 total cpu time :  1409.3 secs   av.it.:  10.8
      thresh= 1.802E-03 alpha_mix =  0.700 |ddv_scf|^2 =  2.510E-03

      iter #   4 total cpu time :  1423.9 secs   av.it.:  11.9
      thresh= 1.802E-03 alpha_mix =  0.700 |ddv_scf|^2 =  2.346E-07

      iter #   5 total cpu time :  1445.6 secs   av.it.:  11.7
      thresh= 4.843E-05 alpha_mix =  0.700 |ddv_scf|^2 =  1.595E-08

      iter #   6 total cpu time :  1464.0 secs   av.it.:  11.6
      thresh= 1.263E-05 alpha_mix =  0.700 |ddv_scf|^2 =  4.810E-10

      iter #   7 total cpu time :  1481.3 secs   av.it.:  11.7
      thresh= 2.193E-06 alpha_mix =  0.700 |ddv_scf|^2 =  1.445E-12

      iter #   8 total cpu time :  1505.9 secs   av.it.:  11.5
      thresh= 1.202E-07 alpha_mix =  0.700 |ddv_scf|^2 =  4.100E-15

      Inverse dielectric constant at frequency   0.6615 +   0.0350 i Ry
                                                 9.0000 +   0.4762 i eV

      epsilon^-1(q,w) =       0.044825      -0.242104

      Charge-charge susceptibility:

      chirr(q,w) =      -0.010689      -0.002709

     ----------------------------------------------------------------------

                     Step    11  /   31

             Frequency = (  0.7350,   0.0350) Ry

      iter #   1 total cpu time :  1541.7 secs   av.it.:   9.5
      thresh= 1.000E-02 alpha_mix =  0.700 |ddv_scf|^2 =  2.531E-04

      iter #   2 total cpu time :  1562.6 secs   av.it.:  12.6
      thresh= 1.591E-03 alpha_mix =  0.700 |ddv_scf|^2 =  1.768E-03

      iter #   3 total cpu time :  1582.8 secs   av.it.:  10.2
      thresh= 1.591E-03 alpha_mix =  0.700 |ddv_scf|^2 =  1.749E-03

      iter #   4 total cpu time :  1597.9 secs   av.it.:  12.6
      thresh= 1.591E-03 alpha_mix =  0.700 |ddv_scf|^2 =  3.672E-07

      iter #   5 total cpu time :  1619.8 secs   av.it.:  12.5
      thresh= 6.060E-05 alpha_mix =  0.700 |ddv_scf|^2 =  2.240E-08

      iter #   6 total cpu time :  1632.3 secs   av.it.:  12.4
      thresh= 1.497E-05 alpha_mix =  0.700 |ddv_scf|^2 =  6.053E-10

      iter #   7 total cpu time :  1655.8 secs   av.it.:  12.5
      thresh= 2.460E-06 alpha_mix =  0.700 |ddv_scf|^2 =  2.566E-12

      iter #   8 total cpu time :  1668.8 secs   av.it.:  12.3
      thresh= 1.602E-07 alpha_mix =  0.700 |ddv_scf|^2 =  9.143E-15

      Inverse dielectric constant at frequency   0.7350 +   0.0350 i Ry
                                                10.0000 +   0.4762 i eV

      epsilon^-1(q,w) =       0.005940      -0.299328

      Charge-charge susceptibility:

      chirr(q,w) =      -0.011124      -0.003350

     ----------------------------------------------------------------------

                     Step    12  /   31

             Frequency = (  0.8085,   0.0350) Ry

      iter #   1 total cpu time :  1697.0 secs   av.it.:  10.1
      thresh= 1.000E-02 alpha_mix =  0.700 |ddv_scf|^2 =  1.963E-04

      iter #   2 total cpu time :  1716.3 secs   av.it.:  13.2
      thresh= 1.401E-03 alpha_mix =  0.700 |ddv_scf|^2 =  1.166E-03

      iter #   3 total cpu time :  1734.1 secs   av.it.:  11.2
      thresh= 1.401E-03 alpha_mix =  0.700 |ddv_scf|^2 =  1.150E-03

      iter #   4 total cpu time :  1749.1 secs   av.it.:  13.3
      thresh= 1.401E-03 alpha_mix =  0.700 |ddv_scf|^2 =  1.268E-06

      iter #   5 total cpu time :  1767.0 secs   av.it.:  13.0
      thresh= 1.126E-04 alpha_mix =  0.700 |ddv_scf|^2 =  9.019E-08

      iter #   6 total cpu time :  1785.1 secs   av.it.:  13.0
      thresh= 3.003E-05 alpha_mix =  0.700 |ddv_scf|^2 =  6.957E-10

      iter #   7 total cpu time :  1807.7 secs   av.it.:  13.1
      thresh= 2.638E-06 alpha_mix =  0.700 |ddv_scf|^2 =  6.280E-12

      iter #   8 total cpu time :  1824.7 secs   av.it.:  13.0
      thresh= 2.506E-07 alpha_mix =  0.700 |ddv_scf|^2 =  2.957E-14

      Inverse dielectric constant at frequency   0.8085 +   0.0350 i Ry
                                                11.0000 +   0.4762 i eV

      epsilon^-1(q,w) =      -0.050356      -0.355613

      Charge-charge susceptibility:

      chirr(q,w) =      -0.011754      -0.003980

     ----------------------------------------------------------------------

                     Step    13  /   31

             Frequency = (  0.8820,   0.0350) Ry

      iter #   1 total cpu time :  1855.6 secs   av.it.:  10.7
      thresh= 1.000E-02 alpha_mix =  0.700 |ddv_scf|^2 =  1.293E-04

      iter #   2 total cpu time :  1882.9 secs   av.it.:  13.8
      thresh= 1.137E-03 alpha_mix =  0.700 |ddv_scf|^2 =  5.360E-04

      iter #   3 total cpu time :  1902.3 secs   av.it.:  12.9
      thresh= 1.137E-03 alpha_mix =  0.700 |ddv_scf|^2 =  4.883E-04

      iter #   4 total cpu time :  1927.8 secs   av.it.:  14.1
      thresh= 1.137E-03 alpha_mix =  0.700 |ddv_scf|^2 =  6.488E-06

      iter #   5 total cpu time :  1947.7 secs   av.it.:  13.7
      thresh= 2.547E-04 alpha_mix =  0.700 |ddv_scf|^2 =  1.025E-06

      iter #   6 total cpu time :  1967.1 secs   av.it.:  13.7
      thresh= 1.012E-04 alpha_mix =  0.700 |ddv_scf|^2 =  6.511E-10

      iter #   7 total cpu time :  1985.5 secs   av.it.:  13.8
      thresh= 2.552E-06 alpha_mix =  0.700 |ddv_scf|^2 =  1.361E-11

      iter #   8 total cpu time :  2006.9 secs   av.it.:  13.8
      thresh= 3.690E-07 alpha_mix =  0.700 |ddv_scf|^2 =  8.043E-14

      Inverse dielectric constant at frequency   0.8820 +   0.0350 i Ry
                                                12.0000 +   0.4762 i eV

      epsilon^-1(q,w) =      -0.133110      -0.444204

      Charge-charge susceptibility:

      chirr(q,w) =      -0.012680      -0.004971

     ----------------------------------------------------------------------

                     Step    14  /   31

             Frequency = (  0.9555,   0.0350) Ry

      iter #   1 total cpu time :  2027.3 secs   av.it.:  11.3
      thresh= 1.000E-02 alpha_mix =  0.700 |ddv_scf|^2 =  8.306E-05

      iter #   2 total cpu time :  2066.9 secs   av.it.:  14.4
      thresh= 9.114E-04 alpha_mix =  0.700 |ddv_scf|^2 =  2.100E-04

      iter #   3 total cpu time :  2080.8 secs   av.it.:  13.5
      thresh= 9.114E-04 alpha_mix =  0.700 |ddv_scf|^2 =  1.882E-04

      iter #   4 total cpu time :  2099.9 secs   av.it.:  14.8
      thresh= 9.114E-04 alpha_mix =  0.700 |ddv_scf|^2 =  2.196E-05

      iter #   5 total cpu time :  2117.1 secs   av.it.:  14.2
      thresh= 4.686E-04 alpha_mix =  0.700 |ddv_scf|^2 =  5.751E-06

      iter #   6 total cpu time :  2135.4 secs   av.it.:  14.4
      thresh= 2.398E-04 alpha_mix =  0.700 |ddv_scf|^2 =  1.120E-09

      iter #   7 total cpu time :  2156.4 secs   av.it.:  14.5
      thresh= 3.346E-06 alpha_mix =  0.700 |ddv_scf|^2 =  3.196E-11

      iter #   8 total cpu time :  2171.4 secs   av.it.:  14.5
      thresh= 5.653E-07 alpha_mix =  0.700 |ddv_scf|^2 =  2.254E-13

      Inverse dielectric constant at frequency   0.9555 +   0.0350 i Ry
                                                13.0000 +   0.4762 i eV

      epsilon^-1(q,w) =      -0.210722      -0.617330

      Charge-charge susceptibility:

      chirr(q,w) =      -0.013549      -0.006908

     ----------------------------------------------------------------------

                     Step    15  /   31

             Frequency = (  1.0290,   0.0350) Ry

      iter #   1 total cpu time :  2210.6 secs   av.it.:  11.8
      thresh= 1.000E-02 alpha_mix =  0.700 |ddv_scf|^2 =  5.482E-05

      iter #   2 total cpu time :  2232.7 secs   av.it.:  14.9
      thresh= 7.404E-04 alpha_mix =  0.700 |ddv_scf|^2 =  9.150E-05

      iter #   3 total cpu time :  2251.2 secs   av.it.:  13.0
      thresh= 7.404E-04 alpha_mix =  0.700 |ddv_scf|^2 =  8.928E-05

      iter #   4 total cpu time :  2272.3 secs   av.it.:  15.3
      thresh= 7.404E-04 alpha_mix =  0.700 |ddv_scf|^2 =  3.808E-05

      iter #   5 total cpu time :  2292.4 secs   av.it.:  14.9
      thresh= 6.171E-04 alpha_mix =  0.700 |ddv_scf|^2 =  1.089E-05

      iter #   6 total cpu time :  2308.6 secs   av.it.:  15.0
      thresh= 3.299E-04 alpha_mix =  0.700 |ddv_scf|^2 =  1.213E-09

      iter #   7 total cpu time :  2327.9 secs   av.it.:  15.3
      thresh= 3.483E-06 alpha_mix =  0.700 |ddv_scf|^2 =  3.545E-11

      iter #   8 total cpu time :  2344.4 secs   av.it.:  15.4
      thresh= 5.954E-07 alpha_mix =  0.700 |ddv_scf|^2 =  3.606E-13

      Inverse dielectric constant at frequency   1.0290 +   0.0350 i Ry
                                                14.0000 +   0.4762 i eV

      epsilon^-1(q,w) =      -0.241318      -0.881800

      Charge-charge susceptibility:

      chirr(q,w) =      -0.013891      -0.009868

     ----------------------------------------------------------------------

                     Step    16  /   31

             Frequency = (  1.1025,   0.0350) Ry

      iter #   1 total cpu time :  2376.6 secs   av.it.:  12.3
      thresh= 1.000E-02 alpha_mix =  0.700 |ddv_scf|^2 =  4.240E-05

      iter #   2 total cpu time :  2398.6 secs   av.it.:  15.5
      thresh= 6.512E-04 alpha_mix =  0.700 |ddv_scf|^2 =  5.459E-05

      iter #   3 total cpu time :  2417.6 secs   av.it.:  14.2
      thresh= 6.512E-04 alpha_mix =  0.700 |ddv_scf|^2 =  5.448E-05

      iter #   4 total cpu time :  2433.5 secs   av.it.:  15.9
      thresh= 6.512E-04 alpha_mix =  0.700 |ddv_scf|^2 =  3.134E-05

      iter #   5 total cpu time :  2454.2 secs   av.it.:  15.3
      thresh= 5.598E-04 alpha_mix =  0.700 |ddv_scf|^2 =  1.836E-05

      iter #   6 total cpu time :  2473.9 secs   av.it.:  15.7
      thresh= 4.285E-04 alpha_mix =  0.700 |ddv_scf|^2 =  9.014E-10

      iter #   7 total cpu time :  2495.0 secs   av.it.:  16.1
      thresh= 3.002E-06 alpha_mix =  0.700 |ddv_scf|^2 =  2.717E-11

      iter #   8 total cpu time :  2515.9 secs   av.it.:  16.1
      thresh= 5.213E-07 alpha_mix =  0.700 |ddv_scf|^2 =  5.435E-13

      Inverse dielectric constant at frequency   1.1025 +   0.0350 i Ry
                                                15.0000 +   0.4762 i eV

      epsilon^-1(q,w) =      -0.116064      -1.098595

      Charge-charge susceptibility:

      chirr(q,w) =      -0.012490      -0.012294

     ----------------------------------------------------------------------

                     Step    17  /   31

             Frequency = (  1.1760,   0.0350) Ry

      iter #   1 total cpu time :  2543.2 secs   av.it.:  12.8
      thresh= 1.000E-02 alpha_mix =  0.700 |ddv_scf|^2 =  3.813E-05

      iter #   2 total cpu time :  2566.1 secs   av.it.:  16.1
      thresh= 6.175E-04 alpha_mix =  0.700 |ddv_scf|^2 =  4.601E-05

      iter #   3 total cpu time :  2584.9 secs   av.it.:  15.2
      thresh= 6.175E-04 alpha_mix =  0.700 |ddv_scf|^2 =  4.335E-05

      iter #   4 total cpu time :  2604.2 secs   av.it.:  16.7
      thresh= 6.175E-04 alpha_mix =  0.700 |ddv_scf|^2 =  1.561E-05

      iter #   5 total cpu time :  2622.2 secs   av.it.:  15.8
      thresh= 3.951E-04 alpha_mix =  0.700 |ddv_scf|^2 =  1.289E-05

      iter #   6 total cpu time :  2639.4 secs   av.it.:  16.6
      thresh= 3.590E-04 alpha_mix =  0.700 |ddv_scf|^2 =  8.146E-10

      iter #   7 total cpu time :  2661.1 secs   av.it.:  16.9
      thresh= 2.854E-06 alpha_mix =  0.700 |ddv_scf|^2 =  2.885E-11

      iter #   8 total cpu time :  2683.4 secs   av.it.:  16.9
      thresh= 5.371E-07 alpha_mix =  0.700 |ddv_scf|^2 =  6.413E-13

      Inverse dielectric constant at frequency   1.1760 +   0.0350 i Ry
                                                16.0000 +   0.4762 i eV

      epsilon^-1(q,w) =       0.003442      -1.219567

      Charge-charge susceptibility:

      chirr(q,w) =      -0.011152      -0.013648

     ----------------------------------------------------------------------

                     Step    18  /   31

             Frequency = (  1.2495,   0.0350) Ry

      iter #   1 total cpu time :  2712.0 secs   av.it.:  13.4
      thresh= 1.000E-02 alpha_mix =  0.700 |ddv_scf|^2 =  3.334E-05

      iter #   2 total cpu time :  2735.6 secs   av.it.:  16.9
      thresh= 5.774E-04 alpha_mix =  0.700 |ddv_scf|^2 =  3.975E-05

      iter #   3 total cpu time :  2757.4 secs   av.it.:  15.7
      thresh= 5.774E-04 alpha_mix =  0.700 |ddv_scf|^2 =  3.795E-05

      iter #   4 total cpu time :  2778.0 secs   av.it.:  17.6
      thresh= 5.774E-04 alpha_mix =  0.700 |ddv_scf|^2 =  7.503E-06

      iter #   5 total cpu time :  2801.0 secs   av.it.:  16.9
      thresh= 2.739E-04 alpha_mix =  0.700 |ddv_scf|^2 =  6.021E-06

      iter #   6 total cpu time :  2820.2 secs   av.it.:  17.7
      thresh= 2.454E-04 alpha_mix =  0.700 |ddv_scf|^2 =  9.301E-10

      iter #   7 total cpu time :  2841.3 secs   av.it.:  17.9
      thresh= 3.050E-06 alpha_mix =  0.700 |ddv_scf|^2 =  3.252E-11

      iter #   8 total cpu time :  2862.1 secs   av.it.:  17.9
      thresh= 5.703E-07 alpha_mix =  0.700 |ddv_scf|^2 =  7.520E-13

      Inverse dielectric constant at frequency   1.2495 +   0.0350 i Ry
                                                17.0000 +   0.4762 i eV

      epsilon^-1(q,w) =       0.077621      -1.422810

      Charge-charge susceptibility:

      chirr(q,w) =      -0.010322      -0.015922

     ----------------------------------------------------------------------

                     Step    19  /   31

             Frequency = (  1.3230,   0.0350) Ry

      iter #   1 total cpu time :  2889.4 secs   av.it.:  14.0
      thresh= 1.000E-02 alpha_mix =  0.700 |ddv_scf|^2 =  2.667E-05

      iter #   2 total cpu time :  2916.8 secs   av.it.:  17.7
      thresh= 5.164E-04 alpha_mix =  0.700 |ddv_scf|^2 =  2.886E-05

      iter #   3 total cpu time :  2934.4 secs   av.it.:  16.7
      thresh= 5.164E-04 alpha_mix =  0.700 |ddv_scf|^2 =  2.736E-05

      iter #   4 total cpu time :  2953.2 secs   av.it.:  18.5
      thresh= 5.164E-04 alpha_mix =  0.700 |ddv_scf|^2 =  5.212E-06

      iter #   5 total cpu time :  2974.0 secs   av.it.:  17.9
      thresh= 2.283E-04 alpha_mix =  0.700 |ddv_scf|^2 =  4.107E-06

      iter #   6 total cpu time :  2992.7 secs   av.it.:  18.7
      thresh= 2.027E-04 alpha_mix =  0.700 |ddv_scf|^2 =  4.647E-09

      iter #   7 total cpu time :  3012.6 secs   av.it.:  19.0
      thresh= 6.817E-06 alpha_mix =  0.700 |ddv_scf|^2 =  4.240E-11

      iter #   8 total cpu time :  3034.5 secs   av.it.:  19.0
      thresh= 6.511E-07 alpha_mix =  0.700 |ddv_scf|^2 =  1.971E-12

      iter #   9 total cpu time :  3054.9 secs   av.it.:  19.0
      thresh= 1.404E-07 alpha_mix =  0.700 |ddv_scf|^2 =  2.688E-14

      Inverse dielectric constant at frequency   1.3230 +   0.0350 i Ry
                                                18.0000 +   0.4762 i eV

      epsilon^-1(q,w) =       0.252237      -1.672068

      Charge-charge susceptibility:

      chirr(q,w) =      -0.008368      -0.018712

     ----------------------------------------------------------------------

                     Step    20  /   31

             Frequency = (  1.3965,   0.0350) Ry

      iter #   1 total cpu time :  3080.9 secs   av.it.:  14.5
      thresh= 1.000E-02 alpha_mix =  0.700 |ddv_scf|^2 =  2.177E-05

      iter #   2 total cpu time :  3104.7 secs   av.it.:  18.6
      thresh= 4.666E-04 alpha_mix =  0.700 |ddv_scf|^2 =  2.120E-05

      iter #   3 total cpu time :  3124.4 secs   av.it.:  18.1
      thresh= 4.605E-04 alpha_mix =  0.700 |ddv_scf|^2 =  1.928E-05

      iter #   4 total cpu time :  3144.8 secs   av.it.:  19.7
      thresh= 4.391E-04 alpha_mix =  0.700 |ddv_scf|^2 =  4.014E-06

      iter #   5 total cpu time :  3165.6 secs   av.it.:  19.1
      thresh= 2.003E-04 alpha_mix =  0.700 |ddv_scf|^2 =  3.206E-06

      iter #   6 total cpu time :  3186.6 secs   av.it.:  20.0
      thresh= 1.790E-04 alpha_mix =  0.700 |ddv_scf|^2 =  8.670E-09

      iter #   7 total cpu time :  3206.9 secs   av.it.:  20.2
      thresh= 9.311E-06 alpha_mix =  0.700 |ddv_scf|^2 =  1.431E-10

      iter #   8 total cpu time :  3226.6 secs   av.it.:  19.9
      thresh= 1.196E-06 alpha_mix =  0.700 |ddv_scf|^2 =  7.348E-12

      iter #   9 total cpu time :  3249.0 secs   av.it.:  20.2
      thresh= 2.711E-07 alpha_mix =  0.700 |ddv_scf|^2 =  7.323E-14

      Inverse dielectric constant at frequency   1.3965 +   0.0350 i Ry
                                                19.0000 +   0.4762 i eV

      epsilon^-1(q,w) =       0.533265      -1.943157

      Charge-charge susceptibility:

      chirr(q,w) =      -0.005223      -0.021745

     ----------------------------------------------------------------------

                     Step    21  /   31

             Frequency = (  1.4700,   0.0350) Ry

      iter #   1 total cpu time :  3268.8 secs   av.it.:  15.2
      thresh= 1.000E-02 alpha_mix =  0.700 |ddv_scf|^2 =  1.774E-05

      iter #   2 total cpu time :  3295.6 secs   av.it.:  19.7
      thresh= 4.212E-04 alpha_mix =  0.700 |ddv_scf|^2 =  1.564E-05

      iter #   3 total cpu time :  3314.4 secs   av.it.:  19.8
      thresh= 3.955E-04 alpha_mix =  0.700 |ddv_scf|^2 =  1.313E-05

      iter #   4 total cpu time :  3335.7 secs   av.it.:  20.8
      thresh= 3.624E-04 alpha_mix =  0.700 |ddv_scf|^2 =  2.622E-06

      iter #   5 total cpu time :  3356.1 secs   av.it.:  20.6
      thresh= 1.619E-04 alpha_mix =  0.700 |ddv_scf|^2 =  1.860E-06

      iter #   6 total cpu time :  3377.8 secs   av.it.:  21.3
      thresh= 1.364E-04 alpha_mix =  0.700 |ddv_scf|^2 =  1.480E-08

      iter #   7 total cpu time :  3398.2 secs   av.it.:  21.3
      thresh= 1.217E-05 alpha_mix =  0.700 |ddv_scf|^2 =  2.191E-10

      iter #   8 total cpu time :  3422.0 secs   av.it.:  21.1
      thresh= 1.480E-06 alpha_mix =  0.700 |ddv_scf|^2 =  1.368E-11

      iter #   9 total cpu time :  3440.3 secs   av.it.:  21.4
      thresh= 3.699E-07 alpha_mix =  0.700 |ddv_scf|^2 =  1.256E-13

      Inverse dielectric constant at frequency   1.4700 +   0.0350 i Ry
                                                20.0000 +   0.4762 i eV

      epsilon^-1(q,w) =       1.027180      -2.114948

      Charge-charge susceptibility:

      chirr(q,w) =       0.000304      -0.023668

     ----------------------------------------------------------------------

                     Step    22  /   31

             Frequency = (  1.5435,   0.0350) Ry

      iter #   1 total cpu time :  3472.3 secs   av.it.:  15.8
      thresh= 1.000E-02 alpha_mix =  0.700 |ddv_scf|^2 =  1.362E-05

      iter #   2 total cpu time :  3500.6 secs   av.it.:  20.6
      thresh= 3.691E-04 alpha_mix =  0.700 |ddv_scf|^2 =  1.038E-05

      iter #   3 total cpu time :  3521.6 secs   av.it.:  21.6
      thresh= 3.222E-04 alpha_mix =  0.700 |ddv_scf|^2 =  6.909E-06

      iter #   4 total cpu time :  3543.2 secs   av.it.:  22.0
      thresh= 2.628E-04 alpha_mix =  0.700 |ddv_scf|^2 =  1.386E-06

      iter #   5 total cpu time :  3562.3 secs   av.it.:  21.9
      thresh= 1.177E-04 alpha_mix =  0.700 |ddv_scf|^2 =  7.567E-07

      iter #   6 total cpu time :  3582.8 secs   av.it.:  22.4
      thresh= 8.699E-05 alpha_mix =  0.700 |ddv_scf|^2 =  1.341E-08

      iter #   7 total cpu time :  3602.7 secs   av.it.:  22.6
      thresh= 1.158E-05 alpha_mix =  0.700 |ddv_scf|^2 =  2.619E-10

      iter #   8 total cpu time :  3624.3 secs   av.it.:  22.4
      thresh= 1.618E-06 alpha_mix =  0.700 |ddv_scf|^2 =  1.389E-11

      iter #   9 total cpu time :  3645.6 secs   av.it.:  22.5
      thresh= 3.727E-07 alpha_mix =  0.700 |ddv_scf|^2 =  7.177E-14

      Inverse dielectric constant at frequency   1.5435 +   0.0350 i Ry
                                                21.0000 +   0.4762 i eV

      epsilon^-1(q,w) =       1.728592      -2.010924

      Charge-charge susceptibility:

      chirr(q,w) =       0.008154      -0.022504

     ----------------------------------------------------------------------

                     Step    23  /   31

             Frequency = (  1.6170,   0.0350) Ry

      iter #   1 total cpu time :  3676.2 secs   av.it.:  16.5
      thresh= 1.000E-02 alpha_mix =  0.700 |ddv_scf|^2 =  1.029E-05

      iter #   2 total cpu time :  3705.7 secs   av.it.:  21.6
      thresh= 3.208E-04 alpha_mix =  0.700 |ddv_scf|^2 =  6.684E-06

      iter #   3 total cpu time :  3727.2 secs   av.it.:  23.0
      thresh= 2.585E-04 alpha_mix =  0.700 |ddv_scf|^2 =  2.873E-06

      iter #   4 total cpu time :  3748.5 secs   av.it.:  23.0
      thresh= 1.695E-04 alpha_mix =  0.700 |ddv_scf|^2 =  7.214E-07

      iter #   5 total cpu time :  3770.6 secs   av.it.:  22.9
      thresh= 8.493E-05 alpha_mix =  0.700 |ddv_scf|^2 =  3.236E-07

      iter #   6 total cpu time :  3791.9 secs   av.it.:  23.3
      thresh= 5.689E-05 alpha_mix =  0.700 |ddv_scf|^2 =  9.343E-09

      iter #   7 total cpu time :  3812.6 secs   av.it.:  23.6
      thresh= 9.666E-06 alpha_mix =  0.700 |ddv_scf|^2 =  1.406E-10

      iter #   8 total cpu time :  3834.0 secs   av.it.:  23.5
      thresh= 1.186E-06 alpha_mix =  0.700 |ddv_scf|^2 =  8.571E-12

      iter #   9 total cpu time :  3855.2 secs   av.it.:  23.6
      thresh= 2.928E-07 alpha_mix =  0.700 |ddv_scf|^2 =  6.062E-14

      Inverse dielectric constant at frequency   1.6170 +   0.0350 i Ry
                                                22.0000 +   0.4762 i eV

      epsilon^-1(q,w) =       2.091573      -1.456815

      Charge-charge susceptibility:

      chirr(q,w) =       0.012216      -0.016303

     ----------------------------------------------------------------------

                     Step    24  /   31

             Frequency = (  1.6905,   0.0350) Ry

      iter #   1 total cpu time :  3882.5 secs   av.it.:  17.0
      thresh= 1.000E-02 alpha_mix =  0.700 |ddv_scf|^2 =  8.088E-06

      iter #   2 total cpu time :  3911.3 secs   av.it.:  22.6
      thresh= 2.844E-04 alpha_mix =  0.700 |ddv_scf|^2 =  4.543E-06

      iter #   3 total cpu time :  3934.7 secs   av.it.:  24.1
      thresh= 2.131E-04 alpha_mix =  0.700 |ddv_scf|^2 =  1.093E-06

      iter #   4 total cpu time :  3958.3 secs   av.it.:  24.0
      thresh= 1.046E-04 alpha_mix =  0.700 |ddv_scf|^2 =  2.915E-07

      iter #   5 total cpu time :  3981.0 secs   av.it.:  23.9
      thresh= 5.399E-05 alpha_mix =  0.700 |ddv_scf|^2 =  1.170E-07

      iter #   6 total cpu time :  4002.1 secs   av.it.:  24.2
      thresh= 3.420E-05 alpha_mix =  0.700 |ddv_scf|^2 =  4.197E-09

      iter #   7 total cpu time :  4025.0 secs   av.it.:  24.4
      thresh= 6.478E-06 alpha_mix =  0.700 |ddv_scf|^2 =  1.055E-10

      iter #   8 total cpu time :  4046.9 secs   av.it.:  24.5
      thresh= 1.027E-06 alpha_mix =  0.700 |ddv_scf|^2 =  6.093E-12

      iter #   9 total cpu time :  4068.5 secs   av.it.:  24.6
      thresh= 2.468E-07 alpha_mix =  0.700 |ddv_scf|^2 =  2.282E-14

      Inverse dielectric constant at frequency   1.6905 +   0.0350 i Ry
                                                23.0000 +   0.4762 i eV

      epsilon^-1(q,w) =       2.158570      -0.990221

      Charge-charge susceptibility:

      chirr(q,w) =       0.012965      -0.011081

     ----------------------------------------------------------------------

                     Step    25  /   31

             Frequency = (  1.7640,   0.0350) Ry

      iter #   1 total cpu time :  4099.3 secs   av.it.:  17.5
      thresh= 1.000E-02 alpha_mix =  0.700 |ddv_scf|^2 =  6.349E-06

      iter #   2 total cpu time :  4123.5 secs   av.it.:  23.5
      thresh= 2.520E-04 alpha_mix =  0.700 |ddv_scf|^2 =  3.104E-06

      iter #   3 total cpu time :  4147.1 secs   av.it.:  25.1
      thresh= 1.762E-04 alpha_mix =  0.700 |ddv_scf|^2 =  3.976E-07

      iter #   4 total cpu time :  4168.7 secs   av.it.:  25.0
      thresh= 6.306E-05 alpha_mix =  0.700 |ddv_scf|^2 =  9.383E-08

      iter #   5 total cpu time :  4194.7 secs   av.it.:  25.0
      thresh= 3.063E-05 alpha_mix =  0.700 |ddv_scf|^2 =  3.893E-08

      iter #   6 total cpu time :  4219.8 secs   av.it.:  25.1
      thresh= 1.973E-05 alpha_mix =  0.700 |ddv_scf|^2 =  3.080E-09

      iter #   7 total cpu time :  4240.7 secs   av.it.:  25.3
      thresh= 5.550E-06 alpha_mix =  0.700 |ddv_scf|^2 =  5.677E-11

      iter #   8 total cpu time :  4265.6 secs   av.it.:  25.6
      thresh= 7.535E-07 alpha_mix =  0.700 |ddv_scf|^2 =  2.561E-12

      iter #   9 total cpu time :  4287.8 secs   av.it.:  25.6
      thresh= 1.600E-07 alpha_mix =  0.700 |ddv_scf|^2 =  1.175E-14

      Inverse dielectric constant at frequency   1.7640 +   0.0350 i Ry
                                                24.0000 +   0.4762 i eV

      epsilon^-1(q,w) =       2.051552      -0.639513

      Charge-charge susceptibility:

      chirr(q,w) =       0.011768      -0.007157

     ----------------------------------------------------------------------

                     Step    26  /   31

             Frequency = (  1.8375,   0.0350) Ry

      iter #   1 total cpu time :  4317.2 secs   av.it.:  17.9
      thresh= 1.000E-02 alpha_mix =  0.700 |ddv_scf|^2 =  5.041E-06

      iter #   2 total cpu time :  4341.4 secs   av.it.:  24.4
      thresh= 2.245E-04 alpha_mix =  0.700 |ddv_scf|^2 =  2.195E-06

      iter #   3 total cpu time :  4362.7 secs   av.it.:  25.8
      thresh= 1.481E-04 alpha_mix =  0.700 |ddv_scf|^2 =  1.512E-07

      iter #   4 total cpu time :  4384.1 secs   av.it.:  25.9
      thresh= 3.889E-05 alpha_mix =  0.700 |ddv_scf|^2 =  2.869E-08

      iter #   5 total cpu time :  4407.7 secs   av.it.:  26.0
      thresh= 1.694E-05 alpha_mix =  0.700 |ddv_scf|^2 =  1.095E-08

      iter #   6 total cpu time :  4429.9 secs   av.it.:  26.2
      thresh= 1.046E-05 alpha_mix =  0.700 |ddv_scf|^2 =  1.271E-09

      iter #   7 total cpu time :  4451.2 secs   av.it.:  26.1
      thresh= 3.565E-06 alpha_mix =  0.700 |ddv_scf|^2 =  3.319E-11

      iter #   8 total cpu time :  4472.8 secs   av.it.:  26.6
      thresh= 5.761E-07 alpha_mix =  0.700 |ddv_scf|^2 =  1.760E-12

      iter #   9 total cpu time :  4494.7 secs   av.it.:  26.5
      thresh= 1.327E-07 alpha_mix =  0.700 |ddv_scf|^2 =  8.743E-15

      Inverse dielectric constant at frequency   1.8375 +   0.0350 i Ry
                                                25.0000 +   0.4762 i eV

      epsilon^-1(q,w) =       1.923685      -0.429561

      Charge-charge susceptibility:

      chirr(q,w) =       0.010337      -0.004807

     ----------------------------------------------------------------------

                     Step    27  /   31

             Frequency = (  1.9110,   0.0350) Ry

      iter #   1 total cpu time :  4520.3 secs   av.it.:  18.1
      thresh= 1.000E-02 alpha_mix =  0.700 |ddv_scf|^2 =  4.083E-06

      iter #   2 total cpu time :  4546.8 secs   av.it.:  25.4
      thresh= 2.021E-04 alpha_mix =  0.700 |ddv_scf|^2 =  1.569E-06

      iter #   3 total cpu time :  4569.9 secs   av.it.:  26.5
      thresh= 1.252E-04 alpha_mix =  0.700 |ddv_scf|^2 =  5.934E-08

      iter #   4 total cpu time :  4593.7 secs   av.it.:  26.8
      thresh= 2.436E-05 alpha_mix =  0.700 |ddv_scf|^2 =  8.054E-09

      iter #   5 total cpu time :  4615.5 secs   av.it.:  26.9
      thresh= 8.974E-06 alpha_mix =  0.700 |ddv_scf|^2 =  2.922E-09

      iter #   6 total cpu time :  4637.9 secs   av.it.:  27.1
      thresh= 5.406E-06 alpha_mix =  0.700 |ddv_scf|^2 =  4.517E-10

      iter #   7 total cpu time :  4659.9 secs   av.it.:  26.9
      thresh= 2.125E-06 alpha_mix =  0.700 |ddv_scf|^2 =  2.007E-11

      iter #   8 total cpu time :  4682.5 secs   av.it.:  27.4
      thresh= 4.480E-07 alpha_mix =  0.700 |ddv_scf|^2 =  7.238E-13

      Inverse dielectric constant at frequency   1.9110 +   0.0350 i Ry
                                                26.0000 +   0.4762 i eV

      epsilon^-1(q,w) =       1.790436      -0.305791

      Charge-charge susceptibility:

      chirr(q,w) =       0.008846      -0.003422

     ----------------------------------------------------------------------

                     Step    28  /   31

             Frequency = (  1.9845,   0.0350) Ry

      iter #   1 total cpu time :  4706.8 secs   av.it.:  18.2
      thresh= 1.000E-02 alpha_mix =  0.700 |ddv_scf|^2 =  3.369E-06

      iter #   2 total cpu time :  4734.7 secs   av.it.:  26.3
      thresh= 1.836E-04 alpha_mix =  0.700 |ddv_scf|^2 =  1.173E-06

      iter #   3 total cpu time :  4757.3 secs   av.it.:  27.4
      thresh= 1.083E-04 alpha_mix =  0.700 |ddv_scf|^2 =  2.330E-08

      iter #   4 total cpu time :  4783.3 secs   av.it.:  27.6
      thresh= 1.526E-05 alpha_mix =  0.700 |ddv_scf|^2 =  2.119E-09

      iter #   5 total cpu time :  4806.0 secs   av.it.:  27.6
      thresh= 4.603E-06 alpha_mix =  0.700 |ddv_scf|^2 =  5.931E-10

      iter #   6 total cpu time :  4828.7 secs   av.it.:  28.0
      thresh= 2.435E-06 alpha_mix =  0.700 |ddv_scf|^2 =  1.245E-10

      iter #   7 total cpu time :  4851.8 secs   av.it.:  27.9
      thresh= 1.116E-06 alpha_mix =  0.700 |ddv_scf|^2 =  9.149E-12

      iter #   8 total cpu time :  4875.1 secs   av.it.:  28.2
      thresh= 3.025E-07 alpha_mix =  0.700 |ddv_scf|^2 =  4.757E-13

      Inverse dielectric constant at frequency   1.9845 +   0.0350 i Ry
                                                27.0000 +   0.4762 i eV

      epsilon^-1(q,w) =       1.688360      -0.214863

      Charge-charge susceptibility:

      chirr(q,w) =       0.007703      -0.002404

     ----------------------------------------------------------------------

                     Step    29  /   31

             Frequency = (  2.0580,   0.0350) Ry

      iter #   1 total cpu time :  4906.2 secs   av.it.:  18.4
      thresh= 1.000E-02 alpha_mix =  0.700 |ddv_scf|^2 =  2.794E-06

      iter #   2 total cpu time :  4934.3 secs   av.it.:  27.2
      thresh= 1.672E-04 alpha_mix =  0.700 |ddv_scf|^2 =  8.787E-07

      iter #   3 total cpu time :  4959.7 secs   av.it.:  28.1
      thresh= 9.374E-05 alpha_mix =  0.700 |ddv_scf|^2 =  1.163E-08

      iter #   4 total cpu time :  4983.5 secs   av.it.:  28.5
      thresh= 1.079E-05 alpha_mix =  0.700 |ddv_scf|^2 =  1.119E-09

      iter #   5 total cpu time :  5007.9 secs   av.it.:  28.6
      thresh= 3.345E-06 alpha_mix =  0.700 |ddv_scf|^2 =  2.247E-10

      iter #   6 total cpu time :  5031.7 secs   av.it.:  29.0
      thresh= 1.499E-06 alpha_mix =  0.700 |ddv_scf|^2 =  3.893E-11

      iter #   7 total cpu time :  5056.7 secs   av.it.:  28.9
      thresh= 6.239E-07 alpha_mix =  0.700 |ddv_scf|^2 =  3.114E-12

      iter #   8 total cpu time :  5081.1 secs   av.it.:  29.1
      thresh= 1.765E-07 alpha_mix =  0.700 |ddv_scf|^2 =  2.018E-13

      Inverse dielectric constant at frequency   2.0580 +   0.0350 i Ry
                                                28.0000 +   0.4762 i eV

      epsilon^-1(q,w) =       1.594459      -0.164162

      Charge-charge susceptibility:

      chirr(q,w) =       0.006652      -0.001837

     ----------------------------------------------------------------------

                     Step    30  /   31

             Frequency = (  2.1315,   0.0350) Ry

      iter #   1 total cpu time :  5112.5 secs   av.it.:  18.6
      thresh= 1.000E-02 alpha_mix =  0.700 |ddv_scf|^2 =  2.348E-06

      iter #   2 total cpu time :  5140.3 secs   av.it.:  28.1
      thresh= 1.532E-04 alpha_mix =  0.700 |ddv_scf|^2 =  6.791E-07

      iter #   3 total cpu time :  5164.8 secs   av.it.:  29.0
      thresh= 8.241E-05 alpha_mix =  0.700 |ddv_scf|^2 =  6.869E-09

      iter #   4 total cpu time :  5190.9 secs   av.it.:  29.4
      thresh= 8.288E-06 alpha_mix =  0.700 |ddv_scf|^2 =  6.154E-10

      iter #   5 total cpu time :  5215.9 secs   av.it.:  29.4
      thresh= 2.481E-06 alpha_mix =  0.700 |ddv_scf|^2 =  1.156E-10

      iter #   6 total cpu time :  5241.4 secs   av.it.:  29.9
      thresh= 1.075E-06 alpha_mix =  0.700 |ddv_scf|^2 =  2.172E-11

      iter #   7 total cpu time :  5266.7 secs   av.it.:  29.9
      thresh= 4.661E-07 alpha_mix =  0.700 |ddv_scf|^2 =  1.976E-12

      iter #   8 total cpu time :  5296.8 secs   av.it.:  30.1
      thresh= 1.406E-07 alpha_mix =  0.700 |ddv_scf|^2 =  1.833E-13

      Inverse dielectric constant at frequency   2.1315 +   0.0350 i Ry
                                                29.0000 +   0.4762 i eV

      epsilon^-1(q,w) =       1.520022      -0.133985

      Charge-charge susceptibility:

      chirr(q,w) =       0.005819      -0.001499

     ----------------------------------------------------------------------

                     Step    31  /   31

             Frequency = (  2.2050,   0.0350) Ry

      iter #   1 total cpu time :  5323.7 secs   av.it.:  18.8
      thresh= 1.000E-02 alpha_mix =  0.700 |ddv_scf|^2 =  2.027E-06

      iter #   2 total cpu time :  5353.8 secs   av.it.:  28.8
      thresh= 1.424E-04 alpha_mix =  0.700 |ddv_scf|^2 =  5.549E-07

      iter #   3 total cpu time :  5379.9 secs   av.it.:  29.7
      thresh= 7.449E-05 alpha_mix =  0.700 |ddv_scf|^2 =  4.468E-09

      iter #   4 total cpu time :  5410.1 secs   av.it.:  30.1
      thresh= 6.684E-06 alpha_mix =  0.700 |ddv_scf|^2 =  3.437E-10

      iter #   5 total cpu time :  5435.6 secs   av.it.:  30.2
      thresh= 1.854E-06 alpha_mix =  0.700 |ddv_scf|^2 =  4.598E-11

      iter #   6 total cpu time :  5460.2 secs   av.it.:  30.8
      thresh= 6.781E-07 alpha_mix =  0.700 |ddv_scf|^2 =  8.253E-12

      iter #   7 total cpu time :  5486.6 secs   av.it.:  30.7
      thresh= 2.873E-07 alpha_mix =  0.700 |ddv_scf|^2 =  7.244E-13

      Inverse dielectric constant at frequency   2.2050 +   0.0350 i Ry
                                                30.0000 +   0.4762 i eV

      epsilon^-1(q,w) =       1.469463      -0.111390

      Charge-charge susceptibility:

      chirr(q,w) =       0.005254      -0.001247

     Finished linear response calculation...
 
     lr_eels_main :   7394.76s CPU  13383.48s WALL (       1 calls)
     lr_solve_e   :      0.18s CPU      0.20s WALL (       1 calls)
 
 
     h_psi        :   3700.49s CPU   5037.79s WALL (10765364 calls)
     incdrhoscf   :   2398.68s CPU   3704.82s WALL (  135300 calls)
     lr_dv_setup  :      0.00s CPU      0.00s WALL (       1 calls)
     dv_of_drho   :      0.02s CPU      0.03s WALL (     246 calls)
     ortho        :    576.28s CPU    893.97s WALL (  271150 calls)
 
 
     US routines
 
     General routines
     calbec       :    185.13s CPU    231.69s WALL (21515906 calls)
     fft          :      0.03s CPU      0.04s WALL (     775 calls)
     fftw         :   5784.11s CPU   8360.48s WALL (74878808 calls)
     davcio       :    317.65s CPU   3240.28s WALL (  918506 calls)
 
     Parallel routines
 
     EELS routines
     lr_run_nscf  :      5.19s CPU      6.07s WALL (       1 calls)
     lr_setup_nsc :      0.00s CPU      0.00s WALL (       1 calls)
     lr_dvpsi_eel :      0.17s CPU      0.19s WALL (     550 calls)
     lr_smallgq   :      0.00s CPU      0.00s WALL (       1 calls)
     lr_summary   :      0.00s CPU      0.00s WALL (       1 calls)
 
 
     turboEELS    :      2h 3m CPU      3h43m WALL

 
   This run was terminated on:  17:50:48  20Apr2021            

=------------------------------------------------------------------------------=
   JOB DONE.
=------------------------------------------------------------------------------=
